2024-05-14 18:08:37,956 [ERROR] LogOutputStream:75 - [STDERR_REDIRECT] 
2024-05-14 18:09:11,891 [INFO] Activator:176 - 


2024-05-14 18:09:11,895 [INFO] Activator:177 - !SESSION log4j initialized
2024-05-14 18:09:17,864 [INFO] LogOutputStream:77 - [STDOUT_REDIRECT] 
2024-05-14 18:09:19,946 [INFO] ApplicationProperties:184 - Using Application install path: C:\ST\STM32CubeIDE_1.15.0\STM32CubeIDE\plugins\com.st.stm32cube.common.mx_6.11.1.202404110753
2024-05-14 18:09:19,976 [INFO] DbMcusXml:78 - Set database path to: C:\ST\STM32CubeIDE_1.15.0\STM32CubeIDE\plugins\com.st.stm32cube.common.mx_6.11.1.202404110753\\db\/mcu/
2024-05-14 18:09:19,976 [INFO] ApiDb:274 - Set plugin database path to: C:\ST\STM32CubeIDE_1.15.0\STM32CubeIDE\plugins\com.st.stm32cube.common.mx_6.11.1.202404110753\\db\/plugins/boardmanager/
2024-05-14 18:09:19,977 [WARN] ApiDb:259 - Overriding images path with different value:  => C:\ST\STM32CubeIDE_1.15.0\STM32CubeIDE\plugins\com.st.stm32cube.common.mx_6.11.1.202404110753\\db\/plugins/mcufinder/images/
2024-05-14 18:09:19,990 [INFO] ApiDb:250 - Set database path to: C:\Users\Yaroslav Ludchak\.stmcufinder\plugins\mcufinder//mcu/
2024-05-14 18:09:19,992 [INFO] DbMcusAds:125 - Set database path to: C:\Users\Yaroslav Ludchak\.stmcufinder\plugins\mcufinder//mcu/
2024-05-14 18:09:19,996 [INFO] CrossReferenceDbSqlite:203 - Set database path to: C:\Users\Yaroslav Ludchak\.stmcufinder\plugins\mcufinder//mcu/cs/
2024-05-14 18:09:20,307 [INFO] RulesReader:64 - Compatibility file has been processed (297 Rules)
2024-05-14 18:09:20,469 [INFO] DbMcusXml:78 - Set database path to: C:\ST\STM32CubeIDE_1.15.0\STM32CubeIDE\plugins\com.st.stm32cube.common.mx_6.11.1.202404110753\\db\/mcu/
2024-05-14 18:09:20,469 [INFO] ApiDb:274 - Set plugin database path to: C:\ST\STM32CubeIDE_1.15.0\STM32CubeIDE\plugins\com.st.stm32cube.common.mx_6.11.1.202404110753\\db\/plugins/boardmanager/
2024-05-14 18:09:20,469 [INFO] ApiDb:261 - Set plugin images path to: C:\ST\STM32CubeIDE_1.15.0\STM32CubeIDE\plugins\com.st.stm32cube.common.mx_6.11.1.202404110753\\db\/plugins/mcufinder/images/
2024-05-14 18:09:20,470 [WARN] DbFile:41 - Overriding database path with different value: C:\Users\Yaroslav Ludchak\.stmcufinder\plugins\mcufinder/ => C:\Users\Yaroslav Ludchak\.stmcufinder\plugins\mcufinder
2024-05-14 18:09:20,470 [INFO] ApiDb:250 - Set database path to: C:\Users\Yaroslav Ludchak\.stmcufinder\plugins\mcufinder//mcu/
2024-05-14 18:09:20,470 [WARN] DbFile:41 - Overriding database path with different value: C:\Users\Yaroslav Ludchak\.stmcufinder\plugins\mcufinder/ => C:\Users\Yaroslav Ludchak\.stmcufinder\plugins\mcufinder
2024-05-14 18:09:20,470 [INFO] DbMcusAds:125 - Set database path to: C:\Users\Yaroslav Ludchak\.stmcufinder\plugins\mcufinder//mcu/
2024-05-14 18:09:20,470 [WARN] DbFile:41 - Overriding database path with different value: C:\Users\Yaroslav Ludchak\.stmcufinder\plugins\mcufinder/ => C:\Users\Yaroslav Ludchak\.stmcufinder\plugins\mcufinder
2024-05-14 18:09:20,470 [WARN] DbFile:41 - Overriding database path with different value: C:\Users\Yaroslav Ludchak\.stmcufinder\plugins\mcufinder/ => C:\Users\Yaroslav Ludchak\.stmcufinder\plugins\mcufinder
2024-05-14 18:09:20,470 [INFO] CrossReferenceDbSqlite:203 - Set database path to: C:\Users\Yaroslav Ludchak\.stmcufinder\plugins\mcufinder//mcu/cs/
2024-05-14 18:09:20,636 [INFO] MainPanel:264 - HeapMemory: 268435456
2024-05-14 18:09:20,838 [INFO] DbMcusXml:78 - Set database path to: C:\ST\STM32CubeIDE_1.15.0\STM32CubeIDE\plugins\com.st.stm32cube.common.mx_6.11.1.202404110753\\db\/mcu/
2024-05-14 18:09:20,838 [INFO] ApiDb:274 - Set plugin database path to: C:\ST\STM32CubeIDE_1.15.0\STM32CubeIDE\plugins\com.st.stm32cube.common.mx_6.11.1.202404110753\\db\/plugins/boardmanager/
2024-05-14 18:09:20,838 [INFO] ApiDb:261 - Set plugin images path to: C:\ST\STM32CubeIDE_1.15.0\STM32CubeIDE\plugins\com.st.stm32cube.common.mx_6.11.1.202404110753\\db\/plugins/mcufinder/images/
2024-05-14 18:09:20,839 [WARN] DbFile:41 - Overriding database path with different value: C:\Users\Yaroslav Ludchak\.stmcufinder\plugins\mcufinder/ => C:\Users\Yaroslav Ludchak\.stmcufinder\plugins\mcufinder
2024-05-14 18:09:20,839 [INFO] ApiDb:250 - Set database path to: C:\Users\Yaroslav Ludchak\.stmcufinder\plugins\mcufinder//mcu/
2024-05-14 18:09:20,839 [WARN] DbFile:41 - Overriding database path with different value: C:\Users\Yaroslav Ludchak\.stmcufinder\plugins\mcufinder/ => C:\Users\Yaroslav Ludchak\.stmcufinder\plugins\mcufinder
2024-05-14 18:09:20,839 [INFO] DbMcusAds:125 - Set database path to: C:\Users\Yaroslav Ludchak\.stmcufinder\plugins\mcufinder//mcu/
2024-05-14 18:09:20,840 [WARN] DbFile:41 - Overriding database path with different value: C:\Users\Yaroslav Ludchak\.stmcufinder\plugins\mcufinder/ => C:\Users\Yaroslav Ludchak\.stmcufinder\plugins\mcufinder
2024-05-14 18:09:20,840 [WARN] DbFile:41 - Overriding database path with different value: C:\Users\Yaroslav Ludchak\.stmcufinder\plugins\mcufinder/ => C:\Users\Yaroslav Ludchak\.stmcufinder\plugins\mcufinder
2024-05-14 18:09:20,840 [INFO] CrossReferenceDbSqlite:203 - Set database path to: C:\Users\Yaroslav Ludchak\.stmcufinder\plugins\mcufinder//mcu/cs/
2024-05-14 18:09:20,875 [INFO] ApplicationProperties:184 - Using Application install path: C:\ST\STM32CubeIDE_1.15.0\STM32CubeIDE\plugins\com.st.stm32cube.common.mx_6.11.1.202404110753
2024-05-14 18:09:20,878 [INFO] PluginManage:196 - Search for loadable plugins [exclusion list=, ]
2024-05-14 18:09:20,880 [INFO] PluginManage:310 - Check plugin analytics
2024-05-14 18:09:21,229 [INFO] AnalyticsPlugin:253 - Accepted Software Licenses: 
2024-05-14 18:09:21,229 [INFO] AnalyticsPlugin:255 - Accepted CMSIS Pack Licenses: 
2024-05-14 18:09:21,230 [INFO] AnalyticsPlugin:257 - Accepted Firmware Licenses: 
2024-05-14 18:09:21,234 [INFO] PluginManage:359 - Loaded plugin analytics (category:tool,tabindex:-1)
2024-05-14 18:09:21,235 [INFO] PluginManage:310 - Check plugin cadmodel
2024-05-14 18:09:21,290 [INFO] CADModel:105 - Init CAD model plugin
2024-05-14 18:09:21,291 [INFO] PluginManage:359 - Loaded plugin cadmodel (category:power,tabindex:5)
2024-05-14 18:09:21,291 [INFO] PluginManage:310 - Check plugin clock
2024-05-14 18:09:21,308 [INFO] PluginManage:359 - Loaded plugin clock (category:base,tabindex:2)
2024-05-14 18:09:21,308 [INFO] PluginManage:310 - Check plugin ddr
2024-05-14 18:09:21,313 [INFO] PluginManage:359 - Loaded plugin ddr (category:tool,tabindex:6)
2024-05-14 18:09:21,313 [INFO] PluginManage:310 - Check plugin filemanager
2024-05-14 18:09:21,568 [INFO] PluginManage:359 - Loaded plugin filemanager (category:base,tabindex:10)
2024-05-14 18:09:21,568 [INFO] PluginManage:310 - Check plugin ipmanager
2024-05-14 18:09:21,585 [INFO] PluginManage:359 - Loaded plugin ipmanager (category:base,tabindex:5)
2024-05-14 18:09:21,585 [INFO] PluginManage:310 - Check plugin lpbam
2024-05-14 18:09:21,604 [INFO] PluginManage:359 - Loaded plugin lpbam (category:base,tabindex:0)
2024-05-14 18:09:21,604 [INFO] PluginManage:310 - Check plugin memorymap
2024-05-14 18:09:21,630 [INFO] PluginManage:359 - Loaded plugin memorymap (category:base,tabindex:4)
2024-05-14 18:09:21,631 [INFO] PluginManage:310 - Check plugin pinoutandconfiguration
2024-05-14 18:09:21,645 [INFO] PluginManage:359 - Loaded plugin pinoutandconfiguration (category:base,tabindex:1)
2024-05-14 18:09:21,645 [INFO] PluginManage:310 - Check plugin pinoutconfig
2024-05-14 18:09:21,834 [WARN] SupportedApi:132 - Cannot load RTOS API schema: s4s-elt-must-match.1: The content of 'definitions' must match (annotation?, (simpleType | complexType)?, (unique | key | keyref)*)). A problem was found starting at: attribute.
2024-05-14 18:09:22,118 [INFO] PluginManage:359 - Loaded plugin pinoutconfig (category:base,tabindex:0)
2024-05-14 18:09:22,118 [INFO] PluginManage:310 - Check plugin power
2024-05-14 18:09:22,135 [INFO] PluginManage:359 - Loaded plugin power (category:power,tabindex:4)
2024-05-14 18:09:22,135 [INFO] PluginManage:310 - Check plugin projectmanager
2024-05-14 18:09:22,164 [INFO] PluginManage:359 - Loaded plugin projectmanager (category:projectmanager,tabindex:3)
2024-05-14 18:09:22,164 [INFO] PluginManage:310 - Check plugin thirdparty
2024-05-14 18:09:22,784 [INFO] PluginManage:359 - Loaded plugin thirdparty (category:base,tabindex:-1)
2024-05-14 18:09:22,784 [WARN] IntegrityCheckThread:84 - waiting for thirdparty lock release [integrity check]
2024-05-14 18:09:22,784 [INFO] PluginManage:310 - Check plugin tools
2024-05-14 18:09:22,784 [INFO] IntegrityCheckThread:86 - entering critical section [integrity check]
2024-05-14 18:09:22,785 [INFO] ThirdPartyUpdaterWithRetryManager:70 - Updater plugin not ready yet. [1/15]
2024-05-14 18:09:22,788 [INFO] PluginManage:359 - Loaded plugin tools (category:base,tabindex:7)
2024-05-14 18:09:22,788 [INFO] PluginManage:310 - Check plugin tutovideos
2024-05-14 18:09:23,167 [INFO] PluginManage:359 - Loaded plugin tutovideos (category:base,tabindex:-1)
2024-05-14 18:09:23,167 [INFO] PluginManage:310 - Check plugin updater
2024-05-14 18:09:23,186 [INFO] PluginManage:359 - Loaded plugin updater (category:base,tabindex:12)
2024-05-14 18:09:23,186 [INFO] PluginManage:310 - Check plugin userauth
2024-05-14 18:09:23,194 [INFO] UserAuth:114 - Init User Auth plugin
2024-05-14 18:09:23,195 [INFO] PluginManage:359 - Loaded plugin userauth (category:base,tabindex:14)
2024-05-14 18:09:23,196 [INFO] PluginManage:283 - PluginManage : Loaded plugins [17]
2024-05-14 18:09:23,656 [INFO] PinOutPanel:1561 - setPackage(No Configuration,No Configuration)
2024-05-14 18:09:23,807 [INFO] CADModel:165 - CPN selected for project level
2024-05-14 18:09:23,808 [INFO] CADModel:114 - Register for checkConnection events
2024-05-14 18:09:23,835 [INFO] IPUIPlugin:80 - create IPUIPlugin
2024-05-14 18:09:23,836 [INFO] PluginManager:220 - loadIPPluginJar : add adc
2024-05-14 18:09:23,841 [INFO] IPUIPlugin:80 - create IPUIPlugin
2024-05-14 18:09:23,841 [INFO] PluginManager:220 - loadIPPluginJar : add aes
2024-05-14 18:09:23,846 [INFO] IPUIPlugin:80 - create IPUIPlugin
2024-05-14 18:09:23,847 [INFO] PluginManager:220 - loadIPPluginJar : add can
2024-05-14 18:09:23,850 [INFO] IPUIPlugin:80 - create IPUIPlugin
2024-05-14 18:09:23,851 [INFO] PluginManager:220 - loadIPPluginJar : add comp
2024-05-14 18:09:23,856 [INFO] IPUIPlugin:80 - create IPUIPlugin
2024-05-14 18:09:23,856 [INFO] PluginManager:220 - loadIPPluginJar : add cryp
2024-05-14 18:09:23,861 [INFO] IPUIPlugin:80 - create IPUIPlugin
2024-05-14 18:09:23,862 [INFO] PluginManager:220 - loadIPPluginJar : add dfsdm
2024-05-14 18:09:23,872 [INFO] IPUIPlugin:80 - create IPUIPlugin
2024-05-14 18:09:23,873 [INFO] PluginManager:220 - loadIPPluginJar : add dma
2024-05-14 18:09:23,878 [INFO] IPUIPlugin:80 - create IPUIPlugin
2024-05-14 18:09:23,879 [INFO] PluginManager:220 - loadIPPluginJar : add dma3
2024-05-14 18:09:23,884 [INFO] IPUIPlugin:80 - create IPUIPlugin
2024-05-14 18:09:23,884 [INFO] PluginManager:220 - loadIPPluginJar : add extmemmanager
2024-05-14 18:09:23,887 [INFO] IPUIPlugin:80 - create IPUIPlugin
2024-05-14 18:09:23,887 [INFO] PluginManager:220 - loadIPPluginJar : add fatfs
2024-05-14 18:09:23,894 [INFO] IPUIPlugin:80 - create IPUIPlugin
2024-05-14 18:09:23,894 [INFO] PluginManager:220 - loadIPPluginJar : add fmc
2024-05-14 18:09:23,903 [INFO] IPUIPlugin:80 - create IPUIPlugin
2024-05-14 18:09:23,903 [INFO] PluginManager:220 - loadIPPluginJar : add freertos
2024-05-14 18:09:23,906 [INFO] IPUIPlugin:80 - create IPUIPlugin
2024-05-14 18:09:23,906 [INFO] PluginManager:220 - loadIPPluginJar : add genericplugin
2024-05-14 18:09:23,909 [INFO] IPUIPlugin:80 - create IPUIPlugin
2024-05-14 18:09:23,910 [INFO] PluginManager:220 - loadIPPluginJar : add gfxmmu
2024-05-14 18:09:23,918 [INFO] IPUIPlugin:80 - create IPUIPlugin
2024-05-14 18:09:23,919 [INFO] PluginManager:220 - loadIPPluginJar : add gic
2024-05-14 18:09:23,925 [INFO] IPUIPlugin:80 - create IPUIPlugin
2024-05-14 18:09:23,925 [INFO] PluginManager:220 - loadIPPluginJar : add gpio
2024-05-14 18:09:23,929 [INFO] IPUIPlugin:80 - create IPUIPlugin
2024-05-14 18:09:23,930 [INFO] PluginManager:220 - loadIPPluginJar : add gtzc
2024-05-14 18:09:23,934 [INFO] IPUIPlugin:80 - create IPUIPlugin
2024-05-14 18:09:23,935 [INFO] PluginManager:220 - loadIPPluginJar : add hash
2024-05-14 18:09:23,940 [INFO] IPUIPlugin:80 - create IPUIPlugin
2024-05-14 18:09:23,940 [INFO] PluginManager:220 - loadIPPluginJar : add i2c
2024-05-14 18:09:23,944 [INFO] IPUIPlugin:80 - create IPUIPlugin
2024-05-14 18:09:23,944 [INFO] PluginManager:220 - loadIPPluginJar : add i2s
2024-05-14 18:09:23,949 [INFO] IPUIPlugin:80 - create IPUIPlugin
2024-05-14 18:09:23,949 [INFO] PluginManager:220 - loadIPPluginJar : add i3c
2024-05-14 18:09:24,216 [INFO] IPUIPlugin:80 - create IPUIPlugin
2024-05-14 18:09:24,216 [INFO] PluginManager:220 - loadIPPluginJar : add ipddr
2024-05-14 18:09:24,226 [INFO] IPUIPlugin:80 - create IPUIPlugin
2024-05-14 18:09:24,227 [INFO] PluginManager:220 - loadIPPluginJar : add linkedlist
2024-05-14 18:09:24,232 [INFO] IPUIPlugin:80 - create IPUIPlugin
2024-05-14 18:09:24,232 [INFO] PluginManager:220 - loadIPPluginJar : add lorawan
2024-05-14 18:09:24,234 [INFO] IPUIPlugin:80 - create IPUIPlugin
2024-05-14 18:09:24,235 [INFO] PluginManager:220 - loadIPPluginJar : add ltdc
2024-05-14 18:09:24,254 [INFO] IPUIPlugin:80 - create IPUIPlugin
2024-05-14 18:09:24,255 [INFO] PluginManager:220 - loadIPPluginJar : add mdma
2024-05-14 18:09:24,260 [INFO] IPUIPlugin:80 - create IPUIPlugin
2024-05-14 18:09:24,260 [INFO] PluginManager:220 - loadIPPluginJar : add nvic
2024-05-14 18:09:24,265 [INFO] IPUIPlugin:80 - create IPUIPlugin
2024-05-14 18:09:24,266 [INFO] PluginManager:220 - loadIPPluginJar : add opamp
2024-05-14 18:09:24,281 [INFO] IPUIPlugin:80 - create IPUIPlugin
2024-05-14 18:09:24,282 [INFO] PluginManager:220 - loadIPPluginJar : add openamp
2024-05-14 18:09:24,288 [INFO] IPUIPlugin:80 - create IPUIPlugin
2024-05-14 18:09:24,288 [INFO] PluginManager:220 - loadIPPluginJar : add pdm2pcm
2024-05-14 18:09:24,299 [INFO] IPUIPlugin:80 - create IPUIPlugin
2024-05-14 18:09:24,303 [INFO] PluginManager:220 - loadIPPluginJar : add plateformsettings
2024-05-14 18:09:24,306 [INFO] IPUIPlugin:80 - create IPUIPlugin
2024-05-14 18:09:24,307 [INFO] PluginManager:220 - loadIPPluginJar : add quadspi
2024-05-14 18:09:24,313 [INFO] IPUIPlugin:80 - create IPUIPlugin
2024-05-14 18:09:24,314 [INFO] PluginManager:220 - loadIPPluginJar : add resmgrutility
2024-05-14 18:09:24,320 [INFO] IPUIPlugin:80 - create IPUIPlugin
2024-05-14 18:09:24,320 [INFO] PluginManager:220 - loadIPPluginJar : add sai
2024-05-14 18:09:24,325 [INFO] IPUIPlugin:80 - create IPUIPlugin
2024-05-14 18:09:24,326 [INFO] PluginManager:220 - loadIPPluginJar : add spi
2024-05-14 18:09:24,335 [INFO] IPUIPlugin:80 - create IPUIPlugin
2024-05-14 18:09:24,335 [INFO] PluginManager:220 - loadIPPluginJar : add stm32_wpan
2024-05-14 18:09:24,338 [INFO] IPUIPlugin:80 - create IPUIPlugin
2024-05-14 18:09:24,338 [INFO] PluginManager:220 - loadIPPluginJar : add tim
2024-05-14 18:09:24,343 [INFO] IPUIPlugin:80 - create IPUIPlugin
2024-05-14 18:09:24,343 [INFO] PluginManager:220 - loadIPPluginJar : add touchsensing
2024-05-14 18:09:24,347 [INFO] IPUIPlugin:80 - create IPUIPlugin
2024-05-14 18:09:24,347 [INFO] PluginManager:220 - loadIPPluginJar : add tracer_emb
2024-05-14 18:09:24,350 [INFO] IPUIPlugin:80 - create IPUIPlugin
2024-05-14 18:09:24,350 [INFO] PluginManager:220 - loadIPPluginJar : add ts
2024-05-14 18:09:24,353 [INFO] IPUIPlugin:80 - create IPUIPlugin
2024-05-14 18:09:24,353 [INFO] PluginManager:220 - loadIPPluginJar : add tsc
2024-05-14 18:09:24,356 [INFO] IPUIPlugin:80 - create IPUIPlugin
2024-05-14 18:09:24,357 [INFO] PluginManager:220 - loadIPPluginJar : add ucpd
2024-05-14 18:09:24,361 [INFO] IPUIPlugin:80 - create IPUIPlugin
2024-05-14 18:09:24,361 [INFO] PluginManager:220 - loadIPPluginJar : add usart
2024-05-14 18:09:24,367 [INFO] IPUIPlugin:80 - create IPUIPlugin
2024-05-14 18:09:24,367 [INFO] PluginManager:220 - loadIPPluginJar : add usbx
2024-05-14 18:09:24,561 [INFO] CADModel:165 - CPN selected for project level
2024-05-14 18:09:24,561 [INFO] CADModel:114 - Register for checkConnection events
2024-05-14 18:09:24,562 [FATAL] Updater:308 - Updater called before beeing initialized
2024-05-14 18:09:24,562 [ERROR] CADModel:125 - Updater not yet initialized, retry later 
2024-05-14 18:09:24,854 [INFO] CADModel:165 - CPN selected for project level
2024-05-14 18:09:24,855 [INFO] CADModel:114 - Register for checkConnection events
2024-05-14 18:09:24,855 [FATAL] Updater:308 - Updater called before beeing initialized
2024-05-14 18:09:24,855 [ERROR] CADModel:125 - Updater not yet initialized, retry later 
2024-05-14 18:09:24,861 [FATAL] Updater:308 - Updater called before beeing initialized
2024-05-14 18:09:25,060 [FATAL] Updater:308 - Updater called before beeing initialized
2024-05-14 18:09:25,077 [INFO] DbMcusAds:53 - JSON generation date=Thu May 02 11:37:29 EEST 2024 (1714639049318)
2024-05-14 18:09:25,078 [FATAL] Updater:308 - Updater called before beeing initialized
2024-05-14 18:09:25,143 [WARN] DetailPanel:346 - Failed to get advertising image, set to default
2024-05-14 18:09:25,327 [FATAL] Updater:308 - Updater called before beeing initialized
2024-05-14 18:09:25,330 [FATAL] Updater:308 - Updater called before beeing initialized
2024-05-14 18:09:25,331 [FATAL] Updater:308 - Updater called before beeing initialized
2024-05-14 18:09:25,331 [WARN] DetailPanel:346 - Failed to get advertising image, set to default
2024-05-14 18:09:25,333 [FATAL] Updater:308 - Updater called before beeing initialized
2024-05-14 18:09:25,467 [ERROR] Updater:1120 - MainUpdater not yet initialized. External WinMGr cannot be set.
2024-05-14 18:09:25,489 [INFO] Updater:1056 - Updater Version found : 6.11.1
2024-05-14 18:09:25,520 [INFO] ApplicationProperties:184 - Using Application install path: C:\ST\STM32CubeIDE_1.15.0\STM32CubeIDE\plugins\com.st.stm32cube.common.mx_6.11.1.202404110753
2024-05-14 18:09:25,786 [INFO] ThirdPartyUpdaterWithRetryManager:70 - Updater plugin not ready yet. [2/15]
2024-05-14 18:09:26,114 [INFO] MainUpdater:2873 - connection check result : 10
2024-05-14 18:09:26,116 [INFO] MainUpdater:290 - Updater Check For Update Now.
2024-05-14 18:09:26,116 [INFO] MicroXplorer:498 - Change Database Version : DB.6.0.111
2024-05-14 18:09:26,148 [INFO] McuFinderGlobals:63 - Set McuFinder mode to 2 (CubeIDE integrated)
2024-05-14 18:09:26,171 [INFO] UserAuth:415 - Internet connection configuration mode: 1
2024-05-14 18:09:26,255 [INFO] JxBrowserEngine:152 - Initiate JxBrowser Engine with user profile folder
2024-05-14 18:09:26,541 [INFO] CheckServerUpdateThread:120 - End of CheckServer Thread
2024-05-14 18:09:29,252 [WARN] PackLoader:240 - Cannot read IP mode file for STMicroelectronics.FP-SNS-MOTENVWB1.1.4.0
2024-05-14 18:09:29,289 [WARN] PackLoader:240 - Cannot read IP mode file for STMicroelectronics.X-CUBE-SMBUS.2.1.0
2024-05-14 18:09:29,322 [WARN] PackLoader:240 - Cannot read IP mode file for STMicroelectronics.X-CUBE-TOUCHGFX.4.23.2
2024-05-14 18:09:29,417 [WARN] PackLoader:240 - Cannot read IP mode file for STMicroelectronics.X-CUBE-AZRTOS-F7.1.1.0
2024-05-14 18:09:29,456 [WARN] PackLoader:240 - Cannot read IP mode file for STMicroelectronics.FP-SNS-FLIGHT1.5.0.2
2024-05-14 18:09:29,497 [WARN] PackLoader:240 - Cannot read IP mode file for STMicroelectronics.X-CUBE-DISPLAY.3.0.0
2024-05-14 18:09:29,555 [WARN] PackLoader:240 - Cannot read IP mode file for STMicroelectronics.X-CUBE-BLE1.7.0.0
2024-05-14 18:09:29,587 [WARN] PackLoader:240 - Cannot read IP mode file for emotas.I-CUBE-CANOPEN.1.3.0
2024-05-14 18:09:29,632 [WARN] PackLoader:240 - Cannot read IP mode file for STMicroelectronics.X-CUBE-BLEMGR.3.1.0
2024-05-14 18:09:29,661 [WARN] PackLoader:240 - Cannot read IP mode file for STMicroelectronics.FP-SNS-SMARTAG2.1.2.0
2024-05-14 18:09:29,706 [INFO] LogOutputStream:77 - [STDOUT_REDIRECT] 1 : Invalid condition id : UX_CORESTACK_Condition cause : null
2024-05-14 18:09:29,707 [INFO] LogOutputStream:77 - [STDOUT_REDIRECT] 1 : Invalid condition id : UX_CORESTACK_Condition cause : null
2024-05-14 18:09:29,710 [INFO] LogOutputStream:77 - [STDOUT_REDIRECT] 1 : Invalid condition id : UX_CORESTACK_Condition cause : null
2024-05-14 18:09:29,713 [INFO] LogOutputStream:77 - [STDOUT_REDIRECT] 1 : Invalid condition id : UX_CORESTACK_Condition cause : null
2024-05-14 18:09:29,715 [INFO] LogOutputStream:77 - [STDOUT_REDIRECT] 1 : Invalid condition id : UX_CORESTACK_Condition cause : null
2024-05-14 18:09:29,723 [WARN] PackLoader:240 - Cannot read IP mode file for STMicroelectronics.X-CUBE-AZRTOS-WL.2.0.0
2024-05-14 18:09:29,754 [WARN] PackLoader:240 - Cannot read IP mode file for STMicroelectronics.FP-SNS-MOTENV1.5.0.0
2024-05-14 18:09:29,795 [WARN] PackLoader:240 - Cannot read IP mode file for WES.I-CUBE-Cesium.1.3.0
2024-05-14 18:09:29,826 [WARN] PackLoader:240 - Cannot read IP mode file for STMicroelectronics.X-CUBE-BLE2.3.3.0
2024-05-14 18:09:29,855 [WARN] PackLoader:240 - Cannot read IP mode file for STMicroelectronics.X-CUBE-TCPP.4.1.0
2024-05-14 18:09:29,883 [WARN] PackLoader:240 - Cannot read IP mode file for STMicroelectronics.X-CUBE-ALGOBUILD.1.3.0
2024-05-14 18:09:29,944 [WARN] PackLoader:240 - Cannot read IP mode file for STMicroelectronics.X-CUBE-AZRTOS-G0.1.1.0
2024-05-14 18:09:29,977 [WARN] PackLoader:240 - Cannot read IP mode file for STMicroelectronics.X-CUBE-SAFEA1.1.2.2
2024-05-14 18:09:30,005 [WARN] PackLoader:240 - Cannot read IP mode file for STMicroelectronics.X-CUBE-NFC4.3.0.0
2024-05-14 18:09:30,029 [WARN] PackLoader:240 - Cannot read IP mode file for wolfSSL.I-CUBE-wolfSSL.5.7.0
2024-05-14 18:09:30,051 [WARN] PackLoader:240 - Cannot read IP mode file for STMicroelectronics.FP-ATR-SIGFOX1.3.2.0
2024-05-14 18:09:30,077 [WARN] PackLoader:240 - Cannot read IP mode file for STMicroelectronics.X-CUBE-EEPRMA1.5.1.0
2024-05-14 18:09:30,107 [WARN] PackLoader:240 - Cannot read IP mode file for ITTIA_DB.I-CUBE-ITTIADB.8.9.0
2024-05-14 18:09:30,179 [WARN] PackLoader:240 - Cannot read IP mode file for SEGGER.I-CUBE-embOS.1.3.1
2024-05-14 18:09:30,288 [WARN] PackLoader:240 - Cannot read IP mode file for STMicroelectronics.X-CUBE-ALGOBUILD.1.4.0
2024-05-14 18:09:30,313 [WARN] PackLoader:240 - Cannot read IP mode file for STMicroelectronics.X-CUBE-GNSS1.6.0.0
2024-05-14 18:09:30,370 [WARN] PackLoader:240 - Cannot read IP mode file for STMicroelectronics.X-CUBE-AZRTOS-F4.1.1.0
2024-05-14 18:09:30,401 [WARN] PackLoader:240 - Cannot read IP mode file for STMicroelectronics.X-CUBE-FREERTOS.1.2.0
2024-05-14 18:09:30,467 [WARN] PackLoader:240 - Cannot read IP mode file for STMicroelectronics.X-CUBE-AZRTOS-L5.2.0.0
2024-05-14 18:09:30,500 [WARN] PackLoader:240 - Cannot read IP mode file for STMicroelectronics.X-CUBE-NFC6.3.1.0
2024-05-14 18:09:30,528 [WARN] PackLoader:240 - Cannot read IP mode file for STMicroelectronics.X-CUBE-AI.9.0.0
2024-05-14 18:09:30,558 [WARN] PackLoader:240 - Cannot read IP mode file for STMicroelectronics.X-CUBE-NFC7.1.0.1
2024-05-14 18:09:30,625 [WARN] ConditionMgr:438 - getConditionDescription Invalid condition id : LAN8742 Phy interface Condition cause : null
2024-05-14 18:09:30,626 [WARN] PackLoader:240 - Cannot read IP mode file for STMicroelectronics.X-CUBE-AZRTOS-L4.2.0.0
2024-05-14 18:09:30,628 [WARN] ConditionMgr:1039 - genDependencies : Invalid condition id : LAN8742 Phy interface Condition cause : null
2024-05-14 18:09:30,629 [WARN] ConditionMgr:1039 - genDependencies : Invalid condition id : LAN8742 Phy interface Condition cause : null
2024-05-14 18:09:30,629 [WARN] ConditionMgr:1039 - genDependencies : Invalid condition id : LAN8742 Phy interface Condition cause : null
2024-05-14 18:09:30,655 [WARN] PackLoader:240 - Cannot read IP mode file for STMicroelectronics.X-CUBE-SFXS2LP1.4.0.0
2024-05-14 18:09:30,708 [WARN] ConditionMgr:438 - getConditionDescription Invalid condition id : UX DEVICE CLASS RTOS Condition cause : null
2024-05-14 18:09:30,709 [WARN] ConditionMgr:438 - getConditionDescription Invalid condition id : UX DEVICE CLASS RTOS Condition cause : null
2024-05-14 18:09:30,714 [WARN] PackLoader:240 - Cannot read IP mode file for STMicroelectronics.X-CUBE-AZRTOS-WB.2.0.0
2024-05-14 18:09:30,716 [WARN] ConditionMgr:1039 - genDependencies : Invalid condition id : UX DEVICE CLASS RTOS Condition cause : null
2024-05-14 18:09:30,716 [WARN] ConditionMgr:1039 - genDependencies : Invalid condition id : UX DEVICE CLASS RTOS Condition cause : null
2024-05-14 18:09:30,718 [WARN] ConditionMgr:1039 - genDependencies : Invalid condition id : UX DEVICE CLASS RTOS Condition cause : null
2024-05-14 18:09:30,719 [WARN] ConditionMgr:1039 - genDependencies : Invalid condition id : UX DEVICE CLASS RTOS Condition cause : null
2024-05-14 18:09:30,719 [WARN] ConditionMgr:1039 - genDependencies : Invalid condition id : UX DEVICE CLASS RTOS Condition cause : null
2024-05-14 18:09:30,756 [WARN] PackLoader:240 - Cannot read IP mode file for STMicroelectronics.X-CUBE-SUBG2.5.0.0
2024-05-14 18:09:30,811 [WARN] PackLoader:240 - Cannot read IP mode file for STMicroelectronics.X-CUBE-AZRTOS-G4.2.0.0
2024-05-14 18:09:30,849 [WARN] PackLoader:240 - Cannot read IP mode file for STMicroelectronics.X-CUBE-ISPU.2.0.0
2024-05-14 18:09:30,949 [WARN] PackLoader:240 - Cannot read IP mode file for STMicroelectronics.X-CUBE-MEMS1.10.0.0
2024-05-14 18:09:31,221 [WARN] PackLoader:240 - Cannot read IP mode file for STMicroelectronics.X-CUBE-FREERTOS.1.1.0
2024-05-14 18:09:31,250 [WARN] PackLoader:240 - Cannot read IP mode file for portGmbH.I-Cube-SoM-uGOAL.1.1.0
2024-05-14 18:09:31,279 [WARN] PackLoader:240 - Cannot read IP mode file for STMicroelectronics.X-CUBE-ALS.1.0.1
2024-05-14 18:09:31,340 [WARN] PackLoader:240 - Cannot read IP mode file for STMicroelectronics.X-CUBE-AZRTOS-H7RS.1.0.0
2024-05-14 18:09:31,365 [WARN] PackLoader:240 - Cannot read IP mode file for STMicroelectronics.FP-ATR-ASTRA1.2.0.0
2024-05-14 18:09:31,405 [WARN] PackLoader:240 - Cannot read IP mode file for STMicroelectronics.X-CUBE-TOF1.3.4.1
2024-05-14 18:09:31,483 [WARN] PackLoader:240 - Cannot read IP mode file for STMicroelectronics.X-CUBE-AZRTOS-H7.3.2.0
2024-05-14 18:09:31,530 [WARN] PackLoader:240 - Cannot read IP mode file for Infineon.AIROC-Wi-Fi-Bluetooth-STM32.1.6.0
2024-05-14 18:09:31,538 [INFO] ThirdParty:978 - Integrity check success = true
2024-05-14 18:09:31,538 [INFO] IntegrityCheckThread:100 - exiting critical section [integrity check]
2024-05-14 18:09:31,538 [INFO] IntegrityCheckThread:103 - End integrity checks thread
2024-05-14 18:09:33,574 [INFO] WebApp:161 - Instantiating new browser for Auth
2024-05-14 18:09:34,432 [INFO] WebApp:779 - Register for checkConnection events
2024-05-14 18:09:34,433 [INFO] WebApp:414 - Apply proxy settings
2024-05-14 18:09:34,433 [INFO] WebApp:499 - Chromium requires no authentication
2024-05-14 18:09:34,445 [INFO] WebApp:442 - Direct internet connection detected
2024-05-14 18:09:34,664 [INFO] WebApp:192 - Starting web application
2024-05-14 18:09:34,664 [INFO] WebApp:544 - Web application path used C:\ST\STM32CubeIDE_1.15.0\STM32CubeIDE\plugins\com.st.stm32cube.common.mx_6.11.1.202404110753\db\plugins\mcufinder\reactClient1\index.html
2024-05-14 18:11:50,037 [INFO] McuFinderGlobals:63 - Set McuFinder mode to 2 (CubeIDE integrated)
2024-05-14 18:11:50,041 [INFO] MainUpdater:2873 - connection check result : 10
2024-05-14 18:11:50,579 [INFO] ApiDb:581 - Connected to CubeFinder SQLite database (C:\Users\Yaroslav Ludchak\.stmcufinder\plugins\mcufinder\mcu\cube-finder-db.db)
2024-05-14 18:11:50,667 [INFO] ApiDb:668 - CubeFinder database Data Model version=2.1
2024-05-14 18:11:50,667 [INFO] ApiDb:669 - CubeFinder database Configuration version=3.0.39
2024-05-14 18:11:50,667 [INFO] ApiDb:670 - CubeFinder database generation date=2024-04-15 (1713193726)
2024-05-14 18:11:50,667 [INFO] ApiDb:671 - CubeFinder database FW Pack versions=[FP-ATR-ASTRA1_V2.0.0, FP-SNS-FLIGHT1_V5.0.1, FP-SNS-FLIGHT1_V5.0.2, FP-SNS-MOTENV1_V4.3.1, FP-SNS-MOTENV1_V4.3.2, FP-SNS-MOTENVWB1_V1.3.1, FP-SNS-SMARTAG2_V1.2.0, STM32Cube_FW_C0_V1.1.0, STM32Cube_FW_F4_V1.28.0, STM32Cube_FW_F7_V1.17.0, STM32Cube_FW_G0_V1.6.2, STM32Cube_FW_G4_V1.5.2, STM32Cube_FW_H5_V0.5.1, STM32Cube_FW_H5_V1.1.1, STM32Cube_FW_H5_V1.2.0, STM32Cube_FW_H5_V1.2.0RC4, STM32Cube_FW_H7RS_V1.0.0, STM32Cube_FW_H7RS_V1.0.0RC4, STM32Cube_FW_H7_V1.11.0, STM32Cube_FW_L0_V1.12.2, STM32Cube_FW_L5_V1.5.1, STM32Cube_FW_U0_V1.0.0, STM32Cube_FW_U0_V1.0.0RC1, STM32Cube_FW_U5_V1.3.0RC4, STM32Cube_FW_U5_V1.5.0, STM32Cube_FW_U5_V1.5.0RC1, STM32Cube_FW_WBA_V1.0.0RC1, STM32Cube_FW_WBA_V1.2.0, STM32Cube_FW_WBA_V1.2.0RC2, STM32Cube_FW_WBA_V1.3.0, STM32Cube_FW_WBA_V1.3.0RC1, STM32Cube_FW_WB_V1.15.0RC1, STM32Cube_FW_WB_V1.16.0, STM32Cube_FW_WB_V1.16.0RC2, STM32Cube_FW_WB_V1.18.0, STM32Cube_FW_WB_V1.19.0, STM32Cube_FW_WL_V1.3.0, X-CUBE-ALGOBUILD_V1.3.0, X-CUBE-ALS_V1.0.1, X-CUBE-AZRTOS-F4_V1.1.0, X-CUBE-AZRTOS-F7_V1.1.0, X-CUBE-AZRTOS-G0_V1.1.0, X-CUBE-AZRTOS-G4_V2.0.0, X-CUBE-AZRTOS-H7_V3.2.0, X-CUBE-AZRTOS-L4_V1.0.0, X-CUBE-AZRTOS-L4_V2.0.0, X-CUBE-AZRTOS-L5_V1.1.0, X-CUBE-AZRTOS-WB_V2.0.0, X-CUBE-AZRTOS-WL_V2.0.0, X-CUBE-BLE1_V7.0.0, X-CUBE-BLE2_V3.3.0, X-CUBE-BLEMGR_V3.1.0, X-CUBE-EEPRMA1_V4.1.0, X-CUBE-EEPRMA1_V5.1.0, X-CUBE-FREERTOS_V1.1.0, X-CUBE-GNSS1_V6.0.0, X-CUBE-MEMS1_V10.0.0, X-CUBE-MEMS1_V9.1.0, X-CUBE-MEMS1_V9.4.0, X-CUBE-MEMS1_V9.6.0, X-CUBE-NFC4_V3.0.0, X-CUBE-NFC7_V1.0.1, X-CUBE-SFXS2LP1_V4.0.0, X-CUBE-SUBG2_V5.0.0, X-CUBE-TOF1_V3.4.0]
2024-05-14 18:11:50,772 [INFO] DbBoardsSqlite:226 - include board P-NUCLEO-WB55-NUCLEO as a kit item of type 'Nucleo-64'
2024-05-14 18:11:50,772 [INFO] DbBoardsSqlite:226 - include board P-NUCLEO-WB55-USBDONGLE as a kit item of type 'Nucleo USB Dongle'
2024-05-14 18:11:50,773 [INFO] DbBoardsSqlite:226 - include board STEVAL-IDP005V1 as a kit item of type 'Evaluation Board'
2024-05-14 18:11:50,773 [INFO] DbBoardsSqlite:226 - include board STEVAL-IDP005V2 as a kit item of type 'Evaluation Board'
2024-05-14 18:11:50,873 [INFO] ApiDb:240 - Found 483 in-development CPN: [B-G473E-ZEST1S, B-WB1M-WPAN1, B-WL5M-SUBG1, NUCLEO-C031C6, NUCLEO-H503RB, NUCLEO-H533RE, NUCLEO-H563ZI, NUCLEO-H7S3L8, NUCLEO-U031R8, NUCLEO-U083RC, NUCLEO-U545RE-Q, NUCLEO-U5A5ZJ-Q, NUCLEO-WBA52CG, NUCLEO-WBA55CG, STEVAL-PROTEUS1, STEVAL-SMARTAG2, STEVAL-STWINBX1, STM320518-EVAL, STM32C0116-DK, STM32C011D6Y3TR, STM32C011D6Y6TR, STM32C011F4P3, STM32C011F4P6, STM32C011F4U3, STM32C011F4U6TR, STM32C011F6P3, STM32C011F6P6, STM32C011F6U3, STM32C011F6U6TR, STM32C011J4M3, STM32C011J4M6, STM32C011J6M3, STM32C011J6M6, STM32C0316-DK, STM32C031C4T3, STM32C031C4T6, STM32C031C4U3, STM32C031C4U6, STM32C031C6T3, STM32C031C6T6, STM32C031C6U3, STM32C031C6U6, STM32C031F4P3, STM32C031F4P6, STM32C031F6P3, STM32C031F6P6, STM32C031G4U3, STM32C031G4U6, STM32C031G6U3, STM32C031G6U6, STM32C031K4T3, STM32C031K4T6, STM32C031K4U3, STM32C031K4U6, STM32C031K6T3, STM32C031K6T6, STM32C031K6U3, STM32C031K6U6, STM32G071K8TXN, STM32G071K8UXN, STM32G081GBU6N, STM32G081KBT6N, STM32G081KBUXN, STM32G0B1CCT6N, STM32G0B1KCT6, STM32G0B1NEY6TR, STM32G0B1RCT6N, STM32G0C1CCT6, STM32G0C1CCT6N, STM32G0C1CCU6N, STM32G0C1CET6N, STM32G0C1CEU6N, STM32G0C1KCT6, STM32G0C1NEY6TR, STM32G0C1RCI6N, STM32G0C1RCT6N, STM32G0C1REI6N, STM32G0C1RET6N, STM32G0C1VCI6, STM32G0C1VEI6, STM32G471CCT6, STM32G471CCU6, STM32G471CET3, STM32G471CET6, STM32G471CEU3, STM32G471CEU6, STM32G471MCT6, STM32G471MET3, STM32G471MET6, STM32G471MEY6TR, STM32G471QCT6, STM32G471QET3, STM32G471RCT6, STM32G471RET3, STM32G471RET6, STM32G471VCH6, STM32G471VCI6, STM32G471VCT6, STM32G471VEH3, STM32G471VEH6, STM32G471VEI3, STM32G471VEI6, STM32G471VET3, STM32G471VET6, STM32G474CCT6, STM32H503CBT6, STM32H503CBU6, STM32H503EBY6TR, STM32H503KBU6, STM32H503RBT6, STM32H523CCT6, STM32H523CCU6, STM32H523CET6, STM32H523CEU6, STM32H523HEY6TR, STM32H523RCT6, STM32H523RET6, STM32H523VCI6, STM32H523VCT6, STM32H523VEI6, STM32H523VET6, STM32H523ZCJ6, STM32H523ZCT6, STM32H523ZEJ6, STM32H523ZET6, STM32H533CET6, STM32H533CEU6, STM32H533HEY6TR, STM32H533RET6, STM32H533VEI6, STM32H533VET6, STM32H533ZEJ6, STM32H533ZET6, STM32H562AGI6, STM32H562AII6, STM32H562IGK6, STM32H562IGT6, STM32H562IIK6, STM32H562IIT6, STM32H562RGT6, STM32H562RGV6, STM32H562RIT6, STM32H562RIV6, STM32H562VGT6, STM32H562VIT6, STM32H562ZGT6, STM32H562ZIT6, STM32H563AGI6, STM32H563AII3Q, STM32H563AII6, STM32H563IGK6, STM32H563IGT6, STM32H563IIK3Q, STM32H563IIK6, STM32H563IIT3Q, STM32H563IIT6, STM32H563MIY3QTR, STM32H563RGT6, STM32H563RGV6, STM32H563RIT6, STM32H563RIV6, STM32H563VGT6, STM32H563VIT3Q, STM32H563VIT6, STM32H563ZGT6, STM32H563ZIT3Q, STM32H563ZIT6, STM32H573AII3Q, STM32H573AII6, STM32H573I-DK, STM32H573IIK3Q, STM32H573IIK6, STM32H573IIT3Q, STM32H573IIT6, STM32H573MIY3QTR, STM32H573RIT6, STM32H573RIV6, STM32H573VIT3Q, STM32H573VIT6, STM32H573ZIT3Q, STM32H573ZIT6, STM32H7R3A8I6, STM32H7R3I8K6, STM32H7R3I8T6, STM32H7R3L8H6, STM32H7R3L8H6H, STM32H7R3R8V6, STM32H7R3V8H6, STM32H7R3V8T6, STM32H7R3V8Y6, STM32H7R3Z8J6, STM32H7R3Z8T6, STM32H7R7A8I6, STM32H7R7I8K6, STM32H7R7I8T6, STM32H7R7L8H6, STM32H7R7L8H6H, STM32H7R7Z8J6, STM32H7S3A8I6, STM32H7S3I8K6, STM32H7S3I8T6, STM32H7S3L8H6, STM32H7S3L8H6H, STM32H7S3R8V6, STM32H7S3V8H6, STM32H7S3V8T6, STM32H7S3V8Y6, STM32H7S3Z8J6, STM32H7S3Z8T6, STM32H7S78-DK, STM32H7S7A8I6, STM32H7S7I8K6, STM32H7S7I8T6, STM32H7S7L8H6, STM32H7S7L8H6H, STM32H7S7Z8J6, STM32L4R5QGI6STR, STM32MP131AAE3, STM32MP131AAF3, STM32MP131AAG3, STM32MP131CAE3, STM32MP131CAF3, STM32MP131CAG3, STM32MP131DAE7, STM32MP131DAF7, STM32MP131DAG7, STM32MP131FAE7, STM32MP131FAF7, STM32MP131FAG7, STM32MP133AAE3, STM32MP133AAF3, STM32MP133AAG3, STM32MP133CAE3, STM32MP133CAF3, STM32MP133CAG3, STM32MP133DAE7, STM32MP133DAF7, STM32MP133DAG7, STM32MP133FAE7, STM32MP133FAF7, STM32MP133FAG7, STM32MP135AAE3, STM32MP135AAF3, STM32MP135AAG3, STM32MP135CAE3, STM32MP135CAF3, STM32MP135CAG3, STM32MP135DAE7, STM32MP135DAF7, STM32MP135DAG7, STM32MP135F-DK, STM32MP135FAE7, STM32MP135FAF7, STM32MP135FAF7T, STM32MP135FAF7U, STM32MP135FAG7, STM32U031C6T6, STM32U031C6U6, STM32U031C8T6, STM32U031C8U6, STM32U031F4P6, STM32U031F6P6, STM32U031F8P6, STM32U031G6Y6TR, STM32U031G8Y6TR, STM32U031K4U6, STM32U031K6U6, STM32U031K8U6, STM32U031R6I6, STM32U031R6T6, STM32U031R8I6, STM32U031R8T6, STM32U073C8T6, STM32U073C8U6, STM32U073CBT6, STM32U073CBU6, STM32U073CCT6, STM32U073CCU6, STM32U073H8Y6TR, STM32U073HBY6TR, STM32U073HCY6TR, STM32U073K8U6, STM32U073KBU6, STM32U073KCU6, STM32U073M8I6, STM32U073M8T6, STM32U073MBI6, STM32U073MBT6, STM32U073MCI6, STM32U073MCT6, STM32U073R8I6, STM32U073R8T6, STM32U073RBI6, STM32U073RBT6, STM32U073RCI6, STM32U073RCT6, STM32U083C-DK, STM32U083CCT6, STM32U083CCU6, STM32U083HCY6TR, STM32U083KCU6, STM32U083MCI6, STM32U083MCT6, STM32U083RCI6, STM32U083RCT6, STM32U535CBT6, STM32U535CBT6Q, STM32U535CBU6, STM32U535CBU6Q, STM32U535CCT6, STM32U535CCT6Q, STM32U535CCU6, STM32U535CCU6Q, STM32U535CET6, STM32U535CET6Q, STM32U535CEU6, STM32U535CEU6Q, STM32U535JEY6QTR, STM32U535NCY6QTR, STM32U535NEY6QTR, STM32U535RBI6, STM32U535RBI6Q, STM32U535RBT6, STM32U535RBT6Q, STM32U535RCI6, STM32U535RCI6Q, STM32U535RCT6, STM32U535RCT6Q, STM32U535REI6, STM32U535REI6Q, STM32U535RET6, STM32U535RET6Q, STM32U535VCI6, STM32U535VCI6Q, STM32U535VCT6, STM32U535VCT6Q, STM32U535VEI6, STM32U535VEI6Q, STM32U535VET6, STM32U535VET6Q, STM32U545CET6, STM32U545CET6Q, STM32U545CEU6, STM32U545CEU6Q, STM32U545JEY6QTR, STM32U545NEY6QTR, STM32U545REI6, STM32U545REI6Q, STM32U545RET6, STM32U545RET6Q, STM32U545VEI6, STM32U545VEI6Q, STM32U545VET6, STM32U545VET6Q, STM32U595AIH6, STM32U595AIH6Q, STM32U595AJH6, STM32U595AJH6Q, STM32U595QII6, STM32U595QII6Q, STM32U595QJI6, STM32U595QJI6Q, STM32U595RIT6, STM32U595RIT6Q, STM32U595RJT6, STM32U595RJT6Q, STM32U595VIT6, STM32U595VIT6Q, STM32U595VJT6, STM32U595VJT6Q, STM32U595ZIT6, STM32U595ZIT6Q, STM32U595ZIY6QTR, STM32U595ZJT6, STM32U595ZJT6Q, STM32U595ZJY6QTR, STM32U599BJY6QTR, STM32U599NIH6Q, STM32U599NJH6Q, STM32U599VIT6Q, STM32U599VJT6, STM32U599VJT6Q, STM32U599ZIT6Q, STM32U599ZIY6QTR, STM32U599ZJT6Q, STM32U599ZJY6QTR, STM32U5A5AJH6, STM32U5A5AJH6Q, STM32U5A5QII3Q , STM32U5A5QJI6, STM32U5A5QJI6Q, STM32U5A5RJT6, STM32U5A5RJT6Q, STM32U5A5VJT6, STM32U5A5VJT6Q, STM32U5A5ZJT6, STM32U5A5ZJT6Q, STM32U5A5ZJY6QTR, STM32U5A9BJY6QTR, STM32U5A9J-DK, STM32U5A9NJH6Q, STM32U5A9VJT6Q, STM32U5A9ZJT6Q, STM32U5A9ZJY6QTR, STM32U5F7VIT6, STM32U5F7VIT6Q, STM32U5F7VJT6, STM32U5F7VJT6Q, STM32U5F9BJY6QTR, STM32U5F9NJH6Q, STM32U5F9VIT6Q, STM32U5F9VJT6Q, STM32U5F9ZIJ6QTR, STM32U5F9ZIT6Q, STM32U5F9ZJJ6QTR, STM32U5F9ZJT6Q, STM32U5G7VJT6, STM32U5G7VJT6Q, STM32U5G9BJY6QTR, STM32U5G9J-DK1, STM32U5G9J-DK2, STM32U5G9NJH6Q, STM32U5G9VJT6Q, STM32U5G9ZJJ6QTR, STM32U5G9ZJT6Q, STM32WB1MMCH6, STM32WBA50KEU6, STM32WBA50KEU6TR, STM32WBA50KGU6, STM32WBA50KGU6TR, STM32WBA52CEU6, STM32WBA52CEU6TR, STM32WBA52CEU7, STM32WBA52CEU7TR, STM32WBA52CGU6, STM32WBA52CGU6TR, STM32WBA52CGU6U, STM32WBA52CGU7, STM32WBA52CGU7TR, STM32WBA52KEU6, STM32WBA52KEU6TR, STM32WBA52KGU6, STM32WBA52KGU6TR, STM32WBA54CEU6, STM32WBA54CEU6TR, STM32WBA54CEU7, STM32WBA54CEU7TR, STM32WBA54CGU6, STM32WBA54CGU6TR, STM32WBA54CGU7, STM32WBA54CGU7TR, STM32WBA54KEU6, STM32WBA54KEU6TR, STM32WBA54KEU7, STM32WBA54KEU7TR, STM32WBA54KGU6, STM32WBA54KGU6TR, STM32WBA54KGU7, STM32WBA54KGU7TR, STM32WBA55CEU6, STM32WBA55CEU6TR, STM32WBA55CEU7, STM32WBA55CEU7TR, STM32WBA55CGU6, STM32WBA55CGU6TR, STM32WBA55CGU6U, STM32WBA55CGU7, STM32WBA55CGU7TR, STM32WBA55G-DK1, STM32WBA55HEF6, STM32WBA55HEF7, STM32WBA55HGF6, STM32WBA55HGF7, STM32WBA55UEI6, STM32WBA55UEI6TR, STM32WBA55UEI7, STM32WBA55UEI7TR, STM32WBA55UGI6, STM32WBA55UGI6TR, STM32WBA55UGI7, STM32WBA55UGI7TR, STM32WL5MOCH6, STM32WL5MOCH6TR]
2024-05-14 18:11:51,117 [INFO] BoardInfo:889 - No configuration file found for board P-NUCLEO-WB55
2024-05-14 18:11:51,118 [INFO] DbBoards:161 - Kit is not supported: P-NUCLEO-WB55
2024-05-14 18:11:51,125 [INFO] BoardInfo:889 - No configuration file found for board STEVAL-BFA001V1B
2024-05-14 18:11:51,125 [INFO] DbBoards:161 - Kit is not supported: STEVAL-BFA001V1B
2024-05-14 18:11:51,127 [INFO] BoardInfo:889 - No configuration file found for board STEVAL-BFA001V2B
2024-05-14 18:11:51,128 [INFO] DbBoards:161 - Kit is not supported: STEVAL-BFA001V2B
2024-05-14 18:11:51,315 [INFO] DbBoards:168 - Found 199 boards, 196 are supported
2024-05-14 18:11:51,315 [INFO] DbBoards:169 - Found 199 boards, 8 of them is supported for  Bsp
2024-05-14 18:11:51,319 [INFO] ApiDb:668 - CubeFinder database Data Model version=2.1
2024-05-14 18:11:51,319 [INFO] ApiDb:669 - CubeFinder database Configuration version=3.0.39
2024-05-14 18:11:51,319 [INFO] ApiDb:670 - CubeFinder database generation date=2024-04-15 (1713193726)
2024-05-14 18:11:51,319 [INFO] ApiDb:671 - CubeFinder database FW Pack versions=[FP-ATR-ASTRA1_V2.0.0, FP-SNS-FLIGHT1_V5.0.1, FP-SNS-FLIGHT1_V5.0.2, FP-SNS-MOTENV1_V4.3.1, FP-SNS-MOTENV1_V4.3.2, FP-SNS-MOTENVWB1_V1.3.1, FP-SNS-SMARTAG2_V1.2.0, STM32Cube_FW_C0_V1.1.0, STM32Cube_FW_F4_V1.28.0, STM32Cube_FW_F7_V1.17.0, STM32Cube_FW_G0_V1.6.2, STM32Cube_FW_G4_V1.5.2, STM32Cube_FW_H5_V0.5.1, STM32Cube_FW_H5_V1.1.1, STM32Cube_FW_H5_V1.2.0, STM32Cube_FW_H5_V1.2.0RC4, STM32Cube_FW_H7RS_V1.0.0, STM32Cube_FW_H7RS_V1.0.0RC4, STM32Cube_FW_H7_V1.11.0, STM32Cube_FW_L0_V1.12.2, STM32Cube_FW_L5_V1.5.1, STM32Cube_FW_U0_V1.0.0, STM32Cube_FW_U0_V1.0.0RC1, STM32Cube_FW_U5_V1.3.0RC4, STM32Cube_FW_U5_V1.5.0, STM32Cube_FW_U5_V1.5.0RC1, STM32Cube_FW_WBA_V1.0.0RC1, STM32Cube_FW_WBA_V1.2.0, STM32Cube_FW_WBA_V1.2.0RC2, STM32Cube_FW_WBA_V1.3.0, STM32Cube_FW_WBA_V1.3.0RC1, STM32Cube_FW_WB_V1.15.0RC1, STM32Cube_FW_WB_V1.16.0, STM32Cube_FW_WB_V1.16.0RC2, STM32Cube_FW_WB_V1.18.0, STM32Cube_FW_WB_V1.19.0, STM32Cube_FW_WL_V1.3.0, X-CUBE-ALGOBUILD_V1.3.0, X-CUBE-ALS_V1.0.1, X-CUBE-AZRTOS-F4_V1.1.0, X-CUBE-AZRTOS-F7_V1.1.0, X-CUBE-AZRTOS-G0_V1.1.0, X-CUBE-AZRTOS-G4_V2.0.0, X-CUBE-AZRTOS-H7_V3.2.0, X-CUBE-AZRTOS-L4_V1.0.0, X-CUBE-AZRTOS-L4_V2.0.0, X-CUBE-AZRTOS-L5_V1.1.0, X-CUBE-AZRTOS-WB_V2.0.0, X-CUBE-AZRTOS-WL_V2.0.0, X-CUBE-BLE1_V7.0.0, X-CUBE-BLE2_V3.3.0, X-CUBE-BLEMGR_V3.1.0, X-CUBE-EEPRMA1_V4.1.0, X-CUBE-EEPRMA1_V5.1.0, X-CUBE-FREERTOS_V1.1.0, X-CUBE-GNSS1_V6.0.0, X-CUBE-MEMS1_V10.0.0, X-CUBE-MEMS1_V9.1.0, X-CUBE-MEMS1_V9.4.0, X-CUBE-MEMS1_V9.6.0, X-CUBE-NFC4_V3.0.0, X-CUBE-NFC7_V1.0.1, X-CUBE-SFXS2LP1_V4.0.0, X-CUBE-SUBG2_V5.0.0, X-CUBE-TOF1_V3.4.0]
2024-05-14 18:11:53,687 [INFO] ApiDb:240 - Found 483 in-development CPN: [B-G473E-ZEST1S, B-WB1M-WPAN1, B-WL5M-SUBG1, NUCLEO-C031C6, NUCLEO-H503RB, NUCLEO-H533RE, NUCLEO-H563ZI, NUCLEO-H7S3L8, NUCLEO-U031R8, NUCLEO-U083RC, NUCLEO-U545RE-Q, NUCLEO-U5A5ZJ-Q, NUCLEO-WBA52CG, NUCLEO-WBA55CG, STEVAL-PROTEUS1, STEVAL-SMARTAG2, STEVAL-STWINBX1, STM320518-EVAL, STM32C0116-DK, STM32C011D6Y3TR, STM32C011D6Y6TR, STM32C011F4P3, STM32C011F4P6, STM32C011F4U3, STM32C011F4U6TR, STM32C011F6P3, STM32C011F6P6, STM32C011F6U3, STM32C011F6U6TR, STM32C011J4M3, STM32C011J4M6, STM32C011J6M3, STM32C011J6M6, STM32C0316-DK, STM32C031C4T3, STM32C031C4T6, STM32C031C4U3, STM32C031C4U6, STM32C031C6T3, STM32C031C6T6, STM32C031C6U3, STM32C031C6U6, STM32C031F4P3, STM32C031F4P6, STM32C031F6P3, STM32C031F6P6, STM32C031G4U3, STM32C031G4U6, STM32C031G6U3, STM32C031G6U6, STM32C031K4T3, STM32C031K4T6, STM32C031K4U3, STM32C031K4U6, STM32C031K6T3, STM32C031K6T6, STM32C031K6U3, STM32C031K6U6, STM32G071K8TXN, STM32G071K8UXN, STM32G081GBU6N, STM32G081KBT6N, STM32G081KBUXN, STM32G0B1CCT6N, STM32G0B1KCT6, STM32G0B1NEY6TR, STM32G0B1RCT6N, STM32G0C1CCT6, STM32G0C1CCT6N, STM32G0C1CCU6N, STM32G0C1CET6N, STM32G0C1CEU6N, STM32G0C1KCT6, STM32G0C1NEY6TR, STM32G0C1RCI6N, STM32G0C1RCT6N, STM32G0C1REI6N, STM32G0C1RET6N, STM32G0C1VCI6, STM32G0C1VEI6, STM32G471CCT6, STM32G471CCU6, STM32G471CET3, STM32G471CET6, STM32G471CEU3, STM32G471CEU6, STM32G471MCT6, STM32G471MET3, STM32G471MET6, STM32G471MEY6TR, STM32G471QCT6, STM32G471QET3, STM32G471RCT6, STM32G471RET3, STM32G471RET6, STM32G471VCH6, STM32G471VCI6, STM32G471VCT6, STM32G471VEH3, STM32G471VEH6, STM32G471VEI3, STM32G471VEI6, STM32G471VET3, STM32G471VET6, STM32G474CCT6, STM32H503CBT6, STM32H503CBU6, STM32H503EBY6TR, STM32H503KBU6, STM32H503RBT6, STM32H523CCT6, STM32H523CCU6, STM32H523CET6, STM32H523CEU6, STM32H523HEY6TR, STM32H523RCT6, STM32H523RET6, STM32H523VCI6, STM32H523VCT6, STM32H523VEI6, STM32H523VET6, STM32H523ZCJ6, STM32H523ZCT6, STM32H523ZEJ6, STM32H523ZET6, STM32H533CET6, STM32H533CEU6, STM32H533HEY6TR, STM32H533RET6, STM32H533VEI6, STM32H533VET6, STM32H533ZEJ6, STM32H533ZET6, STM32H562AGI6, STM32H562AII6, STM32H562IGK6, STM32H562IGT6, STM32H562IIK6, STM32H562IIT6, STM32H562RGT6, STM32H562RGV6, STM32H562RIT6, STM32H562RIV6, STM32H562VGT6, STM32H562VIT6, STM32H562ZGT6, STM32H562ZIT6, STM32H563AGI6, STM32H563AII3Q, STM32H563AII6, STM32H563IGK6, STM32H563IGT6, STM32H563IIK3Q, STM32H563IIK6, STM32H563IIT3Q, STM32H563IIT6, STM32H563MIY3QTR, STM32H563RGT6, STM32H563RGV6, STM32H563RIT6, STM32H563RIV6, STM32H563VGT6, STM32H563VIT3Q, STM32H563VIT6, STM32H563ZGT6, STM32H563ZIT3Q, STM32H563ZIT6, STM32H573AII3Q, STM32H573AII6, STM32H573I-DK, STM32H573IIK3Q, STM32H573IIK6, STM32H573IIT3Q, STM32H573IIT6, STM32H573MIY3QTR, STM32H573RIT6, STM32H573RIV6, STM32H573VIT3Q, STM32H573VIT6, STM32H573ZIT3Q, STM32H573ZIT6, STM32H7R3A8I6, STM32H7R3I8K6, STM32H7R3I8T6, STM32H7R3L8H6, STM32H7R3L8H6H, STM32H7R3R8V6, STM32H7R3V8H6, STM32H7R3V8T6, STM32H7R3V8Y6, STM32H7R3Z8J6, STM32H7R3Z8T6, STM32H7R7A8I6, STM32H7R7I8K6, STM32H7R7I8T6, STM32H7R7L8H6, STM32H7R7L8H6H, STM32H7R7Z8J6, STM32H7S3A8I6, STM32H7S3I8K6, STM32H7S3I8T6, STM32H7S3L8H6, STM32H7S3L8H6H, STM32H7S3R8V6, STM32H7S3V8H6, STM32H7S3V8T6, STM32H7S3V8Y6, STM32H7S3Z8J6, STM32H7S3Z8T6, STM32H7S78-DK, STM32H7S7A8I6, STM32H7S7I8K6, STM32H7S7I8T6, STM32H7S7L8H6, STM32H7S7L8H6H, STM32H7S7Z8J6, STM32L4R5QGI6STR, STM32MP131AAE3, STM32MP131AAF3, STM32MP131AAG3, STM32MP131CAE3, STM32MP131CAF3, STM32MP131CAG3, STM32MP131DAE7, STM32MP131DAF7, STM32MP131DAG7, STM32MP131FAE7, STM32MP131FAF7, STM32MP131FAG7, STM32MP133AAE3, STM32MP133AAF3, STM32MP133AAG3, STM32MP133CAE3, STM32MP133CAF3, STM32MP133CAG3, STM32MP133DAE7, STM32MP133DAF7, STM32MP133DAG7, STM32MP133FAE7, STM32MP133FAF7, STM32MP133FAG7, STM32MP135AAE3, STM32MP135AAF3, STM32MP135AAG3, STM32MP135CAE3, STM32MP135CAF3, STM32MP135CAG3, STM32MP135DAE7, STM32MP135DAF7, STM32MP135DAG7, STM32MP135F-DK, STM32MP135FAE7, STM32MP135FAF7, STM32MP135FAF7T, STM32MP135FAF7U, STM32MP135FAG7, STM32U031C6T6, STM32U031C6U6, STM32U031C8T6, STM32U031C8U6, STM32U031F4P6, STM32U031F6P6, STM32U031F8P6, STM32U031G6Y6TR, STM32U031G8Y6TR, STM32U031K4U6, STM32U031K6U6, STM32U031K8U6, STM32U031R6I6, STM32U031R6T6, STM32U031R8I6, STM32U031R8T6, STM32U073C8T6, STM32U073C8U6, STM32U073CBT6, STM32U073CBU6, STM32U073CCT6, STM32U073CCU6, STM32U073H8Y6TR, STM32U073HBY6TR, STM32U073HCY6TR, STM32U073K8U6, STM32U073KBU6, STM32U073KCU6, STM32U073M8I6, STM32U073M8T6, STM32U073MBI6, STM32U073MBT6, STM32U073MCI6, STM32U073MCT6, STM32U073R8I6, STM32U073R8T6, STM32U073RBI6, STM32U073RBT6, STM32U073RCI6, STM32U073RCT6, STM32U083C-DK, STM32U083CCT6, STM32U083CCU6, STM32U083HCY6TR, STM32U083KCU6, STM32U083MCI6, STM32U083MCT6, STM32U083RCI6, STM32U083RCT6, STM32U535CBT6, STM32U535CBT6Q, STM32U535CBU6, STM32U535CBU6Q, STM32U535CCT6, STM32U535CCT6Q, STM32U535CCU6, STM32U535CCU6Q, STM32U535CET6, STM32U535CET6Q, STM32U535CEU6, STM32U535CEU6Q, STM32U535JEY6QTR, STM32U535NCY6QTR, STM32U535NEY6QTR, STM32U535RBI6, STM32U535RBI6Q, STM32U535RBT6, STM32U535RBT6Q, STM32U535RCI6, STM32U535RCI6Q, STM32U535RCT6, STM32U535RCT6Q, STM32U535REI6, STM32U535REI6Q, STM32U535RET6, STM32U535RET6Q, STM32U535VCI6, STM32U535VCI6Q, STM32U535VCT6, STM32U535VCT6Q, STM32U535VEI6, STM32U535VEI6Q, STM32U535VET6, STM32U535VET6Q, STM32U545CET6, STM32U545CET6Q, STM32U545CEU6, STM32U545CEU6Q, STM32U545JEY6QTR, STM32U545NEY6QTR, STM32U545REI6, STM32U545REI6Q, STM32U545RET6, STM32U545RET6Q, STM32U545VEI6, STM32U545VEI6Q, STM32U545VET6, STM32U545VET6Q, STM32U595AIH6, STM32U595AIH6Q, STM32U595AJH6, STM32U595AJH6Q, STM32U595QII6, STM32U595QII6Q, STM32U595QJI6, STM32U595QJI6Q, STM32U595RIT6, STM32U595RIT6Q, STM32U595RJT6, STM32U595RJT6Q, STM32U595VIT6, STM32U595VIT6Q, STM32U595VJT6, STM32U595VJT6Q, STM32U595ZIT6, STM32U595ZIT6Q, STM32U595ZIY6QTR, STM32U595ZJT6, STM32U595ZJT6Q, STM32U595ZJY6QTR, STM32U599BJY6QTR, STM32U599NIH6Q, STM32U599NJH6Q, STM32U599VIT6Q, STM32U599VJT6, STM32U599VJT6Q, STM32U599ZIT6Q, STM32U599ZIY6QTR, STM32U599ZJT6Q, STM32U599ZJY6QTR, STM32U5A5AJH6, STM32U5A5AJH6Q, STM32U5A5QII3Q , STM32U5A5QJI6, STM32U5A5QJI6Q, STM32U5A5RJT6, STM32U5A5RJT6Q, STM32U5A5VJT6, STM32U5A5VJT6Q, STM32U5A5ZJT6, STM32U5A5ZJT6Q, STM32U5A5ZJY6QTR, STM32U5A9BJY6QTR, STM32U5A9J-DK, STM32U5A9NJH6Q, STM32U5A9VJT6Q, STM32U5A9ZJT6Q, STM32U5A9ZJY6QTR, STM32U5F7VIT6, STM32U5F7VIT6Q, STM32U5F7VJT6, STM32U5F7VJT6Q, STM32U5F9BJY6QTR, STM32U5F9NJH6Q, STM32U5F9VIT6Q, STM32U5F9VJT6Q, STM32U5F9ZIJ6QTR, STM32U5F9ZIT6Q, STM32U5F9ZJJ6QTR, STM32U5F9ZJT6Q, STM32U5G7VJT6, STM32U5G7VJT6Q, STM32U5G9BJY6QTR, STM32U5G9J-DK1, STM32U5G9J-DK2, STM32U5G9NJH6Q, STM32U5G9VJT6Q, STM32U5G9ZJJ6QTR, STM32U5G9ZJT6Q, STM32WB1MMCH6, STM32WBA50KEU6, STM32WBA50KEU6TR, STM32WBA50KGU6, STM32WBA50KGU6TR, STM32WBA52CEU6, STM32WBA52CEU6TR, STM32WBA52CEU7, STM32WBA52CEU7TR, STM32WBA52CGU6, STM32WBA52CGU6TR, STM32WBA52CGU6U, STM32WBA52CGU7, STM32WBA52CGU7TR, STM32WBA52KEU6, STM32WBA52KEU6TR, STM32WBA52KGU6, STM32WBA52KGU6TR, STM32WBA54CEU6, STM32WBA54CEU6TR, STM32WBA54CEU7, STM32WBA54CEU7TR, STM32WBA54CGU6, STM32WBA54CGU6TR, STM32WBA54CGU7, STM32WBA54CGU7TR, STM32WBA54KEU6, STM32WBA54KEU6TR, STM32WBA54KEU7, STM32WBA54KEU7TR, STM32WBA54KGU6, STM32WBA54KGU6TR, STM32WBA54KGU7, STM32WBA54KGU7TR, STM32WBA55CEU6, STM32WBA55CEU6TR, STM32WBA55CEU7, STM32WBA55CEU7TR, STM32WBA55CGU6, STM32WBA55CGU6TR, STM32WBA55CGU6U, STM32WBA55CGU7, STM32WBA55CGU7TR, STM32WBA55G-DK1, STM32WBA55HEF6, STM32WBA55HEF7, STM32WBA55HGF6, STM32WBA55HGF7, STM32WBA55UEI6, STM32WBA55UEI6TR, STM32WBA55UEI7, STM32WBA55UEI7TR, STM32WBA55UGI6, STM32WBA55UGI6TR, STM32WBA55UGI7, STM32WBA55UGI7TR, STM32WL5MOCH6, STM32WL5MOCH6TR]
2024-05-14 18:11:53,692 [INFO] DbMcus:218 - Found 4096 MCUs, 4096 are supported
2024-05-14 18:11:53,693 [INFO] ApiDb:423 - Load user favorites file C:\Users\Yaroslav Ludchak/.stm32cubeide/favorites.mcus.txt: 0 item(s)
2024-05-14 18:11:53,693 [INFO] ApiDb:427 - User favorites MCUs=[]
2024-05-14 18:11:53,693 [INFO] DbMcus:224 - Set 0 / 0 favorites MCUs
2024-05-14 18:11:54,172 [INFO] ApiDb:423 - Load user favorites file C:\Users\Yaroslav Ludchak/.stm32cubeide/favorites.boards.txt: 0 item(s)
2024-05-14 18:11:54,172 [INFO] ApiDb:427 - User favorites Boards=[]
2024-05-14 18:11:54,172 [INFO] DbBoards:198 - Set 0 / 0 favorites Boards
2024-05-14 18:11:54,172 [INFO] McuFinderGlobals:76 - Set McuFinderConnectedMode to true
2024-05-14 18:11:54,184 [INFO] MultiScanPanel:200 - Auto-refresh data requested => check proxy status ongoing
2024-05-14 18:11:54,188 [INFO] FinderPluginLoader:95 - Searching for filters in installed packs
2024-05-14 18:11:56,191 [INFO] LoadUrlFilesThread:185 - End of LoadServerUrlFiles without Thread
2024-05-14 18:11:56,261 [INFO] DetailPanel:341 - Set advertising image to C:/Users/Yaroslav Ludchak/STM32Cube/Repository/\en.prom-stm32h7rs-mcu-finder.png
2024-05-14 18:13:01,782 [INFO] MainUpdater:2873 - connection check result : 10
2024-05-14 18:13:01,783 [INFO] MainUpdater:2873 - connection check result : 10
2024-05-14 18:13:01,810 [INFO] MicroXplorer:468 - Change Database Path : 
2024-05-14 18:13:01,811 [INFO] MicroXplorer:498 - Change Database Version : DB.6.0.111
2024-05-14 18:13:01,818 [WARN] ThirdParty:871 - waiting for thirdparty lock release [close project]
2024-05-14 18:13:01,819 [INFO] ThirdParty:873 - entering critical section [close project]
2024-05-14 18:13:01,820 [INFO] ThirdParty:883 - exiting critical section [close project]
2024-05-14 18:13:01,824 [INFO] PinOutPanel:1561 - setPackage(No Configuration,No Configuration)
2024-05-14 18:13:01,831 [INFO] UtilMem:75 - Begin LoadConfig() Used Memory: 619999200 Bytes (1073741824)
2024-05-14 18:13:01,832 [INFO] MicroXplorer:468 - Change Database Path : 
2024-05-14 18:13:01,832 [INFO] MicroXplorer:498 - Change Database Version : DB.6.0.111
2024-05-14 18:13:01,833 [INFO] OpenFileManager:312 - Change cursor
2024-05-14 18:13:02,001 [INFO] Mcu:2021 - Initializing MCU STM32F103C8Tx STM32F103C8Tx STM32F103C8T6
2024-05-14 18:13:03,764 [INFO] Context:663 - Trying to add GPIOservice into a context  which must be forbidden
2024-05-14 18:13:04,228 [INFO] ImportTextPane:194 - (OptionalMessage_ERROR) Unable to find key (Mcu.ThirdPartyNb) in loaded IOC file
2024-05-14 18:13:04,229 [INFO] ImportTextPane:194 - (OptionalMessage_ERROR) Unable to find key (Mcu.PinsNb) in loaded IOC file
2024-05-14 18:13:04,229 [INFO] ImportTextPane:194 - (OptionalMessage_ERROR) Unable to find key (Mcu.IPNb) in loaded IOC file
2024-05-14 18:13:04,362 [INFO] RtosManager:555 - Registered RTOS mode: class=CMSIS, group=RTOS, mode=CMSIS_V1, owner=FREERTOS
2024-05-14 18:13:04,363 [INFO] RtosManager:555 - Registered RTOS mode: class=CMSIS, group=RTOS2, mode=CMSIS_V2, owner=FREERTOS
2024-05-14 18:13:04,363 [INFO] RtosManager:555 - Registered RTOS mode: class=RTOS, group=Core, mode=CMSIS_V1, owner=FREERTOS
2024-05-14 18:13:04,363 [INFO] RtosManager:555 - Registered RTOS mode: class=RTOS, group=Core, mode=CMSIS_V2, owner=FREERTOS
2024-05-14 18:13:04,364 [WARN] ModelIntegratedComponent:184 - Missing modes for component STMicroelectronics:FreeRTOS:0.0.1:STMicroelectronics:RTOS:FreeRTOS:Core:::10.2.0:
2024-05-14 18:13:04,391 [WARN] ModelIntegratedComponent:63 - No mode defined for component null
2024-05-14 18:13:04,392 [WARN] ModelIntegratedComponent:63 - No mode defined for component null
2024-05-14 18:13:04,392 [WARN] ModelIntegratedComponent:63 - No mode defined for component null
2024-05-14 18:13:04,392 [WARN] ModelIntegratedComponent:63 - No mode defined for component null
2024-05-14 18:13:04,392 [WARN] ModelIntegratedComponent:63 - No mode defined for component null
2024-05-14 18:13:04,392 [WARN] ModelIntegratedComponent:63 - No mode defined for component null
2024-05-14 18:13:04,392 [WARN] ModelIntegratedComponent:63 - No mode defined for component null
2024-05-14 18:13:04,392 [WARN] ModelIntegratedComponent:63 - No mode defined for component null
2024-05-14 18:13:04,392 [WARN] ModelIntegratedComponent:63 - No mode defined for component null
2024-05-14 18:13:04,392 [WARN] ModelIntegratedComponent:63 - No mode defined for component null
2024-05-14 18:13:04,393 [WARN] ModelIntegratedComponent:63 - No mode defined for component null
2024-05-14 18:13:04,393 [WARN] ModelIntegratedComponent:63 - No mode defined for component null
2024-05-14 18:13:04,393 [WARN] ModelIntegratedComponent:63 - No mode defined for component null
2024-05-14 18:13:04,393 [WARN] ModelIntegratedComponent:63 - No mode defined for component null
2024-05-14 18:13:04,393 [WARN] ModelIntegratedComponent:63 - No mode defined for component null
2024-05-14 18:13:04,393 [WARN] ModelIntegratedComponent:63 - No mode defined for component null
2024-05-14 18:13:04,393 [WARN] ModelIntegratedComponent:63 - No mode defined for component null
2024-05-14 18:13:04,393 [WARN] ModelIntegratedComponent:63 - No mode defined for component null
2024-05-14 18:13:04,393 [WARN] ModelIntegratedComponent:63 - No mode defined for component null
2024-05-14 18:13:04,393 [WARN] ModelIntegratedComponent:63 - No mode defined for component null
2024-05-14 18:13:04,393 [WARN] ModelIntegratedComponent:63 - No mode defined for component null
2024-05-14 18:13:04,394 [WARN] ModelIntegratedComponent:63 - No mode defined for component null
2024-05-14 18:13:04,394 [WARN] ModelIntegratedComponent:63 - No mode defined for component null
2024-05-14 18:13:04,394 [WARN] ModelIntegratedComponent:63 - No mode defined for component null
2024-05-14 18:13:04,394 [WARN] ModelIntegratedComponent:63 - No mode defined for component null
2024-05-14 18:13:04,394 [WARN] ModelIntegratedComponent:63 - No mode defined for component null
2024-05-14 18:13:04,394 [WARN] ModelIntegratedComponent:63 - No mode defined for component null
2024-05-14 18:13:04,394 [WARN] ModelIntegratedComponent:63 - No mode defined for component null
2024-05-14 18:13:04,394 [WARN] ModelIntegratedComponent:63 - No mode defined for component null
2024-05-14 18:13:04,394 [WARN] ModelIntegratedComponent:63 - No mode defined for component null
2024-05-14 18:13:04,394 [WARN] ModelIntegratedComponent:63 - No mode defined for component null
2024-05-14 18:13:04,395 [WARN] ModelIntegratedComponent:63 - No mode defined for component null
2024-05-14 18:13:04,395 [WARN] ModelIntegratedComponent:63 - No mode defined for component null
2024-05-14 18:13:04,395 [WARN] ModelIntegratedComponent:63 - No mode defined for component null
2024-05-14 18:13:04,794 [INFO] ThirdPartyModel:298 - Start build external matchings
2024-05-14 18:13:05,474 [INFO] ThirdPartyModel:316 - End build external matchings
2024-05-14 18:13:05,884 [INFO] UtilMem:75 - End LoadConfig() Used Memory: 605505112 Bytes (1073741824)
2024-05-14 18:13:05,923 [WARN] ThirdParty:833 - waiting for thirdparty lock release [change project]
2024-05-14 18:13:05,923 [INFO] ThirdParty:835 - entering critical section [change project]
2024-05-14 18:13:05,924 [INFO] ThirdParty:1030 - CMSIS Pack Vendor :STMicroelectronics USBPD 4.1
2024-05-14 18:13:05,924 [INFO] ThirdParty:1030 - CMSIS Pack Vendor :STMicroelectronics X-CUBE-GNSS1 6.0.0
2024-05-14 18:13:05,924 [INFO] ThirdParty:1030 - CMSIS Pack Vendor :STMicroelectronics USB_HOST 2.0.0
2024-05-14 18:13:05,924 [INFO] ThirdParty:1030 - CMSIS Pack Vendor :STMicroelectronics FP-SNS-MOTENVWB1 1.4.0
2024-05-14 18:13:05,925 [INFO] ThirdParty:1030 - CMSIS Pack Vendor :STMicroelectronics X-CUBE-AZRTOS-F4 1.1.0
2024-05-14 18:13:05,925 [INFO] ThirdParty:1030 - CMSIS Pack Vendor :STMicroelectronics LIBJPEG 8.0.0
2024-05-14 18:13:05,925 [INFO] ThirdParty:1030 - CMSIS Pack Vendor :STMicroelectronics X-CUBE-SMBUS 2.1.0
2024-05-14 18:13:05,925 [INFO] ThirdParty:1030 - CMSIS Pack Vendor :STMicroelectronics USB_DEVICE 3.0.0
2024-05-14 18:13:05,925 [INFO] ThirdParty:1030 - CMSIS Pack Vendor :STMicroelectronics X-CUBE-TCPP 4.1.0
2024-05-14 18:13:05,925 [INFO] ThirdParty:1030 - CMSIS Pack Vendor :STMicroelectronics X-CUBE-FREERTOS 1.2.0
2024-05-14 18:13:05,925 [INFO] ThirdParty:1030 - CMSIS Pack Vendor :STMicroelectronics X-CUBE-AZRTOS-WB 2.0.0
2024-05-14 18:13:05,926 [INFO] ThirdParty:1030 - CMSIS Pack Vendor :STMicroelectronics X-CUBE-TOUCHGFX 4.23.2
2024-05-14 18:13:05,926 [INFO] ThirdParty:1030 - CMSIS Pack Vendor :STMicroelectronics X-CUBE-AZRTOS-F7 1.1.0
2024-05-14 18:13:05,926 [INFO] ThirdParty:1030 - CMSIS Pack Vendor :STMicroelectronics X-CUBE-AZRTOS-L5 2.0.0
2024-05-14 18:13:05,926 [INFO] ThirdParty:1030 - CMSIS Pack Vendor :STMicroelectronics USB_DEVICE 2.0.0
2024-05-14 18:13:05,926 [INFO] ThirdParty:1030 - CMSIS Pack Vendor :STMicroelectronics X-CUBE-NFC6 3.1.0
2024-05-14 18:13:05,927 [INFO] ThirdParty:1030 - CMSIS Pack Vendor :STMicroelectronics X-CUBE-ALGOBUILD 1.3.0
2024-05-14 18:13:05,927 [INFO] ThirdParty:1030 - CMSIS Pack Vendor :STMicroelectronics FreeRTOS 0.0.1
2024-05-14 18:13:05,927 [INFO] ThirdParty:1030 - CMSIS Pack Vendor :STMicroelectronics X-CUBE-AZRTOS-G0 1.1.0
2024-05-14 18:13:05,927 [INFO] ThirdParty:1030 - CMSIS Pack Vendor :STMicroelectronics X-CUBE-SAFEA1 1.2.2
2024-05-14 18:13:05,928 [INFO] ThirdParty:1030 - CMSIS Pack Vendor :STMicroelectronics X-CUBE-NFC4 3.0.0
2024-05-14 18:13:05,928 [INFO] ThirdParty:1030 - CMSIS Pack Vendor :STMicroelectronics X-CUBE-SUBG2 5.0.0
2024-05-14 18:13:05,928 [INFO] ThirdParty:1030 - CMSIS Pack Vendor :STMicroelectronics STM32_WPAN 1.0.0
2024-05-14 18:13:05,928 [INFO] ThirdParty:1030 - CMSIS Pack Vendor :STMicroelectronics lwIP 2.0.3
2024-05-14 18:13:05,928 [INFO] ThirdParty:1030 - CMSIS Pack Vendor :STMicroelectronics FP-SNS-FLIGHT1 5.0.2
2024-05-14 18:13:05,928 [INFO] ThirdParty:1030 - CMSIS Pack Vendor :STMicroelectronics USB_HOST 1.0.0
2024-05-14 18:13:05,929 [INFO] ThirdParty:1030 - CMSIS Pack Vendor :STMicroelectronics X-CUBE-AI 9.0.0
2024-05-14 18:13:05,929 [INFO] ThirdParty:1030 - CMSIS Pack Vendor :STMicroelectronics X-CUBE-AZRTOS-G4 2.0.0
2024-05-14 18:13:05,929 [INFO] ThirdParty:1030 - CMSIS Pack Vendor :STMicroelectronics PDM2PCM 3.1.0
2024-05-14 18:13:05,929 [INFO] ThirdParty:1030 - CMSIS Pack Vendor :STMicroelectronics PDM2PCM 3.3.0
2024-05-14 18:13:05,929 [INFO] ThirdParty:1030 - CMSIS Pack Vendor :STMicroelectronics X-CUBE-DISPLAY 3.0.0
2024-05-14 18:13:05,929 [INFO] ThirdParty:1030 - CMSIS Pack Vendor :wolfSSL I-CUBE-wolfSSL 5.7.0
2024-05-14 18:13:05,929 [INFO] ThirdParty:1030 - CMSIS Pack Vendor :STMicroelectronics X-CUBE-BLE1 7.0.0
2024-05-14 18:13:05,929 [INFO] ThirdParty:1030 - CMSIS Pack Vendor :STMicroelectronics FP-ATR-SIGFOX1 3.2.0
2024-05-14 18:13:05,930 [INFO] ThirdParty:1030 - CMSIS Pack Vendor :STMicroelectronics X-CUBE-ISPU 2.0.0
2024-05-14 18:13:05,930 [INFO] ThirdParty:1030 - CMSIS Pack Vendor :STMicroelectronics X-CUBE-EEPRMA1 5.1.0
2024-05-14 18:13:05,930 [INFO] ThirdParty:1030 - CMSIS Pack Vendor :STMicroelectronics HAL Drivers 0.0.0
2024-05-14 18:13:05,930 [INFO] ThirdParty:1030 - CMSIS Pack Vendor :STMicroelectronics MBEDTLS 2.16.2
2024-05-14 18:13:05,930 [INFO] ThirdParty:1030 - CMSIS Pack Vendor :emotas I-CUBE-CANOPEN 1.3.0
2024-05-14 18:13:05,930 [INFO] ThirdParty:1030 - CMSIS Pack Vendor :STMicroelectronics X-CUBE-MEMS1 10.0.0
2024-05-14 18:13:05,930 [INFO] ThirdParty:1030 - CMSIS Pack Vendor :STMicroelectronics X-CUBE-FREERTOS 1.1.0
2024-05-14 18:13:05,930 [INFO] ThirdParty:1030 - CMSIS Pack Vendor :STMicroelectronics X-CUBE-NFC7 1.0.1
2024-05-14 18:13:05,930 [INFO] ThirdParty:1030 - CMSIS Pack Vendor :STMicroelectronics MBEDTLS 2.14.1
2024-05-14 18:13:05,930 [INFO] ThirdParty:1030 - CMSIS Pack Vendor :ITTIA_DB I-CUBE-ITTIADB 8.9.0
2024-05-14 18:13:05,931 [INFO] ThirdParty:1030 - CMSIS Pack Vendor :portGmbH I-Cube-SoM-uGOAL 1.1.0
2024-05-14 18:13:05,931 [INFO] ThirdParty:1030 - CMSIS Pack Vendor :STMicroelectronics X-CUBE-ALS 1.0.1
2024-05-14 18:13:05,931 [INFO] ThirdParty:1030 - CMSIS Pack Vendor :STMicroelectronics X-CUBE-BLEMGR 3.1.0
2024-05-14 18:13:05,931 [INFO] ThirdParty:1030 - CMSIS Pack Vendor :STMicroelectronics ThreadX 1.0.0
2024-05-14 18:13:05,931 [INFO] ThirdParty:1030 - CMSIS Pack Vendor :STMicroelectronics FP-SNS-SMARTAG2 1.2.0
2024-05-14 18:13:05,931 [INFO] ThirdParty:1030 - CMSIS Pack Vendor :STMicroelectronics X-CUBE-AZRTOS-WL 2.0.0
2024-05-14 18:13:05,931 [INFO] ThirdParty:1030 - CMSIS Pack Vendor :SEGGER I-CUBE-embOS 1.3.1
2024-05-14 18:13:05,931 [INFO] ThirdParty:1030 - CMSIS Pack Vendor :STMicroelectronics X-CUBE-ALGOBUILD 1.4.0
2024-05-14 18:13:05,931 [INFO] ThirdParty:1030 - CMSIS Pack Vendor :STMicroelectronics FP-SNS-MOTENV1 5.0.0
2024-05-14 18:13:05,931 [INFO] ThirdParty:1030 - CMSIS Pack Vendor :STMicroelectronics USB_DEVICE 1.0.0
2024-05-14 18:13:05,931 [INFO] ThirdParty:1030 - CMSIS Pack Vendor :STMicroelectronics X-CUBE-AZRTOS-H7RS 1.0.0
2024-05-14 18:13:05,932 [INFO] ThirdParty:1030 - CMSIS Pack Vendor :STMicroelectronics X-CUBE-AZRTOS-L4 2.0.0
2024-05-14 18:13:05,932 [INFO] ThirdParty:1030 - CMSIS Pack Vendor :STMicroelectronics ThreadX 0.0.2
2024-05-14 18:13:05,932 [INFO] ThirdParty:1030 - CMSIS Pack Vendor :WES I-CUBE-Cesium 1.3.0
2024-05-14 18:13:05,932 [INFO] ThirdParty:1030 - CMSIS Pack Vendor :STMicroelectronics FP-ATR-ASTRA1 2.0.0
2024-05-14 18:13:05,932 [INFO] ThirdParty:1030 - CMSIS Pack Vendor :STMicroelectronics lwIP 2.1.2
2024-05-14 18:13:05,932 [INFO] ThirdParty:1030 - CMSIS Pack Vendor :STMicroelectronics X-CUBE-SFXS2LP1 4.0.0
2024-05-14 18:13:05,932 [INFO] ThirdParty:1030 - CMSIS Pack Vendor :STMicroelectronics X-CUBE-BLE2 3.3.0
2024-05-14 18:13:05,932 [INFO] ThirdParty:1030 - CMSIS Pack Vendor :STMicroelectronics X-CUBE-TOF1 3.4.1
2024-05-14 18:13:05,932 [INFO] ThirdParty:1030 - CMSIS Pack Vendor :STMicroelectronics X-CUBE-AZRTOS-H7 3.2.0
2024-05-14 18:13:05,933 [INFO] ThirdParty:1030 - CMSIS Pack Vendor :Infineon AIROC-Wi-Fi-Bluetooth-STM32 1.6.0
2024-05-14 18:13:05,933 [INFO] ThirdParty:1030 - CMSIS Pack Vendor :STMicroelectronics PDM2PCM 3.2.0
2024-05-14 18:13:05,933 [INFO] ThirdParty:841 - exiting critical section [change project]
2024-05-14 18:13:06,582 [INFO] PinOutPanel:1561 - setPackage(No Configuration,No Configuration)
2024-05-14 18:13:06,585 [INFO] PinOutPanel:1561 - setPackage(STM32F103C8Tx,LQFP48)
2024-05-14 18:13:07,416 [INFO] UtilMem:75 - Before build in PCC Used Memory: 602773200 Bytes (1073741824)
2024-05-14 18:13:08,706 [INFO] UtilMem:75 - After build in PCC Used Memory: 681416416 Bytes (1073741824)
2024-05-14 18:13:08,773 [INFO] IPUIPlugin:80 - create IPUIPlugin
2024-05-14 18:13:08,774 [INFO] IPUIPlugin:80 - create IPUIPlugin
2024-05-14 18:13:08,774 [INFO] IPUIPlugin:80 - create IPUIPlugin
2024-05-14 18:13:08,774 [INFO] IPUIPlugin:80 - create IPUIPlugin
2024-05-14 18:13:08,775 [INFO] IPUIPlugin:80 - create IPUIPlugin
2024-05-14 18:13:08,775 [INFO] IPUIPlugin:80 - create IPUIPlugin
2024-05-14 18:13:08,775 [INFO] IPUIPlugin:80 - create IPUIPlugin
2024-05-14 18:13:08,776 [INFO] IPUIPlugin:80 - create IPUIPlugin
2024-05-14 18:13:08,776 [INFO] IPUIPlugin:80 - create IPUIPlugin
2024-05-14 18:13:08,776 [INFO] IPUIPlugin:80 - create IPUIPlugin
2024-05-14 18:13:08,777 [INFO] IPUIPlugin:80 - create IPUIPlugin
2024-05-14 18:13:08,777 [INFO] IPUIPlugin:80 - create IPUIPlugin
2024-05-14 18:13:08,777 [INFO] IPUIPlugin:80 - create IPUIPlugin
2024-05-14 18:13:08,778 [INFO] IPUIPlugin:80 - create IPUIPlugin
2024-05-14 18:13:08,779 [INFO] IPUIPlugin:80 - create IPUIPlugin
2024-05-14 18:13:08,779 [INFO] IPUIPlugin:80 - create IPUIPlugin
2024-05-14 18:13:08,780 [INFO] IPUIPlugin:80 - create IPUIPlugin
2024-05-14 18:13:08,780 [INFO] IPUIPlugin:80 - create IPUIPlugin
2024-05-14 18:13:08,781 [INFO] IPUIPlugin:80 - create IPUIPlugin
2024-05-14 18:13:08,781 [INFO] IPUIPlugin:80 - create IPUIPlugin
2024-05-14 18:13:08,781 [INFO] IPUIPlugin:80 - create IPUIPlugin
2024-05-14 18:13:08,782 [INFO] IPUIPlugin:80 - create IPUIPlugin
2024-05-14 18:13:08,783 [INFO] IPUIPlugin:80 - create IPUIPlugin
2024-05-14 18:13:08,784 [INFO] IPUIPlugin:80 - create IPUIPlugin
2024-05-14 18:13:08,785 [INFO] IPUIPlugin:80 - create IPUIPlugin
2024-05-14 18:13:08,786 [INFO] IPUIPlugin:80 - create IPUIPlugin
2024-05-14 18:13:08,786 [INFO] IPUIPlugin:80 - create IPUIPlugin
2024-05-14 18:13:09,090 [INFO] CADModel:165 - CPN selected for project levelSTM32F103C8T6
2024-05-14 18:13:09,090 [INFO] CADModel:114 - Register for checkConnection events
2024-05-14 18:13:09,153 [INFO] OpenFileManager:343 - Restore cursor
2024-05-14 18:13:10,258 [INFO] UtilMem:75 - End SaveConfig() Used Memory: 756913872 Bytes (1073741824)
2024-05-14 18:13:10,456 [INFO] UtilMem:75 - End SaveConfig() Used Memory: 768529672 Bytes (1073741824)
2024-05-14 18:13:11,448 [INFO] BlockDiagram:2759 - set Specific Code input for plugin: NVIC
2024-05-14 18:13:11,449 [INFO] BlockDiagram:2759 - set Specific Code input for plugin: RCC
2024-05-14 18:13:11,452 [INFO] CodeGenerator:807 - code generatio: config db path: C:\ST\STM32CubeIDE_1.15.0\STM32CubeIDE\plugins\com.st.stm32cube.common.mx_6.11.1.202404110753\\db\
2024-05-14 18:13:11,897 [INFO] CodeEngine:255 - oldGeneratedFile, C:\Work\Stm32\RX_c8\MXTmpFiles\license.tmp_save
2024-05-14 18:13:12,972 [INFO] CodeEngine:279 - Generated code: C:\Work\Stm32\RX_c8\MXTmpFiles\license.tmp
2024-05-14 18:13:13,016 [INFO] CodeEngine:255 - oldGeneratedFile, C:\Work\Stm32\RX_c8\Core\Src\stm32f1xx_it.c_save
2024-05-14 18:13:13,412 [INFO] CodeEngine:279 - Generated code: C:\Work\Stm32\RX_c8\Core\Src\stm32f1xx_it.c
2024-05-14 18:13:13,439 [INFO] CodeEngine:255 - oldGeneratedFile, C:\Work\Stm32\RX_c8\Core\Inc\stm32f1xx_it.h_save
2024-05-14 18:13:13,687 [INFO] CodeEngine:279 - Generated code: C:\Work\Stm32\RX_c8\Core\Inc\stm32f1xx_it.h
2024-05-14 18:13:13,941 [INFO] CodeEngine:255 - oldGeneratedFile, C:\Work\Stm32\RX_c8\Core\Src\stm32f1xx_hal_msp.c_save
2024-05-14 18:13:14,382 [INFO] CodeEngine:279 - Generated code: C:\Work\Stm32\RX_c8\Core\Src\stm32f1xx_hal_msp.c
2024-05-14 18:13:14,462 [INFO] CodeEngine:255 - oldGeneratedFile, C:\Work\Stm32\RX_c8\MXTmpFiles\system.tmp_save
2024-05-14 18:13:14,691 [INFO] CodeEngine:279 - Generated code: C:\Work\Stm32\RX_c8\MXTmpFiles\system.tmp
2024-05-14 18:13:14,730 [INFO] CodeEngine:311 - oldGeneratedFile, C:\Work\Stm32\RX_c8\Core\Inc\stm32f1xx_hal_conf.h_save
2024-05-14 18:13:15,030 [INFO] CodeEngine:335 - Generated code: C:\Work\Stm32\RX_c8\Core\Inc\stm32f1xx_hal_conf.h
2024-05-14 18:13:15,207 [INFO] CodeEngine:255 - oldGeneratedFile, C:\Work\Stm32\RX_c8\Core\Inc\main.h_save
2024-05-14 18:13:15,545 [INFO] CodeEngine:279 - Generated code: C:\Work\Stm32\RX_c8\Core\Inc\main.h
2024-05-14 18:13:15,574 [INFO] CodeEngine:255 - oldGeneratedFile, C:\Work\Stm32\RX_c8\Core\Src\main.c_save
2024-05-14 18:13:15,912 [INFO] CodeEngine:279 - Generated code: C:\Work\Stm32\RX_c8\Core\Src\main.c
2024-05-14 18:13:16,703 [INFO] ProjectBuilder:3163 - Time for Copy HAL[1] : 291mS.
2024-05-14 18:13:16,714 [INFO] ProjectBuilder:4736 - Project Generator version: 4.3.0-B58
2024-05-14 18:13:16,912 [INFO] ConfigFileManager:1503 - The Die is : DIE410
2024-05-14 18:13:16,954 [INFO] ApiDbMcu:508 - Load IP Config File for FATFS
2024-05-14 18:13:17,047 [INFO] ApiDbMcu:508 - Load IP Config File for FREERTOS
2024-05-14 18:13:17,135 [INFO] ApiDbMcu:508 - Load IP Config File for USB_DEVICE
2024-05-14 18:13:18,961 [INFO] LogOutputStream:77 - [STDOUT_REDIRECT] 
2024-05-14 18:13:24,005 [INFO] ProjectBuilder:5002 - Time for Generating toolchain IDE Files: 7291mS.
2024-05-14 18:13:24,007 [INFO] ProjectBuilder:3034 - Time for Copy CMSIS : 2mS.
2024-05-14 18:13:24,014 [INFO] ProjectBuilder:3034 - Time for Copy CMSIS : 0mS.
2024-05-14 18:13:25,252 [INFO] McuFinderGlobals:76 - Set McuFinderConnectedMode to true
2024-05-14 18:13:25,264 [INFO] ApiDb:448 - Save user favorites file C:\Users\Yaroslav Ludchak/.stm32cubeide/favorites.mcus.txt: 0 item(s)
2024-05-14 18:13:25,264 [INFO] ApiDb:452 - User favorites MCUs=[]
2024-05-14 18:18:54,217 [INFO] Gpio:277 - dependency for GPIO [RCC, SPI1, SYS]
2024-05-14 18:19:25,976 [INFO] Gpio:277 - dependency for GPIO [RCC, SPI1, SYS]
2024-05-14 18:19:27,820 [INFO] Gpio:277 - dependency for GPIO [RCC, SPI1, SYS]
2024-05-14 18:19:28,407 [INFO] Gpio:277 - dependency for GPIO [RCC, SPI1, SYS]
2024-05-14 18:19:38,816 [INFO] Gpio:277 - dependency for GPIO [RCC, SPI1, SYS]
2024-05-14 18:19:40,257 [INFO] Gpio:277 - dependency for GPIO [RCC, SPI1, SYS]
2024-05-14 18:21:40,122 [INFO] Gpio:277 - dependency for GPIO [RCC, SPI1, SYS]
2024-05-14 18:21:42,687 [INFO] NvicIntPanel:101 - NVIC parent = com.st.microxplorer.plugins.ip.nvic.MultiNvicIntPanel[,0,0,0x0,invalid,layout=javax.swing.BoxLayout,alignmentX=0.0,alignmentY=0.0,border=,flags=9,maximumSize=,minimumSize=,preferredSize=]
2024-05-14 18:21:42,762 [INFO] NvicIntPanel:101 - NVIC parent = com.st.microxplorer.plugins.ip.nvic.MultiNvicIntPanel[,0,0,0x0,invalid,layout=javax.swing.BoxLayout,alignmentX=0.0,alignmentY=0.0,border=,flags=9,maximumSize=,minimumSize=,preferredSize=]
2024-05-14 18:22:07,624 [INFO] UtilMem:75 - End SaveConfig() Used Memory: 215041696 Bytes (727711744)
2024-05-14 18:22:10,236 [INFO] UtilMem:75 - End SaveConfig() Used Memory: 232277888 Bytes (727711744)
2024-05-14 18:22:12,071 [INFO] UtilMem:75 - End SaveConfig() Used Memory: 356007808 Bytes (727711744)
2024-05-14 18:22:12,413 [INFO] BlockDiagram:2759 - set Specific Code input for plugin: SPI
2024-05-14 18:22:12,413 [INFO] BlockDiagram:2759 - set Specific Code input for plugin: NVIC
2024-05-14 18:22:12,414 [INFO] BlockDiagram:2759 - set Specific Code input for plugin: SYS
2024-05-14 18:22:12,414 [INFO] BlockDiagram:2759 - set Specific Code input for plugin: GPIO
2024-05-14 18:22:12,414 [INFO] BlockDiagram:2759 - set Specific Code input for plugin: RCC
2024-05-14 18:22:12,417 [INFO] CodeGenerator:807 - code generatio: config db path: C:\ST\STM32CubeIDE_1.15.0\STM32CubeIDE\plugins\com.st.stm32cube.common.mx_6.11.1.202404110753\\db\
2024-05-14 18:22:12,583 [INFO] CodeEngine:255 - oldGeneratedFile, C:\Work\Stm32\RX_c8\MXTmpFiles\license.tmp_save
2024-05-14 18:22:12,772 [INFO] CodeEngine:279 - Generated code: C:\Work\Stm32\RX_c8\MXTmpFiles\license.tmp
2024-05-14 18:22:12,879 [INFO] CodeEngine:255 - oldGeneratedFile, C:\Work\Stm32\RX_c8\MXTmpFiles\gpio.tmp_save
2024-05-14 18:22:13,058 [INFO] CodeEngine:279 - Generated code: C:\Work\Stm32\RX_c8\MXTmpFiles\gpio.tmp
2024-05-14 18:22:13,247 [INFO] CodeEngine:255 - oldGeneratedFile, C:\Work\Stm32\RX_c8\Core\Src\stm32f1xx_it.c_save
2024-05-14 18:22:13,549 [INFO] CodeEngine:279 - Generated code: C:\Work\Stm32\RX_c8\Core\Src\stm32f1xx_it.c
2024-05-14 18:22:13,582 [INFO] CodeEngine:255 - oldGeneratedFile, C:\Work\Stm32\RX_c8\Core\Inc\stm32f1xx_it.h_save
2024-05-14 18:22:13,717 [INFO] CodeEngine:279 - Generated code: C:\Work\Stm32\RX_c8\Core\Inc\stm32f1xx_it.h
2024-05-14 18:22:13,759 [INFO] CodeEngine:255 - oldGeneratedFile, C:\Work\Stm32\RX_c8\Core\Src\stm32f1xx_hal_msp.c_save
2024-05-14 18:22:13,975 [INFO] CodeEngine:279 - Generated code: C:\Work\Stm32\RX_c8\Core\Src\stm32f1xx_hal_msp.c
2024-05-14 18:22:13,995 [INFO] CodeEngine:255 - oldGeneratedFile, C:\Work\Stm32\RX_c8\MXTmpFiles\system.tmp_save
2024-05-14 18:22:14,118 [INFO] CodeEngine:279 - Generated code: C:\Work\Stm32\RX_c8\MXTmpFiles\system.tmp
2024-05-14 18:22:14,161 [INFO] CodeEngine:311 - oldGeneratedFile, C:\Work\Stm32\RX_c8\Core\Inc\stm32f1xx_hal_conf.h_save
2024-05-14 18:22:14,309 [INFO] CodeEngine:335 - Generated code: C:\Work\Stm32\RX_c8\Core\Inc\stm32f1xx_hal_conf.h
2024-05-14 18:22:14,418 [INFO] CodeEngine:255 - oldGeneratedFile, C:\Work\Stm32\RX_c8\Core\Inc\main.h_save
2024-05-14 18:22:14,570 [INFO] CodeEngine:279 - Generated code: C:\Work\Stm32\RX_c8\Core\Inc\main.h
2024-05-14 18:22:14,603 [INFO] CodeEngine:255 - oldGeneratedFile, C:\Work\Stm32\RX_c8\Core\Src\main.c_save
2024-05-14 18:22:14,782 [INFO] CodeEngine:279 - Generated code: C:\Work\Stm32\RX_c8\Core\Src\main.c
2024-05-14 18:22:15,339 [INFO] ProjectBuilder:3163 - Time for Copy HAL[1] : 270mS.
2024-05-14 18:22:15,343 [INFO] ProjectBuilder:4736 - Project Generator version: 4.3.0-B58
2024-05-14 18:22:15,449 [INFO] ConfigFileManager:1503 - The Die is : DIE410
2024-05-14 18:22:17,248 [INFO] ProjectBuilder:5002 - Time for Generating toolchain IDE Files: 1904mS.
2024-05-14 18:22:17,249 [INFO] ProjectBuilder:3034 - Time for Copy CMSIS : 1mS.
2024-05-14 18:22:17,255 [INFO] ProjectBuilder:3034 - Time for Copy CMSIS : 0mS.
2024-05-14 18:32:58,968 [INFO] UtilMem:75 - End SaveConfig() Used Memory: 722408248 Bytes (958398464)
2024-05-14 18:32:59,802 [INFO] UtilMem:75 - End SaveConfig() Used Memory: 737575104 Bytes (958398464)
2024-05-14 18:33:00,521 [INFO] UtilMem:75 - End SaveConfig() Used Memory: 789477568 Bytes (958398464)
2024-05-14 18:33:00,880 [INFO] BlockDiagram:2759 - set Specific Code input for plugin: SPI
2024-05-14 18:33:00,880 [INFO] BlockDiagram:2759 - set Specific Code input for plugin: NVIC
2024-05-14 18:33:00,880 [INFO] BlockDiagram:2759 - set Specific Code input for plugin: SYS
2024-05-14 18:33:00,881 [INFO] BlockDiagram:2759 - set Specific Code input for plugin: GPIO
2024-05-14 18:33:00,881 [INFO] BlockDiagram:2759 - set Specific Code input for plugin: RCC
2024-05-14 18:33:00,882 [INFO] CodeGenerator:807 - code generatio: config db path: C:\ST\STM32CubeIDE_1.15.0\STM32CubeIDE\plugins\com.st.stm32cube.common.mx_6.11.1.202404110753\\db\
2024-05-14 18:33:01,000 [INFO] CodeEngine:255 - oldGeneratedFile, C:\Work\Stm32\RX_c8\MXTmpFiles\license.tmp_save
2024-05-14 18:33:01,120 [INFO] CodeEngine:279 - Generated code: C:\Work\Stm32\RX_c8\MXTmpFiles\license.tmp
2024-05-14 18:33:01,152 [INFO] CodeEngine:255 - oldGeneratedFile, C:\Work\Stm32\RX_c8\MXTmpFiles\gpio.tmp_save
2024-05-14 18:33:01,277 [INFO] CodeEngine:279 - Generated code: C:\Work\Stm32\RX_c8\MXTmpFiles\gpio.tmp
2024-05-14 18:33:01,360 [INFO] CodeEngine:255 - oldGeneratedFile, C:\Work\Stm32\RX_c8\Core\Src\stm32f1xx_it.c_save
2024-05-14 18:33:01,488 [INFO] CodeEngine:279 - Generated code: C:\Work\Stm32\RX_c8\Core\Src\stm32f1xx_it.c
2024-05-14 18:33:01,510 [INFO] CodeEngine:255 - oldGeneratedFile, C:\Work\Stm32\RX_c8\Core\Inc\stm32f1xx_it.h_save
2024-05-14 18:33:01,601 [INFO] CodeEngine:279 - Generated code: C:\Work\Stm32\RX_c8\Core\Inc\stm32f1xx_it.h
2024-05-14 18:33:01,632 [INFO] CodeEngine:255 - oldGeneratedFile, C:\Work\Stm32\RX_c8\Core\Src\stm32f1xx_hal_msp.c_save
2024-05-14 18:33:01,752 [INFO] CodeEngine:279 - Generated code: C:\Work\Stm32\RX_c8\Core\Src\stm32f1xx_hal_msp.c
2024-05-14 18:33:01,760 [INFO] CodeEngine:255 - oldGeneratedFile, C:\Work\Stm32\RX_c8\MXTmpFiles\system.tmp_save
2024-05-14 18:33:01,857 [INFO] CodeEngine:279 - Generated code: C:\Work\Stm32\RX_c8\MXTmpFiles\system.tmp
2024-05-14 18:33:01,882 [INFO] CodeEngine:311 - oldGeneratedFile, C:\Work\Stm32\RX_c8\Core\Inc\stm32f1xx_hal_conf.h_save
2024-05-14 18:33:02,011 [INFO] CodeEngine:335 - Generated code: C:\Work\Stm32\RX_c8\Core\Inc\stm32f1xx_hal_conf.h
2024-05-14 18:33:02,076 [INFO] CodeEngine:255 - oldGeneratedFile, C:\Work\Stm32\RX_c8\Core\Inc\main.h_save
2024-05-14 18:33:02,177 [INFO] CodeEngine:279 - Generated code: C:\Work\Stm32\RX_c8\Core\Inc\main.h
2024-05-14 18:33:02,198 [INFO] CodeEngine:255 - oldGeneratedFile, C:\Work\Stm32\RX_c8\Core\Src\main.c_save
2024-05-14 18:33:02,367 [INFO] CodeEngine:279 - Generated code: C:\Work\Stm32\RX_c8\Core\Src\main.c
2024-05-14 18:33:02,814 [INFO] ProjectBuilder:3163 - Time for Copy HAL[1] : 241mS.
2024-05-14 18:33:02,819 [INFO] ProjectBuilder:4736 - Project Generator version: 4.3.0-B58
2024-05-14 18:33:02,915 [INFO] ConfigFileManager:1503 - The Die is : DIE410
2024-05-14 18:33:04,172 [INFO] ProjectBuilder:5002 - Time for Generating toolchain IDE Files: 1353mS.
2024-05-14 18:33:04,173 [INFO] ProjectBuilder:3034 - Time for Copy CMSIS : 1mS.
2024-05-14 18:33:04,181 [INFO] ProjectBuilder:3034 - Time for Copy CMSIS : 0mS.
2024-05-14 18:37:46,125 [INFO] UtilMem:75 - End SaveConfig() Used Memory: 625620392 Bytes (922746880)
2024-05-14 18:37:47,692 [INFO] UtilMem:75 - End SaveConfig() Used Memory: 640300456 Bytes (922746880)
2024-05-14 18:37:48,357 [INFO] UtilMem:75 - End SaveConfig() Used Memory: 669138344 Bytes (922746880)
2024-05-14 18:37:48,648 [INFO] BlockDiagram:2759 - set Specific Code input for plugin: SPI
2024-05-14 18:37:48,648 [INFO] BlockDiagram:2759 - set Specific Code input for plugin: NVIC
2024-05-14 18:37:48,649 [INFO] BlockDiagram:2759 - set Specific Code input for plugin: SYS
2024-05-14 18:37:48,649 [INFO] BlockDiagram:2759 - set Specific Code input for plugin: GPIO
2024-05-14 18:37:48,649 [INFO] BlockDiagram:2759 - set Specific Code input for plugin: RCC
2024-05-14 18:37:48,650 [INFO] CodeGenerator:807 - code generatio: config db path: C:\ST\STM32CubeIDE_1.15.0\STM32CubeIDE\plugins\com.st.stm32cube.common.mx_6.11.1.202404110753\\db\
2024-05-14 18:37:48,737 [INFO] CodeEngine:255 - oldGeneratedFile, C:\Work\Stm32\RX_c8\MXTmpFiles\license.tmp_save
2024-05-14 18:37:48,854 [INFO] CodeEngine:279 - Generated code: C:\Work\Stm32\RX_c8\MXTmpFiles\license.tmp
2024-05-14 18:37:48,883 [INFO] CodeEngine:255 - oldGeneratedFile, C:\Work\Stm32\RX_c8\MXTmpFiles\gpio.tmp_save
2024-05-14 18:37:48,995 [INFO] CodeEngine:279 - Generated code: C:\Work\Stm32\RX_c8\MXTmpFiles\gpio.tmp
2024-05-14 18:37:49,071 [INFO] CodeEngine:255 - oldGeneratedFile, C:\Work\Stm32\RX_c8\Core\Src\stm32f1xx_it.c_save
2024-05-14 18:37:49,199 [INFO] CodeEngine:279 - Generated code: C:\Work\Stm32\RX_c8\Core\Src\stm32f1xx_it.c
2024-05-14 18:37:49,208 [INFO] CodeEngine:255 - oldGeneratedFile, C:\Work\Stm32\RX_c8\Core\Inc\stm32f1xx_it.h_save
2024-05-14 18:37:49,305 [INFO] CodeEngine:279 - Generated code: C:\Work\Stm32\RX_c8\Core\Inc\stm32f1xx_it.h
2024-05-14 18:37:49,337 [INFO] CodeEngine:255 - oldGeneratedFile, C:\Work\Stm32\RX_c8\Core\Src\stm32f1xx_hal_msp.c_save
2024-05-14 18:37:49,458 [INFO] CodeEngine:279 - Generated code: C:\Work\Stm32\RX_c8\Core\Src\stm32f1xx_hal_msp.c
2024-05-14 18:37:49,466 [INFO] CodeEngine:255 - oldGeneratedFile, C:\Work\Stm32\RX_c8\MXTmpFiles\system.tmp_save
2024-05-14 18:37:49,543 [INFO] CodeEngine:279 - Generated code: C:\Work\Stm32\RX_c8\MXTmpFiles\system.tmp
2024-05-14 18:37:49,572 [INFO] CodeEngine:311 - oldGeneratedFile, C:\Work\Stm32\RX_c8\Core\Inc\stm32f1xx_hal_conf.h_save
2024-05-14 18:37:49,701 [INFO] CodeEngine:335 - Generated code: C:\Work\Stm32\RX_c8\Core\Inc\stm32f1xx_hal_conf.h
2024-05-14 18:37:49,758 [INFO] CodeEngine:255 - oldGeneratedFile, C:\Work\Stm32\RX_c8\Core\Inc\main.h_save
2024-05-14 18:37:49,842 [INFO] CodeEngine:279 - Generated code: C:\Work\Stm32\RX_c8\Core\Inc\main.h
2024-05-14 18:37:49,863 [INFO] CodeEngine:255 - oldGeneratedFile, C:\Work\Stm32\RX_c8\Core\Src\main.c_save
2024-05-14 18:37:49,992 [INFO] CodeEngine:279 - Generated code: C:\Work\Stm32\RX_c8\Core\Src\main.c
2024-05-14 18:37:50,529 [INFO] ProjectBuilder:3163 - Time for Copy HAL[1] : 242mS.
2024-05-14 18:37:50,533 [INFO] ProjectBuilder:4736 - Project Generator version: 4.3.0-B58
2024-05-14 18:37:50,634 [INFO] ConfigFileManager:1503 - The Die is : DIE410
2024-05-14 18:37:51,717 [INFO] ProjectBuilder:5002 - Time for Generating toolchain IDE Files: 1184mS.
2024-05-14 18:37:51,718 [INFO] ProjectBuilder:3034 - Time for Copy CMSIS : 1mS.
2024-05-14 18:37:51,724 [INFO] ProjectBuilder:3034 - Time for Copy CMSIS : 0mS.
2024-05-14 19:05:33,627 [INFO] UtilMem:75 - End SaveConfig() Used Memory: 538039752 Bytes (951058432)
2024-05-14 19:05:34,470 [INFO] UtilMem:75 - End SaveConfig() Used Memory: 552719816 Bytes (951058432)
2024-05-14 19:05:35,095 [INFO] UtilMem:75 - End SaveConfig() Used Memory: 579460552 Bytes (951058432)
2024-05-14 19:05:35,388 [INFO] BlockDiagram:2759 - set Specific Code input for plugin: SPI
2024-05-14 19:05:35,388 [INFO] BlockDiagram:2759 - set Specific Code input for plugin: NVIC
2024-05-14 19:05:35,388 [INFO] BlockDiagram:2759 - set Specific Code input for plugin: USART
2024-05-14 19:05:35,388 [INFO] BlockDiagram:2759 - set Specific Code input for plugin: SYS
2024-05-14 19:05:35,389 [INFO] BlockDiagram:2759 - set Specific Code input for plugin: GPIO
2024-05-14 19:05:35,389 [INFO] BlockDiagram:2759 - set Specific Code input for plugin: RCC
2024-05-14 19:05:35,390 [INFO] CodeGenerator:807 - code generatio: config db path: C:\ST\STM32CubeIDE_1.15.0\STM32CubeIDE\plugins\com.st.stm32cube.common.mx_6.11.1.202404110753\\db\
2024-05-14 19:05:35,560 [INFO] CodeEngine:255 - oldGeneratedFile, C:\Work\Stm32\RX_c8\MXTmpFiles\license.tmp_save
2024-05-14 19:05:35,673 [INFO] CodeEngine:279 - Generated code: C:\Work\Stm32\RX_c8\MXTmpFiles\license.tmp
2024-05-14 19:05:35,718 [INFO] CodeEngine:255 - oldGeneratedFile, C:\Work\Stm32\RX_c8\MXTmpFiles\gpio.tmp_save
2024-05-14 19:05:35,849 [INFO] CodeEngine:279 - Generated code: C:\Work\Stm32\RX_c8\MXTmpFiles\gpio.tmp
2024-05-14 19:05:36,034 [INFO] CodeEngine:255 - oldGeneratedFile, C:\Work\Stm32\RX_c8\Core\Src\stm32f1xx_it.c_save
2024-05-14 19:05:36,228 [INFO] CodeEngine:279 - Generated code: C:\Work\Stm32\RX_c8\Core\Src\stm32f1xx_it.c
2024-05-14 19:05:36,258 [INFO] CodeEngine:255 - oldGeneratedFile, C:\Work\Stm32\RX_c8\Core\Inc\stm32f1xx_it.h_save
2024-05-14 19:05:36,363 [INFO] CodeEngine:279 - Generated code: C:\Work\Stm32\RX_c8\Core\Inc\stm32f1xx_it.h
2024-05-14 19:05:36,401 [INFO] CodeEngine:255 - oldGeneratedFile, C:\Work\Stm32\RX_c8\Core\Src\stm32f1xx_hal_msp.c_save
2024-05-14 19:05:36,564 [INFO] CodeEngine:279 - Generated code: C:\Work\Stm32\RX_c8\Core\Src\stm32f1xx_hal_msp.c
2024-05-14 19:05:36,580 [INFO] CodeEngine:255 - oldGeneratedFile, C:\Work\Stm32\RX_c8\MXTmpFiles\system.tmp_save
2024-05-14 19:05:36,664 [INFO] CodeEngine:279 - Generated code: C:\Work\Stm32\RX_c8\MXTmpFiles\system.tmp
2024-05-14 19:05:36,702 [INFO] CodeEngine:311 - oldGeneratedFile, C:\Work\Stm32\RX_c8\Core\Inc\stm32f1xx_hal_conf.h_save
2024-05-14 19:05:36,824 [INFO] CodeEngine:335 - Generated code: C:\Work\Stm32\RX_c8\Core\Inc\stm32f1xx_hal_conf.h
2024-05-14 19:05:36,902 [INFO] CodeEngine:255 - oldGeneratedFile, C:\Work\Stm32\RX_c8\Core\Inc\main.h_save
2024-05-14 19:05:37,016 [INFO] CodeEngine:279 - Generated code: C:\Work\Stm32\RX_c8\Core\Inc\main.h
2024-05-14 19:05:37,047 [INFO] CodeEngine:255 - oldGeneratedFile, C:\Work\Stm32\RX_c8\Core\Src\main.c_save
2024-05-14 19:05:37,201 [INFO] CodeEngine:279 - Generated code: C:\Work\Stm32\RX_c8\Core\Src\main.c
2024-05-14 19:05:37,615 [INFO] ProjectBuilder:3163 - Time for Copy HAL[1] : 214mS.
2024-05-14 19:05:37,619 [INFO] ProjectBuilder:4736 - Project Generator version: 4.3.0-B58
2024-05-14 19:05:37,719 [INFO] ConfigFileManager:1503 - The Die is : DIE410
2024-05-14 19:05:38,953 [INFO] ProjectBuilder:5002 - Time for Generating toolchain IDE Files: 1334mS.
2024-05-14 19:05:38,954 [INFO] ProjectBuilder:3034 - Time for Copy CMSIS : 1mS.
2024-05-14 19:05:38,961 [INFO] ProjectBuilder:3034 - Time for Copy CMSIS : 0mS.
2024-05-14 19:32:35,515 [INFO] RtosManager:919 - Current active RTOS is FREERTOS [Cortex-M3NS]
2024-05-14 19:32:35,858 [WARN] FreeRTOS:563 - Case being investigated as it may cause exception (when called to early by set config state
2024-05-14 19:32:36,077 [ERROR] RtosPanel:558 - Can not restore the selected Tab for FREERTOS(A reason can be that the tab is no more available.)
2024-05-14 19:32:36,148 [ERROR] RtosPanel:558 - Can not restore the selected Tab for FREERTOS(A reason can be that the tab is no more available.)
2024-05-14 19:38:12,171 [INFO] TasksAndQueuesTab:757 - Dynamic
2024-05-14 19:38:12,172 [WARN] TasksAndQueuesTab:763 - 128 128
2024-05-14 19:38:12,173 [WARN] TasksAndQueuesTab:775 - max value is: 768.0
2024-05-14 19:38:14,101 [INFO] EditThreadDialog:704 - RAM SIZE (in KB): 20
2024-05-14 19:38:14,102 [INFO] EditThreadDialog:706 - RAM SIZE (in words): 5120
2024-05-14 19:39:55,312 [INFO] TasksAndQueuesTab:757 - Dynamic
2024-05-14 19:39:55,312 [WARN] TasksAndQueuesTab:763 - 128 128
2024-05-14 19:39:55,312 [WARN] TasksAndQueuesTab:775 - max value is: 768.0
2024-05-14 19:39:55,313 [INFO] TasksAndQueuesTab:757 - Dynamic
2024-05-14 19:39:55,313 [WARN] TasksAndQueuesTab:763 - 128 128
2024-05-14 19:39:55,313 [WARN] TasksAndQueuesTab:775 - max value is: 768.0
2024-05-14 19:39:55,469 [ERROR] RtosPanel:558 - Can not restore the selected Tab for FREERTOS(A reason can be that the tab is no more available.)
2024-05-14 19:39:59,067 [INFO] TasksAndQueuesTab:757 - Dynamic
2024-05-14 19:39:59,067 [WARN] TasksAndQueuesTab:763 - 128 128
2024-05-14 19:39:59,067 [WARN] TasksAndQueuesTab:775 - max value is: 768.0
2024-05-14 19:39:59,067 [INFO] TasksAndQueuesTab:757 - Dynamic
2024-05-14 19:39:59,067 [WARN] TasksAndQueuesTab:763 - 128 128
2024-05-14 19:39:59,067 [WARN] TasksAndQueuesTab:775 - max value is: 768.0
2024-05-14 19:40:01,125 [INFO] EditThreadDialog:704 - RAM SIZE (in KB): 20
2024-05-14 19:40:01,125 [INFO] EditThreadDialog:706 - RAM SIZE (in words): 5120
2024-05-14 19:40:39,001 [INFO] TasksAndQueuesTab:757 - Dynamic
2024-05-14 19:40:39,002 [WARN] TasksAndQueuesTab:763 - 128 128
2024-05-14 19:40:39,002 [WARN] TasksAndQueuesTab:775 - max value is: 768.0
2024-05-14 19:40:39,003 [INFO] TasksAndQueuesTab:757 - Dynamic
2024-05-14 19:40:39,003 [WARN] TasksAndQueuesTab:763 - 128 128
2024-05-14 19:40:39,003 [WARN] TasksAndQueuesTab:775 - max value is: 768.0
2024-05-14 19:40:39,003 [INFO] TasksAndQueuesTab:757 - Dynamic
2024-05-14 19:40:39,003 [WARN] TasksAndQueuesTab:763 - 128 128
2024-05-14 19:40:39,003 [WARN] TasksAndQueuesTab:775 - max value is: 768.0
2024-05-14 19:40:52,213 [INFO] EditThreadDialog:704 - RAM SIZE (in KB): 20
2024-05-14 19:40:52,213 [INFO] EditThreadDialog:706 - RAM SIZE (in words): 5120
2024-05-14 19:40:55,632 [INFO] EditThreadDialog:704 - RAM SIZE (in KB): 20
2024-05-14 19:40:55,632 [INFO] EditThreadDialog:706 - RAM SIZE (in words): 5120
2024-05-14 19:42:11,566 [INFO] UtilMem:75 - End SaveConfig() Used Memory: 464704864 Bytes (898629632)
2024-05-14 19:42:13,216 [INFO] UtilMem:75 - End SaveConfig() Used Memory: 478862688 Bytes (898629632)
2024-05-14 19:42:13,911 [INFO] UtilMem:75 - End SaveConfig() Used Memory: 536008032 Bytes (898629632)
2024-05-14 19:42:29,119 [INFO] BlockDiagram:2759 - set Specific Code input for plugin: SPI
2024-05-14 19:42:29,119 [INFO] BlockDiagram:2759 - set Specific Code input for plugin: NVIC
2024-05-14 19:42:29,119 [INFO] BlockDiagram:2759 - set Specific Code input for plugin: FREERTOS
2024-05-14 19:42:29,119 [INFO] BlockDiagram:2759 - set Specific Code input for plugin: USART
2024-05-14 19:42:29,120 [INFO] BlockDiagram:2759 - set Specific Code input for plugin: SYS
2024-05-14 19:42:29,120 [INFO] BlockDiagram:2759 - set Specific Code input for plugin: GPIO
2024-05-14 19:42:29,120 [INFO] BlockDiagram:2759 - set Specific Code input for plugin: RCC
2024-05-14 19:42:29,121 [INFO] CodeGenerator:807 - code generatio: config db path: C:\ST\STM32CubeIDE_1.15.0\STM32CubeIDE\plugins\com.st.stm32cube.common.mx_6.11.1.202404110753\\db\
2024-05-14 19:42:29,276 [INFO] CodeEngine:255 - oldGeneratedFile, C:\Work\Stm32\RX_c8\MXTmpFiles\license.tmp_save
2024-05-14 19:42:29,394 [INFO] CodeEngine:279 - Generated code: C:\Work\Stm32\RX_c8\MXTmpFiles\license.tmp
2024-05-14 19:42:29,440 [INFO] CodeEngine:255 - oldGeneratedFile, C:\Work\Stm32\RX_c8\MXTmpFiles\gpio.tmp_save
2024-05-14 19:42:29,543 [INFO] CodeEngine:279 - Generated code: C:\Work\Stm32\RX_c8\MXTmpFiles\gpio.tmp
2024-05-14 19:42:29,751 [INFO] Middleware:1439 - No code input for Bsp Dependency
2024-05-14 19:42:29,770 [INFO] CodeEngine:255 - oldGeneratedFile, C:\Work\Stm32\RX_c8\MXTmpFiles\rtos_inc.tmp_save
2024-05-14 19:42:29,872 [INFO] CodeEngine:279 - Generated code: C:\Work\Stm32\RX_c8\MXTmpFiles\rtos_inc.tmp
2024-05-14 19:42:29,887 [INFO] CodeEngine:255 - oldGeneratedFile, C:\Work\Stm32\RX_c8\MXTmpFiles\rtos_kernelInit.tmp_save
2024-05-14 19:42:29,987 [INFO] CodeEngine:279 - Generated code: C:\Work\Stm32\RX_c8\MXTmpFiles\rtos_kernelInit.tmp
2024-05-14 19:42:30,003 [INFO] CodeEngine:255 - oldGeneratedFile, C:\Work\Stm32\RX_c8\MXTmpFiles\rtos_kernelStart.tmp_save
2024-05-14 19:42:30,099 [INFO] CodeEngine:279 - Generated code: C:\Work\Stm32\RX_c8\MXTmpFiles\rtos_kernelStart.tmp
2024-05-14 19:42:30,114 [INFO] CodeEngine:255 - oldGeneratedFile, C:\Work\Stm32\RX_c8\MXTmpFiles\rtos_typedefs.tmp_save
2024-05-14 19:42:30,192 [INFO] CodeEngine:279 - Generated code: C:\Work\Stm32\RX_c8\MXTmpFiles\rtos_typedefs.tmp
2024-05-14 19:42:30,208 [INFO] CodeEngine:255 - oldGeneratedFile, C:\Work\Stm32\RX_c8\MXTmpFiles\rtos_vars.tmp_save
2024-05-14 19:42:30,308 [INFO] CodeEngine:279 - Generated code: C:\Work\Stm32\RX_c8\MXTmpFiles\rtos_vars.tmp
2024-05-14 19:42:30,324 [INFO] CodeEngine:255 - oldGeneratedFile, C:\Work\Stm32\RX_c8\MXTmpFiles\rtos_pfp.tmp_save
2024-05-14 19:42:30,426 [INFO] CodeEngine:279 - Generated code: C:\Work\Stm32\RX_c8\MXTmpFiles\rtos_pfp.tmp
2024-05-14 19:42:30,446 [INFO] CodeEngine:255 - oldGeneratedFile, C:\Work\Stm32\RX_c8\MXTmpFiles\rtos_obj_creat.tmp_save
2024-05-14 19:42:30,548 [INFO] CodeEngine:279 - Generated code: C:\Work\Stm32\RX_c8\MXTmpFiles\rtos_obj_creat.tmp
2024-05-14 19:42:30,567 [INFO] CodeEngine:255 - oldGeneratedFile, C:\Work\Stm32\RX_c8\MXTmpFiles\rtos_default_thread.tmp_save
2024-05-14 19:42:30,669 [INFO] CodeEngine:279 - Generated code: C:\Work\Stm32\RX_c8\MXTmpFiles\rtos_default_thread.tmp
2024-05-14 19:42:30,686 [INFO] CodeEngine:255 - oldGeneratedFile, C:\Work\Stm32\RX_c8\MXTmpFiles\rtos_threads.tmp_save
2024-05-14 19:42:30,782 [INFO] CodeEngine:279 - Generated code: C:\Work\Stm32\RX_c8\MXTmpFiles\rtos_threads.tmp
2024-05-14 19:42:30,800 [INFO] Middleware:1439 - No code input for Bsp Dependency
2024-05-14 19:42:30,813 [INFO] CodeEngine:255 - oldGeneratedFile, C:\Work\Stm32\RX_c8\MXTmpFiles\rtos_inc.tmp_save
2024-05-14 19:42:30,914 [INFO] CodeEngine:279 - Generated code: C:\Work\Stm32\RX_c8\MXTmpFiles\rtos_inc.tmp
2024-05-14 19:42:30,923 [INFO] CodeEngine:255 - oldGeneratedFile, C:\Work\Stm32\RX_c8\MXTmpFiles\rtos_kernelInit.tmp_save
2024-05-14 19:42:30,999 [INFO] CodeEngine:279 - Generated code: C:\Work\Stm32\RX_c8\MXTmpFiles\rtos_kernelInit.tmp
2024-05-14 19:42:31,007 [INFO] CodeEngine:255 - oldGeneratedFile, C:\Work\Stm32\RX_c8\MXTmpFiles\rtos_kernelStart.tmp_save
2024-05-14 19:42:31,105 [INFO] CodeEngine:279 - Generated code: C:\Work\Stm32\RX_c8\MXTmpFiles\rtos_kernelStart.tmp
2024-05-14 19:42:31,113 [INFO] CodeEngine:255 - oldGeneratedFile, C:\Work\Stm32\RX_c8\MXTmpFiles\rtos_typedefs.tmp_save
2024-05-14 19:42:31,182 [INFO] CodeEngine:279 - Generated code: C:\Work\Stm32\RX_c8\MXTmpFiles\rtos_typedefs.tmp
2024-05-14 19:42:31,202 [INFO] CodeEngine:255 - oldGeneratedFile, C:\Work\Stm32\RX_c8\MXTmpFiles\rtos_vars.tmp_save
2024-05-14 19:42:31,280 [INFO] CodeEngine:279 - Generated code: C:\Work\Stm32\RX_c8\MXTmpFiles\rtos_vars.tmp
2024-05-14 19:42:31,287 [INFO] CodeEngine:255 - oldGeneratedFile, C:\Work\Stm32\RX_c8\MXTmpFiles\rtos_pfp.tmp_save
2024-05-14 19:42:31,380 [INFO] CodeEngine:279 - Generated code: C:\Work\Stm32\RX_c8\MXTmpFiles\rtos_pfp.tmp
2024-05-14 19:42:31,399 [INFO] CodeEngine:255 - oldGeneratedFile, C:\Work\Stm32\RX_c8\MXTmpFiles\rtos_obj_creat.tmp_save
2024-05-14 19:42:31,480 [INFO] CodeEngine:279 - Generated code: C:\Work\Stm32\RX_c8\MXTmpFiles\rtos_obj_creat.tmp
2024-05-14 19:42:31,491 [INFO] CodeEngine:255 - oldGeneratedFile, C:\Work\Stm32\RX_c8\MXTmpFiles\rtos_default_thread.tmp_save
2024-05-14 19:42:31,565 [INFO] CodeEngine:279 - Generated code: C:\Work\Stm32\RX_c8\MXTmpFiles\rtos_default_thread.tmp
2024-05-14 19:42:31,574 [INFO] CodeEngine:255 - oldGeneratedFile, C:\Work\Stm32\RX_c8\MXTmpFiles\rtos_threads.tmp_save
2024-05-14 19:42:31,649 [INFO] CodeEngine:279 - Generated code: C:\Work\Stm32\RX_c8\MXTmpFiles\rtos_threads.tmp
2024-05-14 19:42:31,668 [INFO] CodeEngine:255 - oldGeneratedFile, C:\Work\Stm32\RX_c8\Core\Inc\FreeRTOSConfig.h_save
2024-05-14 19:42:31,801 [INFO] CodeEngine:279 - Generated code: C:\Work\Stm32\RX_c8\Core\Inc\FreeRTOSConfig.h
2024-05-14 19:42:31,821 [INFO] CodeEngine:255 - oldGeneratedFile, C:\Work\Stm32\RX_c8\Core\Src\freertos.c_save
2024-05-14 19:42:31,943 [INFO] CodeEngine:279 - Generated code: C:\Work\Stm32\RX_c8\Core\Src\freertos.c
2024-05-14 19:42:31,982 [INFO] CodeEngine:255 - oldGeneratedFile, C:\Work\Stm32\RX_c8\Core\Src\stm32f1xx_it.c_save
2024-05-14 19:42:32,195 [INFO] CodeEngine:279 - Generated code: C:\Work\Stm32\RX_c8\Core\Src\stm32f1xx_it.c
2024-05-14 19:42:32,216 [INFO] CodeEngine:255 - oldGeneratedFile, C:\Work\Stm32\RX_c8\Core\Inc\stm32f1xx_it.h_save
2024-05-14 19:42:32,315 [INFO] CodeEngine:279 - Generated code: C:\Work\Stm32\RX_c8\Core\Inc\stm32f1xx_it.h
2024-05-14 19:42:32,355 [INFO] CodeEngine:255 - oldGeneratedFile, C:\Work\Stm32\RX_c8\Core\Src\stm32f1xx_hal_msp.c_save
2024-05-14 19:42:32,533 [INFO] CodeEngine:279 - Generated code: C:\Work\Stm32\RX_c8\Core\Src\stm32f1xx_hal_msp.c
2024-05-14 19:42:32,550 [INFO] CodeEngine:255 - oldGeneratedFile, C:\Work\Stm32\RX_c8\MXTmpFiles\system.tmp_save
2024-05-14 19:42:32,639 [INFO] CodeEngine:279 - Generated code: C:\Work\Stm32\RX_c8\MXTmpFiles\system.tmp
2024-05-14 19:42:32,658 [INFO] CodeEngine:255 - oldGeneratedFile, C:\Work\Stm32\RX_c8\Core\Src\stm32f1xx_hal_timebase_tim.c_save
2024-05-14 19:42:32,772 [INFO] CodeEngine:279 - Generated code: C:\Work\Stm32\RX_c8\Core\Src\stm32f1xx_hal_timebase_tim.c
2024-05-14 19:42:32,807 [INFO] CodeEngine:311 - oldGeneratedFile, C:\Work\Stm32\RX_c8\Core\Inc\stm32f1xx_hal_conf.h_save
2024-05-14 19:42:32,937 [INFO] CodeEngine:335 - Generated code: C:\Work\Stm32\RX_c8\Core\Inc\stm32f1xx_hal_conf.h
2024-05-14 19:42:33,024 [INFO] CodeEngine:255 - oldGeneratedFile, C:\Work\Stm32\RX_c8\Core\Inc\main.h_save
2024-05-14 19:42:33,145 [INFO] CodeEngine:279 - Generated code: C:\Work\Stm32\RX_c8\Core\Inc\main.h
2024-05-14 19:42:33,175 [INFO] CodeEngine:255 - oldGeneratedFile, C:\Work\Stm32\RX_c8\Core\Src\main.c_save
2024-05-14 19:42:33,376 [INFO] CodeEngine:279 - Generated code: C:\Work\Stm32\RX_c8\Core\Src\main.c
2024-05-14 19:42:33,989 [INFO] ProjectBuilder:3163 - Time for Copy HAL[1] : 323mS.
2024-05-14 19:42:33,996 [INFO] ProjectBuilder:4736 - Project Generator version: 4.3.0-B58
2024-05-14 19:42:34,107 [INFO] ConfigFileManager:1503 - The Die is : DIE410
2024-05-14 19:42:35,855 [INFO] ProjectBuilder:5002 - Time for Generating toolchain IDE Files: 1859mS.
2024-05-14 19:42:35,857 [INFO] ProjectBuilder:3034 - Time for Copy CMSIS : 2mS.
2024-05-14 19:42:35,869 [INFO] ProjectBuilder:3034 - Time for Copy CMSIS : 0mS.
