2024-04-17 16:28:19,095 [INFO] Activator:176 - 


2024-04-17 16:28:19,098 [INFO] Activator:177 - !SESSION log4j initialized
2024-04-17 16:28:21,656 [INFO] LogOutputStream:77 - [STDOUT_REDIRECT] 
2024-04-17 16:28:24,257 [INFO] ApplicationProperties:184 - Using Application install path: C:\ST\STM32CubeIDE_1.15.0\STM32CubeIDE\plugins\com.st.stm32cube.common.mx_6.11.0.202403141607
2024-04-17 16:28:24,283 [INFO] DbMcusXml:78 - Set database path to: C:\ST\STM32CubeIDE_1.15.0\STM32CubeIDE\plugins\com.st.stm32cube.common.mx_6.11.0.202403141607\\db\/mcu/
2024-04-17 16:28:24,284 [INFO] ApiDb:274 - Set plugin database path to: C:\ST\STM32CubeIDE_1.15.0\STM32CubeIDE\plugins\com.st.stm32cube.common.mx_6.11.0.202403141607\\db\/plugins/boardmanager/
2024-04-17 16:28:24,284 [WARN] ApiDb:259 - Overriding images path with different value:  => C:\ST\STM32CubeIDE_1.15.0\STM32CubeIDE\plugins\com.st.stm32cube.common.mx_6.11.0.202403141607\\db\/plugins/mcufinder/images/
2024-04-17 16:28:24,292 [INFO] ApiDb:250 - Set database path to: C:\Users\Yaroslav Ludchak\.stmcufinder\plugins\mcufinder//mcu/
2024-04-17 16:28:24,294 [INFO] DbMcusAds:125 - Set database path to: C:\Users\Yaroslav Ludchak\.stmcufinder\plugins\mcufinder//mcu/
2024-04-17 16:28:24,297 [INFO] CrossReferenceDbSqlite:203 - Set database path to: C:\Users\Yaroslav Ludchak\.stmcufinder\plugins\mcufinder//mcu/cs/
2024-04-17 16:28:24,479 [INFO] RulesReader:64 - Compatibility file has been processed (297 Rules)
2024-04-17 16:28:24,592 [INFO] DbMcusXml:78 - Set database path to: C:\ST\STM32CubeIDE_1.15.0\STM32CubeIDE\plugins\com.st.stm32cube.common.mx_6.11.0.202403141607\\db\/mcu/
2024-04-17 16:28:24,592 [INFO] ApiDb:274 - Set plugin database path to: C:\ST\STM32CubeIDE_1.15.0\STM32CubeIDE\plugins\com.st.stm32cube.common.mx_6.11.0.202403141607\\db\/plugins/boardmanager/
2024-04-17 16:28:24,593 [INFO] ApiDb:261 - Set plugin images path to: C:\ST\STM32CubeIDE_1.15.0\STM32CubeIDE\plugins\com.st.stm32cube.common.mx_6.11.0.202403141607\\db\/plugins/mcufinder/images/
2024-04-17 16:28:24,593 [WARN] DbFile:41 - Overriding database path with different value: C:\Users\Yaroslav Ludchak\.stmcufinder\plugins\mcufinder/ => C:\Users\Yaroslav Ludchak\.stmcufinder\plugins\mcufinder
2024-04-17 16:28:24,593 [INFO] ApiDb:250 - Set database path to: C:\Users\Yaroslav Ludchak\.stmcufinder\plugins\mcufinder//mcu/
2024-04-17 16:28:24,593 [WARN] DbFile:41 - Overriding database path with different value: C:\Users\Yaroslav Ludchak\.stmcufinder\plugins\mcufinder/ => C:\Users\Yaroslav Ludchak\.stmcufinder\plugins\mcufinder
2024-04-17 16:28:24,593 [INFO] DbMcusAds:125 - Set database path to: C:\Users\Yaroslav Ludchak\.stmcufinder\plugins\mcufinder//mcu/
2024-04-17 16:28:24,594 [WARN] DbFile:41 - Overriding database path with different value: C:\Users\Yaroslav Ludchak\.stmcufinder\plugins\mcufinder/ => C:\Users\Yaroslav Ludchak\.stmcufinder\plugins\mcufinder
2024-04-17 16:28:24,594 [WARN] DbFile:41 - Overriding database path with different value: C:\Users\Yaroslav Ludchak\.stmcufinder\plugins\mcufinder/ => C:\Users\Yaroslav Ludchak\.stmcufinder\plugins\mcufinder
2024-04-17 16:28:24,594 [INFO] CrossReferenceDbSqlite:203 - Set database path to: C:\Users\Yaroslav Ludchak\.stmcufinder\plugins\mcufinder//mcu/cs/
2024-04-17 16:28:24,712 [INFO] MainPanel:264 - HeapMemory: 268435456
2024-04-17 16:28:24,847 [INFO] DbMcusXml:78 - Set database path to: C:\ST\STM32CubeIDE_1.15.0\STM32CubeIDE\plugins\com.st.stm32cube.common.mx_6.11.0.202403141607\\db\/mcu/
2024-04-17 16:28:24,847 [INFO] ApiDb:274 - Set plugin database path to: C:\ST\STM32CubeIDE_1.15.0\STM32CubeIDE\plugins\com.st.stm32cube.common.mx_6.11.0.202403141607\\db\/plugins/boardmanager/
2024-04-17 16:28:24,848 [INFO] ApiDb:261 - Set plugin images path to: C:\ST\STM32CubeIDE_1.15.0\STM32CubeIDE\plugins\com.st.stm32cube.common.mx_6.11.0.202403141607\\db\/plugins/mcufinder/images/
2024-04-17 16:28:24,849 [WARN] DbFile:41 - Overriding database path with different value: C:\Users\Yaroslav Ludchak\.stmcufinder\plugins\mcufinder/ => C:\Users\Yaroslav Ludchak\.stmcufinder\plugins\mcufinder
2024-04-17 16:28:24,849 [INFO] ApiDb:250 - Set database path to: C:\Users\Yaroslav Ludchak\.stmcufinder\plugins\mcufinder//mcu/
2024-04-17 16:28:24,849 [WARN] DbFile:41 - Overriding database path with different value: C:\Users\Yaroslav Ludchak\.stmcufinder\plugins\mcufinder/ => C:\Users\Yaroslav Ludchak\.stmcufinder\plugins\mcufinder
2024-04-17 16:28:24,849 [INFO] DbMcusAds:125 - Set database path to: C:\Users\Yaroslav Ludchak\.stmcufinder\plugins\mcufinder//mcu/
2024-04-17 16:28:24,849 [WARN] DbFile:41 - Overriding database path with different value: C:\Users\Yaroslav Ludchak\.stmcufinder\plugins\mcufinder/ => C:\Users\Yaroslav Ludchak\.stmcufinder\plugins\mcufinder
2024-04-17 16:28:24,850 [WARN] DbFile:41 - Overriding database path with different value: C:\Users\Yaroslav Ludchak\.stmcufinder\plugins\mcufinder/ => C:\Users\Yaroslav Ludchak\.stmcufinder\plugins\mcufinder
2024-04-17 16:28:24,850 [INFO] CrossReferenceDbSqlite:203 - Set database path to: C:\Users\Yaroslav Ludchak\.stmcufinder\plugins\mcufinder//mcu/cs/
2024-04-17 16:28:24,898 [INFO] ApplicationProperties:184 - Using Application install path: C:\ST\STM32CubeIDE_1.15.0\STM32CubeIDE\plugins\com.st.stm32cube.common.mx_6.11.0.202403141607
2024-04-17 16:28:24,901 [INFO] PluginManage:196 - Search for loadable plugins [exclusion list=, ]
2024-04-17 16:28:24,902 [INFO] PluginManage:310 - Check plugin analytics
2024-04-17 16:28:25,336 [INFO] AnalyticsPlugin:253 - Accepted Software Licenses: 
2024-04-17 16:28:25,337 [INFO] AnalyticsPlugin:255 - Accepted CMSIS Pack Licenses: 
2024-04-17 16:28:25,339 [INFO] AnalyticsPlugin:257 - Accepted Firmware Licenses: 
2024-04-17 16:28:25,345 [INFO] PluginManage:359 - Loaded plugin analytics (category:tool,tabindex:-1)
2024-04-17 16:28:25,346 [INFO] PluginManage:310 - Check plugin cadmodel
2024-04-17 16:28:25,353 [INFO] CADModel:105 - Init CAD model plugin
2024-04-17 16:28:25,354 [INFO] PluginManage:359 - Loaded plugin cadmodel (category:power,tabindex:5)
2024-04-17 16:28:25,355 [INFO] PluginManage:310 - Check plugin clock
2024-04-17 16:28:25,380 [INFO] PluginManage:359 - Loaded plugin clock (category:base,tabindex:2)
2024-04-17 16:28:25,380 [INFO] PluginManage:310 - Check plugin ddr
2024-04-17 16:28:25,384 [INFO] PluginManage:359 - Loaded plugin ddr (category:tool,tabindex:6)
2024-04-17 16:28:25,385 [INFO] PluginManage:310 - Check plugin filemanager
2024-04-17 16:28:25,713 [INFO] PluginManage:359 - Loaded plugin filemanager (category:base,tabindex:10)
2024-04-17 16:28:25,713 [INFO] PluginManage:310 - Check plugin ipmanager
2024-04-17 16:28:25,728 [INFO] PluginManage:359 - Loaded plugin ipmanager (category:base,tabindex:5)
2024-04-17 16:28:25,729 [INFO] PluginManage:310 - Check plugin lpbam
2024-04-17 16:28:25,745 [INFO] PluginManage:359 - Loaded plugin lpbam (category:base,tabindex:0)
2024-04-17 16:28:25,745 [INFO] PluginManage:310 - Check plugin memorymap
2024-04-17 16:28:25,768 [INFO] PluginManage:359 - Loaded plugin memorymap (category:base,tabindex:4)
2024-04-17 16:28:25,769 [INFO] PluginManage:310 - Check plugin pinoutandconfiguration
2024-04-17 16:28:25,787 [INFO] PluginManage:359 - Loaded plugin pinoutandconfiguration (category:base,tabindex:1)
2024-04-17 16:28:25,787 [INFO] PluginManage:310 - Check plugin pinoutconfig
2024-04-17 16:28:26,057 [WARN] SupportedApi:132 - Cannot load RTOS API schema: s4s-elt-must-match.1: The content of 'definitions' must match (annotation?, (simpleType | complexType)?, (unique | key | keyref)*)). A problem was found starting at: attribute.
2024-04-17 16:28:26,374 [INFO] PluginManage:359 - Loaded plugin pinoutconfig (category:base,tabindex:0)
2024-04-17 16:28:26,375 [INFO] PluginManage:310 - Check plugin power
2024-04-17 16:28:26,394 [INFO] PluginManage:359 - Loaded plugin power (category:power,tabindex:4)
2024-04-17 16:28:26,394 [INFO] PluginManage:310 - Check plugin projectmanager
2024-04-17 16:28:26,430 [INFO] PluginManage:359 - Loaded plugin projectmanager (category:projectmanager,tabindex:3)
2024-04-17 16:28:26,430 [INFO] PluginManage:310 - Check plugin thirdparty
2024-04-17 16:28:26,747 [INFO] PluginManage:359 - Loaded plugin thirdparty (category:base,tabindex:-1)
2024-04-17 16:28:26,747 [INFO] PluginManage:310 - Check plugin tools
2024-04-17 16:28:26,746 [WARN] IntegrityCheckThread:84 - waiting for thirdparty lock release [integrity check]
2024-04-17 16:28:26,747 [INFO] IntegrityCheckThread:86 - entering critical section [integrity check]
2024-04-17 16:28:26,753 [INFO] ThirdPartyUpdaterWithRetryManager:70 - Updater plugin not ready yet. [1/15]
2024-04-17 16:28:26,757 [INFO] PluginManage:359 - Loaded plugin tools (category:base,tabindex:7)
2024-04-17 16:28:26,758 [INFO] PluginManage:310 - Check plugin tutovideos
2024-04-17 16:28:27,108 [INFO] PluginManage:359 - Loaded plugin tutovideos (category:base,tabindex:-1)
2024-04-17 16:28:27,109 [INFO] PluginManage:310 - Check plugin updater
2024-04-17 16:28:27,127 [INFO] PluginManage:359 - Loaded plugin updater (category:base,tabindex:12)
2024-04-17 16:28:27,128 [INFO] PluginManage:310 - Check plugin userauth
2024-04-17 16:28:27,140 [INFO] UserAuth:114 - Init User Auth plugin
2024-04-17 16:28:27,141 [INFO] PluginManage:359 - Loaded plugin userauth (category:base,tabindex:14)
2024-04-17 16:28:27,142 [INFO] PluginManage:283 - PluginManage : Loaded plugins [17]
2024-04-17 16:28:27,588 [INFO] PinOutPanel:1561 - setPackage(No Configuration,No Configuration)
2024-04-17 16:28:27,776 [INFO] CADModel:165 - CPN selected for project level
2024-04-17 16:28:27,776 [INFO] CADModel:114 - Register for checkConnection events
2024-04-17 16:28:27,811 [INFO] IPUIPlugin:80 - create IPUIPlugin
2024-04-17 16:28:27,812 [INFO] PluginManager:220 - loadIPPluginJar : add adc
2024-04-17 16:28:27,821 [INFO] IPUIPlugin:80 - create IPUIPlugin
2024-04-17 16:28:27,821 [INFO] PluginManager:220 - loadIPPluginJar : add aes
2024-04-17 16:28:27,827 [INFO] IPUIPlugin:80 - create IPUIPlugin
2024-04-17 16:28:27,827 [INFO] PluginManager:220 - loadIPPluginJar : add can
2024-04-17 16:28:27,832 [INFO] IPUIPlugin:80 - create IPUIPlugin
2024-04-17 16:28:27,833 [INFO] PluginManager:220 - loadIPPluginJar : add comp
2024-04-17 16:28:27,842 [INFO] IPUIPlugin:80 - create IPUIPlugin
2024-04-17 16:28:27,842 [INFO] PluginManager:220 - loadIPPluginJar : add cryp
2024-04-17 16:28:27,848 [INFO] IPUIPlugin:80 - create IPUIPlugin
2024-04-17 16:28:27,849 [INFO] PluginManager:220 - loadIPPluginJar : add dfsdm
2024-04-17 16:28:27,860 [INFO] IPUIPlugin:80 - create IPUIPlugin
2024-04-17 16:28:27,861 [INFO] PluginManager:220 - loadIPPluginJar : add dma
2024-04-17 16:28:27,867 [INFO] IPUIPlugin:80 - create IPUIPlugin
2024-04-17 16:28:27,868 [INFO] PluginManager:220 - loadIPPluginJar : add dma3
2024-04-17 16:28:27,873 [INFO] IPUIPlugin:80 - create IPUIPlugin
2024-04-17 16:28:27,874 [INFO] PluginManager:220 - loadIPPluginJar : add extmemmanager
2024-04-17 16:28:27,877 [INFO] IPUIPlugin:80 - create IPUIPlugin
2024-04-17 16:28:27,877 [INFO] PluginManager:220 - loadIPPluginJar : add fatfs
2024-04-17 16:28:27,889 [INFO] IPUIPlugin:80 - create IPUIPlugin
2024-04-17 16:28:27,889 [INFO] PluginManager:220 - loadIPPluginJar : add fmc
2024-04-17 16:28:27,899 [INFO] IPUIPlugin:80 - create IPUIPlugin
2024-04-17 16:28:27,899 [INFO] PluginManager:220 - loadIPPluginJar : add freertos
2024-04-17 16:28:27,901 [INFO] IPUIPlugin:80 - create IPUIPlugin
2024-04-17 16:28:27,902 [INFO] PluginManager:220 - loadIPPluginJar : add genericplugin
2024-04-17 16:28:27,905 [INFO] IPUIPlugin:80 - create IPUIPlugin
2024-04-17 16:28:27,906 [INFO] PluginManager:220 - loadIPPluginJar : add gfxmmu
2024-04-17 16:28:27,917 [INFO] IPUIPlugin:80 - create IPUIPlugin
2024-04-17 16:28:27,918 [INFO] PluginManager:220 - loadIPPluginJar : add gic
2024-04-17 16:28:27,926 [INFO] IPUIPlugin:80 - create IPUIPlugin
2024-04-17 16:28:27,926 [INFO] PluginManager:220 - loadIPPluginJar : add gpio
2024-04-17 16:28:27,933 [INFO] IPUIPlugin:80 - create IPUIPlugin
2024-04-17 16:28:27,934 [INFO] PluginManager:220 - loadIPPluginJar : add gtzc
2024-04-17 16:28:27,940 [INFO] IPUIPlugin:80 - create IPUIPlugin
2024-04-17 16:28:27,941 [INFO] PluginManager:220 - loadIPPluginJar : add hash
2024-04-17 16:28:27,949 [INFO] IPUIPlugin:80 - create IPUIPlugin
2024-04-17 16:28:27,949 [INFO] PluginManager:220 - loadIPPluginJar : add i2c
2024-04-17 16:28:27,954 [INFO] IPUIPlugin:80 - create IPUIPlugin
2024-04-17 16:28:27,954 [INFO] PluginManager:220 - loadIPPluginJar : add i2s
2024-04-17 16:28:27,962 [INFO] IPUIPlugin:80 - create IPUIPlugin
2024-04-17 16:28:27,963 [INFO] PluginManager:220 - loadIPPluginJar : add i3c
2024-04-17 16:28:27,972 [INFO] IPUIPlugin:80 - create IPUIPlugin
2024-04-17 16:28:27,972 [INFO] PluginManager:220 - loadIPPluginJar : add ipddr
2024-04-17 16:28:27,985 [INFO] IPUIPlugin:80 - create IPUIPlugin
2024-04-17 16:28:27,985 [INFO] PluginManager:220 - loadIPPluginJar : add linkedlist
2024-04-17 16:28:27,991 [INFO] IPUIPlugin:80 - create IPUIPlugin
2024-04-17 16:28:27,992 [INFO] PluginManager:220 - loadIPPluginJar : add lorawan
2024-04-17 16:28:27,994 [INFO] IPUIPlugin:80 - create IPUIPlugin
2024-04-17 16:28:27,994 [INFO] PluginManager:220 - loadIPPluginJar : add ltdc
2024-04-17 16:28:28,007 [INFO] IPUIPlugin:80 - create IPUIPlugin
2024-04-17 16:28:28,007 [INFO] PluginManager:220 - loadIPPluginJar : add mdma
2024-04-17 16:28:28,013 [INFO] IPUIPlugin:80 - create IPUIPlugin
2024-04-17 16:28:28,014 [INFO] PluginManager:220 - loadIPPluginJar : add nvic
2024-04-17 16:28:28,022 [INFO] IPUIPlugin:80 - create IPUIPlugin
2024-04-17 16:28:28,023 [INFO] PluginManager:220 - loadIPPluginJar : add opamp
2024-04-17 16:28:28,032 [INFO] IPUIPlugin:80 - create IPUIPlugin
2024-04-17 16:28:28,033 [INFO] PluginManager:220 - loadIPPluginJar : add openamp
2024-04-17 16:28:28,041 [INFO] IPUIPlugin:80 - create IPUIPlugin
2024-04-17 16:28:28,041 [INFO] PluginManager:220 - loadIPPluginJar : add pdm2pcm
2024-04-17 16:28:28,056 [INFO] IPUIPlugin:80 - create IPUIPlugin
2024-04-17 16:28:28,060 [INFO] PluginManager:220 - loadIPPluginJar : add plateformsettings
2024-04-17 16:28:28,064 [INFO] IPUIPlugin:80 - create IPUIPlugin
2024-04-17 16:28:28,065 [INFO] PluginManager:220 - loadIPPluginJar : add quadspi
2024-04-17 16:28:28,072 [INFO] IPUIPlugin:80 - create IPUIPlugin
2024-04-17 16:28:28,072 [INFO] PluginManager:220 - loadIPPluginJar : add resmgrutility
2024-04-17 16:28:28,078 [INFO] IPUIPlugin:80 - create IPUIPlugin
2024-04-17 16:28:28,078 [INFO] PluginManager:220 - loadIPPluginJar : add sai
2024-04-17 16:28:28,086 [INFO] IPUIPlugin:80 - create IPUIPlugin
2024-04-17 16:28:28,086 [INFO] PluginManager:220 - loadIPPluginJar : add spi
2024-04-17 16:28:28,096 [INFO] IPUIPlugin:80 - create IPUIPlugin
2024-04-17 16:28:28,097 [INFO] PluginManager:220 - loadIPPluginJar : add stm32_wpan
2024-04-17 16:28:28,100 [INFO] IPUIPlugin:80 - create IPUIPlugin
2024-04-17 16:28:28,101 [INFO] PluginManager:220 - loadIPPluginJar : add tim
2024-04-17 16:28:28,108 [INFO] IPUIPlugin:80 - create IPUIPlugin
2024-04-17 16:28:28,109 [INFO] PluginManager:220 - loadIPPluginJar : add touchsensing
2024-04-17 16:28:28,112 [INFO] IPUIPlugin:80 - create IPUIPlugin
2024-04-17 16:28:28,112 [INFO] PluginManager:220 - loadIPPluginJar : add tracer_emb
2024-04-17 16:28:28,117 [INFO] IPUIPlugin:80 - create IPUIPlugin
2024-04-17 16:28:28,118 [INFO] PluginManager:220 - loadIPPluginJar : add ts
2024-04-17 16:28:28,121 [INFO] IPUIPlugin:80 - create IPUIPlugin
2024-04-17 16:28:28,122 [INFO] PluginManager:220 - loadIPPluginJar : add tsc
2024-04-17 16:28:28,125 [INFO] IPUIPlugin:80 - create IPUIPlugin
2024-04-17 16:28:28,125 [INFO] PluginManager:220 - loadIPPluginJar : add ucpd
2024-04-17 16:28:28,129 [INFO] IPUIPlugin:80 - create IPUIPlugin
2024-04-17 16:28:28,130 [INFO] PluginManager:220 - loadIPPluginJar : add usart
2024-04-17 16:28:28,138 [INFO] IPUIPlugin:80 - create IPUIPlugin
2024-04-17 16:28:28,138 [INFO] PluginManager:220 - loadIPPluginJar : add usbx
2024-04-17 16:28:28,342 [INFO] CADModel:165 - CPN selected for project level
2024-04-17 16:28:28,342 [INFO] CADModel:114 - Register for checkConnection events
2024-04-17 16:28:28,343 [FATAL] Updater:308 - Updater called before beeing initialized
2024-04-17 16:28:28,343 [ERROR] CADModel:125 - Updater not yet initialized, retry later 
2024-04-17 16:28:28,611 [INFO] CADModel:165 - CPN selected for project level
2024-04-17 16:28:28,612 [INFO] CADModel:114 - Register for checkConnection events
2024-04-17 16:28:28,612 [FATAL] Updater:308 - Updater called before beeing initialized
2024-04-17 16:28:28,612 [ERROR] CADModel:125 - Updater not yet initialized, retry later 
2024-04-17 16:28:28,621 [FATAL] Updater:308 - Updater called before beeing initialized
2024-04-17 16:28:28,858 [FATAL] Updater:308 - Updater called before beeing initialized
2024-04-17 16:28:28,865 [INFO] DbMcusAds:53 - JSON generation date=Wed Nov 29 12:52:27 EET 2023 (1701255147349)
2024-04-17 16:28:28,865 [FATAL] Updater:308 - Updater called before beeing initialized
2024-04-17 16:28:28,923 [WARN] DetailPanel:346 - Failed to get advertising image, set to default
2024-04-17 16:28:29,079 [FATAL] Updater:308 - Updater called before beeing initialized
2024-04-17 16:28:29,083 [FATAL] Updater:308 - Updater called before beeing initialized
2024-04-17 16:28:29,083 [FATAL] Updater:308 - Updater called before beeing initialized
2024-04-17 16:28:29,084 [WARN] DetailPanel:346 - Failed to get advertising image, set to default
2024-04-17 16:28:29,086 [FATAL] Updater:308 - Updater called before beeing initialized
2024-04-17 16:28:29,196 [ERROR] Updater:1120 - MainUpdater not yet initialized. External WinMGr cannot be set.
2024-04-17 16:28:29,201 [INFO] Updater:1056 - Updater Version found : 6.11.0
2024-04-17 16:28:29,241 [INFO] ApplicationProperties:184 - Using Application install path: C:\ST\STM32CubeIDE_1.15.0\STM32CubeIDE\plugins\com.st.stm32cube.common.mx_6.11.0.202403141607
2024-04-17 16:28:29,755 [INFO] ThirdPartyUpdaterWithRetryManager:70 - Updater plugin not ready yet. [2/15]
2024-04-17 16:28:29,809 [INFO] MainUpdater:2873 - connection check result : 10
2024-04-17 16:28:29,811 [INFO] MainUpdater:290 - Updater Check For Update Now.
2024-04-17 16:28:29,812 [INFO] MicroXplorer:498 - Change Database Version : DB.6.0.110
2024-04-17 16:28:29,825 [INFO] McuFinderGlobals:63 - Set McuFinder mode to 2 (CubeIDE integrated)
2024-04-17 16:28:29,826 [INFO] UserAuth:179 - activating auth plugin
2024-04-17 16:28:29,835 [INFO] UserAuth:415 - Internet connection configuration mode: 1
2024-04-17 16:28:29,859 [INFO] JxBrowserEngine:152 - Initiate JxBrowser Engine with user profile folder
2024-04-17 16:28:30,064 [INFO] CheckServerUpdateThread:120 - End of CheckServer Thread
2024-04-17 16:28:31,041 [INFO] WebApp:161 - Instantiating new browser for Auth
2024-04-17 16:28:32,056 [INFO] WebApp:779 - Register for checkConnection events
2024-04-17 16:28:32,056 [INFO] WebApp:414 - Apply proxy settings
2024-04-17 16:28:32,057 [INFO] WebApp:499 - Chromium requires no authentication
2024-04-17 16:28:32,069 [INFO] WebApp:442 - Direct internet connection detected
2024-04-17 16:28:32,377 [INFO] WebApp:192 - Starting web application
2024-04-17 16:28:32,377 [INFO] WebApp:544 - Web application path used C:\ST\STM32CubeIDE_1.15.0\STM32CubeIDE\plugins\com.st.stm32cube.common.mx_6.11.0.202403141607\db\plugins\mcufinder\reactClient1\index.html
2024-04-17 16:28:33,142 [WARN] PackLoader:240 - Cannot read IP mode file for STMicroelectronics.FP-SNS-MOTENVWB1.1.4.0
2024-04-17 16:28:33,162 [WARN] PackLoader:240 - Cannot read IP mode file for STMicroelectronics.X-CUBE-SMBUS.2.1.0
2024-04-17 16:28:33,173 [WARN] PackLoader:240 - Cannot read IP mode file for STMicroelectronics.X-CUBE-TOUCHGFX.4.23.2
2024-04-17 16:28:33,238 [WARN] PackLoader:240 - Cannot read IP mode file for STMicroelectronics.X-CUBE-AZRTOS-F7.1.1.0
2024-04-17 16:28:33,260 [WARN] PackLoader:240 - Cannot read IP mode file for STMicroelectronics.FP-SNS-FLIGHT1.5.0.2
2024-04-17 16:28:33,276 [WARN] PackLoader:240 - Cannot read IP mode file for STMicroelectronics.X-CUBE-DISPLAY.3.0.0
2024-04-17 16:28:33,302 [WARN] PackLoader:240 - Cannot read IP mode file for STMicroelectronics.X-CUBE-BLE1.7.0.0
2024-04-17 16:28:33,313 [WARN] PackLoader:240 - Cannot read IP mode file for emotas.I-CUBE-CANOPEN.1.3.0
2024-04-17 16:28:33,336 [WARN] PackLoader:240 - Cannot read IP mode file for STMicroelectronics.X-CUBE-BLEMGR.3.1.0
2024-04-17 16:28:33,353 [WARN] PackLoader:240 - Cannot read IP mode file for STMicroelectronics.FP-SNS-SMARTAG2.1.2.0
2024-04-17 16:28:33,374 [INFO] LogOutputStream:77 - [STDOUT_REDIRECT] 1 : Invalid condition id : UX_CORESTACK_Condition cause : null
2024-04-17 16:28:33,375 [INFO] LogOutputStream:77 - [STDOUT_REDIRECT] 1 : Invalid condition id : UX_CORESTACK_Condition cause : null
2024-04-17 16:28:33,377 [INFO] LogOutputStream:77 - [STDOUT_REDIRECT] 1 : Invalid condition id : UX_CORESTACK_Condition cause : null
2024-04-17 16:28:33,380 [INFO] LogOutputStream:77 - [STDOUT_REDIRECT] 1 : Invalid condition id : UX_CORESTACK_Condition cause : null
2024-04-17 16:28:33,383 [INFO] LogOutputStream:77 - [STDOUT_REDIRECT] 1 : Invalid condition id : UX_CORESTACK_Condition cause : null
2024-04-17 16:28:33,393 [WARN] PackLoader:240 - Cannot read IP mode file for STMicroelectronics.X-CUBE-AZRTOS-WL.2.0.0
2024-04-17 16:28:33,406 [WARN] PackLoader:240 - Cannot read IP mode file for STMicroelectronics.FP-SNS-MOTENV1.5.0.0
2024-04-17 16:28:33,425 [WARN] PackLoader:240 - Cannot read IP mode file for WES.I-CUBE-Cesium.1.3.0
2024-04-17 16:28:33,435 [WARN] PackLoader:240 - Cannot read IP mode file for STMicroelectronics.X-CUBE-BLE2.3.3.0
2024-04-17 16:28:33,446 [WARN] PackLoader:240 - Cannot read IP mode file for STMicroelectronics.X-CUBE-TCPP.4.1.0
2024-04-17 16:28:33,463 [WARN] PackLoader:240 - Cannot read IP mode file for STMicroelectronics.X-CUBE-ALGOBUILD.1.3.0
2024-04-17 16:28:33,497 [WARN] PackLoader:240 - Cannot read IP mode file for STMicroelectronics.X-CUBE-AZRTOS-G0.1.1.0
2024-04-17 16:28:33,511 [WARN] PackLoader:240 - Cannot read IP mode file for STMicroelectronics.X-CUBE-SAFEA1.1.2.2
2024-04-17 16:28:33,523 [WARN] PackLoader:240 - Cannot read IP mode file for STMicroelectronics.X-CUBE-NFC4.3.0.0
2024-04-17 16:28:33,533 [WARN] PackLoader:240 - Cannot read IP mode file for wolfSSL.I-CUBE-wolfSSL.5.7.0
2024-04-17 16:28:33,542 [WARN] PackLoader:240 - Cannot read IP mode file for STMicroelectronics.FP-ATR-SIGFOX1.3.2.0
2024-04-17 16:28:33,556 [WARN] PackLoader:240 - Cannot read IP mode file for STMicroelectronics.X-CUBE-EEPRMA1.5.1.0
2024-04-17 16:28:33,570 [WARN] PackLoader:240 - Cannot read IP mode file for ITTIA_DB.I-CUBE-ITTIADB.8.9.0
2024-04-17 16:28:33,630 [WARN] PackLoader:240 - Cannot read IP mode file for SEGGER.I-CUBE-embOS.1.3.1
2024-04-17 16:28:33,720 [WARN] PackLoader:240 - Cannot read IP mode file for STMicroelectronics.X-CUBE-GNSS1.6.0.0
2024-04-17 16:28:33,749 [WARN] PackLoader:240 - Cannot read IP mode file for STMicroelectronics.X-CUBE-AZRTOS-F4.1.1.0
2024-04-17 16:28:33,779 [WARN] PackLoader:240 - Cannot read IP mode file for STMicroelectronics.X-CUBE-AZRTOS-L5.2.0.0
2024-04-17 16:28:33,800 [WARN] PackLoader:240 - Cannot read IP mode file for STMicroelectronics.X-CUBE-NFC6.3.1.0
2024-04-17 16:28:33,810 [WARN] PackLoader:240 - Cannot read IP mode file for STMicroelectronics.X-CUBE-AI.9.0.0
2024-04-17 16:28:33,821 [WARN] PackLoader:240 - Cannot read IP mode file for STMicroelectronics.X-CUBE-NFC7.1.0.1
2024-04-17 16:28:33,857 [WARN] ConditionMgr:438 - getConditionDescription Invalid condition id : LAN8742 Phy interface Condition cause : null
2024-04-17 16:28:33,858 [WARN] PackLoader:240 - Cannot read IP mode file for STMicroelectronics.X-CUBE-AZRTOS-L4.2.0.0
2024-04-17 16:28:33,860 [WARN] ConditionMgr:1039 - genDependencies : Invalid condition id : LAN8742 Phy interface Condition cause : null
2024-04-17 16:28:33,860 [WARN] ConditionMgr:1039 - genDependencies : Invalid condition id : LAN8742 Phy interface Condition cause : null
2024-04-17 16:28:33,862 [WARN] ConditionMgr:1039 - genDependencies : Invalid condition id : LAN8742 Phy interface Condition cause : null
2024-04-17 16:28:33,878 [WARN] PackLoader:240 - Cannot read IP mode file for STMicroelectronics.X-CUBE-SFXS2LP1.4.0.0
2024-04-17 16:28:33,911 [WARN] ConditionMgr:438 - getConditionDescription Invalid condition id : UX DEVICE CLASS RTOS Condition cause : null
2024-04-17 16:28:33,911 [WARN] ConditionMgr:438 - getConditionDescription Invalid condition id : UX DEVICE CLASS RTOS Condition cause : null
2024-04-17 16:28:33,916 [WARN] PackLoader:240 - Cannot read IP mode file for STMicroelectronics.X-CUBE-AZRTOS-WB.2.0.0
2024-04-17 16:28:33,919 [WARN] ConditionMgr:1039 - genDependencies : Invalid condition id : UX DEVICE CLASS RTOS Condition cause : null
2024-04-17 16:28:33,920 [WARN] ConditionMgr:1039 - genDependencies : Invalid condition id : UX DEVICE CLASS RTOS Condition cause : null
2024-04-17 16:28:33,921 [WARN] ConditionMgr:1039 - genDependencies : Invalid condition id : UX DEVICE CLASS RTOS Condition cause : null
2024-04-17 16:28:33,922 [WARN] ConditionMgr:1039 - genDependencies : Invalid condition id : UX DEVICE CLASS RTOS Condition cause : null
2024-04-17 16:28:33,922 [WARN] ConditionMgr:1039 - genDependencies : Invalid condition id : UX DEVICE CLASS RTOS Condition cause : null
2024-04-17 16:28:33,928 [INFO] McuFinderGlobals:63 - Set McuFinder mode to 2 (CubeIDE integrated)
2024-04-17 16:28:33,935 [INFO] MainUpdater:2873 - connection check result : 10
2024-04-17 16:28:33,940 [WARN] PackLoader:240 - Cannot read IP mode file for STMicroelectronics.X-CUBE-SUBG2.5.0.0
2024-04-17 16:28:33,973 [WARN] PackLoader:240 - Cannot read IP mode file for STMicroelectronics.X-CUBE-AZRTOS-G4.2.0.0
2024-04-17 16:28:33,988 [WARN] PackLoader:240 - Cannot read IP mode file for STMicroelectronics.X-CUBE-ISPU.2.0.0
2024-04-17 16:28:34,060 [WARN] PackLoader:240 - Cannot read IP mode file for STMicroelectronics.X-CUBE-MEMS1.10.0.0
2024-04-17 16:28:34,365 [WARN] PackLoader:240 - Cannot read IP mode file for STMicroelectronics.X-CUBE-FREERTOS.1.1.0
2024-04-17 16:28:34,375 [WARN] PackLoader:240 - Cannot read IP mode file for portGmbH.I-Cube-SoM-uGOAL.1.1.0
2024-04-17 16:28:34,384 [WARN] PackLoader:240 - Cannot read IP mode file for STMicroelectronics.X-CUBE-ALS.1.0.1
2024-04-17 16:28:34,411 [WARN] PackLoader:240 - Cannot read IP mode file for STMicroelectronics.X-CUBE-AZRTOS-H7RS.1.0.0
2024-04-17 16:28:34,424 [WARN] PackLoader:240 - Cannot read IP mode file for STMicroelectronics.FP-ATR-ASTRA1.2.0.0
2024-04-17 16:28:34,447 [WARN] PackLoader:240 - Cannot read IP mode file for STMicroelectronics.X-CUBE-TOF1.3.4.1
2024-04-17 16:28:34,492 [WARN] PackLoader:240 - Cannot read IP mode file for STMicroelectronics.X-CUBE-AZRTOS-H7.3.2.0
2024-04-17 16:28:34,518 [WARN] PackLoader:240 - Cannot read IP mode file for Infineon.AIROC-Wi-Fi-Bluetooth-STM32.1.6.0
2024-04-17 16:28:34,533 [INFO] ThirdParty:978 - Integrity check success = true
2024-04-17 16:28:34,534 [INFO] IntegrityCheckThread:100 - exiting critical section [integrity check]
2024-04-17 16:28:34,534 [INFO] IntegrityCheckThread:103 - End integrity checks thread
2024-04-17 16:28:34,543 [INFO] ApiDb:581 - Connected to CubeFinder SQLite database (C:\Users\Yaroslav Ludchak\.stmcufinder\plugins\mcufinder\mcu\cube-finder-db.db)
2024-04-17 16:28:34,664 [INFO] ApiDb:668 - CubeFinder database Data Model version=2.1
2024-04-17 16:28:34,665 [INFO] ApiDb:669 - CubeFinder database Configuration version=3.0.39
2024-04-17 16:28:34,666 [INFO] ApiDb:670 - CubeFinder database generation date=2024-03-25 (1711369621)
2024-04-17 16:28:34,667 [INFO] ApiDb:671 - CubeFinder database FW Pack versions=[FP-ATR-ASTRA1_V2.0.0, FP-SNS-FLIGHT1_V5.0.1, FP-SNS-FLIGHT1_V5.0.2, FP-SNS-MOTENV1_V4.3.1, FP-SNS-MOTENV1_V4.3.2, FP-SNS-MOTENVWB1_V1.3.1, FP-SNS-SMARTAG2_V1.2.0, STM32Cube_FW_C0_V1.1.0, STM32Cube_FW_F4_V1.28.0, STM32Cube_FW_F7_V1.17.0, STM32Cube_FW_G0_V1.6.2, STM32Cube_FW_G4_V1.5.2, STM32Cube_FW_H5_V0.5.1, STM32Cube_FW_H5_V1.1.1, STM32Cube_FW_H5_V1.2.0, STM32Cube_FW_H5_V1.2.0RC4, STM32Cube_FW_H7RS_V1.0.0, STM32Cube_FW_H7RS_V1.0.0RC4, STM32Cube_FW_H7_V1.11.0, STM32Cube_FW_L0_V1.12.2, STM32Cube_FW_L5_V1.5.1, STM32Cube_FW_U0_V1.0.0, STM32Cube_FW_U0_V1.0.0RC1, STM32Cube_FW_U5_V1.3.0RC4, STM32Cube_FW_U5_V1.5.0, STM32Cube_FW_U5_V1.5.0RC1, STM32Cube_FW_WBA_V1.0.0RC1, STM32Cube_FW_WBA_V1.2.0, STM32Cube_FW_WBA_V1.2.0RC2, STM32Cube_FW_WBA_V1.3.0, STM32Cube_FW_WBA_V1.3.0RC1, STM32Cube_FW_WB_V1.15.0RC1, STM32Cube_FW_WB_V1.16.0, STM32Cube_FW_WB_V1.16.0RC2, STM32Cube_FW_WB_V1.18.0, STM32Cube_FW_WB_V1.19.0, STM32Cube_FW_WL_V1.3.0, X-CUBE-ALGOBUILD_V1.3.0, X-CUBE-ALS_V1.0.1, X-CUBE-AZRTOS-F4_V1.1.0, X-CUBE-AZRTOS-F7_V1.1.0, X-CUBE-AZRTOS-G0_V1.1.0, X-CUBE-AZRTOS-G4_V2.0.0, X-CUBE-AZRTOS-H7_V3.2.0, X-CUBE-AZRTOS-L4_V1.0.0, X-CUBE-AZRTOS-L4_V2.0.0, X-CUBE-AZRTOS-L5_V1.1.0, X-CUBE-AZRTOS-WB_V2.0.0, X-CUBE-AZRTOS-WL_V2.0.0, X-CUBE-BLE1_V7.0.0, X-CUBE-BLE2_V3.3.0, X-CUBE-BLEMGR_V3.1.0, X-CUBE-EEPRMA1_V4.1.0, X-CUBE-EEPRMA1_V5.1.0, X-CUBE-FREERTOS_V1.1.0, X-CUBE-GNSS1_V6.0.0, X-CUBE-MEMS1_V10.0.0, X-CUBE-MEMS1_V9.1.0, X-CUBE-MEMS1_V9.4.0, X-CUBE-MEMS1_V9.6.0, X-CUBE-NFC4_V3.0.0, X-CUBE-NFC7_V1.0.1, X-CUBE-SFXS2LP1_V4.0.0, X-CUBE-SUBG2_V5.0.0, X-CUBE-TOF1_V3.4.0]
2024-04-17 16:28:34,812 [INFO] DbBoardsSqlite:226 - include board P-NUCLEO-WB55-NUCLEO as a kit item of type 'Nucleo-64'
2024-04-17 16:28:34,814 [INFO] DbBoardsSqlite:226 - include board P-NUCLEO-WB55-USBDONGLE as a kit item of type 'Nucleo USB Dongle'
2024-04-17 16:28:34,815 [INFO] DbBoardsSqlite:226 - include board STEVAL-IDP005V1 as a kit item of type 'Evaluation Board'
2024-04-17 16:28:34,816 [INFO] DbBoardsSqlite:226 - include board STEVAL-IDP005V2 as a kit item of type 'Evaluation Board'
2024-04-17 16:28:34,934 [INFO] ApiDb:240 - Found 483 in-development CPN: [B-G473E-ZEST1S, B-WB1M-WPAN1, B-WL5M-SUBG1, NUCLEO-C031C6, NUCLEO-H503RB, NUCLEO-H533RE, NUCLEO-H563ZI, NUCLEO-H7S3L8, NUCLEO-U031R8, NUCLEO-U083RC, NUCLEO-U545RE-Q, NUCLEO-U5A5ZJ-Q, NUCLEO-WBA52CG, NUCLEO-WBA55CG, STEVAL-PROTEUS1, STEVAL-SMARTAG2, STEVAL-STWINBX1, STM320518-EVAL, STM32C0116-DK, STM32C011D6Y3TR, STM32C011D6Y6TR, STM32C011F4P3, STM32C011F4P6, STM32C011F4U3, STM32C011F4U6TR, STM32C011F6P3, STM32C011F6P6, STM32C011F6U3, STM32C011F6U6TR, STM32C011J4M3, STM32C011J4M6, STM32C011J6M3, STM32C011J6M6, STM32C0316-DK, STM32C031C4T3, STM32C031C4T6, STM32C031C4U3, STM32C031C4U6, STM32C031C6T3, STM32C031C6T6, STM32C031C6U3, STM32C031C6U6, STM32C031F4P3, STM32C031F4P6, STM32C031F6P3, STM32C031F6P6, STM32C031G4U3, STM32C031G4U6, STM32C031G6U3, STM32C031G6U6, STM32C031K4T3, STM32C031K4T6, STM32C031K4U3, STM32C031K4U6, STM32C031K6T3, STM32C031K6T6, STM32C031K6U3, STM32C031K6U6, STM32G071K8TXN, STM32G071K8UXN, STM32G081GBU6N, STM32G081KBT6N, STM32G081KBUXN, STM32G0B1CCT6N, STM32G0B1KCT6, STM32G0B1NEY6TR, STM32G0B1RCT6N, STM32G0C1CCT6, STM32G0C1CCT6N, STM32G0C1CCU6N, STM32G0C1CET6N, STM32G0C1CEU6N, STM32G0C1KCT6, STM32G0C1NEY6TR, STM32G0C1RCI6N, STM32G0C1RCT6N, STM32G0C1REI6N, STM32G0C1RET6N, STM32G0C1VCI6, STM32G0C1VEI6, STM32G471CCT6, STM32G471CCU6, STM32G471CET3, STM32G471CET6, STM32G471CEU3, STM32G471CEU6, STM32G471MCT6, STM32G471MET3, STM32G471MET6, STM32G471MEY6TR, STM32G471QCT6, STM32G471QET3, STM32G471RCT6, STM32G471RET3, STM32G471RET6, STM32G471VCH6, STM32G471VCI6, STM32G471VCT6, STM32G471VEH3, STM32G471VEH6, STM32G471VEI3, STM32G471VEI6, STM32G471VET3, STM32G471VET6, STM32G474CCT6, STM32H503CBT6, STM32H503CBU6, STM32H503EBY6TR, STM32H503KBU6, STM32H503RBT6, STM32H523CCT6, STM32H523CCU6, STM32H523CET6, STM32H523CEU6, STM32H523HEY6TR, STM32H523RCT6, STM32H523RET6, STM32H523VCI6, STM32H523VCT6, STM32H523VEI6, STM32H523VET6, STM32H523ZCJ6, STM32H523ZCT6, STM32H523ZEJ6, STM32H523ZET6, STM32H533CET6, STM32H533CEU6, STM32H533HEY6TR, STM32H533RET6, STM32H533VEI6, STM32H533VET6, STM32H533ZEJ6, STM32H533ZET6, STM32H562AGI6, STM32H562AII6, STM32H562IGK6, STM32H562IGT6, STM32H562IIK6, STM32H562IIT6, STM32H562RGT6, STM32H562RGV6, STM32H562RIT6, STM32H562RIV6, STM32H562VGT6, STM32H562VIT6, STM32H562ZGT6, STM32H562ZIT6, STM32H563AGI6, STM32H563AII3Q, STM32H563AII6, STM32H563IGK6, STM32H563IGT6, STM32H563IIK3Q, STM32H563IIK6, STM32H563IIT3Q, STM32H563IIT6, STM32H563MIY3QTR, STM32H563RGT6, STM32H563RGV6, STM32H563RIT6, STM32H563RIV6, STM32H563VGT6, STM32H563VIT3Q, STM32H563VIT6, STM32H563ZGT6, STM32H563ZIT3Q, STM32H563ZIT6, STM32H573AII3Q, STM32H573AII6, STM32H573I-DK, STM32H573IIK3Q, STM32H573IIK6, STM32H573IIT3Q, STM32H573IIT6, STM32H573MIY3QTR, STM32H573RIT6, STM32H573RIV6, STM32H573VIT3Q, STM32H573VIT6, STM32H573ZIT3Q, STM32H573ZIT6, STM32H7R3A8I6, STM32H7R3I8K6, STM32H7R3I8T6, STM32H7R3L8H6, STM32H7R3L8H6H, STM32H7R3R8V6, STM32H7R3V8H6, STM32H7R3V8T6, STM32H7R3V8Y6, STM32H7R3Z8J6, STM32H7R3Z8T6, STM32H7R7A8I6, STM32H7R7I8K6, STM32H7R7I8T6, STM32H7R7L8H6, STM32H7R7L8H6H, STM32H7R7Z8J6, STM32H7S3A8I6, STM32H7S3I8K6, STM32H7S3I8T6, STM32H7S3L8H6, STM32H7S3L8H6H, STM32H7S3R8V6, STM32H7S3V8H6, STM32H7S3V8T6, STM32H7S3V8Y6, STM32H7S3Z8J6, STM32H7S3Z8T6, STM32H7S78-DK, STM32H7S7A8I6, STM32H7S7I8K6, STM32H7S7I8T6, STM32H7S7L8H6, STM32H7S7L8H6H, STM32H7S7Z8J6, STM32L4R5QGI6STR, STM32MP131AAE3, STM32MP131AAF3, STM32MP131AAG3, STM32MP131CAE3, STM32MP131CAF3, STM32MP131CAG3, STM32MP131DAE7, STM32MP131DAF7, STM32MP131DAG7, STM32MP131FAE7, STM32MP131FAF7, STM32MP131FAG7, STM32MP133AAE3, STM32MP133AAF3, STM32MP133AAG3, STM32MP133CAE3, STM32MP133CAF3, STM32MP133CAG3, STM32MP133DAE7, STM32MP133DAF7, STM32MP133DAG7, STM32MP133FAE7, STM32MP133FAF7, STM32MP133FAG7, STM32MP135AAE3, STM32MP135AAF3, STM32MP135AAG3, STM32MP135CAE3, STM32MP135CAF3, STM32MP135CAG3, STM32MP135DAE7, STM32MP135DAF7, STM32MP135DAG7, STM32MP135F-DK, STM32MP135FAE7, STM32MP135FAF7, STM32MP135FAF7T, STM32MP135FAF7U, STM32MP135FAG7, STM32U031C6T6, STM32U031C6U6, STM32U031C8T6, STM32U031C8U6, STM32U031F4P6, STM32U031F6P6, STM32U031F8P6, STM32U031G6Y6TR, STM32U031G8Y6TR, STM32U031K4U6, STM32U031K6U6, STM32U031K8U6, STM32U031R6I6, STM32U031R6T6, STM32U031R8I6, STM32U031R8T6, STM32U073C8T6, STM32U073C8U6, STM32U073CBT6, STM32U073CBU6, STM32U073CCT6, STM32U073CCU6, STM32U073H8Y6TR, STM32U073HBY6TR, STM32U073HCY6TR, STM32U073K8U6, STM32U073KBU6, STM32U073KCU6, STM32U073M8I6, STM32U073M8T6, STM32U073MBI6, STM32U073MBT6, STM32U073MCI6, STM32U073MCT6, STM32U073R8I6, STM32U073R8T6, STM32U073RBI6, STM32U073RBT6, STM32U073RCI6, STM32U073RCT6, STM32U083C-DK, STM32U083CCT6, STM32U083CCU6, STM32U083HCY6TR, STM32U083KCU6, STM32U083MCI6, STM32U083MCT6, STM32U083RCI6, STM32U083RCT6, STM32U535CBT6, STM32U535CBT6Q, STM32U535CBU6, STM32U535CBU6Q, STM32U535CCT6, STM32U535CCT6Q, STM32U535CCU6, STM32U535CCU6Q, STM32U535CET6, STM32U535CET6Q, STM32U535CEU6, STM32U535CEU6Q, STM32U535JEY6QTR, STM32U535NCY6QTR, STM32U535NEY6QTR, STM32U535RBI6, STM32U535RBI6Q, STM32U535RBT6, STM32U535RBT6Q, STM32U535RCI6, STM32U535RCI6Q, STM32U535RCT6, STM32U535RCT6Q, STM32U535REI6, STM32U535REI6Q, STM32U535RET6, STM32U535RET6Q, STM32U535VCI6, STM32U535VCI6Q, STM32U535VCT6, STM32U535VCT6Q, STM32U535VEI6, STM32U535VEI6Q, STM32U535VET6, STM32U535VET6Q, STM32U545CET6, STM32U545CET6Q, STM32U545CEU6, STM32U545CEU6Q, STM32U545JEY6QTR, STM32U545NEY6QTR, STM32U545REI6, STM32U545REI6Q, STM32U545RET6, STM32U545RET6Q, STM32U545VEI6, STM32U545VEI6Q, STM32U545VET6, STM32U545VET6Q, STM32U595AIH6, STM32U595AIH6Q, STM32U595AJH6, STM32U595AJH6Q, STM32U595QII6, STM32U595QII6Q, STM32U595QJI6, STM32U595QJI6Q, STM32U595RIT6, STM32U595RIT6Q, STM32U595RJT6, STM32U595RJT6Q, STM32U595VIT6, STM32U595VIT6Q, STM32U595VJT6, STM32U595VJT6Q, STM32U595ZIT6, STM32U595ZIT6Q, STM32U595ZIY6QTR, STM32U595ZJT6, STM32U595ZJT6Q, STM32U595ZJY6QTR, STM32U599BJY6QTR, STM32U599NIH6Q, STM32U599NJH6Q, STM32U599VIT6Q, STM32U599VJT6, STM32U599VJT6Q, STM32U599ZIT6Q, STM32U599ZIY6QTR, STM32U599ZJT6Q, STM32U599ZJY6QTR, STM32U5A5AJH6, STM32U5A5AJH6Q, STM32U5A5QII3Q , STM32U5A5QJI6, STM32U5A5QJI6Q, STM32U5A5RJT6, STM32U5A5RJT6Q, STM32U5A5VJT6, STM32U5A5VJT6Q, STM32U5A5ZJT6, STM32U5A5ZJT6Q, STM32U5A5ZJY6QTR, STM32U5A9BJY6QTR, STM32U5A9J-DK, STM32U5A9NJH6Q, STM32U5A9VJT6Q, STM32U5A9ZJT6Q, STM32U5A9ZJY6QTR, STM32U5F7VIT6, STM32U5F7VIT6Q, STM32U5F7VJT6, STM32U5F7VJT6Q, STM32U5F9BJY6QTR, STM32U5F9NJH6Q, STM32U5F9VIT6Q, STM32U5F9VJT6Q, STM32U5F9ZIJ6QTR, STM32U5F9ZIT6Q, STM32U5F9ZJJ6QTR, STM32U5F9ZJT6Q, STM32U5G7VJT6, STM32U5G7VJT6Q, STM32U5G9BJY6QTR, STM32U5G9J-DK1, STM32U5G9J-DK2, STM32U5G9NJH6Q, STM32U5G9VJT6Q, STM32U5G9ZJJ6QTR, STM32U5G9ZJT6Q, STM32WB1MMCH6, STM32WBA50KEU6, STM32WBA50KEU6TR, STM32WBA50KGU6, STM32WBA50KGU6TR, STM32WBA52CEU6, STM32WBA52CEU6TR, STM32WBA52CEU7, STM32WBA52CEU7TR, STM32WBA52CGU6, STM32WBA52CGU6TR, STM32WBA52CGU6U, STM32WBA52CGU7, STM32WBA52CGU7TR, STM32WBA52KEU6, STM32WBA52KEU6TR, STM32WBA52KGU6, STM32WBA52KGU6TR, STM32WBA54CEU6, STM32WBA54CEU6TR, STM32WBA54CEU7, STM32WBA54CEU7TR, STM32WBA54CGU6, STM32WBA54CGU6TR, STM32WBA54CGU7, STM32WBA54CGU7TR, STM32WBA54KEU6, STM32WBA54KEU6TR, STM32WBA54KEU7, STM32WBA54KEU7TR, STM32WBA54KGU6, STM32WBA54KGU6TR, STM32WBA54KGU7, STM32WBA54KGU7TR, STM32WBA55CEU6, STM32WBA55CEU6TR, STM32WBA55CEU7, STM32WBA55CEU7TR, STM32WBA55CGU6, STM32WBA55CGU6TR, STM32WBA55CGU6U, STM32WBA55CGU7, STM32WBA55CGU7TR, STM32WBA55G-DK1, STM32WBA55HEF6, STM32WBA55HEF7, STM32WBA55HGF6, STM32WBA55HGF7, STM32WBA55UEI6, STM32WBA55UEI6TR, STM32WBA55UEI7, STM32WBA55UEI7TR, STM32WBA55UGI6, STM32WBA55UGI6TR, STM32WBA55UGI7, STM32WBA55UGI7TR, STM32WL5MOCH6, STM32WL5MOCH6TR]
2024-04-17 16:28:35,150 [INFO] BoardInfo:889 - No configuration file found for board P-NUCLEO-WB55
2024-04-17 16:28:35,150 [INFO] DbBoards:161 - Kit is not supported: P-NUCLEO-WB55
2024-04-17 16:28:35,158 [INFO] BoardInfo:889 - No configuration file found for board STEVAL-BFA001V1B
2024-04-17 16:28:35,159 [INFO] DbBoards:161 - Kit is not supported: STEVAL-BFA001V1B
2024-04-17 16:28:35,161 [INFO] BoardInfo:889 - No configuration file found for board STEVAL-BFA001V2B
2024-04-17 16:28:35,162 [INFO] DbBoards:161 - Kit is not supported: STEVAL-BFA001V2B
2024-04-17 16:28:35,467 [INFO] DbBoards:168 - Found 199 boards, 196 are supported
2024-04-17 16:28:35,467 [INFO] DbBoards:169 - Found 199 boards, 8 of them is supported for  Bsp
2024-04-17 16:28:35,479 [INFO] ApiDb:668 - CubeFinder database Data Model version=2.1
2024-04-17 16:28:35,480 [INFO] ApiDb:669 - CubeFinder database Configuration version=3.0.39
2024-04-17 16:28:35,480 [INFO] ApiDb:670 - CubeFinder database generation date=2024-03-25 (1711369621)
2024-04-17 16:28:35,481 [INFO] ApiDb:671 - CubeFinder database FW Pack versions=[FP-ATR-ASTRA1_V2.0.0, FP-SNS-FLIGHT1_V5.0.1, FP-SNS-FLIGHT1_V5.0.2, FP-SNS-MOTENV1_V4.3.1, FP-SNS-MOTENV1_V4.3.2, FP-SNS-MOTENVWB1_V1.3.1, FP-SNS-SMARTAG2_V1.2.0, STM32Cube_FW_C0_V1.1.0, STM32Cube_FW_F4_V1.28.0, STM32Cube_FW_F7_V1.17.0, STM32Cube_FW_G0_V1.6.2, STM32Cube_FW_G4_V1.5.2, STM32Cube_FW_H5_V0.5.1, STM32Cube_FW_H5_V1.1.1, STM32Cube_FW_H5_V1.2.0, STM32Cube_FW_H5_V1.2.0RC4, STM32Cube_FW_H7RS_V1.0.0, STM32Cube_FW_H7RS_V1.0.0RC4, STM32Cube_FW_H7_V1.11.0, STM32Cube_FW_L0_V1.12.2, STM32Cube_FW_L5_V1.5.1, STM32Cube_FW_U0_V1.0.0, STM32Cube_FW_U0_V1.0.0RC1, STM32Cube_FW_U5_V1.3.0RC4, STM32Cube_FW_U5_V1.5.0, STM32Cube_FW_U5_V1.5.0RC1, STM32Cube_FW_WBA_V1.0.0RC1, STM32Cube_FW_WBA_V1.2.0, STM32Cube_FW_WBA_V1.2.0RC2, STM32Cube_FW_WBA_V1.3.0, STM32Cube_FW_WBA_V1.3.0RC1, STM32Cube_FW_WB_V1.15.0RC1, STM32Cube_FW_WB_V1.16.0, STM32Cube_FW_WB_V1.16.0RC2, STM32Cube_FW_WB_V1.18.0, STM32Cube_FW_WB_V1.19.0, STM32Cube_FW_WL_V1.3.0, X-CUBE-ALGOBUILD_V1.3.0, X-CUBE-ALS_V1.0.1, X-CUBE-AZRTOS-F4_V1.1.0, X-CUBE-AZRTOS-F7_V1.1.0, X-CUBE-AZRTOS-G0_V1.1.0, X-CUBE-AZRTOS-G4_V2.0.0, X-CUBE-AZRTOS-H7_V3.2.0, X-CUBE-AZRTOS-L4_V1.0.0, X-CUBE-AZRTOS-L4_V2.0.0, X-CUBE-AZRTOS-L5_V1.1.0, X-CUBE-AZRTOS-WB_V2.0.0, X-CUBE-AZRTOS-WL_V2.0.0, X-CUBE-BLE1_V7.0.0, X-CUBE-BLE2_V3.3.0, X-CUBE-BLEMGR_V3.1.0, X-CUBE-EEPRMA1_V4.1.0, X-CUBE-EEPRMA1_V5.1.0, X-CUBE-FREERTOS_V1.1.0, X-CUBE-GNSS1_V6.0.0, X-CUBE-MEMS1_V10.0.0, X-CUBE-MEMS1_V9.1.0, X-CUBE-MEMS1_V9.4.0, X-CUBE-MEMS1_V9.6.0, X-CUBE-NFC4_V3.0.0, X-CUBE-NFC7_V1.0.1, X-CUBE-SFXS2LP1_V4.0.0, X-CUBE-SUBG2_V5.0.0, X-CUBE-TOF1_V3.4.0]
2024-04-17 16:28:40,016 [INFO] ApiDb:240 - Found 483 in-development CPN: [B-G473E-ZEST1S, B-WB1M-WPAN1, B-WL5M-SUBG1, NUCLEO-C031C6, NUCLEO-H503RB, NUCLEO-H533RE, NUCLEO-H563ZI, NUCLEO-H7S3L8, NUCLEO-U031R8, NUCLEO-U083RC, NUCLEO-U545RE-Q, NUCLEO-U5A5ZJ-Q, NUCLEO-WBA52CG, NUCLEO-WBA55CG, STEVAL-PROTEUS1, STEVAL-SMARTAG2, STEVAL-STWINBX1, STM320518-EVAL, STM32C0116-DK, STM32C011D6Y3TR, STM32C011D6Y6TR, STM32C011F4P3, STM32C011F4P6, STM32C011F4U3, STM32C011F4U6TR, STM32C011F6P3, STM32C011F6P6, STM32C011F6U3, STM32C011F6U6TR, STM32C011J4M3, STM32C011J4M6, STM32C011J6M3, STM32C011J6M6, STM32C0316-DK, STM32C031C4T3, STM32C031C4T6, STM32C031C4U3, STM32C031C4U6, STM32C031C6T3, STM32C031C6T6, STM32C031C6U3, STM32C031C6U6, STM32C031F4P3, STM32C031F4P6, STM32C031F6P3, STM32C031F6P6, STM32C031G4U3, STM32C031G4U6, STM32C031G6U3, STM32C031G6U6, STM32C031K4T3, STM32C031K4T6, STM32C031K4U3, STM32C031K4U6, STM32C031K6T3, STM32C031K6T6, STM32C031K6U3, STM32C031K6U6, STM32G071K8TXN, STM32G071K8UXN, STM32G081GBU6N, STM32G081KBT6N, STM32G081KBUXN, STM32G0B1CCT6N, STM32G0B1KCT6, STM32G0B1NEY6TR, STM32G0B1RCT6N, STM32G0C1CCT6, STM32G0C1CCT6N, STM32G0C1CCU6N, STM32G0C1CET6N, STM32G0C1CEU6N, STM32G0C1KCT6, STM32G0C1NEY6TR, STM32G0C1RCI6N, STM32G0C1RCT6N, STM32G0C1REI6N, STM32G0C1RET6N, STM32G0C1VCI6, STM32G0C1VEI6, STM32G471CCT6, STM32G471CCU6, STM32G471CET3, STM32G471CET6, STM32G471CEU3, STM32G471CEU6, STM32G471MCT6, STM32G471MET3, STM32G471MET6, STM32G471MEY6TR, STM32G471QCT6, STM32G471QET3, STM32G471RCT6, STM32G471RET3, STM32G471RET6, STM32G471VCH6, STM32G471VCI6, STM32G471VCT6, STM32G471VEH3, STM32G471VEH6, STM32G471VEI3, STM32G471VEI6, STM32G471VET3, STM32G471VET6, STM32G474CCT6, STM32H503CBT6, STM32H503CBU6, STM32H503EBY6TR, STM32H503KBU6, STM32H503RBT6, STM32H523CCT6, STM32H523CCU6, STM32H523CET6, STM32H523CEU6, STM32H523HEY6TR, STM32H523RCT6, STM32H523RET6, STM32H523VCI6, STM32H523VCT6, STM32H523VEI6, STM32H523VET6, STM32H523ZCJ6, STM32H523ZCT6, STM32H523ZEJ6, STM32H523ZET6, STM32H533CET6, STM32H533CEU6, STM32H533HEY6TR, STM32H533RET6, STM32H533VEI6, STM32H533VET6, STM32H533ZEJ6, STM32H533ZET6, STM32H562AGI6, STM32H562AII6, STM32H562IGK6, STM32H562IGT6, STM32H562IIK6, STM32H562IIT6, STM32H562RGT6, STM32H562RGV6, STM32H562RIT6, STM32H562RIV6, STM32H562VGT6, STM32H562VIT6, STM32H562ZGT6, STM32H562ZIT6, STM32H563AGI6, STM32H563AII3Q, STM32H563AII6, STM32H563IGK6, STM32H563IGT6, STM32H563IIK3Q, STM32H563IIK6, STM32H563IIT3Q, STM32H563IIT6, STM32H563MIY3QTR, STM32H563RGT6, STM32H563RGV6, STM32H563RIT6, STM32H563RIV6, STM32H563VGT6, STM32H563VIT3Q, STM32H563VIT6, STM32H563ZGT6, STM32H563ZIT3Q, STM32H563ZIT6, STM32H573AII3Q, STM32H573AII6, STM32H573I-DK, STM32H573IIK3Q, STM32H573IIK6, STM32H573IIT3Q, STM32H573IIT6, STM32H573MIY3QTR, STM32H573RIT6, STM32H573RIV6, STM32H573VIT3Q, STM32H573VIT6, STM32H573ZIT3Q, STM32H573ZIT6, STM32H7R3A8I6, STM32H7R3I8K6, STM32H7R3I8T6, STM32H7R3L8H6, STM32H7R3L8H6H, STM32H7R3R8V6, STM32H7R3V8H6, STM32H7R3V8T6, STM32H7R3V8Y6, STM32H7R3Z8J6, STM32H7R3Z8T6, STM32H7R7A8I6, STM32H7R7I8K6, STM32H7R7I8T6, STM32H7R7L8H6, STM32H7R7L8H6H, STM32H7R7Z8J6, STM32H7S3A8I6, STM32H7S3I8K6, STM32H7S3I8T6, STM32H7S3L8H6, STM32H7S3L8H6H, STM32H7S3R8V6, STM32H7S3V8H6, STM32H7S3V8T6, STM32H7S3V8Y6, STM32H7S3Z8J6, STM32H7S3Z8T6, STM32H7S78-DK, STM32H7S7A8I6, STM32H7S7I8K6, STM32H7S7I8T6, STM32H7S7L8H6, STM32H7S7L8H6H, STM32H7S7Z8J6, STM32L4R5QGI6STR, STM32MP131AAE3, STM32MP131AAF3, STM32MP131AAG3, STM32MP131CAE3, STM32MP131CAF3, STM32MP131CAG3, STM32MP131DAE7, STM32MP131DAF7, STM32MP131DAG7, STM32MP131FAE7, STM32MP131FAF7, STM32MP131FAG7, STM32MP133AAE3, STM32MP133AAF3, STM32MP133AAG3, STM32MP133CAE3, STM32MP133CAF3, STM32MP133CAG3, STM32MP133DAE7, STM32MP133DAF7, STM32MP133DAG7, STM32MP133FAE7, STM32MP133FAF7, STM32MP133FAG7, STM32MP135AAE3, STM32MP135AAF3, STM32MP135AAG3, STM32MP135CAE3, STM32MP135CAF3, STM32MP135CAG3, STM32MP135DAE7, STM32MP135DAF7, STM32MP135DAG7, STM32MP135F-DK, STM32MP135FAE7, STM32MP135FAF7, STM32MP135FAF7T, STM32MP135FAF7U, STM32MP135FAG7, STM32U031C6T6, STM32U031C6U6, STM32U031C8T6, STM32U031C8U6, STM32U031F4P6, STM32U031F6P6, STM32U031F8P6, STM32U031G6Y6TR, STM32U031G8Y6TR, STM32U031K4U6, STM32U031K6U6, STM32U031K8U6, STM32U031R6I6, STM32U031R6T6, STM32U031R8I6, STM32U031R8T6, STM32U073C8T6, STM32U073C8U6, STM32U073CBT6, STM32U073CBU6, STM32U073CCT6, STM32U073CCU6, STM32U073H8Y6TR, STM32U073HBY6TR, STM32U073HCY6TR, STM32U073K8U6, STM32U073KBU6, STM32U073KCU6, STM32U073M8I6, STM32U073M8T6, STM32U073MBI6, STM32U073MBT6, STM32U073MCI6, STM32U073MCT6, STM32U073R8I6, STM32U073R8T6, STM32U073RBI6, STM32U073RBT6, STM32U073RCI6, STM32U073RCT6, STM32U083C-DK, STM32U083CCT6, STM32U083CCU6, STM32U083HCY6TR, STM32U083KCU6, STM32U083MCI6, STM32U083MCT6, STM32U083RCI6, STM32U083RCT6, STM32U535CBT6, STM32U535CBT6Q, STM32U535CBU6, STM32U535CBU6Q, STM32U535CCT6, STM32U535CCT6Q, STM32U535CCU6, STM32U535CCU6Q, STM32U535CET6, STM32U535CET6Q, STM32U535CEU6, STM32U535CEU6Q, STM32U535JEY6QTR, STM32U535NCY6QTR, STM32U535NEY6QTR, STM32U535RBI6, STM32U535RBI6Q, STM32U535RBT6, STM32U535RBT6Q, STM32U535RCI6, STM32U535RCI6Q, STM32U535RCT6, STM32U535RCT6Q, STM32U535REI6, STM32U535REI6Q, STM32U535RET6, STM32U535RET6Q, STM32U535VCI6, STM32U535VCI6Q, STM32U535VCT6, STM32U535VCT6Q, STM32U535VEI6, STM32U535VEI6Q, STM32U535VET6, STM32U535VET6Q, STM32U545CET6, STM32U545CET6Q, STM32U545CEU6, STM32U545CEU6Q, STM32U545JEY6QTR, STM32U545NEY6QTR, STM32U545REI6, STM32U545REI6Q, STM32U545RET6, STM32U545RET6Q, STM32U545VEI6, STM32U545VEI6Q, STM32U545VET6, STM32U545VET6Q, STM32U595AIH6, STM32U595AIH6Q, STM32U595AJH6, STM32U595AJH6Q, STM32U595QII6, STM32U595QII6Q, STM32U595QJI6, STM32U595QJI6Q, STM32U595RIT6, STM32U595RIT6Q, STM32U595RJT6, STM32U595RJT6Q, STM32U595VIT6, STM32U595VIT6Q, STM32U595VJT6, STM32U595VJT6Q, STM32U595ZIT6, STM32U595ZIT6Q, STM32U595ZIY6QTR, STM32U595ZJT6, STM32U595ZJT6Q, STM32U595ZJY6QTR, STM32U599BJY6QTR, STM32U599NIH6Q, STM32U599NJH6Q, STM32U599VIT6Q, STM32U599VJT6, STM32U599VJT6Q, STM32U599ZIT6Q, STM32U599ZIY6QTR, STM32U599ZJT6Q, STM32U599ZJY6QTR, STM32U5A5AJH6, STM32U5A5AJH6Q, STM32U5A5QII3Q , STM32U5A5QJI6, STM32U5A5QJI6Q, STM32U5A5RJT6, STM32U5A5RJT6Q, STM32U5A5VJT6, STM32U5A5VJT6Q, STM32U5A5ZJT6, STM32U5A5ZJT6Q, STM32U5A5ZJY6QTR, STM32U5A9BJY6QTR, STM32U5A9J-DK, STM32U5A9NJH6Q, STM32U5A9VJT6Q, STM32U5A9ZJT6Q, STM32U5A9ZJY6QTR, STM32U5F7VIT6, STM32U5F7VIT6Q, STM32U5F7VJT6, STM32U5F7VJT6Q, STM32U5F9BJY6QTR, STM32U5F9NJH6Q, STM32U5F9VIT6Q, STM32U5F9VJT6Q, STM32U5F9ZIJ6QTR, STM32U5F9ZIT6Q, STM32U5F9ZJJ6QTR, STM32U5F9ZJT6Q, STM32U5G7VJT6, STM32U5G7VJT6Q, STM32U5G9BJY6QTR, STM32U5G9J-DK1, STM32U5G9J-DK2, STM32U5G9NJH6Q, STM32U5G9VJT6Q, STM32U5G9ZJJ6QTR, STM32U5G9ZJT6Q, STM32WB1MMCH6, STM32WBA50KEU6, STM32WBA50KEU6TR, STM32WBA50KGU6, STM32WBA50KGU6TR, STM32WBA52CEU6, STM32WBA52CEU6TR, STM32WBA52CEU7, STM32WBA52CEU7TR, STM32WBA52CGU6, STM32WBA52CGU6TR, STM32WBA52CGU6U, STM32WBA52CGU7, STM32WBA52CGU7TR, STM32WBA52KEU6, STM32WBA52KEU6TR, STM32WBA52KGU6, STM32WBA52KGU6TR, STM32WBA54CEU6, STM32WBA54CEU6TR, STM32WBA54CEU7, STM32WBA54CEU7TR, STM32WBA54CGU6, STM32WBA54CGU6TR, STM32WBA54CGU7, STM32WBA54CGU7TR, STM32WBA54KEU6, STM32WBA54KEU6TR, STM32WBA54KEU7, STM32WBA54KEU7TR, STM32WBA54KGU6, STM32WBA54KGU6TR, STM32WBA54KGU7, STM32WBA54KGU7TR, STM32WBA55CEU6, STM32WBA55CEU6TR, STM32WBA55CEU7, STM32WBA55CEU7TR, STM32WBA55CGU6, STM32WBA55CGU6TR, STM32WBA55CGU6U, STM32WBA55CGU7, STM32WBA55CGU7TR, STM32WBA55G-DK1, STM32WBA55HEF6, STM32WBA55HEF7, STM32WBA55HGF6, STM32WBA55HGF7, STM32WBA55UEI6, STM32WBA55UEI6TR, STM32WBA55UEI7, STM32WBA55UEI7TR, STM32WBA55UGI6, STM32WBA55UGI6TR, STM32WBA55UGI7, STM32WBA55UGI7TR, STM32WL5MOCH6, STM32WL5MOCH6TR]
2024-04-17 16:28:40,030 [INFO] DbMcus:218 - Found 4094 MCUs, 4094 are supported
2024-04-17 16:28:40,032 [INFO] ApiDb:423 - Load user favorites file C:\Users\Yaroslav Ludchak/.stm32cubeide/favorites.mcus.txt: 0 item(s)
2024-04-17 16:28:40,032 [INFO] ApiDb:427 - User favorites MCUs=[]
2024-04-17 16:28:40,032 [INFO] DbMcus:224 - Set 0 / 0 favorites MCUs
2024-04-17 16:28:40,661 [INFO] ApiDb:414 - User favorites file not found: C:\Users\Yaroslav Ludchak/.stm32cubeide/favorites.boards.txt
2024-04-17 16:28:40,662 [INFO] DbBoards:198 - Set 0 / 0 favorites Boards
2024-04-17 16:28:40,663 [INFO] McuFinderGlobals:76 - Set McuFinderConnectedMode to true
2024-04-17 16:28:40,674 [INFO] MultiScanPanel:200 - Auto-refresh data requested => check proxy status ongoing
2024-04-17 16:28:40,680 [INFO] FinderPluginLoader:95 - Searching for filters in installed packs
2024-04-17 16:28:43,043 [INFO] LoadUrlFilesThread:185 - End of LoadServerUrlFiles without Thread
2024-04-17 16:28:43,059 [INFO] DetailPanel:341 - Set advertising image to C:/Users/Yaroslav Ludchak/STM32Cube/Repository/\en.prom-stm32wl3-mcu-finder.jpg
2024-04-17 16:29:36,833 [INFO] MainUpdater:2873 - connection check result : 10
2024-04-17 16:29:36,833 [INFO] MainUpdater:2873 - connection check result : 10
2024-04-17 16:29:36,859 [INFO] MicroXplorer:468 - Change Database Path : 
2024-04-17 16:29:36,860 [INFO] MicroXplorer:498 - Change Database Version : DB.6.0.110
2024-04-17 16:29:36,869 [WARN] ThirdParty:871 - waiting for thirdparty lock release [close project]
2024-04-17 16:29:36,870 [INFO] ThirdParty:873 - entering critical section [close project]
2024-04-17 16:29:36,871 [INFO] ThirdParty:883 - exiting critical section [close project]
2024-04-17 16:29:36,877 [INFO] PinOutPanel:1561 - setPackage(No Configuration,No Configuration)
2024-04-17 16:29:36,884 [INFO] UtilMem:75 - Begin LoadConfig() Used Memory: 635170384 Bytes (891289600)
2024-04-17 16:29:36,886 [INFO] MicroXplorer:468 - Change Database Path : 
2024-04-17 16:29:36,887 [INFO] MicroXplorer:498 - Change Database Version : DB.6.0.110
2024-04-17 16:29:36,887 [INFO] OpenFileManager:312 - Change cursor
2024-04-17 16:29:36,974 [INFO] Mcu:2021 - Initializing MCU STM32F103C8Tx STM32F103C8Tx STM32F103C8T6
2024-04-17 16:29:38,365 [INFO] Context:663 - Trying to add GPIOservice into a context  which must be forbidden
2024-04-17 16:29:38,689 [INFO] ImportTextPane:194 - (OptionalMessage_ERROR) Unable to find key (Mcu.ThirdPartyNb) in loaded IOC file
2024-04-17 16:29:38,689 [INFO] ImportTextPane:194 - (OptionalMessage_ERROR) Unable to find key (Mcu.PinsNb) in loaded IOC file
2024-04-17 16:29:38,689 [INFO] ImportTextPane:194 - (OptionalMessage_ERROR) Unable to find key (Mcu.IPNb) in loaded IOC file
2024-04-17 16:29:38,773 [INFO] RtosManager:555 - Registered RTOS mode: class=CMSIS, group=RTOS, mode=CMSIS_V1, owner=FREERTOS
2024-04-17 16:29:38,774 [INFO] RtosManager:555 - Registered RTOS mode: class=CMSIS, group=RTOS2, mode=CMSIS_V2, owner=FREERTOS
2024-04-17 16:29:38,774 [INFO] RtosManager:555 - Registered RTOS mode: class=RTOS, group=Core, mode=CMSIS_V1, owner=FREERTOS
2024-04-17 16:29:38,774 [INFO] RtosManager:555 - Registered RTOS mode: class=RTOS, group=Core, mode=CMSIS_V2, owner=FREERTOS
2024-04-17 16:29:38,774 [WARN] ModelIntegratedComponent:184 - Missing modes for component STMicroelectronics:FreeRTOS:0.0.1:STMicroelectronics:RTOS:FreeRTOS:Core:::10.2.0:
2024-04-17 16:29:38,793 [WARN] ModelIntegratedComponent:63 - No mode defined for component null
2024-04-17 16:29:38,793 [WARN] ModelIntegratedComponent:63 - No mode defined for component null
2024-04-17 16:29:38,793 [WARN] ModelIntegratedComponent:63 - No mode defined for component null
2024-04-17 16:29:38,793 [WARN] ModelIntegratedComponent:63 - No mode defined for component null
2024-04-17 16:29:38,794 [WARN] ModelIntegratedComponent:63 - No mode defined for component null
2024-04-17 16:29:38,794 [WARN] ModelIntegratedComponent:63 - No mode defined for component null
2024-04-17 16:29:38,794 [WARN] ModelIntegratedComponent:63 - No mode defined for component null
2024-04-17 16:29:38,794 [WARN] ModelIntegratedComponent:63 - No mode defined for component null
2024-04-17 16:29:38,794 [WARN] ModelIntegratedComponent:63 - No mode defined for component null
2024-04-17 16:29:38,794 [WARN] ModelIntegratedComponent:63 - No mode defined for component null
2024-04-17 16:29:38,794 [WARN] ModelIntegratedComponent:63 - No mode defined for component null
2024-04-17 16:29:38,794 [WARN] ModelIntegratedComponent:63 - No mode defined for component null
2024-04-17 16:29:38,794 [WARN] ModelIntegratedComponent:63 - No mode defined for component null
2024-04-17 16:29:38,794 [WARN] ModelIntegratedComponent:63 - No mode defined for component null
2024-04-17 16:29:38,794 [WARN] ModelIntegratedComponent:63 - No mode defined for component null
2024-04-17 16:29:38,794 [WARN] ModelIntegratedComponent:63 - No mode defined for component null
2024-04-17 16:29:38,795 [WARN] ModelIntegratedComponent:63 - No mode defined for component null
2024-04-17 16:29:38,795 [WARN] ModelIntegratedComponent:63 - No mode defined for component null
2024-04-17 16:29:38,795 [WARN] ModelIntegratedComponent:63 - No mode defined for component null
2024-04-17 16:29:38,795 [WARN] ModelIntegratedComponent:63 - No mode defined for component null
2024-04-17 16:29:38,795 [WARN] ModelIntegratedComponent:63 - No mode defined for component null
2024-04-17 16:29:38,795 [WARN] ModelIntegratedComponent:63 - No mode defined for component null
2024-04-17 16:29:38,795 [WARN] ModelIntegratedComponent:63 - No mode defined for component null
2024-04-17 16:29:38,795 [WARN] ModelIntegratedComponent:63 - No mode defined for component null
2024-04-17 16:29:38,795 [WARN] ModelIntegratedComponent:63 - No mode defined for component null
2024-04-17 16:29:38,795 [WARN] ModelIntegratedComponent:63 - No mode defined for component null
2024-04-17 16:29:38,795 [WARN] ModelIntegratedComponent:63 - No mode defined for component null
2024-04-17 16:29:38,795 [WARN] ModelIntegratedComponent:63 - No mode defined for component null
2024-04-17 16:29:38,796 [WARN] ModelIntegratedComponent:63 - No mode defined for component null
2024-04-17 16:29:38,796 [WARN] ModelIntegratedComponent:63 - No mode defined for component null
2024-04-17 16:29:38,796 [WARN] ModelIntegratedComponent:63 - No mode defined for component null
2024-04-17 16:29:38,796 [WARN] ModelIntegratedComponent:63 - No mode defined for component null
2024-04-17 16:29:38,796 [WARN] ModelIntegratedComponent:63 - No mode defined for component null
2024-04-17 16:29:38,796 [WARN] ModelIntegratedComponent:63 - No mode defined for component null
2024-04-17 16:29:38,986 [INFO] ThirdPartyModel:298 - Start build external matchings
2024-04-17 16:29:39,360 [INFO] ThirdPartyModel:316 - End build external matchings
2024-04-17 16:29:39,622 [INFO] UtilMem:75 - End LoadConfig() Used Memory: 731654080 Bytes (995098624)
2024-04-17 16:29:39,646 [WARN] ThirdParty:833 - waiting for thirdparty lock release [change project]
2024-04-17 16:29:39,646 [INFO] ThirdParty:835 - entering critical section [change project]
2024-04-17 16:29:39,647 [INFO] ThirdParty:1030 - CMSIS Pack Vendor :STMicroelectronics USBPD 4.1
2024-04-17 16:29:39,647 [INFO] ThirdParty:1030 - CMSIS Pack Vendor :STMicroelectronics X-CUBE-GNSS1 6.0.0
2024-04-17 16:29:39,647 [INFO] ThirdParty:1030 - CMSIS Pack Vendor :STMicroelectronics USB_HOST 2.0.0
2024-04-17 16:29:39,647 [INFO] ThirdParty:1030 - CMSIS Pack Vendor :STMicroelectronics FP-SNS-MOTENVWB1 1.4.0
2024-04-17 16:29:39,647 [INFO] ThirdParty:1030 - CMSIS Pack Vendor :STMicroelectronics X-CUBE-AZRTOS-F4 1.1.0
2024-04-17 16:29:39,647 [INFO] ThirdParty:1030 - CMSIS Pack Vendor :STMicroelectronics LIBJPEG 8.0.0
2024-04-17 16:29:39,648 [INFO] ThirdParty:1030 - CMSIS Pack Vendor :STMicroelectronics X-CUBE-SMBUS 2.1.0
2024-04-17 16:29:39,648 [INFO] ThirdParty:1030 - CMSIS Pack Vendor :STMicroelectronics USB_DEVICE 3.0.0
2024-04-17 16:29:39,649 [INFO] ThirdParty:1030 - CMSIS Pack Vendor :STMicroelectronics X-CUBE-TCPP 4.1.0
2024-04-17 16:29:39,649 [INFO] ThirdParty:1030 - CMSIS Pack Vendor :STMicroelectronics X-CUBE-AZRTOS-WB 2.0.0
2024-04-17 16:29:39,649 [INFO] ThirdParty:1030 - CMSIS Pack Vendor :STMicroelectronics X-CUBE-TOUCHGFX 4.23.2
2024-04-17 16:29:39,649 [INFO] ThirdParty:1030 - CMSIS Pack Vendor :STMicroelectronics X-CUBE-AZRTOS-F7 1.1.0
2024-04-17 16:29:39,649 [INFO] ThirdParty:1030 - CMSIS Pack Vendor :STMicroelectronics X-CUBE-AZRTOS-L5 2.0.0
2024-04-17 16:29:39,649 [INFO] ThirdParty:1030 - CMSIS Pack Vendor :STMicroelectronics USB_DEVICE 2.0.0
2024-04-17 16:29:39,649 [INFO] ThirdParty:1030 - CMSIS Pack Vendor :STMicroelectronics X-CUBE-NFC6 3.1.0
2024-04-17 16:29:39,650 [INFO] ThirdParty:1030 - CMSIS Pack Vendor :STMicroelectronics X-CUBE-ALGOBUILD 1.3.0
2024-04-17 16:29:39,650 [INFO] ThirdParty:1030 - CMSIS Pack Vendor :STMicroelectronics FreeRTOS 0.0.1
2024-04-17 16:29:39,650 [INFO] ThirdParty:1030 - CMSIS Pack Vendor :STMicroelectronics X-CUBE-AZRTOS-G0 1.1.0
2024-04-17 16:29:39,650 [INFO] ThirdParty:1030 - CMSIS Pack Vendor :STMicroelectronics X-CUBE-SAFEA1 1.2.2
2024-04-17 16:29:39,650 [INFO] ThirdParty:1030 - CMSIS Pack Vendor :STMicroelectronics X-CUBE-NFC4 3.0.0
2024-04-17 16:29:39,650 [INFO] ThirdParty:1030 - CMSIS Pack Vendor :STMicroelectronics X-CUBE-SUBG2 5.0.0
2024-04-17 16:29:39,650 [INFO] ThirdParty:1030 - CMSIS Pack Vendor :STMicroelectronics STM32_WPAN 1.0.0
2024-04-17 16:29:39,651 [INFO] ThirdParty:1030 - CMSIS Pack Vendor :STMicroelectronics lwIP 2.0.3
2024-04-17 16:29:39,651 [INFO] ThirdParty:1030 - CMSIS Pack Vendor :STMicroelectronics FP-SNS-FLIGHT1 5.0.2
2024-04-17 16:29:39,651 [INFO] ThirdParty:1030 - CMSIS Pack Vendor :STMicroelectronics USB_HOST 1.0.0
2024-04-17 16:29:39,651 [INFO] ThirdParty:1030 - CMSIS Pack Vendor :STMicroelectronics X-CUBE-AI 9.0.0
2024-04-17 16:29:39,651 [INFO] ThirdParty:1030 - CMSIS Pack Vendor :STMicroelectronics X-CUBE-AZRTOS-G4 2.0.0
2024-04-17 16:29:39,651 [INFO] ThirdParty:1030 - CMSIS Pack Vendor :STMicroelectronics PDM2PCM 3.1.0
2024-04-17 16:29:39,651 [INFO] ThirdParty:1030 - CMSIS Pack Vendor :STMicroelectronics PDM2PCM 3.3.0
2024-04-17 16:29:39,651 [INFO] ThirdParty:1030 - CMSIS Pack Vendor :STMicroelectronics X-CUBE-DISPLAY 3.0.0
2024-04-17 16:29:39,651 [INFO] ThirdParty:1030 - CMSIS Pack Vendor :wolfSSL I-CUBE-wolfSSL 5.7.0
2024-04-17 16:29:39,652 [INFO] ThirdParty:1030 - CMSIS Pack Vendor :STMicroelectronics X-CUBE-BLE1 7.0.0
2024-04-17 16:29:39,652 [INFO] ThirdParty:1030 - CMSIS Pack Vendor :STMicroelectronics FP-ATR-SIGFOX1 3.2.0
2024-04-17 16:29:39,652 [INFO] ThirdParty:1030 - CMSIS Pack Vendor :STMicroelectronics X-CUBE-ISPU 2.0.0
2024-04-17 16:29:39,652 [INFO] ThirdParty:1030 - CMSIS Pack Vendor :STMicroelectronics X-CUBE-EEPRMA1 5.1.0
2024-04-17 16:29:39,652 [INFO] ThirdParty:1030 - CMSIS Pack Vendor :STMicroelectronics HAL Drivers 0.0.0
2024-04-17 16:29:39,652 [INFO] ThirdParty:1030 - CMSIS Pack Vendor :STMicroelectronics MBEDTLS 2.16.2
2024-04-17 16:29:39,652 [INFO] ThirdParty:1030 - CMSIS Pack Vendor :emotas I-CUBE-CANOPEN 1.3.0
2024-04-17 16:29:39,652 [INFO] ThirdParty:1030 - CMSIS Pack Vendor :STMicroelectronics X-CUBE-MEMS1 10.0.0
2024-04-17 16:29:39,652 [INFO] ThirdParty:1030 - CMSIS Pack Vendor :STMicroelectronics X-CUBE-FREERTOS 1.1.0
2024-04-17 16:29:39,652 [INFO] ThirdParty:1030 - CMSIS Pack Vendor :STMicroelectronics X-CUBE-NFC7 1.0.1
2024-04-17 16:29:39,653 [INFO] ThirdParty:1030 - CMSIS Pack Vendor :STMicroelectronics MBEDTLS 2.14.1
2024-04-17 16:29:39,653 [INFO] ThirdParty:1030 - CMSIS Pack Vendor :ITTIA_DB I-CUBE-ITTIADB 8.9.0
2024-04-17 16:29:39,653 [INFO] ThirdParty:1030 - CMSIS Pack Vendor :portGmbH I-Cube-SoM-uGOAL 1.1.0
2024-04-17 16:29:39,653 [INFO] ThirdParty:1030 - CMSIS Pack Vendor :STMicroelectronics X-CUBE-ALS 1.0.1
2024-04-17 16:29:39,653 [INFO] ThirdParty:1030 - CMSIS Pack Vendor :STMicroelectronics X-CUBE-BLEMGR 3.1.0
2024-04-17 16:29:39,653 [INFO] ThirdParty:1030 - CMSIS Pack Vendor :STMicroelectronics ThreadX 1.0.0
2024-04-17 16:29:39,653 [INFO] ThirdParty:1030 - CMSIS Pack Vendor :STMicroelectronics FP-SNS-SMARTAG2 1.2.0
2024-04-17 16:29:39,653 [INFO] ThirdParty:1030 - CMSIS Pack Vendor :STMicroelectronics X-CUBE-AZRTOS-WL 2.0.0
2024-04-17 16:29:39,653 [INFO] ThirdParty:1030 - CMSIS Pack Vendor :SEGGER I-CUBE-embOS 1.3.1
2024-04-17 16:29:39,653 [INFO] ThirdParty:1030 - CMSIS Pack Vendor :STMicroelectronics FP-SNS-MOTENV1 5.0.0
2024-04-17 16:29:39,653 [INFO] ThirdParty:1030 - CMSIS Pack Vendor :STMicroelectronics USB_DEVICE 1.0.0
2024-04-17 16:29:39,653 [INFO] ThirdParty:1030 - CMSIS Pack Vendor :STMicroelectronics X-CUBE-AZRTOS-H7RS 1.0.0
2024-04-17 16:29:39,653 [INFO] ThirdParty:1030 - CMSIS Pack Vendor :STMicroelectronics X-CUBE-AZRTOS-L4 2.0.0
2024-04-17 16:29:39,654 [INFO] ThirdParty:1030 - CMSIS Pack Vendor :STMicroelectronics ThreadX 0.0.2
2024-04-17 16:29:39,654 [INFO] ThirdParty:1030 - CMSIS Pack Vendor :WES I-CUBE-Cesium 1.3.0
2024-04-17 16:29:39,654 [INFO] ThirdParty:1030 - CMSIS Pack Vendor :STMicroelectronics FP-ATR-ASTRA1 2.0.0
2024-04-17 16:29:39,654 [INFO] ThirdParty:1030 - CMSIS Pack Vendor :STMicroelectronics lwIP 2.1.2
2024-04-17 16:29:39,654 [INFO] ThirdParty:1030 - CMSIS Pack Vendor :STMicroelectronics X-CUBE-SFXS2LP1 4.0.0
2024-04-17 16:29:39,654 [INFO] ThirdParty:1030 - CMSIS Pack Vendor :STMicroelectronics X-CUBE-BLE2 3.3.0
2024-04-17 16:29:39,654 [INFO] ThirdParty:1030 - CMSIS Pack Vendor :STMicroelectronics X-CUBE-TOF1 3.4.1
2024-04-17 16:29:39,654 [INFO] ThirdParty:1030 - CMSIS Pack Vendor :STMicroelectronics X-CUBE-AZRTOS-H7 3.2.0
2024-04-17 16:29:39,654 [INFO] ThirdParty:1030 - CMSIS Pack Vendor :Infineon AIROC-Wi-Fi-Bluetooth-STM32 1.6.0
2024-04-17 16:29:39,654 [INFO] ThirdParty:1030 - CMSIS Pack Vendor :STMicroelectronics PDM2PCM 3.2.0
2024-04-17 16:29:39,655 [INFO] ThirdParty:841 - exiting critical section [change project]
2024-04-17 16:29:40,067 [INFO] PinOutPanel:1561 - setPackage(No Configuration,No Configuration)
2024-04-17 16:29:40,069 [INFO] PinOutPanel:1561 - setPackage(STM32F103C8Tx,LQFP48)
2024-04-17 16:29:40,765 [INFO] UtilMem:75 - Before build in PCC Used Memory: 599178696 Bytes (995098624)
2024-04-17 16:29:41,613 [INFO] UtilMem:75 - After build in PCC Used Memory: 713373376 Bytes (995098624)
2024-04-17 16:29:41,655 [INFO] IPUIPlugin:80 - create IPUIPlugin
2024-04-17 16:29:41,655 [INFO] IPUIPlugin:80 - create IPUIPlugin
2024-04-17 16:29:41,655 [INFO] IPUIPlugin:80 - create IPUIPlugin
2024-04-17 16:29:41,656 [INFO] IPUIPlugin:80 - create IPUIPlugin
2024-04-17 16:29:41,656 [INFO] IPUIPlugin:80 - create IPUIPlugin
2024-04-17 16:29:41,657 [INFO] IPUIPlugin:80 - create IPUIPlugin
2024-04-17 16:29:41,657 [INFO] IPUIPlugin:80 - create IPUIPlugin
2024-04-17 16:29:41,657 [INFO] IPUIPlugin:80 - create IPUIPlugin
2024-04-17 16:29:41,658 [INFO] IPUIPlugin:80 - create IPUIPlugin
2024-04-17 16:29:41,658 [INFO] IPUIPlugin:80 - create IPUIPlugin
2024-04-17 16:29:41,658 [INFO] IPUIPlugin:80 - create IPUIPlugin
2024-04-17 16:29:41,659 [INFO] IPUIPlugin:80 - create IPUIPlugin
2024-04-17 16:29:41,659 [INFO] IPUIPlugin:80 - create IPUIPlugin
2024-04-17 16:29:41,659 [INFO] IPUIPlugin:80 - create IPUIPlugin
2024-04-17 16:29:41,660 [INFO] IPUIPlugin:80 - create IPUIPlugin
2024-04-17 16:29:41,661 [INFO] IPUIPlugin:80 - create IPUIPlugin
2024-04-17 16:29:41,661 [INFO] IPUIPlugin:80 - create IPUIPlugin
2024-04-17 16:29:41,662 [INFO] IPUIPlugin:80 - create IPUIPlugin
2024-04-17 16:29:41,662 [INFO] IPUIPlugin:80 - create IPUIPlugin
2024-04-17 16:29:41,663 [INFO] IPUIPlugin:80 - create IPUIPlugin
2024-04-17 16:29:41,664 [INFO] IPUIPlugin:80 - create IPUIPlugin
2024-04-17 16:29:41,664 [INFO] IPUIPlugin:80 - create IPUIPlugin
2024-04-17 16:29:41,664 [INFO] IPUIPlugin:80 - create IPUIPlugin
2024-04-17 16:29:41,665 [INFO] IPUIPlugin:80 - create IPUIPlugin
2024-04-17 16:29:41,666 [INFO] IPUIPlugin:80 - create IPUIPlugin
2024-04-17 16:29:41,666 [INFO] IPUIPlugin:80 - create IPUIPlugin
2024-04-17 16:29:41,667 [INFO] IPUIPlugin:80 - create IPUIPlugin
2024-04-17 16:29:41,895 [INFO] CADModel:165 - CPN selected for project levelSTM32F103C8T6
2024-04-17 16:29:41,895 [INFO] CADModel:114 - Register for checkConnection events
2024-04-17 16:29:41,943 [INFO] OpenFileManager:343 - Restore cursor
2024-04-17 16:29:42,808 [INFO] UtilMem:75 - End SaveConfig() Used Memory: 566868592 Bytes (995098624)
2024-04-17 16:30:02,780 [INFO] McuFinderGlobals:76 - Set McuFinderConnectedMode to true
2024-04-17 16:30:02,785 [INFO] ApiDb:448 - Save user favorites file C:\Users\Yaroslav Ludchak/.stm32cubeide/favorites.mcus.txt: 0 item(s)
2024-04-17 16:30:02,786 [INFO] ApiDb:452 - User favorites MCUs=[]
2024-04-17 16:30:06,943 [INFO] McuFinderGlobals:63 - Set McuFinder mode to 2 (CubeIDE integrated)
2024-04-17 16:30:06,943 [INFO] UserAuth:179 - activating auth plugin
2024-04-17 16:30:06,946 [INFO] UserAuth:415 - Internet connection configuration mode: 1
2024-04-17 16:34:08,549 [INFO] WebApp:611 - userauth.ini deleted or not created
2024-04-17 16:35:48,908 [INFO] UtilMem:75 - End SaveConfig() Used Memory: 957013488 Bytes (1073741824)
2024-04-17 16:35:53,285 [INFO] ServerAccessManage:473 - Download File stm32cube_fw_f1_v180.zip
2024-04-17 16:36:42,290 [ERROR] FileExtend:455 - File entry not found
2024-04-17 16:36:42,291 [INFO] FileExtend:240 - Unzip File : stm32cube_fw_f1_v180.zip
2024-04-17 16:36:42,292 [INFO] FileExtend:255 - Standard Zip Deflate
2024-04-17 16:37:06,135 [INFO] ServerAccessManage:473 - Download File stm32cube_fw_f1_v185.zip
2024-04-17 16:37:28,502 [INFO] FileExtend:240 - Unzip File : stm32cube_fw_f1_v185.zip
2024-04-17 16:37:28,502 [INFO] FileExtend:255 - Standard Zip Deflate
2024-04-17 16:37:41,109 [INFO] LoadServerPackagesThread:196 - End of LoadServerPackages Thread
2024-04-17 16:37:41,328 [INFO] ThirdPartyModel:298 - Start build external matchings
2024-04-17 16:37:41,337 [INFO] UtilMem:75 - End SaveConfig() Used Memory: 971341016 Bytes (1073741824)
2024-04-17 16:37:42,369 [INFO] BlockDiagram:2759 - set Specific Code input for plugin: NVIC
2024-04-17 16:37:42,369 [INFO] BlockDiagram:2759 - set Specific Code input for plugin: SYS
2024-04-17 16:37:42,371 [INFO] BlockDiagram:2759 - set Specific Code input for plugin: GPIO
2024-04-17 16:37:42,372 [INFO] BlockDiagram:2759 - set Specific Code input for plugin: RCC
2024-04-17 16:37:42,374 [INFO] CodeGenerator:807 - code generatio: config db path: C:\ST\STM32CubeIDE_1.15.0\STM32CubeIDE\plugins\com.st.stm32cube.common.mx_6.11.0.202403141607\\db\
2024-04-17 16:37:42,438 [INFO] ThirdPartyModel:316 - End build external matchings
2024-04-17 16:37:42,461 [INFO] CheckServerUpdateThread:120 - End of CheckServer Thread
2024-04-17 16:37:42,978 [INFO] CodeEngine:255 - oldGeneratedFile, C:\Work\Stm32\001-LED\MXTmpFiles\license.tmp_save
2024-04-17 16:37:43,847 [INFO] CodeEngine:279 - Generated code: C:\Work\Stm32\001-LED\MXTmpFiles\license.tmp
2024-04-17 16:37:44,062 [INFO] CodeEngine:255 - oldGeneratedFile, C:\Work\Stm32\001-LED\MXTmpFiles\gpio.tmp_save
2024-04-17 16:37:44,308 [INFO] CodeEngine:279 - Generated code: C:\Work\Stm32\001-LED\MXTmpFiles\gpio.tmp
2024-04-17 16:37:44,383 [INFO] CodeEngine:255 - oldGeneratedFile, C:\Work\Stm32\001-LED\Core\Src\stm32f1xx_it.c_save
2024-04-17 16:37:44,614 [INFO] CodeEngine:279 - Generated code: C:\Work\Stm32\001-LED\Core\Src\stm32f1xx_it.c
2024-04-17 16:37:44,632 [INFO] CodeEngine:255 - oldGeneratedFile, C:\Work\Stm32\001-LED\Core\Inc\stm32f1xx_it.h_save
2024-04-17 16:37:44,783 [INFO] CodeEngine:279 - Generated code: C:\Work\Stm32\001-LED\Core\Inc\stm32f1xx_it.h
2024-04-17 16:37:44,818 [INFO] CodeEngine:255 - oldGeneratedFile, C:\Work\Stm32\001-LED\Core\Src\stm32f1xx_hal_msp.c_save
2024-04-17 16:37:45,044 [INFO] CodeEngine:279 - Generated code: C:\Work\Stm32\001-LED\Core\Src\stm32f1xx_hal_msp.c
2024-04-17 16:37:45,062 [INFO] CodeEngine:255 - oldGeneratedFile, C:\Work\Stm32\001-LED\MXTmpFiles\system.tmp_save
2024-04-17 16:37:45,179 [INFO] CodeEngine:279 - Generated code: C:\Work\Stm32\001-LED\MXTmpFiles\system.tmp
2024-04-17 16:37:45,209 [INFO] CodeEngine:311 - oldGeneratedFile, C:\Work\Stm32\001-LED\Core\Inc\stm32f1xx_hal_conf.h_save
2024-04-17 16:37:45,372 [INFO] CodeEngine:335 - Generated code: C:\Work\Stm32\001-LED\Core\Inc\stm32f1xx_hal_conf.h
2024-04-17 16:37:45,466 [INFO] CodeEngine:255 - oldGeneratedFile, C:\Work\Stm32\001-LED\Core\Inc\main.h_save
2024-04-17 16:37:45,655 [INFO] CodeEngine:279 - Generated code: C:\Work\Stm32\001-LED\Core\Inc\main.h
2024-04-17 16:37:45,673 [INFO] CodeEngine:255 - oldGeneratedFile, C:\Work\Stm32\001-LED\Core\Src\main.c_save
2024-04-17 16:37:45,927 [INFO] CodeEngine:279 - Generated code: C:\Work\Stm32\001-LED\Core\Src\main.c
2024-04-17 16:37:46,495 [INFO] ProjectBuilder:3163 - Time for Copy HAL[1] : 188mS.
2024-04-17 16:37:46,504 [INFO] ProjectBuilder:4736 - Project Generator version: 4.3.0-B58
2024-04-17 16:37:46,627 [INFO] ConfigFileManager:1503 - The Die is : DIE410
2024-04-17 16:37:46,662 [INFO] ApiDbMcu:508 - Load IP Config File for FATFS
2024-04-17 16:37:46,753 [INFO] ApiDbMcu:508 - Load IP Config File for FREERTOS
2024-04-17 16:37:46,802 [INFO] ApiDbMcu:508 - Load IP Config File for USB_DEVICE
2024-04-17 16:37:47,823 [INFO] LogOutputStream:77 - [STDOUT_REDIRECT] 
2024-04-17 16:37:52,376 [INFO] ProjectBuilder:5002 - Time for Generating toolchain IDE Files: 5873mS.
2024-04-17 16:37:52,378 [INFO] ProjectBuilder:3034 - Time for Copy CMSIS : 1mS.
2024-04-17 16:37:52,383 [INFO] ProjectBuilder:3034 - Time for Copy CMSIS : 0mS.
2024-04-17 17:14:07,980 [INFO] UtilMem:75 - End SaveConfig() Used Memory: 283481112 Bytes (853540864)
2024-04-17 17:14:59,271 [INFO] UtilMem:75 - End SaveConfig() Used Memory: 345129112 Bytes (853540864)
2024-04-17 17:14:59,557 [INFO] BlockDiagram:2759 - set Specific Code input for plugin: NVIC
2024-04-17 17:14:59,557 [INFO] BlockDiagram:2759 - set Specific Code input for plugin: SYS
2024-04-17 17:14:59,557 [INFO] BlockDiagram:2759 - set Specific Code input for plugin: GPIO
2024-04-17 17:14:59,558 [INFO] BlockDiagram:2759 - set Specific Code input for plugin: RCC
2024-04-17 17:14:59,559 [INFO] CodeGenerator:807 - code generatio: config db path: C:\ST\STM32CubeIDE_1.15.0\STM32CubeIDE\plugins\com.st.stm32cube.common.mx_6.11.0.202403141607\\db\
2024-04-17 17:14:59,693 [INFO] CodeEngine:255 - oldGeneratedFile, C:\Work\Stm32\001-LED\MXTmpFiles\license.tmp_save
2024-04-17 17:14:59,892 [INFO] CodeEngine:279 - Generated code: C:\Work\Stm32\001-LED\MXTmpFiles\license.tmp
2024-04-17 17:14:59,924 [INFO] CodeEngine:255 - oldGeneratedFile, C:\Work\Stm32\001-LED\MXTmpFiles\gpio.tmp_save
2024-04-17 17:15:00,092 [INFO] CodeEngine:279 - Generated code: C:\Work\Stm32\001-LED\MXTmpFiles\gpio.tmp
2024-04-17 17:15:00,134 [INFO] CodeEngine:255 - oldGeneratedFile, C:\Work\Stm32\001-LED\Core\Src\stm32f1xx_it.c_save
2024-04-17 17:15:00,432 [INFO] CodeEngine:279 - Generated code: C:\Work\Stm32\001-LED\Core\Src\stm32f1xx_it.c
2024-04-17 17:15:00,442 [INFO] CodeEngine:255 - oldGeneratedFile, C:\Work\Stm32\001-LED\Core\Inc\stm32f1xx_it.h_save
2024-04-17 17:15:00,572 [INFO] CodeEngine:279 - Generated code: C:\Work\Stm32\001-LED\Core\Inc\stm32f1xx_it.h
2024-04-17 17:15:00,608 [INFO] CodeEngine:255 - oldGeneratedFile, C:\Work\Stm32\001-LED\Core\Src\stm32f1xx_hal_msp.c_save
2024-04-17 17:15:00,775 [INFO] CodeEngine:279 - Generated code: C:\Work\Stm32\001-LED\Core\Src\stm32f1xx_hal_msp.c
2024-04-17 17:15:00,782 [INFO] CodeEngine:255 - oldGeneratedFile, C:\Work\Stm32\001-LED\MXTmpFiles\system.tmp_save
2024-04-17 17:15:00,877 [INFO] CodeEngine:279 - Generated code: C:\Work\Stm32\001-LED\MXTmpFiles\system.tmp
2024-04-17 17:15:00,901 [INFO] CodeEngine:311 - oldGeneratedFile, C:\Work\Stm32\001-LED\Core\Inc\stm32f1xx_hal_conf.h_save
2024-04-17 17:15:01,032 [INFO] CodeEngine:335 - Generated code: C:\Work\Stm32\001-LED\Core\Inc\stm32f1xx_hal_conf.h
2024-04-17 17:15:01,088 [INFO] CodeEngine:255 - oldGeneratedFile, C:\Work\Stm32\001-LED\Core\Inc\main.h_save
2024-04-17 17:15:01,250 [INFO] CodeEngine:279 - Generated code: C:\Work\Stm32\001-LED\Core\Inc\main.h
2024-04-17 17:15:01,270 [INFO] CodeEngine:255 - oldGeneratedFile, C:\Work\Stm32\001-LED\Core\Src\main.c_save
2024-04-17 17:15:01,420 [INFO] CodeEngine:279 - Generated code: C:\Work\Stm32\001-LED\Core\Src\main.c
2024-04-17 17:15:01,839 [INFO] ProjectBuilder:3163 - Time for Copy HAL[1] : 211mS.
2024-04-17 17:15:01,845 [INFO] ProjectBuilder:4736 - Project Generator version: 4.3.0-B58
2024-04-17 17:15:01,934 [INFO] ConfigFileManager:1503 - The Die is : DIE410
2024-04-17 17:15:03,508 [INFO] ProjectBuilder:5002 - Time for Generating toolchain IDE Files: 1663mS.
2024-04-17 17:15:03,510 [INFO] ProjectBuilder:3034 - Time for Copy CMSIS : 1mS.
2024-04-17 17:15:03,515 [INFO] ProjectBuilder:3034 - Time for Copy CMSIS : 0mS.
2024-04-17 17:23:17,595 [INFO] UtilMem:75 - End SaveConfig() Used Memory: 432465856 Bytes (811597824)
2024-04-17 17:23:19,421 [INFO] UtilMem:75 - End SaveConfig() Used Memory: 451153864 Bytes (811597824)
2024-04-17 17:23:21,166 [INFO] UtilMem:75 - End SaveConfig() Used Memory: 482724272 Bytes (811597824)
2024-04-17 17:23:21,468 [INFO] BlockDiagram:2759 - set Specific Code input for plugin: NVIC
2024-04-17 17:23:21,469 [INFO] BlockDiagram:2759 - set Specific Code input for plugin: SYS
2024-04-17 17:23:21,469 [INFO] BlockDiagram:2759 - set Specific Code input for plugin: GPIO
2024-04-17 17:23:21,469 [INFO] BlockDiagram:2759 - set Specific Code input for plugin: RCC
2024-04-17 17:23:21,471 [INFO] CodeGenerator:807 - code generatio: config db path: C:\ST\STM32CubeIDE_1.15.0\STM32CubeIDE\plugins\com.st.stm32cube.common.mx_6.11.0.202403141607\\db\
2024-04-17 17:23:21,576 [INFO] CodeEngine:255 - oldGeneratedFile, C:\Work\Stm32\001-LED\MXTmpFiles\license.tmp_save
2024-04-17 17:23:21,695 [INFO] CodeEngine:279 - Generated code: C:\Work\Stm32\001-LED\MXTmpFiles\license.tmp
2024-04-17 17:23:21,718 [INFO] CodeEngine:255 - oldGeneratedFile, C:\Work\Stm32\001-LED\MXTmpFiles\gpio.tmp_save
2024-04-17 17:23:21,832 [INFO] CodeEngine:279 - Generated code: C:\Work\Stm32\001-LED\MXTmpFiles\gpio.tmp
2024-04-17 17:23:21,872 [INFO] CodeEngine:255 - oldGeneratedFile, C:\Work\Stm32\001-LED\Core\Src\stm32f1xx_it.c_save
2024-04-17 17:23:21,965 [INFO] CodeEngine:279 - Generated code: C:\Work\Stm32\001-LED\Core\Src\stm32f1xx_it.c
2024-04-17 17:23:21,975 [INFO] CodeEngine:255 - oldGeneratedFile, C:\Work\Stm32\001-LED\Core\Inc\stm32f1xx_it.h_save
2024-04-17 17:23:22,054 [INFO] CodeEngine:279 - Generated code: C:\Work\Stm32\001-LED\Core\Inc\stm32f1xx_it.h
2024-04-17 17:23:22,084 [INFO] CodeEngine:255 - oldGeneratedFile, C:\Work\Stm32\001-LED\Core\Src\stm32f1xx_hal_msp.c_save
2024-04-17 17:23:22,191 [INFO] CodeEngine:279 - Generated code: C:\Work\Stm32\001-LED\Core\Src\stm32f1xx_hal_msp.c
2024-04-17 17:23:22,200 [INFO] CodeEngine:255 - oldGeneratedFile, C:\Work\Stm32\001-LED\MXTmpFiles\system.tmp_save
2024-04-17 17:23:22,277 [INFO] CodeEngine:279 - Generated code: C:\Work\Stm32\001-LED\MXTmpFiles\system.tmp
2024-04-17 17:23:22,303 [INFO] CodeEngine:311 - oldGeneratedFile, C:\Work\Stm32\001-LED\Core\Inc\stm32f1xx_hal_conf.h_save
2024-04-17 17:23:22,425 [INFO] CodeEngine:335 - Generated code: C:\Work\Stm32\001-LED\Core\Inc\stm32f1xx_hal_conf.h
2024-04-17 17:23:22,485 [INFO] CodeEngine:255 - oldGeneratedFile, C:\Work\Stm32\001-LED\Core\Inc\main.h_save
2024-04-17 17:23:22,626 [INFO] CodeEngine:279 - Generated code: C:\Work\Stm32\001-LED\Core\Inc\main.h
2024-04-17 17:23:22,645 [INFO] CodeEngine:255 - oldGeneratedFile, C:\Work\Stm32\001-LED\Core\Src\main.c_save
2024-04-17 17:23:22,813 [INFO] CodeEngine:279 - Generated code: C:\Work\Stm32\001-LED\Core\Src\main.c
2024-04-17 17:23:23,217 [INFO] ProjectBuilder:3163 - Time for Copy HAL[1] : 207mS.
2024-04-17 17:23:23,222 [INFO] ProjectBuilder:4736 - Project Generator version: 4.3.0-B58
2024-04-17 17:23:23,306 [INFO] ConfigFileManager:1503 - The Die is : DIE410
2024-04-17 17:23:24,369 [INFO] ProjectBuilder:5002 - Time for Generating toolchain IDE Files: 1147mS.
2024-04-17 17:23:24,371 [INFO] ProjectBuilder:3034 - Time for Copy CMSIS : 0mS.
2024-04-17 17:23:24,375 [INFO] ProjectBuilder:3034 - Time for Copy CMSIS : 0mS.
2024-04-17 18:32:14,620 [ERROR] LogOutputStream:75 - [STDERR_REDIRECT] 
