2024-04-29 09:47:29,077 [INFO] Activator:176 - 


2024-04-29 09:47:29,086 [INFO] Activator:177 - !SESSION log4j initialized
2024-04-29 09:47:36,646 [INFO] LogOutputStream:77 - [STDOUT_REDIRECT] 
2024-04-29 09:47:41,495 [INFO] ApplicationProperties:184 - Using Application install path: C:\ST\STM32CubeIDE_1.15.0\STM32CubeIDE\plugins\com.st.stm32cube.common.mx_6.11.1.202404110753
2024-04-29 09:47:41,516 [INFO] DbMcusXml:78 - Set database path to: C:\ST\STM32CubeIDE_1.15.0\STM32CubeIDE\plugins\com.st.stm32cube.common.mx_6.11.1.202404110753\\db\/mcu/
2024-04-29 09:47:41,516 [INFO] ApiDb:274 - Set plugin database path to: C:\ST\STM32CubeIDE_1.15.0\STM32CubeIDE\plugins\com.st.stm32cube.common.mx_6.11.1.202404110753\\db\/plugins/boardmanager/
2024-04-29 09:47:41,517 [WARN] ApiDb:259 - Overriding images path with different value:  => C:\ST\STM32CubeIDE_1.15.0\STM32CubeIDE\plugins\com.st.stm32cube.common.mx_6.11.1.202404110753\\db\/plugins/mcufinder/images/
2024-04-29 09:47:41,528 [INFO] ApiDb:250 - Set database path to: C:\Users\Yaroslav Ludchak\.stmcufinder\plugins\mcufinder//mcu/
2024-04-29 09:47:41,530 [INFO] DbMcusAds:125 - Set database path to: C:\Users\Yaroslav Ludchak\.stmcufinder\plugins\mcufinder//mcu/
2024-04-29 09:47:41,532 [INFO] CrossReferenceDbSqlite:203 - Set database path to: C:\Users\Yaroslav Ludchak\.stmcufinder\plugins\mcufinder//mcu/cs/
2024-04-29 09:47:41,700 [INFO] RulesReader:64 - Compatibility file has been processed (297 Rules)
2024-04-29 09:47:41,821 [INFO] DbMcusXml:78 - Set database path to: C:\ST\STM32CubeIDE_1.15.0\STM32CubeIDE\plugins\com.st.stm32cube.common.mx_6.11.1.202404110753\\db\/mcu/
2024-04-29 09:47:41,821 [INFO] ApiDb:274 - Set plugin database path to: C:\ST\STM32CubeIDE_1.15.0\STM32CubeIDE\plugins\com.st.stm32cube.common.mx_6.11.1.202404110753\\db\/plugins/boardmanager/
2024-04-29 09:47:41,821 [INFO] ApiDb:261 - Set plugin images path to: C:\ST\STM32CubeIDE_1.15.0\STM32CubeIDE\plugins\com.st.stm32cube.common.mx_6.11.1.202404110753\\db\/plugins/mcufinder/images/
2024-04-29 09:47:41,821 [WARN] DbFile:41 - Overriding database path with different value: C:\Users\Yaroslav Ludchak\.stmcufinder\plugins\mcufinder/ => C:\Users\Yaroslav Ludchak\.stmcufinder\plugins\mcufinder
2024-04-29 09:47:41,821 [INFO] ApiDb:250 - Set database path to: C:\Users\Yaroslav Ludchak\.stmcufinder\plugins\mcufinder//mcu/
2024-04-29 09:47:41,821 [WARN] DbFile:41 - Overriding database path with different value: C:\Users\Yaroslav Ludchak\.stmcufinder\plugins\mcufinder/ => C:\Users\Yaroslav Ludchak\.stmcufinder\plugins\mcufinder
2024-04-29 09:47:41,822 [INFO] DbMcusAds:125 - Set database path to: C:\Users\Yaroslav Ludchak\.stmcufinder\plugins\mcufinder//mcu/
2024-04-29 09:47:41,822 [WARN] DbFile:41 - Overriding database path with different value: C:\Users\Yaroslav Ludchak\.stmcufinder\plugins\mcufinder/ => C:\Users\Yaroslav Ludchak\.stmcufinder\plugins\mcufinder
2024-04-29 09:47:41,822 [WARN] DbFile:41 - Overriding database path with different value: C:\Users\Yaroslav Ludchak\.stmcufinder\plugins\mcufinder/ => C:\Users\Yaroslav Ludchak\.stmcufinder\plugins\mcufinder
2024-04-29 09:47:41,822 [INFO] CrossReferenceDbSqlite:203 - Set database path to: C:\Users\Yaroslav Ludchak\.stmcufinder\plugins\mcufinder//mcu/cs/
2024-04-29 09:47:41,931 [INFO] MainPanel:264 - HeapMemory: 268435456
2024-04-29 09:47:42,052 [INFO] DbMcusXml:78 - Set database path to: C:\ST\STM32CubeIDE_1.15.0\STM32CubeIDE\plugins\com.st.stm32cube.common.mx_6.11.1.202404110753\\db\/mcu/
2024-04-29 09:47:42,052 [INFO] ApiDb:274 - Set plugin database path to: C:\ST\STM32CubeIDE_1.15.0\STM32CubeIDE\plugins\com.st.stm32cube.common.mx_6.11.1.202404110753\\db\/plugins/boardmanager/
2024-04-29 09:47:42,052 [INFO] ApiDb:261 - Set plugin images path to: C:\ST\STM32CubeIDE_1.15.0\STM32CubeIDE\plugins\com.st.stm32cube.common.mx_6.11.1.202404110753\\db\/plugins/mcufinder/images/
2024-04-29 09:47:42,053 [WARN] DbFile:41 - Overriding database path with different value: C:\Users\Yaroslav Ludchak\.stmcufinder\plugins\mcufinder/ => C:\Users\Yaroslav Ludchak\.stmcufinder\plugins\mcufinder
2024-04-29 09:47:42,053 [INFO] ApiDb:250 - Set database path to: C:\Users\Yaroslav Ludchak\.stmcufinder\plugins\mcufinder//mcu/
2024-04-29 09:47:42,053 [WARN] DbFile:41 - Overriding database path with different value: C:\Users\Yaroslav Ludchak\.stmcufinder\plugins\mcufinder/ => C:\Users\Yaroslav Ludchak\.stmcufinder\plugins\mcufinder
2024-04-29 09:47:42,053 [INFO] DbMcusAds:125 - Set database path to: C:\Users\Yaroslav Ludchak\.stmcufinder\plugins\mcufinder//mcu/
2024-04-29 09:47:42,053 [WARN] DbFile:41 - Overriding database path with different value: C:\Users\Yaroslav Ludchak\.stmcufinder\plugins\mcufinder/ => C:\Users\Yaroslav Ludchak\.stmcufinder\plugins\mcufinder
2024-04-29 09:47:42,053 [WARN] DbFile:41 - Overriding database path with different value: C:\Users\Yaroslav Ludchak\.stmcufinder\plugins\mcufinder/ => C:\Users\Yaroslav Ludchak\.stmcufinder\plugins\mcufinder
2024-04-29 09:47:42,053 [INFO] CrossReferenceDbSqlite:203 - Set database path to: C:\Users\Yaroslav Ludchak\.stmcufinder\plugins\mcufinder//mcu/cs/
2024-04-29 09:47:42,078 [INFO] ApplicationProperties:184 - Using Application install path: C:\ST\STM32CubeIDE_1.15.0\STM32CubeIDE\plugins\com.st.stm32cube.common.mx_6.11.1.202404110753
2024-04-29 09:47:42,081 [INFO] PluginManage:196 - Search for loadable plugins [exclusion list=, ]
2024-04-29 09:47:42,083 [INFO] PluginManage:310 - Check plugin analytics
2024-04-29 09:47:42,331 [INFO] AnalyticsPlugin:253 - Accepted Software Licenses: 
2024-04-29 09:47:42,331 [INFO] AnalyticsPlugin:255 - Accepted CMSIS Pack Licenses: 
2024-04-29 09:47:42,332 [INFO] AnalyticsPlugin:257 - Accepted Firmware Licenses: 
2024-04-29 09:47:42,337 [INFO] PluginManage:359 - Loaded plugin analytics (category:tool,tabindex:-1)
2024-04-29 09:47:42,337 [INFO] PluginManage:310 - Check plugin cadmodel
2024-04-29 09:47:42,470 [INFO] CADModel:105 - Init CAD model plugin
2024-04-29 09:47:42,470 [INFO] PluginManage:359 - Loaded plugin cadmodel (category:power,tabindex:5)
2024-04-29 09:47:42,471 [INFO] PluginManage:310 - Check plugin clock
2024-04-29 09:47:42,500 [INFO] PluginManage:359 - Loaded plugin clock (category:base,tabindex:2)
2024-04-29 09:47:42,500 [INFO] PluginManage:310 - Check plugin ddr
2024-04-29 09:47:42,503 [INFO] PluginManage:359 - Loaded plugin ddr (category:tool,tabindex:6)
2024-04-29 09:47:42,504 [INFO] PluginManage:310 - Check plugin filemanager
2024-04-29 09:47:42,704 [INFO] PluginManage:359 - Loaded plugin filemanager (category:base,tabindex:10)
2024-04-29 09:47:42,705 [INFO] PluginManage:310 - Check plugin ipmanager
2024-04-29 09:47:42,716 [INFO] PluginManage:359 - Loaded plugin ipmanager (category:base,tabindex:5)
2024-04-29 09:47:42,717 [INFO] PluginManage:310 - Check plugin lpbam
2024-04-29 09:47:42,741 [INFO] PluginManage:359 - Loaded plugin lpbam (category:base,tabindex:0)
2024-04-29 09:47:42,741 [INFO] PluginManage:310 - Check plugin memorymap
2024-04-29 09:47:42,775 [INFO] PluginManage:359 - Loaded plugin memorymap (category:base,tabindex:4)
2024-04-29 09:47:42,775 [INFO] PluginManage:310 - Check plugin pinoutandconfiguration
2024-04-29 09:47:42,799 [INFO] PluginManage:359 - Loaded plugin pinoutandconfiguration (category:base,tabindex:1)
2024-04-29 09:47:42,800 [INFO] PluginManage:310 - Check plugin pinoutconfig
2024-04-29 09:47:42,930 [WARN] SupportedApi:132 - Cannot load RTOS API schema: s4s-elt-must-match.1: The content of 'definitions' must match (annotation?, (simpleType | complexType)?, (unique | key | keyref)*)). A problem was found starting at: attribute.
2024-04-29 09:47:43,099 [INFO] PluginManage:359 - Loaded plugin pinoutconfig (category:base,tabindex:0)
2024-04-29 09:47:43,099 [INFO] PluginManage:310 - Check plugin power
2024-04-29 09:47:43,128 [INFO] PluginManage:359 - Loaded plugin power (category:power,tabindex:4)
2024-04-29 09:47:43,128 [INFO] PluginManage:310 - Check plugin projectmanager
2024-04-29 09:47:43,152 [INFO] PluginManage:359 - Loaded plugin projectmanager (category:projectmanager,tabindex:3)
2024-04-29 09:47:43,152 [INFO] PluginManage:310 - Check plugin thirdparty
2024-04-29 09:47:43,546 [INFO] PluginManage:359 - Loaded plugin thirdparty (category:base,tabindex:-1)
2024-04-29 09:47:43,546 [WARN] IntegrityCheckThread:84 - waiting for thirdparty lock release [integrity check]
2024-04-29 09:47:43,546 [INFO] PluginManage:310 - Check plugin tools
2024-04-29 09:47:43,546 [INFO] IntegrityCheckThread:86 - entering critical section [integrity check]
2024-04-29 09:47:43,547 [INFO] ThirdPartyUpdaterWithRetryManager:70 - Updater plugin not ready yet. [1/15]
2024-04-29 09:47:43,595 [INFO] PluginManage:359 - Loaded plugin tools (category:base,tabindex:7)
2024-04-29 09:47:43,595 [INFO] PluginManage:310 - Check plugin tutovideos
2024-04-29 09:47:43,850 [INFO] PluginManage:359 - Loaded plugin tutovideos (category:base,tabindex:-1)
2024-04-29 09:47:43,851 [INFO] PluginManage:310 - Check plugin updater
2024-04-29 09:47:43,868 [INFO] PluginManage:359 - Loaded plugin updater (category:base,tabindex:12)
2024-04-29 09:47:43,868 [INFO] PluginManage:310 - Check plugin userauth
2024-04-29 09:47:43,876 [INFO] UserAuth:114 - Init User Auth plugin
2024-04-29 09:47:43,876 [INFO] PluginManage:359 - Loaded plugin userauth (category:base,tabindex:14)
2024-04-29 09:47:43,877 [INFO] PluginManage:283 - PluginManage : Loaded plugins [17]
2024-04-29 09:47:44,209 [INFO] PinOutPanel:1561 - setPackage(No Configuration,No Configuration)
2024-04-29 09:47:44,329 [INFO] CADModel:165 - CPN selected for project level
2024-04-29 09:47:44,330 [INFO] CADModel:114 - Register for checkConnection events
2024-04-29 09:47:44,373 [INFO] IPUIPlugin:80 - create IPUIPlugin
2024-04-29 09:47:44,374 [INFO] PluginManager:220 - loadIPPluginJar : add adc
2024-04-29 09:47:44,426 [INFO] IPUIPlugin:80 - create IPUIPlugin
2024-04-29 09:47:44,426 [INFO] PluginManager:220 - loadIPPluginJar : add aes
2024-04-29 09:47:44,488 [INFO] IPUIPlugin:80 - create IPUIPlugin
2024-04-29 09:47:44,488 [INFO] PluginManager:220 - loadIPPluginJar : add can
2024-04-29 09:47:44,523 [INFO] IPUIPlugin:80 - create IPUIPlugin
2024-04-29 09:47:44,523 [INFO] PluginManager:220 - loadIPPluginJar : add comp
2024-04-29 09:47:44,591 [INFO] IPUIPlugin:80 - create IPUIPlugin
2024-04-29 09:47:44,591 [INFO] PluginManager:220 - loadIPPluginJar : add cryp
2024-04-29 09:47:44,634 [INFO] IPUIPlugin:80 - create IPUIPlugin
2024-04-29 09:47:44,634 [INFO] PluginManager:220 - loadIPPluginJar : add dfsdm
2024-04-29 09:47:44,652 [INFO] IPUIPlugin:80 - create IPUIPlugin
2024-04-29 09:47:44,653 [INFO] PluginManager:220 - loadIPPluginJar : add dma
2024-04-29 09:47:44,710 [INFO] IPUIPlugin:80 - create IPUIPlugin
2024-04-29 09:47:44,711 [INFO] PluginManager:220 - loadIPPluginJar : add dma3
2024-04-29 09:47:44,767 [INFO] IPUIPlugin:80 - create IPUIPlugin
2024-04-29 09:47:44,767 [INFO] PluginManager:220 - loadIPPluginJar : add extmemmanager
2024-04-29 09:47:44,794 [INFO] IPUIPlugin:80 - create IPUIPlugin
2024-04-29 09:47:44,794 [INFO] PluginManager:220 - loadIPPluginJar : add fatfs
2024-04-29 09:47:44,853 [INFO] IPUIPlugin:80 - create IPUIPlugin
2024-04-29 09:47:44,853 [INFO] PluginManager:220 - loadIPPluginJar : add fmc
2024-04-29 09:47:44,873 [INFO] IPUIPlugin:80 - create IPUIPlugin
2024-04-29 09:47:44,873 [INFO] PluginManager:220 - loadIPPluginJar : add freertos
2024-04-29 09:47:44,899 [INFO] IPUIPlugin:80 - create IPUIPlugin
2024-04-29 09:47:44,900 [INFO] PluginManager:220 - loadIPPluginJar : add genericplugin
2024-04-29 09:47:45,021 [INFO] IPUIPlugin:80 - create IPUIPlugin
2024-04-29 09:47:45,021 [INFO] PluginManager:220 - loadIPPluginJar : add gfxmmu
2024-04-29 09:47:45,187 [INFO] IPUIPlugin:80 - create IPUIPlugin
2024-04-29 09:47:45,187 [INFO] PluginManager:220 - loadIPPluginJar : add gic
2024-04-29 09:47:45,202 [INFO] IPUIPlugin:80 - create IPUIPlugin
2024-04-29 09:47:45,203 [INFO] PluginManager:220 - loadIPPluginJar : add gpio
2024-04-29 09:47:45,310 [INFO] IPUIPlugin:80 - create IPUIPlugin
2024-04-29 09:47:45,311 [INFO] PluginManager:220 - loadIPPluginJar : add gtzc
2024-04-29 09:47:45,351 [INFO] IPUIPlugin:80 - create IPUIPlugin
2024-04-29 09:47:45,351 [INFO] PluginManager:220 - loadIPPluginJar : add hash
2024-04-29 09:47:45,415 [INFO] IPUIPlugin:80 - create IPUIPlugin
2024-04-29 09:47:45,415 [INFO] PluginManager:220 - loadIPPluginJar : add i2c
2024-04-29 09:47:45,462 [INFO] IPUIPlugin:80 - create IPUIPlugin
2024-04-29 09:47:45,462 [INFO] PluginManager:220 - loadIPPluginJar : add i2s
2024-04-29 09:47:45,513 [INFO] IPUIPlugin:80 - create IPUIPlugin
2024-04-29 09:47:45,513 [INFO] PluginManager:220 - loadIPPluginJar : add i3c
2024-04-29 09:47:45,642 [INFO] IPUIPlugin:80 - create IPUIPlugin
2024-04-29 09:47:45,642 [INFO] PluginManager:220 - loadIPPluginJar : add ipddr
2024-04-29 09:47:45,760 [INFO] IPUIPlugin:80 - create IPUIPlugin
2024-04-29 09:47:45,761 [INFO] PluginManager:220 - loadIPPluginJar : add linkedlist
2024-04-29 09:47:45,805 [INFO] IPUIPlugin:80 - create IPUIPlugin
2024-04-29 09:47:45,805 [INFO] PluginManager:220 - loadIPPluginJar : add lorawan
2024-04-29 09:47:45,850 [INFO] IPUIPlugin:80 - create IPUIPlugin
2024-04-29 09:47:45,850 [INFO] PluginManager:220 - loadIPPluginJar : add ltdc
2024-04-29 09:47:45,869 [INFO] IPUIPlugin:80 - create IPUIPlugin
2024-04-29 09:47:45,869 [INFO] PluginManager:220 - loadIPPluginJar : add mdma
2024-04-29 09:47:45,884 [INFO] IPUIPlugin:80 - create IPUIPlugin
2024-04-29 09:47:45,884 [INFO] PluginManager:220 - loadIPPluginJar : add nvic
2024-04-29 09:47:45,929 [INFO] IPUIPlugin:80 - create IPUIPlugin
2024-04-29 09:47:45,929 [INFO] PluginManager:220 - loadIPPluginJar : add opamp
2024-04-29 09:47:46,003 [INFO] IPUIPlugin:80 - create IPUIPlugin
2024-04-29 09:47:46,003 [INFO] PluginManager:220 - loadIPPluginJar : add openamp
2024-04-29 09:47:46,056 [INFO] IPUIPlugin:80 - create IPUIPlugin
2024-04-29 09:47:46,056 [INFO] PluginManager:220 - loadIPPluginJar : add pdm2pcm
2024-04-29 09:47:46,079 [INFO] IPUIPlugin:80 - create IPUIPlugin
2024-04-29 09:47:46,083 [INFO] PluginManager:220 - loadIPPluginJar : add plateformsettings
2024-04-29 09:47:46,111 [INFO] IPUIPlugin:80 - create IPUIPlugin
2024-04-29 09:47:46,111 [INFO] PluginManager:220 - loadIPPluginJar : add quadspi
2024-04-29 09:47:46,129 [INFO] IPUIPlugin:80 - create IPUIPlugin
2024-04-29 09:47:46,130 [INFO] PluginManager:220 - loadIPPluginJar : add resmgrutility
2024-04-29 09:47:46,193 [INFO] IPUIPlugin:80 - create IPUIPlugin
2024-04-29 09:47:46,193 [INFO] PluginManager:220 - loadIPPluginJar : add sai
2024-04-29 09:47:46,243 [INFO] IPUIPlugin:80 - create IPUIPlugin
2024-04-29 09:47:46,243 [INFO] PluginManager:220 - loadIPPluginJar : add spi
2024-04-29 09:47:46,335 [INFO] IPUIPlugin:80 - create IPUIPlugin
2024-04-29 09:47:46,335 [INFO] PluginManager:220 - loadIPPluginJar : add stm32_wpan
2024-04-29 09:47:46,366 [INFO] IPUIPlugin:80 - create IPUIPlugin
2024-04-29 09:47:46,366 [INFO] PluginManager:220 - loadIPPluginJar : add tim
2024-04-29 09:47:46,446 [INFO] IPUIPlugin:80 - create IPUIPlugin
2024-04-29 09:47:46,446 [INFO] PluginManager:220 - loadIPPluginJar : add touchsensing
2024-04-29 09:47:46,477 [INFO] IPUIPlugin:80 - create IPUIPlugin
2024-04-29 09:47:46,477 [INFO] PluginManager:220 - loadIPPluginJar : add tracer_emb
2024-04-29 09:47:46,509 [INFO] IPUIPlugin:80 - create IPUIPlugin
2024-04-29 09:47:46,509 [INFO] PluginManager:220 - loadIPPluginJar : add ts
2024-04-29 09:47:46,539 [INFO] IPUIPlugin:80 - create IPUIPlugin
2024-04-29 09:47:46,539 [INFO] PluginManager:220 - loadIPPluginJar : add tsc
2024-04-29 09:47:46,550 [INFO] ThirdPartyUpdaterWithRetryManager:70 - Updater plugin not ready yet. [2/15]
2024-04-29 09:47:46,572 [INFO] IPUIPlugin:80 - create IPUIPlugin
2024-04-29 09:47:46,572 [INFO] PluginManager:220 - loadIPPluginJar : add ucpd
2024-04-29 09:47:46,633 [INFO] IPUIPlugin:80 - create IPUIPlugin
2024-04-29 09:47:46,633 [INFO] PluginManager:220 - loadIPPluginJar : add usart
2024-04-29 09:47:46,694 [INFO] IPUIPlugin:80 - create IPUIPlugin
2024-04-29 09:47:46,694 [INFO] PluginManager:220 - loadIPPluginJar : add usbx
2024-04-29 09:47:46,848 [INFO] CADModel:165 - CPN selected for project level
2024-04-29 09:47:46,848 [INFO] CADModel:114 - Register for checkConnection events
2024-04-29 09:47:46,849 [FATAL] Updater:308 - Updater called before beeing initialized
2024-04-29 09:47:46,849 [ERROR] CADModel:125 - Updater not yet initialized, retry later 
2024-04-29 09:47:47,052 [INFO] CADModel:165 - CPN selected for project level
2024-04-29 09:47:47,052 [INFO] CADModel:114 - Register for checkConnection events
2024-04-29 09:47:47,052 [FATAL] Updater:308 - Updater called before beeing initialized
2024-04-29 09:47:47,052 [ERROR] CADModel:125 - Updater not yet initialized, retry later 
2024-04-29 09:47:47,059 [FATAL] Updater:308 - Updater called before beeing initialized
2024-04-29 09:47:47,250 [FATAL] Updater:308 - Updater called before beeing initialized
2024-04-29 09:47:47,264 [INFO] DbMcusAds:53 - JSON generation date=Wed Nov 29 12:52:27 EET 2023 (1701255147349)
2024-04-29 09:47:47,265 [FATAL] Updater:308 - Updater called before beeing initialized
2024-04-29 09:47:47,363 [WARN] DetailPanel:346 - Failed to get advertising image, set to default
2024-04-29 09:47:47,504 [FATAL] Updater:308 - Updater called before beeing initialized
2024-04-29 09:47:47,508 [FATAL] Updater:308 - Updater called before beeing initialized
2024-04-29 09:47:47,508 [FATAL] Updater:308 - Updater called before beeing initialized
2024-04-29 09:47:47,509 [WARN] DetailPanel:346 - Failed to get advertising image, set to default
2024-04-29 09:47:47,510 [FATAL] Updater:308 - Updater called before beeing initialized
2024-04-29 09:47:47,698 [ERROR] Updater:1120 - MainUpdater not yet initialized. External WinMGr cannot be set.
2024-04-29 09:47:47,716 [INFO] Updater:1056 - Updater Version found : 6.11.1
2024-04-29 09:47:47,750 [INFO] ApplicationProperties:184 - Using Application install path: C:\ST\STM32CubeIDE_1.15.0\STM32CubeIDE\plugins\com.st.stm32cube.common.mx_6.11.1.202404110753
2024-04-29 09:47:48,313 [INFO] MainUpdater:2873 - connection check result : 10
2024-04-29 09:47:48,315 [INFO] MainUpdater:290 - Updater Check For Update Now.
2024-04-29 09:47:48,315 [INFO] MicroXplorer:498 - Change Database Version : DB.6.0.111
2024-04-29 09:47:48,342 [INFO] McuFinderGlobals:63 - Set McuFinder mode to 2 (CubeIDE integrated)
2024-04-29 09:47:48,363 [INFO] UserAuth:415 - Internet connection configuration mode: 1
2024-04-29 09:47:48,410 [INFO] JxBrowserEngine:152 - Initiate JxBrowser Engine with user profile folder
2024-04-29 09:47:48,607 [INFO] CheckServerUpdateThread:120 - End of CheckServer Thread
2024-04-29 09:47:49,854 [WARN] PackLoader:240 - Cannot read IP mode file for STMicroelectronics.FP-SNS-MOTENVWB1.1.4.0
2024-04-29 09:47:49,881 [WARN] PackLoader:240 - Cannot read IP mode file for STMicroelectronics.X-CUBE-SMBUS.2.1.0
2024-04-29 09:47:49,904 [WARN] PackLoader:240 - Cannot read IP mode file for STMicroelectronics.X-CUBE-TOUCHGFX.4.23.2
2024-04-29 09:47:49,977 [WARN] PackLoader:240 - Cannot read IP mode file for STMicroelectronics.X-CUBE-AZRTOS-F7.1.1.0
2024-04-29 09:47:50,010 [WARN] PackLoader:240 - Cannot read IP mode file for STMicroelectronics.FP-SNS-FLIGHT1.5.0.2
2024-04-29 09:47:50,043 [WARN] PackLoader:240 - Cannot read IP mode file for STMicroelectronics.X-CUBE-DISPLAY.3.0.0
2024-04-29 09:47:50,081 [WARN] PackLoader:240 - Cannot read IP mode file for STMicroelectronics.X-CUBE-BLE1.7.0.0
2024-04-29 09:47:50,107 [WARN] PackLoader:240 - Cannot read IP mode file for emotas.I-CUBE-CANOPEN.1.3.0
2024-04-29 09:47:50,140 [WARN] PackLoader:240 - Cannot read IP mode file for STMicroelectronics.X-CUBE-BLEMGR.3.1.0
2024-04-29 09:47:50,165 [WARN] PackLoader:240 - Cannot read IP mode file for STMicroelectronics.FP-SNS-SMARTAG2.1.2.0
2024-04-29 09:47:50,196 [INFO] LogOutputStream:77 - [STDOUT_REDIRECT] 1 : Invalid condition id : UX_CORESTACK_Condition cause : null
2024-04-29 09:47:50,197 [INFO] LogOutputStream:77 - [STDOUT_REDIRECT] 1 : Invalid condition id : UX_CORESTACK_Condition cause : null
2024-04-29 09:47:50,199 [INFO] LogOutputStream:77 - [STDOUT_REDIRECT] 1 : Invalid condition id : UX_CORESTACK_Condition cause : null
2024-04-29 09:47:50,201 [INFO] LogOutputStream:77 - [STDOUT_REDIRECT] 1 : Invalid condition id : UX_CORESTACK_Condition cause : null
2024-04-29 09:47:50,204 [INFO] LogOutputStream:77 - [STDOUT_REDIRECT] 1 : Invalid condition id : UX_CORESTACK_Condition cause : null
2024-04-29 09:47:50,209 [WARN] PackLoader:240 - Cannot read IP mode file for STMicroelectronics.X-CUBE-AZRTOS-WL.2.0.0
2024-04-29 09:47:50,233 [WARN] PackLoader:240 - Cannot read IP mode file for STMicroelectronics.FP-SNS-MOTENV1.5.0.0
2024-04-29 09:47:50,262 [WARN] PackLoader:240 - Cannot read IP mode file for WES.I-CUBE-Cesium.1.3.0
2024-04-29 09:47:50,284 [WARN] PackLoader:240 - Cannot read IP mode file for STMicroelectronics.X-CUBE-BLE2.3.3.0
2024-04-29 09:47:50,305 [WARN] PackLoader:240 - Cannot read IP mode file for STMicroelectronics.X-CUBE-TCPP.4.1.0
2024-04-29 09:47:50,331 [WARN] PackLoader:240 - Cannot read IP mode file for STMicroelectronics.X-CUBE-ALGOBUILD.1.3.0
2024-04-29 09:47:50,391 [WARN] PackLoader:240 - Cannot read IP mode file for STMicroelectronics.X-CUBE-AZRTOS-G0.1.1.0
2024-04-29 09:47:50,418 [WARN] PackLoader:240 - Cannot read IP mode file for STMicroelectronics.X-CUBE-SAFEA1.1.2.2
2024-04-29 09:47:50,438 [WARN] PackLoader:240 - Cannot read IP mode file for STMicroelectronics.X-CUBE-NFC4.3.0.0
2024-04-29 09:47:50,456 [WARN] PackLoader:240 - Cannot read IP mode file for wolfSSL.I-CUBE-wolfSSL.5.7.0
2024-04-29 09:47:50,475 [WARN] PackLoader:240 - Cannot read IP mode file for STMicroelectronics.FP-ATR-SIGFOX1.3.2.0
2024-04-29 09:47:50,502 [WARN] PackLoader:240 - Cannot read IP mode file for STMicroelectronics.X-CUBE-EEPRMA1.5.1.0
2024-04-29 09:47:50,534 [WARN] PackLoader:240 - Cannot read IP mode file for ITTIA_DB.I-CUBE-ITTIADB.8.9.0
2024-04-29 09:47:50,604 [WARN] PackLoader:240 - Cannot read IP mode file for SEGGER.I-CUBE-embOS.1.3.1
2024-04-29 09:47:50,700 [WARN] PackLoader:240 - Cannot read IP mode file for STMicroelectronics.X-CUBE-GNSS1.6.0.0
2024-04-29 09:47:50,745 [WARN] PackLoader:240 - Cannot read IP mode file for STMicroelectronics.X-CUBE-AZRTOS-F4.1.1.0
2024-04-29 09:47:50,771 [WARN] PackLoader:240 - Cannot read IP mode file for STMicroelectronics.X-CUBE-FREERTOS.1.2.0
2024-04-29 09:47:50,822 [WARN] PackLoader:240 - Cannot read IP mode file for STMicroelectronics.X-CUBE-AZRTOS-L5.2.0.0
2024-04-29 09:47:50,850 [WARN] PackLoader:240 - Cannot read IP mode file for STMicroelectronics.X-CUBE-NFC6.3.1.0
2024-04-29 09:47:50,874 [WARN] PackLoader:240 - Cannot read IP mode file for STMicroelectronics.X-CUBE-AI.9.0.0
2024-04-29 09:47:50,894 [WARN] PackLoader:240 - Cannot read IP mode file for STMicroelectronics.X-CUBE-NFC7.1.0.1
2024-04-29 09:47:50,944 [WARN] ConditionMgr:438 - getConditionDescription Invalid condition id : LAN8742 Phy interface Condition cause : null
2024-04-29 09:47:50,946 [WARN] PackLoader:240 - Cannot read IP mode file for STMicroelectronics.X-CUBE-AZRTOS-L4.2.0.0
2024-04-29 09:47:50,948 [WARN] ConditionMgr:1039 - genDependencies : Invalid condition id : LAN8742 Phy interface Condition cause : null
2024-04-29 09:47:50,949 [WARN] ConditionMgr:1039 - genDependencies : Invalid condition id : LAN8742 Phy interface Condition cause : null
2024-04-29 09:47:50,951 [WARN] ConditionMgr:1039 - genDependencies : Invalid condition id : LAN8742 Phy interface Condition cause : null
2024-04-29 09:47:50,979 [WARN] PackLoader:240 - Cannot read IP mode file for STMicroelectronics.X-CUBE-SFXS2LP1.4.0.0
2024-04-29 09:47:51,025 [WARN] ConditionMgr:438 - getConditionDescription Invalid condition id : UX DEVICE CLASS RTOS Condition cause : null
2024-04-29 09:47:51,026 [WARN] ConditionMgr:438 - getConditionDescription Invalid condition id : UX DEVICE CLASS RTOS Condition cause : null
2024-04-29 09:47:51,030 [WARN] PackLoader:240 - Cannot read IP mode file for STMicroelectronics.X-CUBE-AZRTOS-WB.2.0.0
2024-04-29 09:47:51,032 [WARN] ConditionMgr:1039 - genDependencies : Invalid condition id : UX DEVICE CLASS RTOS Condition cause : null
2024-04-29 09:47:51,032 [WARN] ConditionMgr:1039 - genDependencies : Invalid condition id : UX DEVICE CLASS RTOS Condition cause : null
2024-04-29 09:47:51,033 [WARN] ConditionMgr:1039 - genDependencies : Invalid condition id : UX DEVICE CLASS RTOS Condition cause : null
2024-04-29 09:47:51,035 [WARN] ConditionMgr:1039 - genDependencies : Invalid condition id : UX DEVICE CLASS RTOS Condition cause : null
2024-04-29 09:47:51,035 [WARN] ConditionMgr:1039 - genDependencies : Invalid condition id : UX DEVICE CLASS RTOS Condition cause : null
2024-04-29 09:47:51,098 [WARN] PackLoader:240 - Cannot read IP mode file for STMicroelectronics.X-CUBE-SUBG2.5.0.0
2024-04-29 09:47:51,188 [WARN] PackLoader:240 - Cannot read IP mode file for STMicroelectronics.X-CUBE-AZRTOS-G4.2.0.0
2024-04-29 09:47:51,212 [WARN] PackLoader:240 - Cannot read IP mode file for STMicroelectronics.X-CUBE-ISPU.2.0.0
2024-04-29 09:47:51,297 [WARN] PackLoader:240 - Cannot read IP mode file for STMicroelectronics.X-CUBE-MEMS1.10.0.0
2024-04-29 09:47:51,480 [WARN] PackLoader:240 - Cannot read IP mode file for STMicroelectronics.X-CUBE-FREERTOS.1.1.0
2024-04-29 09:47:51,502 [WARN] PackLoader:240 - Cannot read IP mode file for portGmbH.I-Cube-SoM-uGOAL.1.1.0
2024-04-29 09:47:51,520 [WARN] PackLoader:240 - Cannot read IP mode file for STMicroelectronics.X-CUBE-ALS.1.0.1
2024-04-29 09:47:51,556 [WARN] PackLoader:240 - Cannot read IP mode file for STMicroelectronics.X-CUBE-AZRTOS-H7RS.1.0.0
2024-04-29 09:47:51,579 [WARN] PackLoader:240 - Cannot read IP mode file for STMicroelectronics.FP-ATR-ASTRA1.2.0.0
2024-04-29 09:47:51,605 [WARN] PackLoader:240 - Cannot read IP mode file for STMicroelectronics.X-CUBE-TOF1.3.4.1
2024-04-29 09:47:51,655 [WARN] PackLoader:240 - Cannot read IP mode file for STMicroelectronics.X-CUBE-AZRTOS-H7.3.2.0
2024-04-29 09:47:51,687 [WARN] PackLoader:240 - Cannot read IP mode file for Infineon.AIROC-Wi-Fi-Bluetooth-STM32.1.6.0
2024-04-29 09:47:51,691 [INFO] ThirdParty:978 - Integrity check success = true
2024-04-29 09:47:51,691 [INFO] IntegrityCheckThread:100 - exiting critical section [integrity check]
2024-04-29 09:47:51,691 [INFO] IntegrityCheckThread:103 - End integrity checks thread
2024-04-29 09:47:55,542 [INFO] WebApp:161 - Instantiating new browser for Auth
2024-04-29 09:47:56,372 [INFO] WebApp:779 - Register for checkConnection events
2024-04-29 09:47:56,372 [INFO] WebApp:414 - Apply proxy settings
2024-04-29 09:47:56,372 [INFO] WebApp:499 - Chromium requires no authentication
2024-04-29 09:47:56,383 [INFO] WebApp:442 - Direct internet connection detected
2024-04-29 09:47:56,612 [INFO] WebApp:192 - Starting web application
2024-04-29 09:47:56,612 [INFO] WebApp:544 - Web application path used C:\ST\STM32CubeIDE_1.15.0\STM32CubeIDE\plugins\com.st.stm32cube.common.mx_6.11.1.202404110753\db\plugins\mcufinder\reactClient1\index.html
