2024-05-15 11:24:26,725 [ERROR] LogOutputStream:75 - [STDERR_REDIRECT] 
2024-05-15 17:54:58,017 [INFO] Activator:176 - 


2024-05-15 17:54:58,021 [INFO] Activator:177 - !SESSION log4j initialized
2024-05-15 17:55:05,794 [INFO] LogOutputStream:77 - [STDOUT_REDIRECT] 
2024-05-15 17:55:10,130 [INFO] ApplicationProperties:184 - Using Application install path: C:\ST\STM32CubeIDE_1.15.0\STM32CubeIDE\plugins\com.st.stm32cube.common.mx_6.11.1.202404110753
2024-05-15 17:55:10,156 [INFO] DbMcusXml:78 - Set database path to: C:\ST\STM32CubeIDE_1.15.0\STM32CubeIDE\plugins\com.st.stm32cube.common.mx_6.11.1.202404110753\\db\/mcu/
2024-05-15 17:55:10,157 [INFO] ApiDb:274 - Set plugin database path to: C:\ST\STM32CubeIDE_1.15.0\STM32CubeIDE\plugins\com.st.stm32cube.common.mx_6.11.1.202404110753\\db\/plugins/boardmanager/
2024-05-15 17:55:10,157 [WARN] ApiDb:259 - Overriding images path with different value:  => C:\ST\STM32CubeIDE_1.15.0\STM32CubeIDE\plugins\com.st.stm32cube.common.mx_6.11.1.202404110753\\db\/plugins/mcufinder/images/
2024-05-15 17:55:10,169 [INFO] ApiDb:250 - Set database path to: C:\Users\Yaroslav Ludchak\.stmcufinder\plugins\mcufinder//mcu/
2024-05-15 17:55:10,170 [INFO] DbMcusAds:125 - Set database path to: C:\Users\Yaroslav Ludchak\.stmcufinder\plugins\mcufinder//mcu/
2024-05-15 17:55:10,173 [INFO] CrossReferenceDbSqlite:203 - Set database path to: C:\Users\Yaroslav Ludchak\.stmcufinder\plugins\mcufinder//mcu/cs/
2024-05-15 17:55:10,347 [INFO] RulesReader:64 - Compatibility file has been processed (297 Rules)
2024-05-15 17:55:10,515 [INFO] DbMcusXml:78 - Set database path to: C:\ST\STM32CubeIDE_1.15.0\STM32CubeIDE\plugins\com.st.stm32cube.common.mx_6.11.1.202404110753\\db\/mcu/
2024-05-15 17:55:10,515 [INFO] ApiDb:274 - Set plugin database path to: C:\ST\STM32CubeIDE_1.15.0\STM32CubeIDE\plugins\com.st.stm32cube.common.mx_6.11.1.202404110753\\db\/plugins/boardmanager/
2024-05-15 17:55:10,515 [INFO] ApiDb:261 - Set plugin images path to: C:\ST\STM32CubeIDE_1.15.0\STM32CubeIDE\plugins\com.st.stm32cube.common.mx_6.11.1.202404110753\\db\/plugins/mcufinder/images/
2024-05-15 17:55:10,515 [WARN] DbFile:41 - Overriding database path with different value: C:\Users\Yaroslav Ludchak\.stmcufinder\plugins\mcufinder/ => C:\Users\Yaroslav Ludchak\.stmcufinder\plugins\mcufinder
2024-05-15 17:55:10,516 [INFO] ApiDb:250 - Set database path to: C:\Users\Yaroslav Ludchak\.stmcufinder\plugins\mcufinder//mcu/
2024-05-15 17:55:10,516 [WARN] DbFile:41 - Overriding database path with different value: C:\Users\Yaroslav Ludchak\.stmcufinder\plugins\mcufinder/ => C:\Users\Yaroslav Ludchak\.stmcufinder\plugins\mcufinder
2024-05-15 17:55:10,516 [INFO] DbMcusAds:125 - Set database path to: C:\Users\Yaroslav Ludchak\.stmcufinder\plugins\mcufinder//mcu/
2024-05-15 17:55:10,516 [WARN] DbFile:41 - Overriding database path with different value: C:\Users\Yaroslav Ludchak\.stmcufinder\plugins\mcufinder/ => C:\Users\Yaroslav Ludchak\.stmcufinder\plugins\mcufinder
2024-05-15 17:55:10,516 [WARN] DbFile:41 - Overriding database path with different value: C:\Users\Yaroslav Ludchak\.stmcufinder\plugins\mcufinder/ => C:\Users\Yaroslav Ludchak\.stmcufinder\plugins\mcufinder
2024-05-15 17:55:10,516 [INFO] CrossReferenceDbSqlite:203 - Set database path to: C:\Users\Yaroslav Ludchak\.stmcufinder\plugins\mcufinder//mcu/cs/
2024-05-15 17:55:10,657 [INFO] MainPanel:264 - HeapMemory: 268435456
2024-05-15 17:55:10,821 [INFO] DbMcusXml:78 - Set database path to: C:\ST\STM32CubeIDE_1.15.0\STM32CubeIDE\plugins\com.st.stm32cube.common.mx_6.11.1.202404110753\\db\/mcu/
2024-05-15 17:55:10,821 [INFO] ApiDb:274 - Set plugin database path to: C:\ST\STM32CubeIDE_1.15.0\STM32CubeIDE\plugins\com.st.stm32cube.common.mx_6.11.1.202404110753\\db\/plugins/boardmanager/
2024-05-15 17:55:10,821 [INFO] ApiDb:261 - Set plugin images path to: C:\ST\STM32CubeIDE_1.15.0\STM32CubeIDE\plugins\com.st.stm32cube.common.mx_6.11.1.202404110753\\db\/plugins/mcufinder/images/
2024-05-15 17:55:10,822 [WARN] DbFile:41 - Overriding database path with different value: C:\Users\Yaroslav Ludchak\.stmcufinder\plugins\mcufinder/ => C:\Users\Yaroslav Ludchak\.stmcufinder\plugins\mcufinder
2024-05-15 17:55:10,822 [INFO] ApiDb:250 - Set database path to: C:\Users\Yaroslav Ludchak\.stmcufinder\plugins\mcufinder//mcu/
2024-05-15 17:55:10,822 [WARN] DbFile:41 - Overriding database path with different value: C:\Users\Yaroslav Ludchak\.stmcufinder\plugins\mcufinder/ => C:\Users\Yaroslav Ludchak\.stmcufinder\plugins\mcufinder
2024-05-15 17:55:10,822 [INFO] DbMcusAds:125 - Set database path to: C:\Users\Yaroslav Ludchak\.stmcufinder\plugins\mcufinder//mcu/
2024-05-15 17:55:10,822 [WARN] DbFile:41 - Overriding database path with different value: C:\Users\Yaroslav Ludchak\.stmcufinder\plugins\mcufinder/ => C:\Users\Yaroslav Ludchak\.stmcufinder\plugins\mcufinder
2024-05-15 17:55:10,822 [WARN] DbFile:41 - Overriding database path with different value: C:\Users\Yaroslav Ludchak\.stmcufinder\plugins\mcufinder/ => C:\Users\Yaroslav Ludchak\.stmcufinder\plugins\mcufinder
2024-05-15 17:55:10,823 [INFO] CrossReferenceDbSqlite:203 - Set database path to: C:\Users\Yaroslav Ludchak\.stmcufinder\plugins\mcufinder//mcu/cs/
2024-05-15 17:55:10,855 [INFO] ApplicationProperties:184 - Using Application install path: C:\ST\STM32CubeIDE_1.15.0\STM32CubeIDE\plugins\com.st.stm32cube.common.mx_6.11.1.202404110753
2024-05-15 17:55:10,857 [INFO] PluginManage:196 - Search for loadable plugins [exclusion list=, ]
2024-05-15 17:55:10,860 [INFO] PluginManage:310 - Check plugin analytics
2024-05-15 17:55:11,158 [INFO] AnalyticsPlugin:253 - Accepted Software Licenses: 
2024-05-15 17:55:11,159 [INFO] AnalyticsPlugin:255 - Accepted CMSIS Pack Licenses: 
2024-05-15 17:55:11,159 [INFO] AnalyticsPlugin:257 - Accepted Firmware Licenses: 
2024-05-15 17:55:11,165 [INFO] PluginManage:359 - Loaded plugin analytics (category:tool,tabindex:-1)
2024-05-15 17:55:11,165 [INFO] PluginManage:310 - Check plugin cadmodel
2024-05-15 17:55:11,294 [INFO] CADModel:105 - Init CAD model plugin
2024-05-15 17:55:11,295 [INFO] PluginManage:359 - Loaded plugin cadmodel (category:power,tabindex:5)
2024-05-15 17:55:11,295 [INFO] PluginManage:310 - Check plugin clock
2024-05-15 17:55:11,326 [INFO] PluginManage:359 - Loaded plugin clock (category:base,tabindex:2)
2024-05-15 17:55:11,326 [INFO] PluginManage:310 - Check plugin ddr
2024-05-15 17:55:11,330 [INFO] PluginManage:359 - Loaded plugin ddr (category:tool,tabindex:6)
2024-05-15 17:55:11,330 [INFO] PluginManage:310 - Check plugin filemanager
2024-05-15 17:55:11,540 [INFO] PluginManage:359 - Loaded plugin filemanager (category:base,tabindex:10)
2024-05-15 17:55:11,540 [INFO] PluginManage:310 - Check plugin ipmanager
2024-05-15 17:55:11,550 [INFO] PluginManage:359 - Loaded plugin ipmanager (category:base,tabindex:5)
2024-05-15 17:55:11,550 [INFO] PluginManage:310 - Check plugin lpbam
2024-05-15 17:55:11,579 [INFO] PluginManage:359 - Loaded plugin lpbam (category:base,tabindex:0)
2024-05-15 17:55:11,580 [INFO] PluginManage:310 - Check plugin memorymap
2024-05-15 17:55:11,611 [INFO] PluginManage:359 - Loaded plugin memorymap (category:base,tabindex:4)
2024-05-15 17:55:11,611 [INFO] PluginManage:310 - Check plugin pinoutandconfiguration
2024-05-15 17:55:11,636 [INFO] PluginManage:359 - Loaded plugin pinoutandconfiguration (category:base,tabindex:1)
2024-05-15 17:55:11,637 [INFO] PluginManage:310 - Check plugin pinoutconfig
2024-05-15 17:55:11,764 [WARN] SupportedApi:132 - Cannot load RTOS API schema: s4s-elt-must-match.1: The content of 'definitions' must match (annotation?, (simpleType | complexType)?, (unique | key | keyref)*)). A problem was found starting at: attribute.
2024-05-15 17:55:11,957 [INFO] PluginManage:359 - Loaded plugin pinoutconfig (category:base,tabindex:0)
2024-05-15 17:55:11,957 [INFO] PluginManage:310 - Check plugin power
2024-05-15 17:55:11,985 [INFO] PluginManage:359 - Loaded plugin power (category:power,tabindex:4)
2024-05-15 17:55:11,986 [INFO] PluginManage:310 - Check plugin projectmanager
2024-05-15 17:55:12,009 [INFO] PluginManage:359 - Loaded plugin projectmanager (category:projectmanager,tabindex:3)
2024-05-15 17:55:12,010 [INFO] PluginManage:310 - Check plugin thirdparty
2024-05-15 17:55:12,428 [INFO] PluginManage:359 - Loaded plugin thirdparty (category:base,tabindex:-1)
2024-05-15 17:55:12,428 [INFO] PluginManage:310 - Check plugin tools
2024-05-15 17:55:12,428 [WARN] IntegrityCheckThread:84 - waiting for thirdparty lock release [integrity check]
2024-05-15 17:55:12,429 [INFO] IntegrityCheckThread:86 - entering critical section [integrity check]
2024-05-15 17:55:12,430 [INFO] ThirdPartyUpdaterWithRetryManager:70 - Updater plugin not ready yet. [1/15]
2024-05-15 17:55:12,479 [INFO] PluginManage:359 - Loaded plugin tools (category:base,tabindex:7)
2024-05-15 17:55:12,479 [INFO] PluginManage:310 - Check plugin tutovideos
2024-05-15 17:55:12,774 [INFO] PluginManage:359 - Loaded plugin tutovideos (category:base,tabindex:-1)
2024-05-15 17:55:12,774 [INFO] PluginManage:310 - Check plugin updater
2024-05-15 17:55:12,802 [INFO] PluginManage:359 - Loaded plugin updater (category:base,tabindex:12)
2024-05-15 17:55:12,802 [INFO] PluginManage:310 - Check plugin userauth
2024-05-15 17:55:12,811 [INFO] UserAuth:114 - Init User Auth plugin
2024-05-15 17:55:12,811 [INFO] PluginManage:359 - Loaded plugin userauth (category:base,tabindex:14)
2024-05-15 17:55:12,812 [INFO] PluginManage:283 - PluginManage : Loaded plugins [17]
2024-05-15 17:55:13,196 [INFO] PinOutPanel:1561 - setPackage(No Configuration,No Configuration)
2024-05-15 17:55:13,323 [INFO] CADModel:165 - CPN selected for project level
2024-05-15 17:55:13,323 [INFO] CADModel:114 - Register for checkConnection events
2024-05-15 17:55:13,364 [INFO] IPUIPlugin:80 - create IPUIPlugin
2024-05-15 17:55:13,365 [INFO] PluginManager:220 - loadIPPluginJar : add adc
2024-05-15 17:55:13,418 [INFO] IPUIPlugin:80 - create IPUIPlugin
2024-05-15 17:55:13,418 [INFO] PluginManager:220 - loadIPPluginJar : add aes
2024-05-15 17:55:13,475 [INFO] IPUIPlugin:80 - create IPUIPlugin
2024-05-15 17:55:13,475 [INFO] PluginManager:220 - loadIPPluginJar : add can
2024-05-15 17:55:13,510 [INFO] IPUIPlugin:80 - create IPUIPlugin
2024-05-15 17:55:13,510 [INFO] PluginManager:220 - loadIPPluginJar : add comp
2024-05-15 17:55:13,563 [INFO] IPUIPlugin:80 - create IPUIPlugin
2024-05-15 17:55:13,563 [INFO] PluginManager:220 - loadIPPluginJar : add cryp
2024-05-15 17:55:13,609 [INFO] IPUIPlugin:80 - create IPUIPlugin
2024-05-15 17:55:13,610 [INFO] PluginManager:220 - loadIPPluginJar : add dfsdm
2024-05-15 17:55:13,630 [INFO] IPUIPlugin:80 - create IPUIPlugin
2024-05-15 17:55:13,631 [INFO] PluginManager:220 - loadIPPluginJar : add dma
2024-05-15 17:55:13,697 [INFO] IPUIPlugin:80 - create IPUIPlugin
2024-05-15 17:55:13,697 [INFO] PluginManager:220 - loadIPPluginJar : add dma3
2024-05-15 17:55:13,755 [INFO] IPUIPlugin:80 - create IPUIPlugin
2024-05-15 17:55:13,755 [INFO] PluginManager:220 - loadIPPluginJar : add extmemmanager
2024-05-15 17:55:13,781 [INFO] IPUIPlugin:80 - create IPUIPlugin
2024-05-15 17:55:13,782 [INFO] PluginManager:220 - loadIPPluginJar : add fatfs
2024-05-15 17:55:13,845 [INFO] IPUIPlugin:80 - create IPUIPlugin
2024-05-15 17:55:13,846 [INFO] PluginManager:220 - loadIPPluginJar : add fmc
2024-05-15 17:55:13,866 [INFO] IPUIPlugin:80 - create IPUIPlugin
2024-05-15 17:55:13,866 [INFO] PluginManager:220 - loadIPPluginJar : add freertos
2024-05-15 17:55:13,896 [INFO] IPUIPlugin:80 - create IPUIPlugin
2024-05-15 17:55:13,896 [INFO] PluginManager:220 - loadIPPluginJar : add genericplugin
2024-05-15 17:55:14,028 [INFO] IPUIPlugin:80 - create IPUIPlugin
2024-05-15 17:55:14,028 [INFO] PluginManager:220 - loadIPPluginJar : add gfxmmu
2024-05-15 17:55:14,221 [INFO] IPUIPlugin:80 - create IPUIPlugin
2024-05-15 17:55:14,221 [INFO] PluginManager:220 - loadIPPluginJar : add gic
2024-05-15 17:55:14,240 [INFO] IPUIPlugin:80 - create IPUIPlugin
2024-05-15 17:55:14,240 [INFO] PluginManager:220 - loadIPPluginJar : add gpio
2024-05-15 17:55:14,365 [INFO] IPUIPlugin:80 - create IPUIPlugin
2024-05-15 17:55:14,365 [INFO] PluginManager:220 - loadIPPluginJar : add gtzc
2024-05-15 17:55:14,410 [INFO] IPUIPlugin:80 - create IPUIPlugin
2024-05-15 17:55:14,410 [INFO] PluginManager:220 - loadIPPluginJar : add hash
2024-05-15 17:55:14,482 [INFO] IPUIPlugin:80 - create IPUIPlugin
2024-05-15 17:55:14,482 [INFO] PluginManager:220 - loadIPPluginJar : add i2c
2024-05-15 17:55:14,535 [INFO] IPUIPlugin:80 - create IPUIPlugin
2024-05-15 17:55:14,535 [INFO] PluginManager:220 - loadIPPluginJar : add i2s
2024-05-15 17:55:14,592 [INFO] IPUIPlugin:80 - create IPUIPlugin
2024-05-15 17:55:14,592 [INFO] PluginManager:220 - loadIPPluginJar : add i3c
2024-05-15 17:55:14,730 [INFO] IPUIPlugin:80 - create IPUIPlugin
2024-05-15 17:55:14,730 [INFO] PluginManager:220 - loadIPPluginJar : add ipddr
2024-05-15 17:55:14,860 [INFO] IPUIPlugin:80 - create IPUIPlugin
2024-05-15 17:55:14,861 [INFO] PluginManager:220 - loadIPPluginJar : add linkedlist
2024-05-15 17:55:14,908 [INFO] IPUIPlugin:80 - create IPUIPlugin
2024-05-15 17:55:14,909 [INFO] PluginManager:220 - loadIPPluginJar : add lorawan
2024-05-15 17:55:14,963 [INFO] IPUIPlugin:80 - create IPUIPlugin
2024-05-15 17:55:14,963 [INFO] PluginManager:220 - loadIPPluginJar : add ltdc
2024-05-15 17:55:14,983 [INFO] IPUIPlugin:80 - create IPUIPlugin
2024-05-15 17:55:14,984 [INFO] PluginManager:220 - loadIPPluginJar : add mdma
2024-05-15 17:55:15,002 [INFO] IPUIPlugin:80 - create IPUIPlugin
2024-05-15 17:55:15,003 [INFO] PluginManager:220 - loadIPPluginJar : add nvic
2024-05-15 17:55:15,053 [INFO] IPUIPlugin:80 - create IPUIPlugin
2024-05-15 17:55:15,053 [INFO] PluginManager:220 - loadIPPluginJar : add opamp
2024-05-15 17:55:15,135 [INFO] IPUIPlugin:80 - create IPUIPlugin
2024-05-15 17:55:15,136 [INFO] PluginManager:220 - loadIPPluginJar : add openamp
2024-05-15 17:55:15,192 [INFO] IPUIPlugin:80 - create IPUIPlugin
2024-05-15 17:55:15,192 [INFO] PluginManager:220 - loadIPPluginJar : add pdm2pcm
2024-05-15 17:55:15,211 [INFO] IPUIPlugin:80 - create IPUIPlugin
2024-05-15 17:55:15,214 [INFO] PluginManager:220 - loadIPPluginJar : add plateformsettings
2024-05-15 17:55:15,246 [INFO] IPUIPlugin:80 - create IPUIPlugin
2024-05-15 17:55:15,246 [INFO] PluginManager:220 - loadIPPluginJar : add quadspi
2024-05-15 17:55:15,263 [INFO] IPUIPlugin:80 - create IPUIPlugin
2024-05-15 17:55:15,263 [INFO] PluginManager:220 - loadIPPluginJar : add resmgrutility
2024-05-15 17:55:15,326 [INFO] IPUIPlugin:80 - create IPUIPlugin
2024-05-15 17:55:15,326 [INFO] PluginManager:220 - loadIPPluginJar : add sai
2024-05-15 17:55:15,375 [INFO] IPUIPlugin:80 - create IPUIPlugin
2024-05-15 17:55:15,375 [INFO] PluginManager:220 - loadIPPluginJar : add spi
2024-05-15 17:55:15,431 [INFO] ThirdPartyUpdaterWithRetryManager:70 - Updater plugin not ready yet. [2/15]
2024-05-15 17:55:15,464 [INFO] IPUIPlugin:80 - create IPUIPlugin
2024-05-15 17:55:15,465 [INFO] PluginManager:220 - loadIPPluginJar : add stm32_wpan
2024-05-15 17:55:15,495 [INFO] IPUIPlugin:80 - create IPUIPlugin
2024-05-15 17:55:15,495 [INFO] PluginManager:220 - loadIPPluginJar : add tim
2024-05-15 17:55:15,578 [INFO] IPUIPlugin:80 - create IPUIPlugin
2024-05-15 17:55:15,578 [INFO] PluginManager:220 - loadIPPluginJar : add touchsensing
2024-05-15 17:55:15,611 [INFO] IPUIPlugin:80 - create IPUIPlugin
2024-05-15 17:55:15,611 [INFO] PluginManager:220 - loadIPPluginJar : add tracer_emb
2024-05-15 17:55:15,642 [INFO] IPUIPlugin:80 - create IPUIPlugin
2024-05-15 17:55:15,642 [INFO] PluginManager:220 - loadIPPluginJar : add ts
2024-05-15 17:55:15,673 [INFO] IPUIPlugin:80 - create IPUIPlugin
2024-05-15 17:55:15,674 [INFO] PluginManager:220 - loadIPPluginJar : add tsc
2024-05-15 17:55:15,704 [INFO] IPUIPlugin:80 - create IPUIPlugin
2024-05-15 17:55:15,705 [INFO] PluginManager:220 - loadIPPluginJar : add ucpd
2024-05-15 17:55:15,761 [INFO] IPUIPlugin:80 - create IPUIPlugin
2024-05-15 17:55:15,761 [INFO] PluginManager:220 - loadIPPluginJar : add usart
2024-05-15 17:55:15,818 [INFO] IPUIPlugin:80 - create IPUIPlugin
2024-05-15 17:55:15,819 [INFO] PluginManager:220 - loadIPPluginJar : add usbx
2024-05-15 17:55:15,984 [INFO] CADModel:165 - CPN selected for project level
2024-05-15 17:55:15,985 [INFO] CADModel:114 - Register for checkConnection events
2024-05-15 17:55:15,985 [FATAL] Updater:308 - Updater called before beeing initialized
2024-05-15 17:55:15,985 [ERROR] CADModel:125 - Updater not yet initialized, retry later 
2024-05-15 17:55:16,218 [INFO] CADModel:165 - CPN selected for project level
2024-05-15 17:55:16,219 [INFO] CADModel:114 - Register for checkConnection events
2024-05-15 17:55:16,219 [FATAL] Updater:308 - Updater called before beeing initialized
2024-05-15 17:55:16,219 [ERROR] CADModel:125 - Updater not yet initialized, retry later 
2024-05-15 17:55:16,225 [FATAL] Updater:308 - Updater called before beeing initialized
2024-05-15 17:55:16,393 [FATAL] Updater:308 - Updater called before beeing initialized
2024-05-15 17:55:16,407 [INFO] DbMcusAds:53 - JSON generation date=Thu May 02 11:37:29 EEST 2024 (1714639049318)
2024-05-15 17:55:16,408 [FATAL] Updater:308 - Updater called before beeing initialized
2024-05-15 17:55:16,523 [WARN] DetailPanel:346 - Failed to get advertising image, set to default
2024-05-15 17:55:16,651 [FATAL] Updater:308 - Updater called before beeing initialized
2024-05-15 17:55:16,654 [FATAL] Updater:308 - Updater called before beeing initialized
2024-05-15 17:55:16,654 [FATAL] Updater:308 - Updater called before beeing initialized
2024-05-15 17:55:16,654 [WARN] DetailPanel:346 - Failed to get advertising image, set to default
2024-05-15 17:55:16,655 [FATAL] Updater:308 - Updater called before beeing initialized
2024-05-15 17:55:16,783 [ERROR] Updater:1120 - MainUpdater not yet initialized. External WinMGr cannot be set.
2024-05-15 17:55:16,797 [INFO] Updater:1056 - Updater Version found : 6.11.1
2024-05-15 17:55:16,824 [INFO] ApplicationProperties:184 - Using Application install path: C:\ST\STM32CubeIDE_1.15.0\STM32CubeIDE\plugins\com.st.stm32cube.common.mx_6.11.1.202404110753
2024-05-15 17:55:17,313 [INFO] MainUpdater:2873 - connection check result : 10
2024-05-15 17:55:17,314 [INFO] MainUpdater:3567 - Updater definition file requires update
2024-05-15 17:55:17,315 [INFO] MainUpdater:290 - Updater Check For Update Now.
2024-05-15 17:55:17,316 [INFO] MicroXplorer:498 - Change Database Version : DB.6.0.111
2024-05-15 17:55:17,340 [INFO] McuFinderGlobals:63 - Set McuFinder mode to 2 (CubeIDE integrated)
2024-05-15 17:55:17,355 [INFO] UserAuth:415 - Internet connection configuration mode: 1
2024-05-15 17:55:17,389 [INFO] JxBrowserEngine:152 - Initiate JxBrowser Engine with user profile folder
2024-05-15 17:55:17,505 [INFO] ServerAccessManage:473 - Download File updaters.zip
2024-05-15 17:55:17,696 [INFO] FileExtend:240 - Unzip File : updaters.zip
2024-05-15 17:55:17,697 [INFO] FileExtend:255 - Standard Zip Deflate
2024-05-15 17:55:18,432 [WARN] MainUpdater:1194 - Updater busy. Cannot search thirdparties
2024-05-15 17:55:18,433 [INFO] ThirdPartyUpdaterWithRetryManager:96 - Updater plugin is busy. [1/15]
2024-05-15 17:55:18,490 [INFO] ServerAccessManage:473 - Download File PacksControlFlags.xml
2024-05-15 17:55:18,681 [INFO] ServerAccessManage:473 - Download File cubemx.pidx
2024-05-15 17:55:18,926 [INFO] LoadServerUpdatesThread:375 - End of LoadServerUpdate Thread
2024-05-15 17:55:19,199 [INFO] CheckServerUpdateThread:120 - End of CheckServer Thread
2024-05-15 17:55:21,816 [WARN] PackLoader:240 - Cannot read IP mode file for STMicroelectronics.FP-SNS-MOTENVWB1.1.4.0
2024-05-15 17:55:21,844 [WARN] PackLoader:240 - Cannot read IP mode file for STMicroelectronics.X-CUBE-SMBUS.2.1.0
2024-05-15 17:55:21,865 [WARN] PackLoader:240 - Cannot read IP mode file for STMicroelectronics.X-CUBE-TOUCHGFX.4.23.2
2024-05-15 17:55:21,937 [WARN] PackLoader:240 - Cannot read IP mode file for STMicroelectronics.X-CUBE-AZRTOS-F7.1.1.0
2024-05-15 17:55:21,970 [WARN] PackLoader:240 - Cannot read IP mode file for STMicroelectronics.FP-SNS-FLIGHT1.5.0.2
2024-05-15 17:55:22,002 [WARN] PackLoader:240 - Cannot read IP mode file for STMicroelectronics.X-CUBE-DISPLAY.3.0.0
2024-05-15 17:55:22,042 [WARN] PackLoader:240 - Cannot read IP mode file for STMicroelectronics.X-CUBE-BLE1.7.0.0
2024-05-15 17:55:22,065 [WARN] PackLoader:240 - Cannot read IP mode file for emotas.I-CUBE-CANOPEN.1.3.0
2024-05-15 17:55:22,100 [WARN] PackLoader:240 - Cannot read IP mode file for STMicroelectronics.X-CUBE-BLEMGR.3.1.0
2024-05-15 17:55:22,125 [WARN] PackLoader:240 - Cannot read IP mode file for STMicroelectronics.FP-SNS-SMARTAG2.1.2.0
2024-05-15 17:55:22,153 [INFO] LogOutputStream:77 - [STDOUT_REDIRECT] 1 : Invalid condition id : UX_CORESTACK_Condition cause : null
2024-05-15 17:55:22,155 [INFO] LogOutputStream:77 - [STDOUT_REDIRECT] 1 : Invalid condition id : UX_CORESTACK_Condition cause : null
2024-05-15 17:55:22,157 [INFO] LogOutputStream:77 - [STDOUT_REDIRECT] 1 : Invalid condition id : UX_CORESTACK_Condition cause : null
2024-05-15 17:55:22,159 [INFO] LogOutputStream:77 - [STDOUT_REDIRECT] 1 : Invalid condition id : UX_CORESTACK_Condition cause : null
2024-05-15 17:55:22,161 [INFO] LogOutputStream:77 - [STDOUT_REDIRECT] 1 : Invalid condition id : UX_CORESTACK_Condition cause : null
2024-05-15 17:55:22,167 [WARN] PackLoader:240 - Cannot read IP mode file for STMicroelectronics.X-CUBE-AZRTOS-WL.2.0.0
2024-05-15 17:55:22,193 [WARN] PackLoader:240 - Cannot read IP mode file for STMicroelectronics.FP-SNS-MOTENV1.5.0.0
2024-05-15 17:55:22,221 [WARN] PackLoader:240 - Cannot read IP mode file for WES.I-CUBE-Cesium.1.3.0
2024-05-15 17:55:22,241 [WARN] PackLoader:240 - Cannot read IP mode file for STMicroelectronics.X-CUBE-BLE2.3.3.0
2024-05-15 17:55:22,266 [WARN] PackLoader:240 - Cannot read IP mode file for STMicroelectronics.X-CUBE-TCPP.4.1.0
2024-05-15 17:55:22,293 [WARN] PackLoader:240 - Cannot read IP mode file for STMicroelectronics.X-CUBE-ALGOBUILD.1.3.0
2024-05-15 17:55:22,344 [WARN] PackLoader:240 - Cannot read IP mode file for STMicroelectronics.X-CUBE-AZRTOS-G0.1.1.0
2024-05-15 17:55:22,372 [WARN] PackLoader:240 - Cannot read IP mode file for STMicroelectronics.X-CUBE-SAFEA1.1.2.2
2024-05-15 17:55:22,400 [WARN] PackLoader:240 - Cannot read IP mode file for STMicroelectronics.X-CUBE-NFC4.3.0.0
2024-05-15 17:55:22,422 [WARN] PackLoader:240 - Cannot read IP mode file for wolfSSL.I-CUBE-wolfSSL.5.7.0
2024-05-15 17:55:22,442 [WARN] PackLoader:240 - Cannot read IP mode file for STMicroelectronics.FP-ATR-SIGFOX1.3.2.0
2024-05-15 17:55:22,466 [WARN] PackLoader:240 - Cannot read IP mode file for STMicroelectronics.X-CUBE-EEPRMA1.5.1.0
2024-05-15 17:55:22,490 [WARN] PackLoader:240 - Cannot read IP mode file for ITTIA_DB.I-CUBE-ITTIADB.8.9.0
2024-05-15 17:55:22,563 [WARN] PackLoader:240 - Cannot read IP mode file for SEGGER.I-CUBE-embOS.1.3.1
2024-05-15 17:55:22,653 [WARN] PackLoader:240 - Cannot read IP mode file for STMicroelectronics.X-CUBE-ALGOBUILD.1.4.0
2024-05-15 17:55:22,675 [WARN] PackLoader:240 - Cannot read IP mode file for STMicroelectronics.X-CUBE-GNSS1.6.0.0
2024-05-15 17:55:22,724 [WARN] PackLoader:240 - Cannot read IP mode file for STMicroelectronics.X-CUBE-AZRTOS-F4.1.1.0
2024-05-15 17:55:22,753 [WARN] PackLoader:240 - Cannot read IP mode file for STMicroelectronics.X-CUBE-FREERTOS.1.2.0
2024-05-15 17:55:22,801 [WARN] PackLoader:240 - Cannot read IP mode file for STMicroelectronics.X-CUBE-AZRTOS-L5.2.0.0
2024-05-15 17:55:22,834 [WARN] PackLoader:240 - Cannot read IP mode file for STMicroelectronics.X-CUBE-NFC6.3.1.0
2024-05-15 17:55:22,857 [WARN] PackLoader:240 - Cannot read IP mode file for STMicroelectronics.X-CUBE-AI.9.0.0
2024-05-15 17:55:22,874 [WARN] PackLoader:240 - Cannot read IP mode file for STMicroelectronics.X-CUBE-NFC7.1.0.1
2024-05-15 17:55:22,923 [WARN] ConditionMgr:438 - getConditionDescription Invalid condition id : LAN8742 Phy interface Condition cause : null
2024-05-15 17:55:22,924 [WARN] PackLoader:240 - Cannot read IP mode file for STMicroelectronics.X-CUBE-AZRTOS-L4.2.0.0
2024-05-15 17:55:22,925 [WARN] ConditionMgr:1039 - genDependencies : Invalid condition id : LAN8742 Phy interface Condition cause : null
2024-05-15 17:55:22,926 [WARN] ConditionMgr:1039 - genDependencies : Invalid condition id : LAN8742 Phy interface Condition cause : null
2024-05-15 17:55:22,927 [WARN] ConditionMgr:1039 - genDependencies : Invalid condition id : LAN8742 Phy interface Condition cause : null
2024-05-15 17:55:22,951 [WARN] PackLoader:240 - Cannot read IP mode file for STMicroelectronics.X-CUBE-SFXS2LP1.4.0.0
2024-05-15 17:55:22,993 [WARN] ConditionMgr:438 - getConditionDescription Invalid condition id : UX DEVICE CLASS RTOS Condition cause : null
2024-05-15 17:55:22,994 [WARN] ConditionMgr:438 - getConditionDescription Invalid condition id : UX DEVICE CLASS RTOS Condition cause : null
2024-05-15 17:55:22,998 [WARN] PackLoader:240 - Cannot read IP mode file for STMicroelectronics.X-CUBE-AZRTOS-WB.2.0.0
2024-05-15 17:55:22,999 [WARN] ConditionMgr:1039 - genDependencies : Invalid condition id : UX DEVICE CLASS RTOS Condition cause : null
2024-05-15 17:55:22,999 [WARN] ConditionMgr:1039 - genDependencies : Invalid condition id : UX DEVICE CLASS RTOS Condition cause : null
2024-05-15 17:55:23,000 [WARN] ConditionMgr:1039 - genDependencies : Invalid condition id : UX DEVICE CLASS RTOS Condition cause : null
2024-05-15 17:55:23,001 [WARN] ConditionMgr:1039 - genDependencies : Invalid condition id : UX DEVICE CLASS RTOS Condition cause : null
2024-05-15 17:55:23,001 [WARN] ConditionMgr:1039 - genDependencies : Invalid condition id : UX DEVICE CLASS RTOS Condition cause : null
2024-05-15 17:55:23,033 [WARN] PackLoader:240 - Cannot read IP mode file for STMicroelectronics.X-CUBE-SUBG2.5.0.0
2024-05-15 17:55:23,082 [WARN] PackLoader:240 - Cannot read IP mode file for STMicroelectronics.X-CUBE-AZRTOS-G4.2.0.0
2024-05-15 17:55:23,104 [WARN] PackLoader:240 - Cannot read IP mode file for STMicroelectronics.X-CUBE-ISPU.2.0.0
2024-05-15 17:55:23,193 [WARN] PackLoader:240 - Cannot read IP mode file for STMicroelectronics.X-CUBE-MEMS1.10.0.0
2024-05-15 17:55:23,408 [WARN] PackLoader:240 - Cannot read IP mode file for STMicroelectronics.X-CUBE-FREERTOS.1.1.0
2024-05-15 17:55:23,433 [WARN] PackLoader:240 - Cannot read IP mode file for portGmbH.I-Cube-SoM-uGOAL.1.1.0
2024-05-15 17:55:23,455 [WARN] PackLoader:240 - Cannot read IP mode file for STMicroelectronics.X-CUBE-ALS.1.0.1
2024-05-15 17:55:23,511 [WARN] PackLoader:240 - Cannot read IP mode file for STMicroelectronics.X-CUBE-AZRTOS-H7RS.1.0.0
2024-05-15 17:55:23,535 [WARN] PackLoader:240 - Cannot read IP mode file for STMicroelectronics.FP-ATR-ASTRA1.2.0.0
2024-05-15 17:55:23,572 [WARN] PackLoader:240 - Cannot read IP mode file for STMicroelectronics.X-CUBE-TOF1.3.4.1
2024-05-15 17:55:23,645 [WARN] PackLoader:240 - Cannot read IP mode file for STMicroelectronics.X-CUBE-AZRTOS-H7.3.2.0
2024-05-15 17:55:23,692 [WARN] PackLoader:240 - Cannot read IP mode file for Infineon.AIROC-Wi-Fi-Bluetooth-STM32.1.6.0
2024-05-15 17:55:23,700 [INFO] ThirdParty:978 - Integrity check success = true
2024-05-15 17:55:23,700 [INFO] IntegrityCheckThread:100 - exiting critical section [integrity check]
2024-05-15 17:55:23,700 [INFO] IntegrityCheckThread:103 - End integrity checks thread
2024-05-15 17:55:25,146 [INFO] WebApp:161 - Instantiating new browser for Auth
2024-05-15 17:55:26,052 [INFO] WebApp:779 - Register for checkConnection events
2024-05-15 17:55:26,052 [INFO] WebApp:414 - Apply proxy settings
2024-05-15 17:55:26,052 [INFO] WebApp:499 - Chromium requires no authentication
2024-05-15 17:55:26,061 [INFO] WebApp:442 - Direct internet connection detected
2024-05-15 17:55:26,293 [INFO] WebApp:192 - Starting web application
2024-05-15 17:55:26,293 [INFO] WebApp:544 - Web application path used C:\ST\STM32CubeIDE_1.15.0\STM32CubeIDE\plugins\com.st.stm32cube.common.mx_6.11.1.202404110753\db\plugins\mcufinder\reactClient1\index.html
2024-05-15 18:10:40,612 [INFO] McuFinderGlobals:63 - Set McuFinder mode to 2 (CubeIDE integrated)
2024-05-15 18:10:40,647 [INFO] MainUpdater:2873 - connection check result : 10
2024-05-15 18:10:40,656 [INFO] MainUpdater:2873 - connection check result : 10
2024-05-15 18:10:40,968 [INFO] MicroXplorer:468 - Change Database Path : 
2024-05-15 18:10:40,968 [INFO] MicroXplorer:498 - Change Database Version : DB.6.0.111
2024-05-15 18:10:40,976 [WARN] ThirdParty:871 - waiting for thirdparty lock release [close project]
2024-05-15 18:10:40,977 [INFO] ThirdParty:873 - entering critical section [close project]
2024-05-15 18:10:40,999 [INFO] ThirdParty:883 - exiting critical section [close project]
2024-05-15 18:10:41,003 [INFO] PinOutPanel:1561 - setPackage(No Configuration,No Configuration)
2024-05-15 18:10:41,008 [INFO] UtilMem:75 - Begin LoadConfig() Used Memory: 607789816 Bytes (1052770304)
2024-05-15 18:10:41,010 [INFO] MicroXplorer:468 - Change Database Path : 
2024-05-15 18:10:41,010 [INFO] MicroXplorer:498 - Change Database Version : DB.6.0.111
2024-05-15 18:10:41,011 [INFO] OpenFileManager:312 - Change cursor
2024-05-15 18:10:41,057 [INFO] Mcu:2021 - Initializing MCU STM32F103C(8-B)Tx STM32F103C8Tx STM32F103C8T6
2024-05-15 18:10:42,536 [INFO] Context:663 - Trying to add GPIOservice into a context  which must be forbidden
2024-05-15 18:10:43,170 [INFO] RtosManager:555 - Registered RTOS mode: class=CMSIS, group=RTOS, mode=CMSIS_V1, owner=FREERTOS
2024-05-15 18:10:43,171 [INFO] RtosManager:555 - Registered RTOS mode: class=CMSIS, group=RTOS2, mode=CMSIS_V2, owner=FREERTOS
2024-05-15 18:10:43,171 [INFO] RtosManager:555 - Registered RTOS mode: class=RTOS, group=Core, mode=CMSIS_V1, owner=FREERTOS
2024-05-15 18:10:43,171 [INFO] RtosManager:555 - Registered RTOS mode: class=RTOS, group=Core, mode=CMSIS_V2, owner=FREERTOS
2024-05-15 18:10:43,171 [WARN] ModelIntegratedComponent:184 - Missing modes for component STMicroelectronics:FreeRTOS:0.0.1:STMicroelectronics:RTOS:FreeRTOS:Core:::10.2.0:
2024-05-15 18:10:43,194 [WARN] ModelIntegratedComponent:63 - No mode defined for component null
2024-05-15 18:10:43,194 [WARN] ModelIntegratedComponent:63 - No mode defined for component null
2024-05-15 18:10:43,194 [WARN] ModelIntegratedComponent:63 - No mode defined for component null
2024-05-15 18:10:43,195 [WARN] ModelIntegratedComponent:63 - No mode defined for component null
2024-05-15 18:10:43,195 [WARN] ModelIntegratedComponent:63 - No mode defined for component null
2024-05-15 18:10:43,195 [WARN] ModelIntegratedComponent:63 - No mode defined for component null
2024-05-15 18:10:43,195 [WARN] ModelIntegratedComponent:63 - No mode defined for component null
2024-05-15 18:10:43,195 [WARN] ModelIntegratedComponent:63 - No mode defined for component null
2024-05-15 18:10:43,195 [WARN] ModelIntegratedComponent:63 - No mode defined for component null
2024-05-15 18:10:43,195 [WARN] ModelIntegratedComponent:63 - No mode defined for component null
2024-05-15 18:10:43,195 [WARN] ModelIntegratedComponent:63 - No mode defined for component null
2024-05-15 18:10:43,195 [WARN] ModelIntegratedComponent:63 - No mode defined for component null
2024-05-15 18:10:43,195 [WARN] ModelIntegratedComponent:63 - No mode defined for component null
2024-05-15 18:10:43,195 [WARN] ModelIntegratedComponent:63 - No mode defined for component null
2024-05-15 18:10:43,196 [WARN] ModelIntegratedComponent:63 - No mode defined for component null
2024-05-15 18:10:43,196 [WARN] ModelIntegratedComponent:63 - No mode defined for component null
2024-05-15 18:10:43,196 [WARN] ModelIntegratedComponent:63 - No mode defined for component null
2024-05-15 18:10:43,196 [WARN] ModelIntegratedComponent:63 - No mode defined for component null
2024-05-15 18:10:43,196 [WARN] ModelIntegratedComponent:63 - No mode defined for component null
2024-05-15 18:10:43,196 [WARN] ModelIntegratedComponent:63 - No mode defined for component null
2024-05-15 18:10:43,196 [WARN] ModelIntegratedComponent:63 - No mode defined for component null
2024-05-15 18:10:43,196 [WARN] ModelIntegratedComponent:63 - No mode defined for component null
2024-05-15 18:10:43,196 [WARN] ModelIntegratedComponent:63 - No mode defined for component null
2024-05-15 18:10:43,196 [WARN] ModelIntegratedComponent:63 - No mode defined for component null
2024-05-15 18:10:43,197 [WARN] ModelIntegratedComponent:63 - No mode defined for component null
2024-05-15 18:10:43,197 [WARN] ModelIntegratedComponent:63 - No mode defined for component null
2024-05-15 18:10:43,197 [WARN] ModelIntegratedComponent:63 - No mode defined for component null
2024-05-15 18:10:43,197 [WARN] ModelIntegratedComponent:63 - No mode defined for component null
2024-05-15 18:10:43,197 [WARN] ModelIntegratedComponent:63 - No mode defined for component null
2024-05-15 18:10:43,197 [WARN] ModelIntegratedComponent:63 - No mode defined for component null
2024-05-15 18:10:43,197 [WARN] ModelIntegratedComponent:63 - No mode defined for component null
2024-05-15 18:10:43,197 [WARN] ModelIntegratedComponent:63 - No mode defined for component null
2024-05-15 18:10:43,197 [WARN] ModelIntegratedComponent:63 - No mode defined for component null
2024-05-15 18:10:43,197 [WARN] ModelIntegratedComponent:63 - No mode defined for component null
2024-05-15 18:10:43,439 [INFO] ThirdPartyModel:298 - Start build external matchings
2024-05-15 18:10:43,821 [INFO] ThirdPartyModel:316 - End build external matchings
2024-05-15 18:10:43,847 [INFO] RtosManager:919 - Current active RTOS is FREERTOS [Cortex-M3NS]
2024-05-15 18:10:43,866 [INFO] ImportTextPane:194 - (OptionalMessage_ERROR) IP (RCC) : Parameter (ADCFreqValue) has invalid value (36000000)
2024-05-15 18:10:43,867 [INFO] ImportTextPane:194 - (OptionalMessage_ERROR) IP (RCC) : Invalid parameter (FamilyName)
2024-05-15 18:10:43,867 [INFO] ImportTextPane:194 - (OptionalMessage_ERROR) IP (RCC) : Parameter (MCOFreq_Value) has invalid value (72000000)
2024-05-15 18:10:43,868 [INFO] ImportTextPane:194 - (OptionalMessage_ERROR) IP (RCC) : Parameter (USBFreq_Value) has invalid value (72000000)
2024-05-15 18:10:44,336 [INFO] ApiDb:581 - Connected to CubeFinder SQLite database (C:\Users\Yaroslav Ludchak\.stmcufinder\plugins\mcufinder\mcu\cube-finder-db.db)
2024-05-15 18:10:44,443 [INFO] ApiDb:668 - CubeFinder database Data Model version=2.1
2024-05-15 18:10:44,444 [INFO] ApiDb:669 - CubeFinder database Configuration version=3.0.39
2024-05-15 18:10:44,445 [INFO] ApiDb:670 - CubeFinder database generation date=2024-04-15 (1713193726)
2024-05-15 18:10:44,445 [INFO] ApiDb:671 - CubeFinder database FW Pack versions=[FP-ATR-ASTRA1_V2.0.0, FP-SNS-FLIGHT1_V5.0.1, FP-SNS-FLIGHT1_V5.0.2, FP-SNS-MOTENV1_V4.3.1, FP-SNS-MOTENV1_V4.3.2, FP-SNS-MOTENVWB1_V1.3.1, FP-SNS-SMARTAG2_V1.2.0, STM32Cube_FW_C0_V1.1.0, STM32Cube_FW_F4_V1.28.0, STM32Cube_FW_F7_V1.17.0, STM32Cube_FW_G0_V1.6.2, STM32Cube_FW_G4_V1.5.2, STM32Cube_FW_H5_V0.5.1, STM32Cube_FW_H5_V1.1.1, STM32Cube_FW_H5_V1.2.0, STM32Cube_FW_H5_V1.2.0RC4, STM32Cube_FW_H7RS_V1.0.0, STM32Cube_FW_H7RS_V1.0.0RC4, STM32Cube_FW_H7_V1.11.0, STM32Cube_FW_L0_V1.12.2, STM32Cube_FW_L5_V1.5.1, STM32Cube_FW_U0_V1.0.0, STM32Cube_FW_U0_V1.0.0RC1, STM32Cube_FW_U5_V1.3.0RC4, STM32Cube_FW_U5_V1.5.0, STM32Cube_FW_U5_V1.5.0RC1, STM32Cube_FW_WBA_V1.0.0RC1, STM32Cube_FW_WBA_V1.2.0, STM32Cube_FW_WBA_V1.2.0RC2, STM32Cube_FW_WBA_V1.3.0, STM32Cube_FW_WBA_V1.3.0RC1, STM32Cube_FW_WB_V1.15.0RC1, STM32Cube_FW_WB_V1.16.0, STM32Cube_FW_WB_V1.16.0RC2, STM32Cube_FW_WB_V1.18.0, STM32Cube_FW_WB_V1.19.0, STM32Cube_FW_WL_V1.3.0, X-CUBE-ALGOBUILD_V1.3.0, X-CUBE-ALS_V1.0.1, X-CUBE-AZRTOS-F4_V1.1.0, X-CUBE-AZRTOS-F7_V1.1.0, X-CUBE-AZRTOS-G0_V1.1.0, X-CUBE-AZRTOS-G4_V2.0.0, X-CUBE-AZRTOS-H7_V3.2.0, X-CUBE-AZRTOS-L4_V1.0.0, X-CUBE-AZRTOS-L4_V2.0.0, X-CUBE-AZRTOS-L5_V1.1.0, X-CUBE-AZRTOS-WB_V2.0.0, X-CUBE-AZRTOS-WL_V2.0.0, X-CUBE-BLE1_V7.0.0, X-CUBE-BLE2_V3.3.0, X-CUBE-BLEMGR_V3.1.0, X-CUBE-EEPRMA1_V4.1.0, X-CUBE-EEPRMA1_V5.1.0, X-CUBE-FREERTOS_V1.1.0, X-CUBE-GNSS1_V6.0.0, X-CUBE-MEMS1_V10.0.0, X-CUBE-MEMS1_V9.1.0, X-CUBE-MEMS1_V9.4.0, X-CUBE-MEMS1_V9.6.0, X-CUBE-NFC4_V3.0.0, X-CUBE-NFC7_V1.0.1, X-CUBE-SFXS2LP1_V4.0.0, X-CUBE-SUBG2_V5.0.0, X-CUBE-TOF1_V3.4.0]
2024-05-15 18:10:44,622 [INFO] DbBoardsSqlite:226 - include board P-NUCLEO-WB55-NUCLEO as a kit item of type 'Nucleo-64'
2024-05-15 18:10:44,622 [INFO] DbBoardsSqlite:226 - include board P-NUCLEO-WB55-USBDONGLE as a kit item of type 'Nucleo USB Dongle'
2024-05-15 18:10:44,624 [INFO] DbBoardsSqlite:226 - include board STEVAL-IDP005V1 as a kit item of type 'Evaluation Board'
2024-05-15 18:10:44,625 [INFO] DbBoardsSqlite:226 - include board STEVAL-IDP005V2 as a kit item of type 'Evaluation Board'
2024-05-15 18:10:45,150 [INFO] ApiDb:240 - Found 483 in-development CPN: [B-G473E-ZEST1S, B-WB1M-WPAN1, B-WL5M-SUBG1, NUCLEO-C031C6, NUCLEO-H503RB, NUCLEO-H533RE, NUCLEO-H563ZI, NUCLEO-H7S3L8, NUCLEO-U031R8, NUCLEO-U083RC, NUCLEO-U545RE-Q, NUCLEO-U5A5ZJ-Q, NUCLEO-WBA52CG, NUCLEO-WBA55CG, STEVAL-PROTEUS1, STEVAL-SMARTAG2, STEVAL-STWINBX1, STM320518-EVAL, STM32C0116-DK, STM32C011D6Y3TR, STM32C011D6Y6TR, STM32C011F4P3, STM32C011F4P6, STM32C011F4U3, STM32C011F4U6TR, STM32C011F6P3, STM32C011F6P6, STM32C011F6U3, STM32C011F6U6TR, STM32C011J4M3, STM32C011J4M6, STM32C011J6M3, STM32C011J6M6, STM32C0316-DK, STM32C031C4T3, STM32C031C4T6, STM32C031C4U3, STM32C031C4U6, STM32C031C6T3, STM32C031C6T6, STM32C031C6U3, STM32C031C6U6, STM32C031F4P3, STM32C031F4P6, STM32C031F6P3, STM32C031F6P6, STM32C031G4U3, STM32C031G4U6, STM32C031G6U3, STM32C031G6U6, STM32C031K4T3, STM32C031K4T6, STM32C031K4U3, STM32C031K4U6, STM32C031K6T3, STM32C031K6T6, STM32C031K6U3, STM32C031K6U6, STM32G071K8TXN, STM32G071K8UXN, STM32G081GBU6N, STM32G081KBT6N, STM32G081KBUXN, STM32G0B1CCT6N, STM32G0B1KCT6, STM32G0B1NEY6TR, STM32G0B1RCT6N, STM32G0C1CCT6, STM32G0C1CCT6N, STM32G0C1CCU6N, STM32G0C1CET6N, STM32G0C1CEU6N, STM32G0C1KCT6, STM32G0C1NEY6TR, STM32G0C1RCI6N, STM32G0C1RCT6N, STM32G0C1REI6N, STM32G0C1RET6N, STM32G0C1VCI6, STM32G0C1VEI6, STM32G471CCT6, STM32G471CCU6, STM32G471CET3, STM32G471CET6, STM32G471CEU3, STM32G471CEU6, STM32G471MCT6, STM32G471MET3, STM32G471MET6, STM32G471MEY6TR, STM32G471QCT6, STM32G471QET3, STM32G471RCT6, STM32G471RET3, STM32G471RET6, STM32G471VCH6, STM32G471VCI6, STM32G471VCT6, STM32G471VEH3, STM32G471VEH6, STM32G471VEI3, STM32G471VEI6, STM32G471VET3, STM32G471VET6, STM32G474CCT6, STM32H503CBT6, STM32H503CBU6, STM32H503EBY6TR, STM32H503KBU6, STM32H503RBT6, STM32H523CCT6, STM32H523CCU6, STM32H523CET6, STM32H523CEU6, STM32H523HEY6TR, STM32H523RCT6, STM32H523RET6, STM32H523VCI6, STM32H523VCT6, STM32H523VEI6, STM32H523VET6, STM32H523ZCJ6, STM32H523ZCT6, STM32H523ZEJ6, STM32H523ZET6, STM32H533CET6, STM32H533CEU6, STM32H533HEY6TR, STM32H533RET6, STM32H533VEI6, STM32H533VET6, STM32H533ZEJ6, STM32H533ZET6, STM32H562AGI6, STM32H562AII6, STM32H562IGK6, STM32H562IGT6, STM32H562IIK6, STM32H562IIT6, STM32H562RGT6, STM32H562RGV6, STM32H562RIT6, STM32H562RIV6, STM32H562VGT6, STM32H562VIT6, STM32H562ZGT6, STM32H562ZIT6, STM32H563AGI6, STM32H563AII3Q, STM32H563AII6, STM32H563IGK6, STM32H563IGT6, STM32H563IIK3Q, STM32H563IIK6, STM32H563IIT3Q, STM32H563IIT6, STM32H563MIY3QTR, STM32H563RGT6, STM32H563RGV6, STM32H563RIT6, STM32H563RIV6, STM32H563VGT6, STM32H563VIT3Q, STM32H563VIT6, STM32H563ZGT6, STM32H563ZIT3Q, STM32H563ZIT6, STM32H573AII3Q, STM32H573AII6, STM32H573I-DK, STM32H573IIK3Q, STM32H573IIK6, STM32H573IIT3Q, STM32H573IIT6, STM32H573MIY3QTR, STM32H573RIT6, STM32H573RIV6, STM32H573VIT3Q, STM32H573VIT6, STM32H573ZIT3Q, STM32H573ZIT6, STM32H7R3A8I6, STM32H7R3I8K6, STM32H7R3I8T6, STM32H7R3L8H6, STM32H7R3L8H6H, STM32H7R3R8V6, STM32H7R3V8H6, STM32H7R3V8T6, STM32H7R3V8Y6, STM32H7R3Z8J6, STM32H7R3Z8T6, STM32H7R7A8I6, STM32H7R7I8K6, STM32H7R7I8T6, STM32H7R7L8H6, STM32H7R7L8H6H, STM32H7R7Z8J6, STM32H7S3A8I6, STM32H7S3I8K6, STM32H7S3I8T6, STM32H7S3L8H6, STM32H7S3L8H6H, STM32H7S3R8V6, STM32H7S3V8H6, STM32H7S3V8T6, STM32H7S3V8Y6, STM32H7S3Z8J6, STM32H7S3Z8T6, STM32H7S78-DK, STM32H7S7A8I6, STM32H7S7I8K6, STM32H7S7I8T6, STM32H7S7L8H6, STM32H7S7L8H6H, STM32H7S7Z8J6, STM32L4R5QGI6STR, STM32MP131AAE3, STM32MP131AAF3, STM32MP131AAG3, STM32MP131CAE3, STM32MP131CAF3, STM32MP131CAG3, STM32MP131DAE7, STM32MP131DAF7, STM32MP131DAG7, STM32MP131FAE7, STM32MP131FAF7, STM32MP131FAG7, STM32MP133AAE3, STM32MP133AAF3, STM32MP133AAG3, STM32MP133CAE3, STM32MP133CAF3, STM32MP133CAG3, STM32MP133DAE7, STM32MP133DAF7, STM32MP133DAG7, STM32MP133FAE7, STM32MP133FAF7, STM32MP133FAG7, STM32MP135AAE3, STM32MP135AAF3, STM32MP135AAG3, STM32MP135CAE3, STM32MP135CAF3, STM32MP135CAG3, STM32MP135DAE7, STM32MP135DAF7, STM32MP135DAG7, STM32MP135F-DK, STM32MP135FAE7, STM32MP135FAF7, STM32MP135FAF7T, STM32MP135FAF7U, STM32MP135FAG7, STM32U031C6T6, STM32U031C6U6, STM32U031C8T6, STM32U031C8U6, STM32U031F4P6, STM32U031F6P6, STM32U031F8P6, STM32U031G6Y6TR, STM32U031G8Y6TR, STM32U031K4U6, STM32U031K6U6, STM32U031K8U6, STM32U031R6I6, STM32U031R6T6, STM32U031R8I6, STM32U031R8T6, STM32U073C8T6, STM32U073C8U6, STM32U073CBT6, STM32U073CBU6, STM32U073CCT6, STM32U073CCU6, STM32U073H8Y6TR, STM32U073HBY6TR, STM32U073HCY6TR, STM32U073K8U6, STM32U073KBU6, STM32U073KCU6, STM32U073M8I6, STM32U073M8T6, STM32U073MBI6, STM32U073MBT6, STM32U073MCI6, STM32U073MCT6, STM32U073R8I6, STM32U073R8T6, STM32U073RBI6, STM32U073RBT6, STM32U073RCI6, STM32U073RCT6, STM32U083C-DK, STM32U083CCT6, STM32U083CCU6, STM32U083HCY6TR, STM32U083KCU6, STM32U083MCI6, STM32U083MCT6, STM32U083RCI6, STM32U083RCT6, STM32U535CBT6, STM32U535CBT6Q, STM32U535CBU6, STM32U535CBU6Q, STM32U535CCT6, STM32U535CCT6Q, STM32U535CCU6, STM32U535CCU6Q, STM32U535CET6, STM32U535CET6Q, STM32U535CEU6, STM32U535CEU6Q, STM32U535JEY6QTR, STM32U535NCY6QTR, STM32U535NEY6QTR, STM32U535RBI6, STM32U535RBI6Q, STM32U535RBT6, STM32U535RBT6Q, STM32U535RCI6, STM32U535RCI6Q, STM32U535RCT6, STM32U535RCT6Q, STM32U535REI6, STM32U535REI6Q, STM32U535RET6, STM32U535RET6Q, STM32U535VCI6, STM32U535VCI6Q, STM32U535VCT6, STM32U535VCT6Q, STM32U535VEI6, STM32U535VEI6Q, STM32U535VET6, STM32U535VET6Q, STM32U545CET6, STM32U545CET6Q, STM32U545CEU6, STM32U545CEU6Q, STM32U545JEY6QTR, STM32U545NEY6QTR, STM32U545REI6, STM32U545REI6Q, STM32U545RET6, STM32U545RET6Q, STM32U545VEI6, STM32U545VEI6Q, STM32U545VET6, STM32U545VET6Q, STM32U595AIH6, STM32U595AIH6Q, STM32U595AJH6, STM32U595AJH6Q, STM32U595QII6, STM32U595QII6Q, STM32U595QJI6, STM32U595QJI6Q, STM32U595RIT6, STM32U595RIT6Q, STM32U595RJT6, STM32U595RJT6Q, STM32U595VIT6, STM32U595VIT6Q, STM32U595VJT6, STM32U595VJT6Q, STM32U595ZIT6, STM32U595ZIT6Q, STM32U595ZIY6QTR, STM32U595ZJT6, STM32U595ZJT6Q, STM32U595ZJY6QTR, STM32U599BJY6QTR, STM32U599NIH6Q, STM32U599NJH6Q, STM32U599VIT6Q, STM32U599VJT6, STM32U599VJT6Q, STM32U599ZIT6Q, STM32U599ZIY6QTR, STM32U599ZJT6Q, STM32U599ZJY6QTR, STM32U5A5AJH6, STM32U5A5AJH6Q, STM32U5A5QII3Q , STM32U5A5QJI6, STM32U5A5QJI6Q, STM32U5A5RJT6, STM32U5A5RJT6Q, STM32U5A5VJT6, STM32U5A5VJT6Q, STM32U5A5ZJT6, STM32U5A5ZJT6Q, STM32U5A5ZJY6QTR, STM32U5A9BJY6QTR, STM32U5A9J-DK, STM32U5A9NJH6Q, STM32U5A9VJT6Q, STM32U5A9ZJT6Q, STM32U5A9ZJY6QTR, STM32U5F7VIT6, STM32U5F7VIT6Q, STM32U5F7VJT6, STM32U5F7VJT6Q, STM32U5F9BJY6QTR, STM32U5F9NJH6Q, STM32U5F9VIT6Q, STM32U5F9VJT6Q, STM32U5F9ZIJ6QTR, STM32U5F9ZIT6Q, STM32U5F9ZJJ6QTR, STM32U5F9ZJT6Q, STM32U5G7VJT6, STM32U5G7VJT6Q, STM32U5G9BJY6QTR, STM32U5G9J-DK1, STM32U5G9J-DK2, STM32U5G9NJH6Q, STM32U5G9VJT6Q, STM32U5G9ZJJ6QTR, STM32U5G9ZJT6Q, STM32WB1MMCH6, STM32WBA50KEU6, STM32WBA50KEU6TR, STM32WBA50KGU6, STM32WBA50KGU6TR, STM32WBA52CEU6, STM32WBA52CEU6TR, STM32WBA52CEU7, STM32WBA52CEU7TR, STM32WBA52CGU6, STM32WBA52CGU6TR, STM32WBA52CGU6U, STM32WBA52CGU7, STM32WBA52CGU7TR, STM32WBA52KEU6, STM32WBA52KEU6TR, STM32WBA52KGU6, STM32WBA52KGU6TR, STM32WBA54CEU6, STM32WBA54CEU6TR, STM32WBA54CEU7, STM32WBA54CEU7TR, STM32WBA54CGU6, STM32WBA54CGU6TR, STM32WBA54CGU7, STM32WBA54CGU7TR, STM32WBA54KEU6, STM32WBA54KEU6TR, STM32WBA54KEU7, STM32WBA54KEU7TR, STM32WBA54KGU6, STM32WBA54KGU6TR, STM32WBA54KGU7, STM32WBA54KGU7TR, STM32WBA55CEU6, STM32WBA55CEU6TR, STM32WBA55CEU7, STM32WBA55CEU7TR, STM32WBA55CGU6, STM32WBA55CGU6TR, STM32WBA55CGU6U, STM32WBA55CGU7, STM32WBA55CGU7TR, STM32WBA55G-DK1, STM32WBA55HEF6, STM32WBA55HEF7, STM32WBA55HGF6, STM32WBA55HGF7, STM32WBA55UEI6, STM32WBA55UEI6TR, STM32WBA55UEI7, STM32WBA55UEI7TR, STM32WBA55UGI6, STM32WBA55UGI6TR, STM32WBA55UGI7, STM32WBA55UGI7TR, STM32WL5MOCH6, STM32WL5MOCH6TR]
2024-05-15 18:10:45,348 [INFO] BoardInfo:889 - No configuration file found for board P-NUCLEO-WB55
2024-05-15 18:10:45,348 [INFO] DbBoards:161 - Kit is not supported: P-NUCLEO-WB55
2024-05-15 18:10:45,355 [INFO] BoardInfo:889 - No configuration file found for board STEVAL-BFA001V1B
2024-05-15 18:10:45,356 [INFO] DbBoards:161 - Kit is not supported: STEVAL-BFA001V1B
2024-05-15 18:10:45,357 [INFO] BoardInfo:889 - No configuration file found for board STEVAL-BFA001V2B
2024-05-15 18:10:45,358 [INFO] DbBoards:161 - Kit is not supported: STEVAL-BFA001V2B
2024-05-15 18:10:45,555 [INFO] DbBoards:168 - Found 199 boards, 196 are supported
2024-05-15 18:10:45,555 [INFO] DbBoards:169 - Found 199 boards, 8 of them is supported for  Bsp
2024-05-15 18:10:45,559 [INFO] ApiDb:668 - CubeFinder database Data Model version=2.1
2024-05-15 18:10:45,560 [INFO] ApiDb:669 - CubeFinder database Configuration version=3.0.39
2024-05-15 18:10:45,560 [INFO] ApiDb:670 - CubeFinder database generation date=2024-04-15 (1713193726)
2024-05-15 18:10:45,560 [INFO] ApiDb:671 - CubeFinder database FW Pack versions=[FP-ATR-ASTRA1_V2.0.0, FP-SNS-FLIGHT1_V5.0.1, FP-SNS-FLIGHT1_V5.0.2, FP-SNS-MOTENV1_V4.3.1, FP-SNS-MOTENV1_V4.3.2, FP-SNS-MOTENVWB1_V1.3.1, FP-SNS-SMARTAG2_V1.2.0, STM32Cube_FW_C0_V1.1.0, STM32Cube_FW_F4_V1.28.0, STM32Cube_FW_F7_V1.17.0, STM32Cube_FW_G0_V1.6.2, STM32Cube_FW_G4_V1.5.2, STM32Cube_FW_H5_V0.5.1, STM32Cube_FW_H5_V1.1.1, STM32Cube_FW_H5_V1.2.0, STM32Cube_FW_H5_V1.2.0RC4, STM32Cube_FW_H7RS_V1.0.0, STM32Cube_FW_H7RS_V1.0.0RC4, STM32Cube_FW_H7_V1.11.0, STM32Cube_FW_L0_V1.12.2, STM32Cube_FW_L5_V1.5.1, STM32Cube_FW_U0_V1.0.0, STM32Cube_FW_U0_V1.0.0RC1, STM32Cube_FW_U5_V1.3.0RC4, STM32Cube_FW_U5_V1.5.0, STM32Cube_FW_U5_V1.5.0RC1, STM32Cube_FW_WBA_V1.0.0RC1, STM32Cube_FW_WBA_V1.2.0, STM32Cube_FW_WBA_V1.2.0RC2, STM32Cube_FW_WBA_V1.3.0, STM32Cube_FW_WBA_V1.3.0RC1, STM32Cube_FW_WB_V1.15.0RC1, STM32Cube_FW_WB_V1.16.0, STM32Cube_FW_WB_V1.16.0RC2, STM32Cube_FW_WB_V1.18.0, STM32Cube_FW_WB_V1.19.0, STM32Cube_FW_WL_V1.3.0, X-CUBE-ALGOBUILD_V1.3.0, X-CUBE-ALS_V1.0.1, X-CUBE-AZRTOS-F4_V1.1.0, X-CUBE-AZRTOS-F7_V1.1.0, X-CUBE-AZRTOS-G0_V1.1.0, X-CUBE-AZRTOS-G4_V2.0.0, X-CUBE-AZRTOS-H7_V3.2.0, X-CUBE-AZRTOS-L4_V1.0.0, X-CUBE-AZRTOS-L4_V2.0.0, X-CUBE-AZRTOS-L5_V1.1.0, X-CUBE-AZRTOS-WB_V2.0.0, X-CUBE-AZRTOS-WL_V2.0.0, X-CUBE-BLE1_V7.0.0, X-CUBE-BLE2_V3.3.0, X-CUBE-BLEMGR_V3.1.0, X-CUBE-EEPRMA1_V4.1.0, X-CUBE-EEPRMA1_V5.1.0, X-CUBE-FREERTOS_V1.1.0, X-CUBE-GNSS1_V6.0.0, X-CUBE-MEMS1_V10.0.0, X-CUBE-MEMS1_V9.1.0, X-CUBE-MEMS1_V9.4.0, X-CUBE-MEMS1_V9.6.0, X-CUBE-NFC4_V3.0.0, X-CUBE-NFC7_V1.0.1, X-CUBE-SFXS2LP1_V4.0.0, X-CUBE-SUBG2_V5.0.0, X-CUBE-TOF1_V3.4.0]
2024-05-15 18:10:48,716 [INFO] ApiDb:240 - Found 483 in-development CPN: [B-G473E-ZEST1S, B-WB1M-WPAN1, B-WL5M-SUBG1, NUCLEO-C031C6, NUCLEO-H503RB, NUCLEO-H533RE, NUCLEO-H563ZI, NUCLEO-H7S3L8, NUCLEO-U031R8, NUCLEO-U083RC, NUCLEO-U545RE-Q, NUCLEO-U5A5ZJ-Q, NUCLEO-WBA52CG, NUCLEO-WBA55CG, STEVAL-PROTEUS1, STEVAL-SMARTAG2, STEVAL-STWINBX1, STM320518-EVAL, STM32C0116-DK, STM32C011D6Y3TR, STM32C011D6Y6TR, STM32C011F4P3, STM32C011F4P6, STM32C011F4U3, STM32C011F4U6TR, STM32C011F6P3, STM32C011F6P6, STM32C011F6U3, STM32C011F6U6TR, STM32C011J4M3, STM32C011J4M6, STM32C011J6M3, STM32C011J6M6, STM32C0316-DK, STM32C031C4T3, STM32C031C4T6, STM32C031C4U3, STM32C031C4U6, STM32C031C6T3, STM32C031C6T6, STM32C031C6U3, STM32C031C6U6, STM32C031F4P3, STM32C031F4P6, STM32C031F6P3, STM32C031F6P6, STM32C031G4U3, STM32C031G4U6, STM32C031G6U3, STM32C031G6U6, STM32C031K4T3, STM32C031K4T6, STM32C031K4U3, STM32C031K4U6, STM32C031K6T3, STM32C031K6T6, STM32C031K6U3, STM32C031K6U6, STM32G071K8TXN, STM32G071K8UXN, STM32G081GBU6N, STM32G081KBT6N, STM32G081KBUXN, STM32G0B1CCT6N, STM32G0B1KCT6, STM32G0B1NEY6TR, STM32G0B1RCT6N, STM32G0C1CCT6, STM32G0C1CCT6N, STM32G0C1CCU6N, STM32G0C1CET6N, STM32G0C1CEU6N, STM32G0C1KCT6, STM32G0C1NEY6TR, STM32G0C1RCI6N, STM32G0C1RCT6N, STM32G0C1REI6N, STM32G0C1RET6N, STM32G0C1VCI6, STM32G0C1VEI6, STM32G471CCT6, STM32G471CCU6, STM32G471CET3, STM32G471CET6, STM32G471CEU3, STM32G471CEU6, STM32G471MCT6, STM32G471MET3, STM32G471MET6, STM32G471MEY6TR, STM32G471QCT6, STM32G471QET3, STM32G471RCT6, STM32G471RET3, STM32G471RET6, STM32G471VCH6, STM32G471VCI6, STM32G471VCT6, STM32G471VEH3, STM32G471VEH6, STM32G471VEI3, STM32G471VEI6, STM32G471VET3, STM32G471VET6, STM32G474CCT6, STM32H503CBT6, STM32H503CBU6, STM32H503EBY6TR, STM32H503KBU6, STM32H503RBT6, STM32H523CCT6, STM32H523CCU6, STM32H523CET6, STM32H523CEU6, STM32H523HEY6TR, STM32H523RCT6, STM32H523RET6, STM32H523VCI6, STM32H523VCT6, STM32H523VEI6, STM32H523VET6, STM32H523ZCJ6, STM32H523ZCT6, STM32H523ZEJ6, STM32H523ZET6, STM32H533CET6, STM32H533CEU6, STM32H533HEY6TR, STM32H533RET6, STM32H533VEI6, STM32H533VET6, STM32H533ZEJ6, STM32H533ZET6, STM32H562AGI6, STM32H562AII6, STM32H562IGK6, STM32H562IGT6, STM32H562IIK6, STM32H562IIT6, STM32H562RGT6, STM32H562RGV6, STM32H562RIT6, STM32H562RIV6, STM32H562VGT6, STM32H562VIT6, STM32H562ZGT6, STM32H562ZIT6, STM32H563AGI6, STM32H563AII3Q, STM32H563AII6, STM32H563IGK6, STM32H563IGT6, STM32H563IIK3Q, STM32H563IIK6, STM32H563IIT3Q, STM32H563IIT6, STM32H563MIY3QTR, STM32H563RGT6, STM32H563RGV6, STM32H563RIT6, STM32H563RIV6, STM32H563VGT6, STM32H563VIT3Q, STM32H563VIT6, STM32H563ZGT6, STM32H563ZIT3Q, STM32H563ZIT6, STM32H573AII3Q, STM32H573AII6, STM32H573I-DK, STM32H573IIK3Q, STM32H573IIK6, STM32H573IIT3Q, STM32H573IIT6, STM32H573MIY3QTR, STM32H573RIT6, STM32H573RIV6, STM32H573VIT3Q, STM32H573VIT6, STM32H573ZIT3Q, STM32H573ZIT6, STM32H7R3A8I6, STM32H7R3I8K6, STM32H7R3I8T6, STM32H7R3L8H6, STM32H7R3L8H6H, STM32H7R3R8V6, STM32H7R3V8H6, STM32H7R3V8T6, STM32H7R3V8Y6, STM32H7R3Z8J6, STM32H7R3Z8T6, STM32H7R7A8I6, STM32H7R7I8K6, STM32H7R7I8T6, STM32H7R7L8H6, STM32H7R7L8H6H, STM32H7R7Z8J6, STM32H7S3A8I6, STM32H7S3I8K6, STM32H7S3I8T6, STM32H7S3L8H6, STM32H7S3L8H6H, STM32H7S3R8V6, STM32H7S3V8H6, STM32H7S3V8T6, STM32H7S3V8Y6, STM32H7S3Z8J6, STM32H7S3Z8T6, STM32H7S78-DK, STM32H7S7A8I6, STM32H7S7I8K6, STM32H7S7I8T6, STM32H7S7L8H6, STM32H7S7L8H6H, STM32H7S7Z8J6, STM32L4R5QGI6STR, STM32MP131AAE3, STM32MP131AAF3, STM32MP131AAG3, STM32MP131CAE3, STM32MP131CAF3, STM32MP131CAG3, STM32MP131DAE7, STM32MP131DAF7, STM32MP131DAG7, STM32MP131FAE7, STM32MP131FAF7, STM32MP131FAG7, STM32MP133AAE3, STM32MP133AAF3, STM32MP133AAG3, STM32MP133CAE3, STM32MP133CAF3, STM32MP133CAG3, STM32MP133DAE7, STM32MP133DAF7, STM32MP133DAG7, STM32MP133FAE7, STM32MP133FAF7, STM32MP133FAG7, STM32MP135AAE3, STM32MP135AAF3, STM32MP135AAG3, STM32MP135CAE3, STM32MP135CAF3, STM32MP135CAG3, STM32MP135DAE7, STM32MP135DAF7, STM32MP135DAG7, STM32MP135F-DK, STM32MP135FAE7, STM32MP135FAF7, STM32MP135FAF7T, STM32MP135FAF7U, STM32MP135FAG7, STM32U031C6T6, STM32U031C6U6, STM32U031C8T6, STM32U031C8U6, STM32U031F4P6, STM32U031F6P6, STM32U031F8P6, STM32U031G6Y6TR, STM32U031G8Y6TR, STM32U031K4U6, STM32U031K6U6, STM32U031K8U6, STM32U031R6I6, STM32U031R6T6, STM32U031R8I6, STM32U031R8T6, STM32U073C8T6, STM32U073C8U6, STM32U073CBT6, STM32U073CBU6, STM32U073CCT6, STM32U073CCU6, STM32U073H8Y6TR, STM32U073HBY6TR, STM32U073HCY6TR, STM32U073K8U6, STM32U073KBU6, STM32U073KCU6, STM32U073M8I6, STM32U073M8T6, STM32U073MBI6, STM32U073MBT6, STM32U073MCI6, STM32U073MCT6, STM32U073R8I6, STM32U073R8T6, STM32U073RBI6, STM32U073RBT6, STM32U073RCI6, STM32U073RCT6, STM32U083C-DK, STM32U083CCT6, STM32U083CCU6, STM32U083HCY6TR, STM32U083KCU6, STM32U083MCI6, STM32U083MCT6, STM32U083RCI6, STM32U083RCT6, STM32U535CBT6, STM32U535CBT6Q, STM32U535CBU6, STM32U535CBU6Q, STM32U535CCT6, STM32U535CCT6Q, STM32U535CCU6, STM32U535CCU6Q, STM32U535CET6, STM32U535CET6Q, STM32U535CEU6, STM32U535CEU6Q, STM32U535JEY6QTR, STM32U535NCY6QTR, STM32U535NEY6QTR, STM32U535RBI6, STM32U535RBI6Q, STM32U535RBT6, STM32U535RBT6Q, STM32U535RCI6, STM32U535RCI6Q, STM32U535RCT6, STM32U535RCT6Q, STM32U535REI6, STM32U535REI6Q, STM32U535RET6, STM32U535RET6Q, STM32U535VCI6, STM32U535VCI6Q, STM32U535VCT6, STM32U535VCT6Q, STM32U535VEI6, STM32U535VEI6Q, STM32U535VET6, STM32U535VET6Q, STM32U545CET6, STM32U545CET6Q, STM32U545CEU6, STM32U545CEU6Q, STM32U545JEY6QTR, STM32U545NEY6QTR, STM32U545REI6, STM32U545REI6Q, STM32U545RET6, STM32U545RET6Q, STM32U545VEI6, STM32U545VEI6Q, STM32U545VET6, STM32U545VET6Q, STM32U595AIH6, STM32U595AIH6Q, STM32U595AJH6, STM32U595AJH6Q, STM32U595QII6, STM32U595QII6Q, STM32U595QJI6, STM32U595QJI6Q, STM32U595RIT6, STM32U595RIT6Q, STM32U595RJT6, STM32U595RJT6Q, STM32U595VIT6, STM32U595VIT6Q, STM32U595VJT6, STM32U595VJT6Q, STM32U595ZIT6, STM32U595ZIT6Q, STM32U595ZIY6QTR, STM32U595ZJT6, STM32U595ZJT6Q, STM32U595ZJY6QTR, STM32U599BJY6QTR, STM32U599NIH6Q, STM32U599NJH6Q, STM32U599VIT6Q, STM32U599VJT6, STM32U599VJT6Q, STM32U599ZIT6Q, STM32U599ZIY6QTR, STM32U599ZJT6Q, STM32U599ZJY6QTR, STM32U5A5AJH6, STM32U5A5AJH6Q, STM32U5A5QII3Q , STM32U5A5QJI6, STM32U5A5QJI6Q, STM32U5A5RJT6, STM32U5A5RJT6Q, STM32U5A5VJT6, STM32U5A5VJT6Q, STM32U5A5ZJT6, STM32U5A5ZJT6Q, STM32U5A5ZJY6QTR, STM32U5A9BJY6QTR, STM32U5A9J-DK, STM32U5A9NJH6Q, STM32U5A9VJT6Q, STM32U5A9ZJT6Q, STM32U5A9ZJY6QTR, STM32U5F7VIT6, STM32U5F7VIT6Q, STM32U5F7VJT6, STM32U5F7VJT6Q, STM32U5F9BJY6QTR, STM32U5F9NJH6Q, STM32U5F9VIT6Q, STM32U5F9VJT6Q, STM32U5F9ZIJ6QTR, STM32U5F9ZIT6Q, STM32U5F9ZJJ6QTR, STM32U5F9ZJT6Q, STM32U5G7VJT6, STM32U5G7VJT6Q, STM32U5G9BJY6QTR, STM32U5G9J-DK1, STM32U5G9J-DK2, STM32U5G9NJH6Q, STM32U5G9VJT6Q, STM32U5G9ZJJ6QTR, STM32U5G9ZJT6Q, STM32WB1MMCH6, STM32WBA50KEU6, STM32WBA50KEU6TR, STM32WBA50KGU6, STM32WBA50KGU6TR, STM32WBA52CEU6, STM32WBA52CEU6TR, STM32WBA52CEU7, STM32WBA52CEU7TR, STM32WBA52CGU6, STM32WBA52CGU6TR, STM32WBA52CGU6U, STM32WBA52CGU7, STM32WBA52CGU7TR, STM32WBA52KEU6, STM32WBA52KEU6TR, STM32WBA52KGU6, STM32WBA52KGU6TR, STM32WBA54CEU6, STM32WBA54CEU6TR, STM32WBA54CEU7, STM32WBA54CEU7TR, STM32WBA54CGU6, STM32WBA54CGU6TR, STM32WBA54CGU7, STM32WBA54CGU7TR, STM32WBA54KEU6, STM32WBA54KEU6TR, STM32WBA54KEU7, STM32WBA54KEU7TR, STM32WBA54KGU6, STM32WBA54KGU6TR, STM32WBA54KGU7, STM32WBA54KGU7TR, STM32WBA55CEU6, STM32WBA55CEU6TR, STM32WBA55CEU7, STM32WBA55CEU7TR, STM32WBA55CGU6, STM32WBA55CGU6TR, STM32WBA55CGU6U, STM32WBA55CGU7, STM32WBA55CGU7TR, STM32WBA55G-DK1, STM32WBA55HEF6, STM32WBA55HEF7, STM32WBA55HGF6, STM32WBA55HGF7, STM32WBA55UEI6, STM32WBA55UEI6TR, STM32WBA55UEI7, STM32WBA55UEI7TR, STM32WBA55UGI6, STM32WBA55UGI6TR, STM32WBA55UGI7, STM32WBA55UGI7TR, STM32WL5MOCH6, STM32WL5MOCH6TR]
2024-05-15 18:10:48,720 [INFO] DbMcus:218 - Found 4096 MCUs, 4096 are supported
2024-05-15 18:10:48,721 [INFO] ApiDb:423 - Load user favorites file C:\Users\Yaroslav Ludchak/.stm32cubeide/favorites.mcus.txt: 0 item(s)
2024-05-15 18:10:48,721 [INFO] ApiDb:427 - User favorites MCUs=[]
2024-05-15 18:10:48,721 [INFO] DbMcus:224 - Set 0 / 0 favorites MCUs
2024-05-15 18:10:49,082 [INFO] ApiDb:423 - Load user favorites file C:\Users\Yaroslav Ludchak/.stm32cubeide/favorites.boards.txt: 0 item(s)
2024-05-15 18:10:49,083 [INFO] ApiDb:427 - User favorites Boards=[]
2024-05-15 18:10:49,083 [INFO] DbBoards:198 - Set 0 / 0 favorites Boards
2024-05-15 18:10:49,155 [INFO] UtilMem:75 - End LoadConfig() Used Memory: 232307536 Bytes (1052770304)
2024-05-15 18:10:49,459 [WARN] ThirdParty:833 - waiting for thirdparty lock release [change project]
2024-05-15 18:10:49,459 [INFO] ThirdParty:835 - entering critical section [change project]
2024-05-15 18:10:49,460 [INFO] ThirdParty:1030 - CMSIS Pack Vendor :STMicroelectronics USBPD 4.1
2024-05-15 18:10:49,460 [INFO] ThirdParty:1030 - CMSIS Pack Vendor :STMicroelectronics X-CUBE-GNSS1 6.0.0
2024-05-15 18:10:49,460 [INFO] ThirdParty:1030 - CMSIS Pack Vendor :STMicroelectronics USB_HOST 2.0.0
2024-05-15 18:10:49,460 [INFO] ThirdParty:1030 - CMSIS Pack Vendor :STMicroelectronics FP-SNS-MOTENVWB1 1.4.0
2024-05-15 18:10:49,460 [INFO] ThirdParty:1030 - CMSIS Pack Vendor :STMicroelectronics X-CUBE-AZRTOS-F4 1.1.0
2024-05-15 18:10:49,460 [INFO] ThirdParty:1030 - CMSIS Pack Vendor :STMicroelectronics LIBJPEG 8.0.0
2024-05-15 18:10:49,460 [INFO] ThirdParty:1030 - CMSIS Pack Vendor :STMicroelectronics X-CUBE-SMBUS 2.1.0
2024-05-15 18:10:49,460 [INFO] ThirdParty:1030 - CMSIS Pack Vendor :STMicroelectronics USB_DEVICE 3.0.0
2024-05-15 18:10:49,460 [INFO] ThirdParty:1030 - CMSIS Pack Vendor :STMicroelectronics X-CUBE-TCPP 4.1.0
2024-05-15 18:10:49,461 [INFO] ThirdParty:1030 - CMSIS Pack Vendor :STMicroelectronics X-CUBE-FREERTOS 1.2.0
2024-05-15 18:10:49,461 [INFO] ThirdParty:1030 - CMSIS Pack Vendor :STMicroelectronics X-CUBE-AZRTOS-WB 2.0.0
2024-05-15 18:10:49,461 [INFO] ThirdParty:1030 - CMSIS Pack Vendor :STMicroelectronics X-CUBE-TOUCHGFX 4.23.2
2024-05-15 18:10:49,461 [INFO] ThirdParty:1030 - CMSIS Pack Vendor :STMicroelectronics X-CUBE-AZRTOS-F7 1.1.0
2024-05-15 18:10:49,461 [INFO] ThirdParty:1030 - CMSIS Pack Vendor :STMicroelectronics X-CUBE-AZRTOS-L5 2.0.0
2024-05-15 18:10:49,461 [INFO] ThirdParty:1030 - CMSIS Pack Vendor :STMicroelectronics USB_DEVICE 2.0.0
2024-05-15 18:10:49,461 [INFO] ThirdParty:1030 - CMSIS Pack Vendor :STMicroelectronics X-CUBE-NFC6 3.1.0
2024-05-15 18:10:49,461 [INFO] ThirdParty:1030 - CMSIS Pack Vendor :STMicroelectronics X-CUBE-ALGOBUILD 1.3.0
2024-05-15 18:10:49,461 [INFO] ThirdParty:1030 - CMSIS Pack Vendor :STMicroelectronics FreeRTOS 0.0.1
2024-05-15 18:10:49,461 [INFO] ThirdParty:1030 - CMSIS Pack Vendor :STMicroelectronics X-CUBE-AZRTOS-G0 1.1.0
2024-05-15 18:10:49,461 [INFO] ThirdParty:1030 - CMSIS Pack Vendor :STMicroelectronics X-CUBE-SAFEA1 1.2.2
2024-05-15 18:10:49,461 [INFO] ThirdParty:1030 - CMSIS Pack Vendor :STMicroelectronics X-CUBE-NFC4 3.0.0
2024-05-15 18:10:49,461 [INFO] ThirdParty:1030 - CMSIS Pack Vendor :STMicroelectronics X-CUBE-SUBG2 5.0.0
2024-05-15 18:10:49,461 [INFO] ThirdParty:1030 - CMSIS Pack Vendor :STMicroelectronics STM32_WPAN 1.0.0
2024-05-15 18:10:49,461 [INFO] ThirdParty:1030 - CMSIS Pack Vendor :STMicroelectronics lwIP 2.0.3
2024-05-15 18:10:49,462 [INFO] ThirdParty:1030 - CMSIS Pack Vendor :STMicroelectronics FP-SNS-FLIGHT1 5.0.2
2024-05-15 18:10:49,462 [INFO] ThirdParty:1030 - CMSIS Pack Vendor :STMicroelectronics USB_HOST 1.0.0
2024-05-15 18:10:49,462 [INFO] ThirdParty:1030 - CMSIS Pack Vendor :STMicroelectronics X-CUBE-AI 9.0.0
2024-05-15 18:10:49,462 [INFO] ThirdParty:1030 - CMSIS Pack Vendor :STMicroelectronics X-CUBE-AZRTOS-G4 2.0.0
2024-05-15 18:10:49,462 [INFO] ThirdParty:1030 - CMSIS Pack Vendor :STMicroelectronics PDM2PCM 3.1.0
2024-05-15 18:10:49,462 [INFO] ThirdParty:1030 - CMSIS Pack Vendor :STMicroelectronics PDM2PCM 3.3.0
2024-05-15 18:10:49,462 [INFO] ThirdParty:1030 - CMSIS Pack Vendor :STMicroelectronics X-CUBE-DISPLAY 3.0.0
2024-05-15 18:10:49,462 [INFO] ThirdParty:1030 - CMSIS Pack Vendor :wolfSSL I-CUBE-wolfSSL 5.7.0
2024-05-15 18:10:49,462 [INFO] ThirdParty:1030 - CMSIS Pack Vendor :STMicroelectronics X-CUBE-BLE1 7.0.0
2024-05-15 18:10:49,462 [INFO] ThirdParty:1030 - CMSIS Pack Vendor :STMicroelectronics FP-ATR-SIGFOX1 3.2.0
2024-05-15 18:10:49,462 [INFO] ThirdParty:1030 - CMSIS Pack Vendor :STMicroelectronics X-CUBE-ISPU 2.0.0
2024-05-15 18:10:49,462 [INFO] ThirdParty:1030 - CMSIS Pack Vendor :STMicroelectronics X-CUBE-EEPRMA1 5.1.0
2024-05-15 18:10:49,462 [INFO] ThirdParty:1030 - CMSIS Pack Vendor :STMicroelectronics HAL Drivers 0.0.0
2024-05-15 18:10:49,462 [INFO] ThirdParty:1030 - CMSIS Pack Vendor :STMicroelectronics MBEDTLS 2.16.2
2024-05-15 18:10:49,462 [INFO] ThirdParty:1030 - CMSIS Pack Vendor :emotas I-CUBE-CANOPEN 1.3.0
2024-05-15 18:10:49,462 [INFO] ThirdParty:1030 - CMSIS Pack Vendor :STMicroelectronics X-CUBE-MEMS1 10.0.0
2024-05-15 18:10:49,462 [INFO] ThirdParty:1030 - CMSIS Pack Vendor :STMicroelectronics X-CUBE-FREERTOS 1.1.0
2024-05-15 18:10:49,463 [INFO] ThirdParty:1030 - CMSIS Pack Vendor :STMicroelectronics X-CUBE-NFC7 1.0.1
2024-05-15 18:10:49,463 [INFO] ThirdParty:1030 - CMSIS Pack Vendor :STMicroelectronics MBEDTLS 2.14.1
2024-05-15 18:10:49,463 [INFO] ThirdParty:1030 - CMSIS Pack Vendor :ITTIA_DB I-CUBE-ITTIADB 8.9.0
2024-05-15 18:10:49,463 [INFO] ThirdParty:1030 - CMSIS Pack Vendor :portGmbH I-Cube-SoM-uGOAL 1.1.0
2024-05-15 18:10:49,463 [INFO] ThirdParty:1030 - CMSIS Pack Vendor :STMicroelectronics X-CUBE-ALS 1.0.1
2024-05-15 18:10:49,463 [INFO] ThirdParty:1030 - CMSIS Pack Vendor :STMicroelectronics X-CUBE-BLEMGR 3.1.0
2024-05-15 18:10:49,463 [INFO] ThirdParty:1030 - CMSIS Pack Vendor :STMicroelectronics ThreadX 1.0.0
2024-05-15 18:10:49,463 [INFO] ThirdParty:1030 - CMSIS Pack Vendor :STMicroelectronics FP-SNS-SMARTAG2 1.2.0
2024-05-15 18:10:49,463 [INFO] ThirdParty:1030 - CMSIS Pack Vendor :STMicroelectronics X-CUBE-AZRTOS-WL 2.0.0
2024-05-15 18:10:49,463 [INFO] ThirdParty:1030 - CMSIS Pack Vendor :SEGGER I-CUBE-embOS 1.3.1
2024-05-15 18:10:49,463 [INFO] ThirdParty:1030 - CMSIS Pack Vendor :STMicroelectronics X-CUBE-ALGOBUILD 1.4.0
2024-05-15 18:10:49,463 [INFO] ThirdParty:1030 - CMSIS Pack Vendor :STMicroelectronics FP-SNS-MOTENV1 5.0.0
2024-05-15 18:10:49,463 [INFO] ThirdParty:1030 - CMSIS Pack Vendor :STMicroelectronics USB_DEVICE 1.0.0
2024-05-15 18:10:49,463 [INFO] ThirdParty:1030 - CMSIS Pack Vendor :STMicroelectronics X-CUBE-AZRTOS-H7RS 1.0.0
2024-05-15 18:10:49,463 [INFO] ThirdParty:1030 - CMSIS Pack Vendor :STMicroelectronics X-CUBE-AZRTOS-L4 2.0.0
2024-05-15 18:10:49,463 [INFO] ThirdParty:1030 - CMSIS Pack Vendor :STMicroelectronics ThreadX 0.0.2
2024-05-15 18:10:49,464 [INFO] ThirdParty:1030 - CMSIS Pack Vendor :WES I-CUBE-Cesium 1.3.0
2024-05-15 18:10:49,465 [INFO] ThirdParty:1030 - CMSIS Pack Vendor :STMicroelectronics FP-ATR-ASTRA1 2.0.0
2024-05-15 18:10:49,465 [INFO] ThirdParty:1030 - CMSIS Pack Vendor :STMicroelectronics lwIP 2.1.2
2024-05-15 18:10:49,465 [INFO] ThirdParty:1030 - CMSIS Pack Vendor :STMicroelectronics X-CUBE-SFXS2LP1 4.0.0
2024-05-15 18:10:49,465 [INFO] ThirdParty:1030 - CMSIS Pack Vendor :STMicroelectronics X-CUBE-BLE2 3.3.0
2024-05-15 18:10:49,465 [INFO] ThirdParty:1030 - CMSIS Pack Vendor :STMicroelectronics X-CUBE-TOF1 3.4.1
2024-05-15 18:10:49,465 [INFO] ThirdParty:1030 - CMSIS Pack Vendor :STMicroelectronics X-CUBE-AZRTOS-H7 3.2.0
2024-05-15 18:10:49,465 [INFO] ThirdParty:1030 - CMSIS Pack Vendor :Infineon AIROC-Wi-Fi-Bluetooth-STM32 1.6.0
2024-05-15 18:10:49,465 [INFO] ThirdParty:1030 - CMSIS Pack Vendor :STMicroelectronics PDM2PCM 3.2.0
2024-05-15 18:10:49,465 [INFO] ThirdParty:841 - exiting critical section [change project]
2024-05-15 18:10:50,211 [INFO] PinOutPanel:1561 - setPackage(No Configuration,No Configuration)
2024-05-15 18:10:50,215 [INFO] PinOutPanel:1561 - setPackage(STM32F103C8Tx,LQFP48)
2024-05-15 18:10:51,067 [INFO] UtilMem:75 - Before build in PCC Used Memory: 265117784 Bytes (762314752)
2024-05-15 18:10:52,513 [INFO] UtilMem:75 - After build in PCC Used Memory: 354477944 Bytes (762314752)
2024-05-15 18:10:52,683 [INFO] ApiDbMcu:508 - Load IP Config File for FREERTOS
2024-05-15 18:10:52,749 [INFO] IPUIPlugin:80 - create IPUIPlugin
2024-05-15 18:10:52,749 [INFO] IPUIPlugin:80 - create IPUIPlugin
2024-05-15 18:10:52,749 [INFO] IPUIPlugin:80 - create IPUIPlugin
2024-05-15 18:10:52,749 [INFO] IPUIPlugin:80 - create IPUIPlugin
2024-05-15 18:10:52,750 [INFO] IPUIPlugin:80 - create IPUIPlugin
2024-05-15 18:10:52,750 [INFO] IPUIPlugin:80 - create IPUIPlugin
2024-05-15 18:10:52,751 [INFO] IPUIPlugin:80 - create IPUIPlugin
2024-05-15 18:10:52,751 [INFO] IPUIPlugin:80 - create IPUIPlugin
2024-05-15 18:10:52,751 [INFO] IPUIPlugin:80 - create IPUIPlugin
2024-05-15 18:10:52,753 [INFO] IPUIPlugin:80 - create IPUIPlugin
2024-05-15 18:10:52,753 [INFO] IPUIPlugin:80 - create IPUIPlugin
2024-05-15 18:10:52,753 [INFO] IPUIPlugin:80 - create IPUIPlugin
2024-05-15 18:10:52,754 [INFO] IPUIPlugin:80 - create IPUIPlugin
2024-05-15 18:10:52,754 [INFO] IPUIPlugin:80 - create IPUIPlugin
2024-05-15 18:10:52,755 [INFO] IPUIPlugin:80 - create IPUIPlugin
2024-05-15 18:10:52,755 [INFO] IPUIPlugin:80 - create IPUIPlugin
2024-05-15 18:10:52,755 [INFO] IPUIPlugin:80 - create IPUIPlugin
2024-05-15 18:10:52,756 [INFO] IPUIPlugin:80 - create IPUIPlugin
2024-05-15 18:10:52,756 [INFO] IPUIPlugin:80 - create IPUIPlugin
2024-05-15 18:10:52,756 [INFO] IPUIPlugin:80 - create IPUIPlugin
2024-05-15 18:10:52,757 [INFO] IPUIPlugin:80 - create IPUIPlugin
2024-05-15 18:10:52,757 [INFO] IPUIPlugin:80 - create IPUIPlugin
2024-05-15 18:10:52,758 [INFO] IPUIPlugin:80 - create IPUIPlugin
2024-05-15 18:10:52,758 [INFO] IPUIPlugin:80 - create IPUIPlugin
2024-05-15 18:10:52,759 [INFO] IPUIPlugin:80 - create IPUIPlugin
2024-05-15 18:10:52,759 [INFO] IPUIPlugin:80 - create IPUIPlugin
2024-05-15 18:10:52,760 [INFO] IPUIPlugin:80 - create IPUIPlugin
2024-05-15 18:10:52,836 [WARN] FreeRTOS:1023 - Null or empty value: should not occur! (nothing added to the table)
2024-05-15 18:10:53,203 [INFO] CADModel:165 - CPN selected for project levelSTM32F103C8T6
2024-05-15 18:10:53,203 [INFO] CADModel:114 - Register for checkConnection events
2024-05-15 18:10:53,206 [INFO] RtosManager:697 - Active RTOS found at IOC load: FREERTOS [Cortex-M3NS]
2024-05-15 18:10:53,267 [INFO] OpenFileManager:343 - Restore cursor
2024-05-15 18:10:59,835 [ERROR] RtosPanel:558 - Can not restore the selected Tab for FREERTOS(A reason can be that the tab is no more available.)
2024-05-15 18:11:09,383 [INFO] TasksAndQueuesTab:757 - Dynamic
2024-05-15 18:11:09,383 [WARN] TasksAndQueuesTab:763 - 128 128
2024-05-15 18:11:09,384 [WARN] TasksAndQueuesTab:775 - max value is: 768.0
2024-05-15 18:11:09,384 [INFO] TasksAndQueuesTab:757 - Dynamic
2024-05-15 18:11:09,384 [WARN] TasksAndQueuesTab:763 - 128 128
2024-05-15 18:11:09,384 [WARN] TasksAndQueuesTab:775 - max value is: 768.0
2024-05-15 18:11:09,384 [INFO] TasksAndQueuesTab:757 - Dynamic
2024-05-15 18:11:09,384 [WARN] TasksAndQueuesTab:763 - 128 128
2024-05-15 18:11:09,384 [WARN] TasksAndQueuesTab:775 - max value is: 768.0
2024-05-15 18:11:18,156 [INFO] EditThreadDialog:704 - RAM SIZE (in KB): 20
2024-05-15 18:11:18,156 [INFO] EditThreadDialog:706 - RAM SIZE (in words): 5120
2024-05-15 18:26:34,094 [INFO] EditThreadDialog:704 - RAM SIZE (in KB): 20
2024-05-15 18:26:34,094 [INFO] EditThreadDialog:706 - RAM SIZE (in words): 5120
2024-05-15 18:26:44,015 [INFO] TasksAndQueuesTab:757 - Dynamic
2024-05-15 18:26:44,015 [WARN] TasksAndQueuesTab:763 - 128 128
2024-05-15 18:26:44,015 [WARN] TasksAndQueuesTab:775 - max value is: 768.0
2024-05-15 18:26:44,015 [INFO] TasksAndQueuesTab:757 - Dynamic
2024-05-15 18:26:44,015 [WARN] TasksAndQueuesTab:763 - 128 128
2024-05-15 18:26:44,016 [WARN] TasksAndQueuesTab:775 - max value is: 768.0
2024-05-15 18:26:44,016 [INFO] TasksAndQueuesTab:757 - Dynamic
2024-05-15 18:26:44,016 [WARN] TasksAndQueuesTab:763 - 128 128
2024-05-15 18:26:44,016 [WARN] TasksAndQueuesTab:775 - max value is: 768.0
2024-05-15 18:26:46,049 [INFO] UtilMem:75 - End SaveConfig() Used Memory: 287923304 Bytes (734003200)
2024-05-15 18:26:47,078 [INFO] UtilMem:75 - End SaveConfig() Used Memory: 302603368 Bytes (734003200)
2024-05-15 18:26:49,958 [INFO] UtilMem:75 - End SaveConfig() Used Memory: 368137320 Bytes (734003200)
2024-05-15 18:29:12,883 [INFO] EditThreadDialog:704 - RAM SIZE (in KB): 20
2024-05-15 18:29:12,883 [INFO] EditThreadDialog:706 - RAM SIZE (in words): 5120
2024-05-15 18:32:35,567 [INFO] EditThreadDialog:704 - RAM SIZE (in KB): 20
2024-05-15 18:32:35,567 [INFO] EditThreadDialog:706 - RAM SIZE (in words): 5120
2024-05-15 18:33:18,771 [INFO] TasksAndQueuesTab:757 - Dynamic
2024-05-15 18:33:18,771 [WARN] TasksAndQueuesTab:763 - 128 128
2024-05-15 18:33:18,771 [WARN] TasksAndQueuesTab:775 - max value is: 768.0
2024-05-15 18:33:18,771 [INFO] TasksAndQueuesTab:757 - Dynamic
2024-05-15 18:33:18,772 [WARN] TasksAndQueuesTab:763 - 128 128
2024-05-15 18:33:18,772 [WARN] TasksAndQueuesTab:775 - max value is: 768.0
2024-05-15 18:33:18,772 [INFO] TasksAndQueuesTab:757 - Dynamic
2024-05-15 18:33:18,772 [WARN] TasksAndQueuesTab:763 - 128 128
2024-05-15 18:33:18,772 [WARN] TasksAndQueuesTab:775 - max value is: 768.0
2024-05-15 18:33:48,721 [INFO] UtilMem:75 - End SaveConfig() Used Memory: 366669800 Bytes (734003200)
2024-05-15 18:33:49,717 [INFO] UtilMem:75 - End SaveConfig() Used Memory: 382312624 Bytes (734003200)
2024-05-15 18:33:50,473 [INFO] UtilMem:75 - End SaveConfig() Used Memory: 439457968 Bytes (734003200)
2024-05-15 18:38:35,299 [INFO] EditThreadDialog:704 - RAM SIZE (in KB): 20
2024-05-15 18:38:35,300 [INFO] EditThreadDialog:706 - RAM SIZE (in words): 5120
2024-05-15 18:39:16,695 [INFO] TasksAndQueuesTab:757 - Dynamic
2024-05-15 18:39:16,695 [WARN] TasksAndQueuesTab:763 - 128 128
2024-05-15 18:39:16,695 [WARN] TasksAndQueuesTab:775 - max value is: 768.0
2024-05-15 18:39:16,695 [INFO] TasksAndQueuesTab:757 - Dynamic
2024-05-15 18:39:16,695 [WARN] TasksAndQueuesTab:763 - 128 128
2024-05-15 18:39:16,695 [WARN] TasksAndQueuesTab:775 - max value is: 768.0
2024-05-15 18:39:16,695 [INFO] TasksAndQueuesTab:757 - Static
2024-05-15 18:39:19,652 [INFO] UtilMem:75 - End SaveConfig() Used Memory: 413192976 Bytes (734003200)
2024-05-15 18:39:20,923 [INFO] UtilMem:75 - End SaveConfig() Used Memory: 494979856 Bytes (734003200)
2024-05-15 18:39:21,248 [INFO] UtilMem:75 - End SaveConfig() Used Memory: 538497808 Bytes (734003200)
2024-05-15 18:45:32,811 [INFO] EditThreadDialog:704 - RAM SIZE (in KB): 20
2024-05-15 18:45:32,811 [INFO] EditThreadDialog:706 - RAM SIZE (in words): 5120
2024-05-15 18:45:36,808 [INFO] TasksAndQueuesTab:757 - Dynamic
2024-05-15 18:45:36,808 [WARN] TasksAndQueuesTab:763 - 128 128
2024-05-15 18:45:36,808 [WARN] TasksAndQueuesTab:775 - max value is: 768.0
2024-05-15 18:45:36,808 [INFO] TasksAndQueuesTab:757 - Dynamic
2024-05-15 18:45:36,809 [WARN] TasksAndQueuesTab:763 - 128 128
2024-05-15 18:45:36,809 [WARN] TasksAndQueuesTab:775 - max value is: 768.0
2024-05-15 18:45:36,809 [INFO] TasksAndQueuesTab:757 - Dynamic
2024-05-15 18:45:36,809 [WARN] TasksAndQueuesTab:763 - 128 128
2024-05-15 18:45:36,809 [WARN] TasksAndQueuesTab:775 - max value is: 768.0
2024-05-15 18:45:39,403 [INFO] UtilMem:75 - End SaveConfig() Used Memory: 334481376 Bytes (734003200)
2024-05-15 18:45:40,115 [INFO] UtilMem:75 - End SaveConfig() Used Memory: 349685728 Bytes (734003200)
2024-05-15 18:45:42,187 [INFO] UtilMem:75 - End SaveConfig() Used Memory: 419727608 Bytes (734003200)
2024-05-15 19:15:40,497 [INFO] MainUpdater:2873 - connection check result : 10
2024-05-15 19:15:40,497 [INFO] MainUpdater:2873 - connection check result : 10
2024-05-15 19:15:40,512 [INFO] MicroXplorer:468 - Change Database Path : 
2024-05-15 19:15:40,512 [INFO] MicroXplorer:498 - Change Database Version : DB.6.0.111
2024-05-15 19:15:40,526 [ERROR] ProjectManagerView:394 - 
java.lang.NullPointerException: Cannot invoke "javax.swing.JTextField.getText()" because the return value of "java.util.List.get(int)" is null
	at com.st.microxplorer.plugins.projectmanager.gui.ProjectChoiceTab$10.caretUpdate(ProjectChoiceTab.java:2504) ~[filemanager.jar:?]
	at javax.swing.text.JTextComponent.fireCaretUpdate(JTextComponent.java:412) ~[?:?]
	at javax.swing.text.JTextComponent$MutableCaretEvent.fire(JTextComponent.java:4491) ~[?:?]
	at javax.swing.text.JTextComponent$MutableCaretEvent.stateChanged(JTextComponent.java:4513) ~[?:?]
	at javax.swing.text.DefaultCaret.fireStateChanged(DefaultCaret.java:842) ~[?:?]
	at javax.swing.text.DefaultCaret.changeCaretPosition(DefaultCaret.java:1313) ~[?:?]
	at javax.swing.text.DefaultCaret.handleSetDot(DefaultCaret.java:1212) ~[?:?]
	at javax.swing.text.DefaultCaret.setDot(DefaultCaret.java:1193) ~[?:?]
	at javax.swing.text.DefaultCaret$Handler.insertUpdate(DefaultCaret.java:1789) ~[?:?]
	at javax.swing.text.AbstractDocument.fireInsertUpdate(AbstractDocument.java:226) ~[?:?]
	at javax.swing.text.AbstractDocument.handleInsertString(AbstractDocument.java:780) ~[?:?]
	at javax.swing.text.AbstractDocument.insertString(AbstractDocument.java:739) ~[?:?]
	at javax.swing.text.PlainDocument.insertString(PlainDocument.java:131) ~[?:?]
	at javax.swing.text.AbstractDocument.replace(AbstractDocument.java:698) ~[?:?]
	at javax.swing.text.JTextComponent.setText(JTextComponent.java:1729) ~[?:?]
	at com.st.microxplorer.plugins.projectmanager.gui.ProjectChoiceTab.createHeapStackFields(ProjectChoiceTab.java:944) ~[filemanager.jar:?]
	at com.st.microxplorer.plugins.projectmanager.gui.ProjectChoiceTab.buildLinkSettingsPanel(ProjectChoiceTab.java:3475) ~[filemanager.jar:?]
	at com.st.microxplorer.plugins.projectmanager.gui.ProjectChoiceTab.defineWindowsFields(ProjectChoiceTab.java:1816) ~[filemanager.jar:?]
	at com.st.microxplorer.plugins.projectmanager.gui.ProjectChoiceTab.updateSettings(ProjectChoiceTab.java:544) ~[filemanager.jar:?]
	at com.st.microxplorer.plugins.projectmanager.gui.ProjectSettingsPanel.UpdateDialog(ProjectSettingsPanel.java:245) ~[filemanager.jar:?]
	at com.st.microxplorer.plugins.projectmanager.ProjectManagerView.propertyChange(ProjectManagerView.java:391) ~[filemanager.jar:?]
	at java.beans.PropertyChangeSupport.fire(PropertyChangeSupport.java:343) ~[?:?]
	at java.beans.PropertyChangeSupport.firePropertyChange(PropertyChangeSupport.java:335) ~[?:?]
	at java.beans.PropertyChangeSupport.firePropertyChange(PropertyChangeSupport.java:268) ~[?:?]
	at com.st.microxplorer.util.MXPropertyChangeSupport.firePropertyChange(MXPropertyChangeSupport.java:54) ~[STM32CubeMX.jar:?]
	at com.st.microxplorer.mxsystem.MxSystem.closeConfig(MxSystem.java:900) ~[STM32CubeMX.jar:?]
	at com.st.microxplorer.maingui.MainPanel.closeConfig(MainPanel.java:776) ~[STM32CubeMX.jar:?]
	at com.st.microxplorer.plugins.filemanager.engine.OpenFileManager.loadConfigurationFile(OpenFileManager.java:245) ~[filemanager.jar:?]
	at com.st.microxplorer.plugins.filemanager.engine.MainFileManager.userLoadConfig(MainFileManager.java:315) ~[filemanager.jar:?]
	at com.st.microxplorer.plugins.filemanager.engine.MainFileManager.userLoadConfig(MainFileManager.java:293) ~[filemanager.jar:?]
	at com.st.microxplorer.plugins.filemanager.FileManagerView.getSpecificTask(FileManagerView.java:247) ~[filemanager.jar:?]
	at com.st.stm32cube.common.mx.editor.CubeMxEditor.getMxTabbedPaneInstance(CubeMxEditor.java:1198) ~[com.st.stm32cube.common.mx_6.11.1.202404110753/:?]
	at com.st.stm32cube.common.mx.editor.CubeMxEditor$12$1.createSwingComponent(CubeMxEditor.java:1068) ~[com.st.stm32cube.common.mx_6.11.1.202404110753/:?]
	at com.st.stm32cube.common.mx.oss.core.awtswtbridge.EmbeddedSwingComposite.doComponentCreation(EmbeddedSwingComposite.java:492) ~[com.st.stm32cube.common.mx.oss_6.11.1.202404110753/:?]
	at com.st.stm32cube.common.mx.oss.core.awtswtbridge.EmbeddedSwingComposite$4.run(EmbeddedSwingComposite.java:291) ~[com.st.stm32cube.common.mx.oss_6.11.1.202404110753/:?]
	at com.st.stm32cube.common.mx.oss.core.awtswtbridge.AwtEnvironment$2.run(AwtEnvironment.java:166) ~[com.st.stm32cube.common.mx.oss_6.11.1.202404110753/:?]
	at java.awt.event.InvocationEvent.dispatch(InvocationEvent.java:318) ~[?:?]
	at java.awt.EventQueue.dispatchEventImpl(EventQueue.java:773) ~[?:?]
	at java.awt.EventQueue$4.run(EventQueue.java:720) ~[?:?]
	at java.awt.EventQueue$4.run(EventQueue.java:714) ~[?:?]
	at java.security.AccessController.doPrivileged(AccessController.java:399) ~[?:?]
	at java.security.ProtectionDomain$JavaSecurityAccessImpl.doIntersectionPrivilege(ProtectionDomain.java:86) ~[?:?]
	at java.awt.EventQueue.dispatchEvent(EventQueue.java:742) ~[?:?]
	at java.awt.EventDispatchThread.pumpOneEventForFilters(EventDispatchThread.java:203) ~[?:?]
	at java.awt.EventDispatchThread.pumpEventsForFilter(EventDispatchThread.java:124) ~[?:?]
	at java.awt.EventDispatchThread.pumpEventsForHierarchy(EventDispatchThread.java:113) ~[?:?]
	at java.awt.EventDispatchThread.pumpEvents(EventDispatchThread.java:109) ~[?:?]
	at java.awt.EventDispatchThread.pumpEvents(EventDispatchThread.java:101) ~[?:?]
	at java.awt.EventDispatchThread.run(EventDispatchThread.java:90) ~[?:?]
2024-05-15 19:15:40,539 [WARN] ThirdParty:871 - waiting for thirdparty lock release [close project]
2024-05-15 19:15:40,539 [INFO] ThirdParty:873 - entering critical section [close project]
2024-05-15 19:15:40,539 [INFO] ThirdParty:883 - exiting critical section [close project]
2024-05-15 19:15:40,540 [INFO] PinOutPanel:1561 - setPackage(No Configuration,No Configuration)
2024-05-15 19:15:40,553 [INFO] UtilMem:75 - Begin LoadConfig() Used Memory: 486510344 Bytes (734003200)
2024-05-15 19:15:40,553 [INFO] MicroXplorer:468 - Change Database Path : 
2024-05-15 19:15:40,554 [INFO] MicroXplorer:498 - Change Database Version : DB.6.0.111
2024-05-15 19:15:40,554 [INFO] OpenFileManager:312 - Change cursor
2024-05-15 19:15:40,590 [INFO] RulesReader:64 - Compatibility file has been processed (297 Rules)
2024-05-15 19:15:40,608 [INFO] Mcu:2021 - Initializing MCU STM32F103C(4-6)Tx STM32F103C6Tx STM32F103C6T6A
2024-05-15 19:15:41,504 [INFO] Context:663 - Trying to add GPIOservice into a context  which must be forbidden
2024-05-15 19:15:41,712 [INFO] RtosManager:555 - Registered RTOS mode: class=CMSIS, group=RTOS, mode=CMSIS_V1, owner=FREERTOS
2024-05-15 19:15:41,712 [INFO] RtosManager:555 - Registered RTOS mode: class=CMSIS, group=RTOS2, mode=CMSIS_V2, owner=FREERTOS
2024-05-15 19:15:41,712 [INFO] RtosManager:555 - Registered RTOS mode: class=RTOS, group=Core, mode=CMSIS_V1, owner=FREERTOS
2024-05-15 19:15:41,713 [INFO] RtosManager:555 - Registered RTOS mode: class=RTOS, group=Core, mode=CMSIS_V2, owner=FREERTOS
2024-05-15 19:15:41,713 [WARN] ModelIntegratedComponent:184 - Missing modes for component STMicroelectronics:FreeRTOS:0.0.1:STMicroelectronics:RTOS:FreeRTOS:Core:::10.2.0:
2024-05-15 19:15:41,725 [WARN] ModelIntegratedComponent:63 - No mode defined for component null
2024-05-15 19:15:41,725 [WARN] ModelIntegratedComponent:63 - No mode defined for component null
2024-05-15 19:15:41,725 [WARN] ModelIntegratedComponent:63 - No mode defined for component null
2024-05-15 19:15:41,725 [WARN] ModelIntegratedComponent:63 - No mode defined for component null
2024-05-15 19:15:41,725 [WARN] ModelIntegratedComponent:63 - No mode defined for component null
2024-05-15 19:15:41,726 [WARN] ModelIntegratedComponent:63 - No mode defined for component null
2024-05-15 19:15:41,726 [WARN] ModelIntegratedComponent:63 - No mode defined for component null
2024-05-15 19:15:41,726 [WARN] ModelIntegratedComponent:63 - No mode defined for component null
2024-05-15 19:15:41,726 [WARN] ModelIntegratedComponent:63 - No mode defined for component null
2024-05-15 19:15:41,726 [WARN] ModelIntegratedComponent:63 - No mode defined for component null
2024-05-15 19:15:41,726 [WARN] ModelIntegratedComponent:63 - No mode defined for component null
2024-05-15 19:15:41,726 [WARN] ModelIntegratedComponent:63 - No mode defined for component null
2024-05-15 19:15:41,726 [WARN] ModelIntegratedComponent:63 - No mode defined for component null
2024-05-15 19:15:41,726 [WARN] ModelIntegratedComponent:63 - No mode defined for component null
2024-05-15 19:15:41,726 [WARN] ModelIntegratedComponent:63 - No mode defined for component null
2024-05-15 19:15:41,726 [WARN] ModelIntegratedComponent:63 - No mode defined for component null
2024-05-15 19:15:41,726 [WARN] ModelIntegratedComponent:63 - No mode defined for component null
2024-05-15 19:15:41,726 [WARN] ModelIntegratedComponent:63 - No mode defined for component null
2024-05-15 19:15:41,726 [WARN] ModelIntegratedComponent:63 - No mode defined for component null
2024-05-15 19:15:41,726 [WARN] ModelIntegratedComponent:63 - No mode defined for component null
2024-05-15 19:15:41,727 [WARN] ModelIntegratedComponent:63 - No mode defined for component null
2024-05-15 19:15:41,727 [WARN] ModelIntegratedComponent:63 - No mode defined for component null
2024-05-15 19:15:41,727 [WARN] ModelIntegratedComponent:63 - No mode defined for component null
2024-05-15 19:15:41,727 [WARN] ModelIntegratedComponent:63 - No mode defined for component null
2024-05-15 19:15:41,727 [WARN] ModelIntegratedComponent:63 - No mode defined for component null
2024-05-15 19:15:41,727 [WARN] ModelIntegratedComponent:63 - No mode defined for component null
2024-05-15 19:15:41,727 [WARN] ModelIntegratedComponent:63 - No mode defined for component null
2024-05-15 19:15:41,727 [WARN] ModelIntegratedComponent:63 - No mode defined for component null
2024-05-15 19:15:41,727 [WARN] ModelIntegratedComponent:63 - No mode defined for component null
2024-05-15 19:15:41,727 [WARN] ModelIntegratedComponent:63 - No mode defined for component null
2024-05-15 19:15:41,727 [WARN] ModelIntegratedComponent:63 - No mode defined for component null
2024-05-15 19:15:41,727 [WARN] ModelIntegratedComponent:63 - No mode defined for component null
2024-05-15 19:15:41,727 [WARN] ModelIntegratedComponent:63 - No mode defined for component null
2024-05-15 19:15:41,727 [WARN] ModelIntegratedComponent:63 - No mode defined for component null
2024-05-15 19:15:41,846 [INFO] ThirdPartyModel:298 - Start build external matchings
2024-05-15 19:15:42,243 [INFO] ThirdPartyModel:316 - End build external matchings
2024-05-15 19:15:42,264 [INFO] ImportTextPane:194 - (OptionalMessage_ERROR) IP (RCC) : Parameter (ADCFreqValue) has invalid value (36000000)
2024-05-15 19:15:42,264 [INFO] ImportTextPane:194 - (OptionalMessage_ERROR) IP (RCC) : Invalid parameter (FamilyName)
2024-05-15 19:15:42,265 [INFO] ImportTextPane:194 - (OptionalMessage_ERROR) IP (RCC) : Parameter (MCOFreq_Value) has invalid value (72000000)
2024-05-15 19:15:42,265 [INFO] ImportTextPane:194 - (OptionalMessage_ERROR) IP (RCC) : Parameter (USBFreq_Value) has invalid value (72000000)
2024-05-15 19:15:42,507 [INFO] UtilMem:75 - End LoadConfig() Used Memory: 460164296 Bytes (734003200)
2024-05-15 19:15:42,720 [WARN] ThirdParty:833 - waiting for thirdparty lock release [change project]
2024-05-15 19:15:42,720 [INFO] ThirdParty:835 - entering critical section [change project]
2024-05-15 19:15:42,721 [INFO] ThirdParty:1030 - CMSIS Pack Vendor :STMicroelectronics USBPD 4.1
2024-05-15 19:15:42,721 [INFO] ThirdParty:1030 - CMSIS Pack Vendor :STMicroelectronics X-CUBE-GNSS1 6.0.0
2024-05-15 19:15:42,721 [INFO] ThirdParty:1030 - CMSIS Pack Vendor :STMicroelectronics USB_HOST 2.0.0
2024-05-15 19:15:42,721 [INFO] ThirdParty:1030 - CMSIS Pack Vendor :STMicroelectronics FP-SNS-MOTENVWB1 1.4.0
2024-05-15 19:15:42,721 [INFO] ThirdParty:1030 - CMSIS Pack Vendor :STMicroelectronics X-CUBE-AZRTOS-F4 1.1.0
2024-05-15 19:15:42,721 [INFO] ThirdParty:1030 - CMSIS Pack Vendor :STMicroelectronics LIBJPEG 8.0.0
2024-05-15 19:15:42,721 [INFO] ThirdParty:1030 - CMSIS Pack Vendor :STMicroelectronics X-CUBE-SMBUS 2.1.0
2024-05-15 19:15:42,721 [INFO] ThirdParty:1030 - CMSIS Pack Vendor :STMicroelectronics USB_DEVICE 3.0.0
2024-05-15 19:15:42,721 [INFO] ThirdParty:1030 - CMSIS Pack Vendor :STMicroelectronics X-CUBE-TCPP 4.1.0
2024-05-15 19:15:42,721 [INFO] ThirdParty:1030 - CMSIS Pack Vendor :STMicroelectronics X-CUBE-FREERTOS 1.2.0
2024-05-15 19:15:42,721 [INFO] ThirdParty:1030 - CMSIS Pack Vendor :STMicroelectronics X-CUBE-AZRTOS-WB 2.0.0
2024-05-15 19:15:42,721 [INFO] ThirdParty:1030 - CMSIS Pack Vendor :STMicroelectronics X-CUBE-TOUCHGFX 4.23.2
2024-05-15 19:15:42,721 [INFO] ThirdParty:1030 - CMSIS Pack Vendor :STMicroelectronics X-CUBE-AZRTOS-F7 1.1.0
2024-05-15 19:15:42,721 [INFO] ThirdParty:1030 - CMSIS Pack Vendor :STMicroelectronics X-CUBE-AZRTOS-L5 2.0.0
2024-05-15 19:15:42,721 [INFO] ThirdParty:1030 - CMSIS Pack Vendor :STMicroelectronics USB_DEVICE 2.0.0
2024-05-15 19:15:42,721 [INFO] ThirdParty:1030 - CMSIS Pack Vendor :STMicroelectronics X-CUBE-NFC6 3.1.0
2024-05-15 19:15:42,721 [INFO] ThirdParty:1030 - CMSIS Pack Vendor :STMicroelectronics X-CUBE-ALGOBUILD 1.3.0
2024-05-15 19:15:42,721 [INFO] ThirdParty:1030 - CMSIS Pack Vendor :STMicroelectronics FreeRTOS 0.0.1
2024-05-15 19:15:42,721 [INFO] ThirdParty:1030 - CMSIS Pack Vendor :STMicroelectronics X-CUBE-AZRTOS-G0 1.1.0
2024-05-15 19:15:42,721 [INFO] ThirdParty:1030 - CMSIS Pack Vendor :STMicroelectronics X-CUBE-SAFEA1 1.2.2
2024-05-15 19:15:42,721 [INFO] ThirdParty:1030 - CMSIS Pack Vendor :STMicroelectronics X-CUBE-NFC4 3.0.0
2024-05-15 19:15:42,721 [INFO] ThirdParty:1030 - CMSIS Pack Vendor :STMicroelectronics X-CUBE-SUBG2 5.0.0
2024-05-15 19:15:42,722 [INFO] ThirdParty:1030 - CMSIS Pack Vendor :STMicroelectronics STM32_WPAN 1.0.0
2024-05-15 19:15:42,722 [INFO] ThirdParty:1030 - CMSIS Pack Vendor :STMicroelectronics lwIP 2.0.3
2024-05-15 19:15:42,722 [INFO] ThirdParty:1030 - CMSIS Pack Vendor :STMicroelectronics FP-SNS-FLIGHT1 5.0.2
2024-05-15 19:15:42,722 [INFO] ThirdParty:1030 - CMSIS Pack Vendor :STMicroelectronics USB_HOST 1.0.0
2024-05-15 19:15:42,722 [INFO] ThirdParty:1030 - CMSIS Pack Vendor :STMicroelectronics X-CUBE-AI 9.0.0
2024-05-15 19:15:42,722 [INFO] ThirdParty:1030 - CMSIS Pack Vendor :STMicroelectronics X-CUBE-AZRTOS-G4 2.0.0
2024-05-15 19:15:42,722 [INFO] ThirdParty:1030 - CMSIS Pack Vendor :STMicroelectronics PDM2PCM 3.1.0
2024-05-15 19:15:42,722 [INFO] ThirdParty:1030 - CMSIS Pack Vendor :STMicroelectronics PDM2PCM 3.3.0
2024-05-15 19:15:42,722 [INFO] ThirdParty:1030 - CMSIS Pack Vendor :STMicroelectronics X-CUBE-DISPLAY 3.0.0
2024-05-15 19:15:42,722 [INFO] ThirdParty:1030 - CMSIS Pack Vendor :wolfSSL I-CUBE-wolfSSL 5.7.0
2024-05-15 19:15:42,722 [INFO] ThirdParty:1030 - CMSIS Pack Vendor :STMicroelectronics X-CUBE-BLE1 7.0.0
2024-05-15 19:15:42,722 [INFO] ThirdParty:1030 - CMSIS Pack Vendor :STMicroelectronics FP-ATR-SIGFOX1 3.2.0
2024-05-15 19:15:42,722 [INFO] ThirdParty:1030 - CMSIS Pack Vendor :STMicroelectronics X-CUBE-ISPU 2.0.0
2024-05-15 19:15:42,722 [INFO] ThirdParty:1030 - CMSIS Pack Vendor :STMicroelectronics X-CUBE-EEPRMA1 5.1.0
2024-05-15 19:15:42,722 [INFO] ThirdParty:1030 - CMSIS Pack Vendor :STMicroelectronics HAL Drivers 0.0.0
2024-05-15 19:15:42,722 [INFO] ThirdParty:1030 - CMSIS Pack Vendor :STMicroelectronics MBEDTLS 2.16.2
2024-05-15 19:15:42,722 [INFO] ThirdParty:1030 - CMSIS Pack Vendor :emotas I-CUBE-CANOPEN 1.3.0
2024-05-15 19:15:42,723 [INFO] ThirdParty:1030 - CMSIS Pack Vendor :STMicroelectronics X-CUBE-MEMS1 10.0.0
2024-05-15 19:15:42,723 [INFO] ThirdParty:1030 - CMSIS Pack Vendor :STMicroelectronics X-CUBE-FREERTOS 1.1.0
2024-05-15 19:15:42,723 [INFO] ThirdParty:1030 - CMSIS Pack Vendor :STMicroelectronics X-CUBE-NFC7 1.0.1
2024-05-15 19:15:42,723 [INFO] ThirdParty:1030 - CMSIS Pack Vendor :STMicroelectronics MBEDTLS 2.14.1
2024-05-15 19:15:42,723 [INFO] ThirdParty:1030 - CMSIS Pack Vendor :ITTIA_DB I-CUBE-ITTIADB 8.9.0
2024-05-15 19:15:42,723 [INFO] ThirdParty:1030 - CMSIS Pack Vendor :portGmbH I-Cube-SoM-uGOAL 1.1.0
2024-05-15 19:15:42,723 [INFO] ThirdParty:1030 - CMSIS Pack Vendor :STMicroelectronics X-CUBE-ALS 1.0.1
2024-05-15 19:15:42,723 [INFO] ThirdParty:1030 - CMSIS Pack Vendor :STMicroelectronics X-CUBE-BLEMGR 3.1.0
2024-05-15 19:15:42,723 [INFO] ThirdParty:1030 - CMSIS Pack Vendor :STMicroelectronics ThreadX 1.0.0
2024-05-15 19:15:42,723 [INFO] ThirdParty:1030 - CMSIS Pack Vendor :STMicroelectronics FP-SNS-SMARTAG2 1.2.0
2024-05-15 19:15:42,723 [INFO] ThirdParty:1030 - CMSIS Pack Vendor :STMicroelectronics X-CUBE-AZRTOS-WL 2.0.0
2024-05-15 19:15:42,723 [INFO] ThirdParty:1030 - CMSIS Pack Vendor :SEGGER I-CUBE-embOS 1.3.1
2024-05-15 19:15:42,723 [INFO] ThirdParty:1030 - CMSIS Pack Vendor :STMicroelectronics X-CUBE-ALGOBUILD 1.4.0
2024-05-15 19:15:42,723 [INFO] ThirdParty:1030 - CMSIS Pack Vendor :STMicroelectronics FP-SNS-MOTENV1 5.0.0
2024-05-15 19:15:42,723 [INFO] ThirdParty:1030 - CMSIS Pack Vendor :STMicroelectronics USB_DEVICE 1.0.0
2024-05-15 19:15:42,723 [INFO] ThirdParty:1030 - CMSIS Pack Vendor :STMicroelectronics X-CUBE-AZRTOS-H7RS 1.0.0
2024-05-15 19:15:42,723 [INFO] ThirdParty:1030 - CMSIS Pack Vendor :STMicroelectronics X-CUBE-AZRTOS-L4 2.0.0
2024-05-15 19:15:42,723 [INFO] ThirdParty:1030 - CMSIS Pack Vendor :STMicroelectronics ThreadX 0.0.2
2024-05-15 19:15:42,723 [INFO] ThirdParty:1030 - CMSIS Pack Vendor :WES I-CUBE-Cesium 1.3.0
2024-05-15 19:15:42,724 [INFO] ThirdParty:1030 - CMSIS Pack Vendor :STMicroelectronics FP-ATR-ASTRA1 2.0.0
2024-05-15 19:15:42,724 [INFO] ThirdParty:1030 - CMSIS Pack Vendor :STMicroelectronics lwIP 2.1.2
2024-05-15 19:15:42,724 [INFO] ThirdParty:1030 - CMSIS Pack Vendor :STMicroelectronics X-CUBE-SFXS2LP1 4.0.0
2024-05-15 19:15:42,724 [INFO] ThirdParty:1030 - CMSIS Pack Vendor :STMicroelectronics X-CUBE-BLE2 3.3.0
2024-05-15 19:15:42,724 [INFO] ThirdParty:1030 - CMSIS Pack Vendor :STMicroelectronics X-CUBE-TOF1 3.4.1
2024-05-15 19:15:42,724 [INFO] ThirdParty:1030 - CMSIS Pack Vendor :STMicroelectronics X-CUBE-AZRTOS-H7 3.2.0
2024-05-15 19:15:42,724 [INFO] ThirdParty:1030 - CMSIS Pack Vendor :Infineon AIROC-Wi-Fi-Bluetooth-STM32 1.6.0
2024-05-15 19:15:42,724 [INFO] ThirdParty:1030 - CMSIS Pack Vendor :STMicroelectronics PDM2PCM 3.2.0
2024-05-15 19:15:42,724 [INFO] ThirdParty:841 - exiting critical section [change project]
2024-05-15 19:15:42,902 [INFO] PinOutPanel:1561 - setPackage(No Configuration,No Configuration)
2024-05-15 19:15:42,903 [INFO] PinOutPanel:1561 - setPackage(STM32F103C6Tx,LQFP48)
2024-05-15 19:15:43,222 [INFO] UtilMem:75 - Before build in PCC Used Memory: 307706592 Bytes (734003200)
2024-05-15 19:15:43,611 [INFO] UtilMem:75 - After build in PCC Used Memory: 349127408 Bytes (734003200)
2024-05-15 19:15:43,643 [INFO] IPUIPlugin:80 - create IPUIPlugin
2024-05-15 19:15:43,643 [INFO] IPUIPlugin:80 - create IPUIPlugin
2024-05-15 19:15:43,643 [INFO] IPUIPlugin:80 - create IPUIPlugin
2024-05-15 19:15:43,644 [INFO] IPUIPlugin:80 - create IPUIPlugin
2024-05-15 19:15:43,644 [INFO] IPUIPlugin:80 - create IPUIPlugin
2024-05-15 19:15:43,644 [INFO] IPUIPlugin:80 - create IPUIPlugin
2024-05-15 19:15:43,644 [INFO] IPUIPlugin:80 - create IPUIPlugin
2024-05-15 19:15:43,644 [INFO] IPUIPlugin:80 - create IPUIPlugin
2024-05-15 19:15:43,645 [INFO] IPUIPlugin:80 - create IPUIPlugin
2024-05-15 19:15:43,645 [INFO] IPUIPlugin:80 - create IPUIPlugin
2024-05-15 19:15:43,646 [INFO] IPUIPlugin:80 - create IPUIPlugin
2024-05-15 19:15:43,646 [INFO] IPUIPlugin:80 - create IPUIPlugin
2024-05-15 19:15:43,647 [INFO] IPUIPlugin:80 - create IPUIPlugin
2024-05-15 19:15:43,647 [INFO] IPUIPlugin:80 - create IPUIPlugin
2024-05-15 19:15:43,647 [INFO] IPUIPlugin:80 - create IPUIPlugin
2024-05-15 19:15:43,647 [INFO] IPUIPlugin:80 - create IPUIPlugin
2024-05-15 19:15:43,648 [INFO] IPUIPlugin:80 - create IPUIPlugin
2024-05-15 19:15:43,648 [INFO] IPUIPlugin:80 - create IPUIPlugin
2024-05-15 19:15:43,648 [INFO] IPUIPlugin:80 - create IPUIPlugin
2024-05-15 19:15:43,649 [INFO] IPUIPlugin:80 - create IPUIPlugin
2024-05-15 19:15:43,649 [INFO] IPUIPlugin:80 - create IPUIPlugin
2024-05-15 19:15:43,649 [INFO] IPUIPlugin:80 - create IPUIPlugin
2024-05-15 19:15:43,650 [INFO] IPUIPlugin:80 - create IPUIPlugin
2024-05-15 19:15:43,706 [INFO] CADModel:165 - CPN selected for project levelSTM32F103C6T6A
2024-05-15 19:15:43,706 [INFO] CADModel:114 - Register for checkConnection events
2024-05-15 19:15:43,767 [INFO] OpenFileManager:343 - Restore cursor
2024-05-15 19:15:54,503 [INFO] UtilMem:75 - End SaveConfig() Used Memory: 287604800 Bytes (734003200)
2024-05-15 19:15:55,428 [INFO] UtilMem:75 - End SaveConfig() Used Memory: 300362592 Bytes (734003200)
2024-05-15 19:15:56,100 [INFO] UtilMem:75 - End SaveConfig() Used Memory: 350551840 Bytes (734003200)
2024-05-15 19:15:56,259 [INFO] BlockDiagram:2759 - set Specific Code input for plugin: SPI
2024-05-15 19:15:56,259 [INFO] BlockDiagram:2759 - set Specific Code input for plugin: NVIC
2024-05-15 19:15:56,259 [INFO] BlockDiagram:2759 - set Specific Code input for plugin: USART
2024-05-15 19:15:56,259 [INFO] BlockDiagram:2759 - set Specific Code input for plugin: SYS
2024-05-15 19:15:56,259 [INFO] BlockDiagram:2759 - set Specific Code input for plugin: GPIO
2024-05-15 19:15:56,259 [INFO] BlockDiagram:2759 - set Specific Code input for plugin: RCC
2024-05-15 19:15:56,261 [INFO] CodeGenerator:807 - code generatio: config db path: C:\ST\STM32CubeIDE_1.15.0\STM32CubeIDE\plugins\com.st.stm32cube.common.mx_6.11.1.202404110753\\db\
2024-05-15 19:15:56,451 [INFO] CodeEngine:255 - oldGeneratedFile, C:\Work\Stm32\TX_c6\MXTmpFiles\license.tmp_save
2024-05-15 19:15:56,962 [INFO] CodeEngine:279 - Generated code: C:\Work\Stm32\TX_c6\MXTmpFiles\license.tmp
2024-05-15 19:15:57,125 [INFO] CodeEngine:255 - oldGeneratedFile, C:\Work\Stm32\TX_c6\MXTmpFiles\gpio.tmp_save
2024-05-15 19:15:57,350 [INFO] CodeEngine:279 - Generated code: C:\Work\Stm32\TX_c6\MXTmpFiles\gpio.tmp
2024-05-15 19:15:57,565 [INFO] CodeEngine:255 - oldGeneratedFile, C:\Work\Stm32\TX_c6\Core\Src\stm32f1xx_it.c_save
2024-05-15 19:15:57,763 [INFO] CodeEngine:279 - Generated code: C:\Work\Stm32\TX_c6\Core\Src\stm32f1xx_it.c
2024-05-15 19:15:57,797 [INFO] CodeEngine:255 - oldGeneratedFile, C:\Work\Stm32\TX_c6\Core\Inc\stm32f1xx_it.h_save
2024-05-15 19:15:57,938 [INFO] CodeEngine:279 - Generated code: C:\Work\Stm32\TX_c6\Core\Inc\stm32f1xx_it.h
2024-05-15 19:15:57,995 [INFO] CodeEngine:255 - oldGeneratedFile, C:\Work\Stm32\TX_c6\Core\Src\stm32f1xx_hal_msp.c_save
2024-05-15 19:15:58,228 [INFO] CodeEngine:279 - Generated code: C:\Work\Stm32\TX_c6\Core\Src\stm32f1xx_hal_msp.c
2024-05-15 19:15:58,250 [INFO] CodeEngine:255 - oldGeneratedFile, C:\Work\Stm32\TX_c6\MXTmpFiles\system.tmp_save
2024-05-15 19:15:58,382 [INFO] CodeEngine:279 - Generated code: C:\Work\Stm32\TX_c6\MXTmpFiles\system.tmp
2024-05-15 19:15:58,427 [INFO] CodeEngine:311 - oldGeneratedFile, C:\Work\Stm32\TX_c6\Core\Inc\stm32f1xx_hal_conf.h_save
2024-05-15 19:15:58,590 [INFO] CodeEngine:335 - Generated code: C:\Work\Stm32\TX_c6\Core\Inc\stm32f1xx_hal_conf.h
2024-05-15 19:15:58,684 [INFO] CodeEngine:255 - oldGeneratedFile, C:\Work\Stm32\TX_c6\Core\Inc\main.h_save
2024-05-15 19:15:58,859 [INFO] CodeEngine:279 - Generated code: C:\Work\Stm32\TX_c6\Core\Inc\main.h
2024-05-15 19:15:58,904 [INFO] CodeEngine:255 - oldGeneratedFile, C:\Work\Stm32\TX_c6\Core\Src\main.c_save
2024-05-15 19:15:59,154 [INFO] CodeEngine:279 - Generated code: C:\Work\Stm32\TX_c6\Core\Src\main.c
2024-05-15 19:15:59,736 [INFO] ProjectBuilder:3163 - Time for Copy HAL[1] : 298mS.
2024-05-15 19:15:59,745 [INFO] ProjectBuilder:4736 - Project Generator version: 4.3.0-B58
2024-05-15 19:15:59,876 [INFO] ConfigFileManager:1503 - The Die is : DIE412
2024-05-15 19:15:59,901 [INFO] ApiDbMcu:508 - Load IP Config File for FATFS
2024-05-15 19:15:59,907 [INFO] ApiDbMcu:508 - Load IP Config File for FREERTOS
2024-05-15 19:15:59,929 [INFO] ApiDbMcu:508 - Load IP Config File for USB_DEVICE
2024-05-15 19:16:01,007 [INFO] LogOutputStream:77 - [STDOUT_REDIRECT] 
2024-05-15 19:16:03,866 [INFO] ProjectBuilder:5002 - Time for Generating toolchain IDE Files: 4120mS.
2024-05-15 19:16:03,868 [INFO] ProjectBuilder:3034 - Time for Copy CMSIS : 1mS.
2024-05-15 19:16:03,873 [INFO] ProjectBuilder:3034 - Time for Copy CMSIS : 0mS.
2024-05-15 21:32:36,443 [ERROR] LogOutputStream:75 - [STDERR_REDIRECT] 
