2024-05-04 20:21:52,352 [INFO] Gpio:277 - dependency for GPIO [RCC, SPI1, SYS, USART2]
2024-05-04 20:23:13,575 [INFO] UtilMem:75 - End SaveConfig() Used Memory: 276612664 Bytes (709885952)
2024-05-04 20:23:16,374 [INFO] UtilMem:75 - End SaveConfig() Used Memory: 233546552 Bytes (709885952)
2024-05-04 20:23:17,035 [INFO] UtilMem:75 - End SaveConfig() Used Memory: 274605072 Bytes (709885952)
2024-05-04 20:23:17,327 [INFO] BlockDiagram:2759 - set Specific Code input for plugin: SPI
2024-05-04 20:23:17,327 [INFO] BlockDiagram:2759 - set Specific Code input for plugin: NVIC
2024-05-04 20:23:17,328 [INFO] BlockDiagram:2759 - set Specific Code input for plugin: USART
2024-05-04 20:23:17,328 [INFO] BlockDiagram:2759 - set Specific Code input for plugin: SYS
2024-05-04 20:23:17,328 [INFO] BlockDiagram:2759 - set Specific Code input for plugin: GPIO
2024-05-04 20:23:17,328 [INFO] BlockDiagram:2759 - set Specific Code input for plugin: RCC
2024-05-04 20:23:17,330 [INFO] CodeGenerator:807 - code generatio: config db path: C:\ST\STM32CubeIDE_1.15.0\STM32CubeIDE\plugins\com.st.stm32cube.common.mx_6.11.1.202404110753\\db\
2024-05-04 20:23:17,489 [INFO] CodeEngine:255 - oldGeneratedFile, C:\Work\Stm32\RX_c8\MXTmpFiles\license.tmp_save
2024-05-04 20:23:17,676 [INFO] CodeEngine:279 - Generated code: C:\Work\Stm32\RX_c8\MXTmpFiles\license.tmp
2024-05-04 20:23:17,741 [INFO] CodeEngine:255 - oldGeneratedFile, C:\Work\Stm32\RX_c8\MXTmpFiles\gpio.tmp_save
2024-05-04 20:23:17,891 [INFO] CodeEngine:279 - Generated code: C:\Work\Stm32\RX_c8\MXTmpFiles\gpio.tmp
2024-05-04 20:23:18,107 [INFO] CodeEngine:255 - oldGeneratedFile, C:\Work\Stm32\RX_c8\Core\Src\stm32f1xx_it.c_save
2024-05-04 20:23:18,424 [INFO] CodeEngine:279 - Generated code: C:\Work\Stm32\RX_c8\Core\Src\stm32f1xx_it.c
2024-05-04 20:23:18,460 [INFO] CodeEngine:255 - oldGeneratedFile, C:\Work\Stm32\RX_c8\Core\Inc\stm32f1xx_it.h_save
2024-05-04 20:23:18,598 [INFO] CodeEngine:279 - Generated code: C:\Work\Stm32\RX_c8\Core\Inc\stm32f1xx_it.h
2024-05-04 20:23:18,651 [INFO] CodeEngine:255 - oldGeneratedFile, C:\Work\Stm32\RX_c8\Core\Src\stm32f1xx_hal_msp.c_save
2024-05-04 20:23:18,861 [INFO] CodeEngine:279 - Generated code: C:\Work\Stm32\RX_c8\Core\Src\stm32f1xx_hal_msp.c
2024-05-04 20:23:18,884 [INFO] CodeEngine:255 - oldGeneratedFile, C:\Work\Stm32\RX_c8\MXTmpFiles\system.tmp_save
2024-05-04 20:23:19,006 [INFO] CodeEngine:279 - Generated code: C:\Work\Stm32\RX_c8\MXTmpFiles\system.tmp
2024-05-04 20:23:19,055 [INFO] CodeEngine:311 - oldGeneratedFile, C:\Work\Stm32\RX_c8\Core\Inc\stm32f1xx_hal_conf.h_save
2024-05-04 20:23:19,195 [INFO] CodeEngine:335 - Generated code: C:\Work\Stm32\RX_c8\Core\Inc\stm32f1xx_hal_conf.h
2024-05-04 20:23:19,264 [INFO] CodeEngine:255 - oldGeneratedFile, C:\Work\Stm32\RX_c8\Core\Inc\main.h_save
2024-05-04 20:23:19,420 [INFO] CodeEngine:279 - Generated code: C:\Work\Stm32\RX_c8\Core\Inc\main.h
2024-05-04 20:23:19,457 [INFO] CodeEngine:255 - oldGeneratedFile, C:\Work\Stm32\RX_c8\Core\Src\main.c_save
2024-05-04 20:23:19,709 [INFO] CodeEngine:279 - Generated code: C:\Work\Stm32\RX_c8\Core\Src\main.c
2024-05-04 20:23:20,303 [INFO] ProjectBuilder:3163 - Time for Copy HAL[1] : 283mS.
2024-05-04 20:23:20,309 [INFO] ProjectBuilder:4736 - Project Generator version: 4.3.0-B58
2024-05-04 20:23:20,418 [INFO] ConfigFileManager:1503 - The Die is : DIE410
2024-05-04 20:23:22,537 [INFO] ProjectBuilder:5002 - Time for Generating toolchain IDE Files: 2228mS.
2024-05-04 20:23:22,538 [INFO] ProjectBuilder:3034 - Time for Copy CMSIS : 1mS.
2024-05-04 20:23:22,545 [INFO] ProjectBuilder:3034 - Time for Copy CMSIS : 0mS.
2024-05-04 20:34:54,762 [INFO] Gpio:277 - dependency for GPIO [RCC, SPI1, SYS, USART2]
2024-05-04 20:40:35,486 [INFO] Gpio:277 - dependency for GPIO [RCC, SPI1, SYS, USART2]
2024-05-04 20:47:11,810 [INFO] UtilMem:75 - End SaveConfig() Used Memory: 519111736 Bytes (901775360)
2024-05-04 20:47:13,218 [INFO] UtilMem:75 - End SaveConfig() Used Memory: 536937528 Bytes (901775360)
2024-05-04 20:47:13,451 [INFO] UtilMem:75 - End SaveConfig() Used Memory: 555285560 Bytes (901775360)
2024-05-04 20:47:13,618 [INFO] BlockDiagram:2759 - set Specific Code input for plugin: SPI
2024-05-04 20:47:13,619 [INFO] BlockDiagram:2759 - set Specific Code input for plugin: NVIC
2024-05-04 20:47:13,619 [INFO] BlockDiagram:2759 - set Specific Code input for plugin: USART
2024-05-04 20:47:13,619 [INFO] BlockDiagram:2759 - set Specific Code input for plugin: SYS
2024-05-04 20:47:13,619 [INFO] BlockDiagram:2759 - set Specific Code input for plugin: GPIO
2024-05-04 20:47:13,619 [INFO] BlockDiagram:2759 - set Specific Code input for plugin: RCC
2024-05-04 20:47:13,620 [INFO] CodeGenerator:807 - code generatio: config db path: C:\ST\STM32CubeIDE_1.15.0\STM32CubeIDE\plugins\com.st.stm32cube.common.mx_6.11.1.202404110753\\db\
2024-05-04 20:47:13,703 [INFO] CodeEngine:255 - oldGeneratedFile, C:\Work\Stm32\RX_c8\MXTmpFiles\license.tmp_save
2024-05-04 20:47:13,833 [INFO] CodeEngine:279 - Generated code: C:\Work\Stm32\RX_c8\MXTmpFiles\license.tmp
2024-05-04 20:47:13,863 [INFO] CodeEngine:255 - oldGeneratedFile, C:\Work\Stm32\RX_c8\MXTmpFiles\gpio.tmp_save
2024-05-04 20:47:14,012 [INFO] CodeEngine:279 - Generated code: C:\Work\Stm32\RX_c8\MXTmpFiles\gpio.tmp
2024-05-04 20:47:14,115 [INFO] CodeEngine:255 - oldGeneratedFile, C:\Work\Stm32\RX_c8\Core\Src\stm32f1xx_it.c_save
2024-05-04 20:47:14,345 [INFO] CodeEngine:279 - Generated code: C:\Work\Stm32\RX_c8\Core\Src\stm32f1xx_it.c
2024-05-04 20:47:14,355 [INFO] CodeEngine:255 - oldGeneratedFile, C:\Work\Stm32\RX_c8\Core\Inc\stm32f1xx_it.h_save
2024-05-04 20:47:14,447 [INFO] CodeEngine:279 - Generated code: C:\Work\Stm32\RX_c8\Core\Inc\stm32f1xx_it.h
2024-05-04 20:47:14,475 [INFO] CodeEngine:255 - oldGeneratedFile, C:\Work\Stm32\RX_c8\Core\Src\stm32f1xx_hal_msp.c_save
2024-05-04 20:47:14,628 [INFO] CodeEngine:279 - Generated code: C:\Work\Stm32\RX_c8\Core\Src\stm32f1xx_hal_msp.c
2024-05-04 20:47:14,635 [INFO] CodeEngine:255 - oldGeneratedFile, C:\Work\Stm32\RX_c8\MXTmpFiles\system.tmp_save
2024-05-04 20:47:14,723 [INFO] CodeEngine:279 - Generated code: C:\Work\Stm32\RX_c8\MXTmpFiles\system.tmp
2024-05-04 20:47:14,753 [INFO] CodeEngine:311 - oldGeneratedFile, C:\Work\Stm32\RX_c8\Core\Inc\stm32f1xx_hal_conf.h_save
2024-05-04 20:47:14,892 [INFO] CodeEngine:335 - Generated code: C:\Work\Stm32\RX_c8\Core\Inc\stm32f1xx_hal_conf.h
2024-05-04 20:47:14,950 [INFO] CodeEngine:255 - oldGeneratedFile, C:\Work\Stm32\RX_c8\Core\Inc\main.h_save
2024-05-04 20:47:15,074 [INFO] CodeEngine:279 - Generated code: C:\Work\Stm32\RX_c8\Core\Inc\main.h
2024-05-04 20:47:15,093 [INFO] CodeEngine:255 - oldGeneratedFile, C:\Work\Stm32\RX_c8\Core\Src\main.c_save
2024-05-04 20:47:15,250 [INFO] CodeEngine:279 - Generated code: C:\Work\Stm32\RX_c8\Core\Src\main.c
2024-05-04 20:47:15,807 [INFO] ProjectBuilder:3163 - Time for Copy HAL[1] : 242mS.
2024-05-04 20:47:15,813 [INFO] ProjectBuilder:4736 - Project Generator version: 4.3.0-B58
2024-05-04 20:47:15,899 [INFO] ConfigFileManager:1503 - The Die is : DIE410
2024-05-04 20:47:16,934 [INFO] ProjectBuilder:5002 - Time for Generating toolchain IDE Files: 1122mS.
2024-05-04 20:47:16,935 [INFO] ProjectBuilder:3034 - Time for Copy CMSIS : 1mS.
2024-05-04 20:47:16,941 [INFO] ProjectBuilder:3034 - Time for Copy CMSIS : 1mS.
2024-05-04 22:11:07,660 [INFO] UtilMem:75 - End SaveConfig() Used Memory: 560720680 Bytes (901775360)
2024-05-04 22:11:09,378 [INFO] UtilMem:75 - End SaveConfig() Used Memory: 576644984 Bytes (901775360)
2024-05-04 22:11:10,091 [INFO] UtilMem:75 - End SaveConfig() Used Memory: 612625192 Bytes (901775360)
2024-05-04 22:11:10,388 [INFO] BlockDiagram:2759 - set Specific Code input for plugin: SPI
2024-05-04 22:11:10,388 [INFO] BlockDiagram:2759 - set Specific Code input for plugin: NVIC
2024-05-04 22:11:10,388 [INFO] BlockDiagram:2759 - set Specific Code input for plugin: USART
2024-05-04 22:11:10,388 [INFO] BlockDiagram:2759 - set Specific Code input for plugin: SYS
2024-05-04 22:11:10,389 [INFO] BlockDiagram:2759 - set Specific Code input for plugin: GPIO
2024-05-04 22:11:10,389 [INFO] BlockDiagram:2759 - set Specific Code input for plugin: RCC
2024-05-04 22:11:10,390 [INFO] CodeGenerator:807 - code generatio: config db path: C:\ST\STM32CubeIDE_1.15.0\STM32CubeIDE\plugins\com.st.stm32cube.common.mx_6.11.1.202404110753\\db\
2024-05-04 22:11:10,467 [INFO] CodeEngine:255 - oldGeneratedFile, C:\Work\Stm32\RX_c8\MXTmpFiles\license.tmp_save
2024-05-04 22:11:10,580 [INFO] CodeEngine:279 - Generated code: C:\Work\Stm32\RX_c8\MXTmpFiles\license.tmp
2024-05-04 22:11:10,608 [INFO] CodeEngine:255 - oldGeneratedFile, C:\Work\Stm32\RX_c8\MXTmpFiles\gpio.tmp_save
2024-05-04 22:11:10,728 [INFO] CodeEngine:279 - Generated code: C:\Work\Stm32\RX_c8\MXTmpFiles\gpio.tmp
2024-05-04 22:11:10,811 [INFO] CodeEngine:255 - oldGeneratedFile, C:\Work\Stm32\RX_c8\Core\Src\stm32f1xx_it.c_save
2024-05-04 22:11:11,053 [INFO] CodeEngine:279 - Generated code: C:\Work\Stm32\RX_c8\Core\Src\stm32f1xx_it.c
2024-05-04 22:11:11,072 [INFO] CodeEngine:255 - oldGeneratedFile, C:\Work\Stm32\RX_c8\Core\Inc\stm32f1xx_it.h_save
2024-05-04 22:11:11,169 [INFO] CodeEngine:279 - Generated code: C:\Work\Stm32\RX_c8\Core\Inc\stm32f1xx_it.h
2024-05-04 22:11:11,198 [INFO] CodeEngine:255 - oldGeneratedFile, C:\Work\Stm32\RX_c8\Core\Src\stm32f1xx_hal_msp.c_save
2024-05-04 22:11:11,341 [INFO] CodeEngine:279 - Generated code: C:\Work\Stm32\RX_c8\Core\Src\stm32f1xx_hal_msp.c
2024-05-04 22:11:11,347 [INFO] CodeEngine:255 - oldGeneratedFile, C:\Work\Stm32\RX_c8\MXTmpFiles\system.tmp_save
2024-05-04 22:11:11,439 [INFO] CodeEngine:279 - Generated code: C:\Work\Stm32\RX_c8\MXTmpFiles\system.tmp
2024-05-04 22:11:11,466 [INFO] CodeEngine:311 - oldGeneratedFile, C:\Work\Stm32\RX_c8\Core\Inc\stm32f1xx_hal_conf.h_save
2024-05-04 22:11:11,592 [INFO] CodeEngine:335 - Generated code: C:\Work\Stm32\RX_c8\Core\Inc\stm32f1xx_hal_conf.h
2024-05-04 22:11:11,645 [INFO] CodeEngine:255 - oldGeneratedFile, C:\Work\Stm32\RX_c8\Core\Inc\main.h_save
2024-05-04 22:11:11,766 [INFO] CodeEngine:279 - Generated code: C:\Work\Stm32\RX_c8\Core\Inc\main.h
2024-05-04 22:11:11,786 [INFO] CodeEngine:255 - oldGeneratedFile, C:\Work\Stm32\RX_c8\Core\Src\main.c_save
2024-05-04 22:11:11,946 [INFO] CodeEngine:279 - Generated code: C:\Work\Stm32\RX_c8\Core\Src\main.c
2024-05-04 22:11:12,484 [INFO] ProjectBuilder:3163 - Time for Copy HAL[1] : 238mS.
2024-05-04 22:11:12,489 [INFO] ProjectBuilder:4736 - Project Generator version: 4.3.0-B58
2024-05-04 22:11:12,579 [INFO] ConfigFileManager:1503 - The Die is : DIE410
2024-05-04 22:11:13,620 [INFO] ProjectBuilder:5002 - Time for Generating toolchain IDE Files: 1131mS.
2024-05-04 22:11:13,621 [INFO] ProjectBuilder:3034 - Time for Copy CMSIS : 0mS.
2024-05-04 22:11:13,627 [INFO] ProjectBuilder:3034 - Time for Copy CMSIS : 1mS.
2024-05-04 22:16:42,414 [INFO] MainUpdater:2873 - connection check result : 10
2024-05-04 22:16:42,730 [INFO] McuFinderGlobals:76 - Set McuFinderConnectedMode to true
2024-05-04 22:16:42,744 [INFO] MultiScanPanel:200 - Auto-refresh data requested => check proxy status ongoing
2024-05-04 22:16:42,749 [INFO] FinderPluginLoader:95 - Searching for filters in installed packs
2024-05-04 22:16:44,668 [INFO] LoadUrlFilesThread:185 - End of LoadServerUrlFiles without Thread
2024-05-04 22:16:44,731 [INFO] DetailPanel:341 - Set advertising image to C:/Users/Yaroslav Ludchak/STM32Cube/Repository/\en.prom-stm32h7rs-mcu-finder.png
2024-05-04 22:17:04,185 [INFO] MetaSearchPanel:329 - Collapse all filters sections
2024-05-04 22:18:15,484 [INFO] MainUpdater:2873 - connection check result : 10
2024-05-04 22:18:15,484 [INFO] MainUpdater:2873 - connection check result : 10
2024-05-04 22:18:15,510 [INFO] MicroXplorer:468 - Change Database Path : 
2024-05-04 22:18:15,510 [INFO] MicroXplorer:498 - Change Database Version : DB.6.0.111
2024-05-04 22:18:15,532 [ERROR] ProjectManagerView:394 - 
java.lang.NullPointerException: Cannot invoke "javax.swing.JTextField.getText()" because the return value of "java.util.List.get(int)" is null
	at com.st.microxplorer.plugins.projectmanager.gui.ProjectChoiceTab$10.caretUpdate(ProjectChoiceTab.java:2504) ~[filemanager.jar:?]
	at javax.swing.text.JTextComponent.fireCaretUpdate(JTextComponent.java:412) ~[?:?]
	at javax.swing.text.JTextComponent$MutableCaretEvent.fire(JTextComponent.java:4491) ~[?:?]
	at javax.swing.text.JTextComponent$MutableCaretEvent.stateChanged(JTextComponent.java:4513) ~[?:?]
	at javax.swing.text.DefaultCaret.fireStateChanged(DefaultCaret.java:842) ~[?:?]
	at javax.swing.text.DefaultCaret.changeCaretPosition(DefaultCaret.java:1313) ~[?:?]
	at javax.swing.text.DefaultCaret.handleSetDot(DefaultCaret.java:1212) ~[?:?]
	at javax.swing.text.DefaultCaret.setDot(DefaultCaret.java:1193) ~[?:?]
	at javax.swing.text.DefaultCaret$Handler.insertUpdate(DefaultCaret.java:1789) ~[?:?]
	at javax.swing.text.AbstractDocument.fireInsertUpdate(AbstractDocument.java:226) ~[?:?]
	at javax.swing.text.AbstractDocument.handleInsertString(AbstractDocument.java:780) ~[?:?]
	at javax.swing.text.AbstractDocument.insertString(AbstractDocument.java:739) ~[?:?]
	at javax.swing.text.PlainDocument.insertString(PlainDocument.java:131) ~[?:?]
	at javax.swing.text.AbstractDocument.replace(AbstractDocument.java:698) ~[?:?]
	at javax.swing.text.JTextComponent.setText(JTextComponent.java:1729) ~[?:?]
	at com.st.microxplorer.plugins.projectmanager.gui.ProjectChoiceTab.createHeapStackFields(ProjectChoiceTab.java:944) ~[filemanager.jar:?]
	at com.st.microxplorer.plugins.projectmanager.gui.ProjectChoiceTab.buildLinkSettingsPanel(ProjectChoiceTab.java:3475) ~[filemanager.jar:?]
	at com.st.microxplorer.plugins.projectmanager.gui.ProjectChoiceTab.defineWindowsFields(ProjectChoiceTab.java:1816) ~[filemanager.jar:?]
	at com.st.microxplorer.plugins.projectmanager.gui.ProjectChoiceTab.updateSettings(ProjectChoiceTab.java:544) ~[filemanager.jar:?]
	at com.st.microxplorer.plugins.projectmanager.gui.ProjectSettingsPanel.UpdateDialog(ProjectSettingsPanel.java:245) ~[filemanager.jar:?]
	at com.st.microxplorer.plugins.projectmanager.ProjectManagerView.propertyChange(ProjectManagerView.java:391) ~[filemanager.jar:?]
	at java.beans.PropertyChangeSupport.fire(PropertyChangeSupport.java:343) ~[?:?]
	at java.beans.PropertyChangeSupport.firePropertyChange(PropertyChangeSupport.java:335) ~[?:?]
	at java.beans.PropertyChangeSupport.firePropertyChange(PropertyChangeSupport.java:268) ~[?:?]
	at com.st.microxplorer.util.MXPropertyChangeSupport.firePropertyChange(MXPropertyChangeSupport.java:54) ~[STM32CubeMX.jar:?]
	at com.st.microxplorer.mxsystem.MxSystem.closeConfig(MxSystem.java:900) ~[STM32CubeMX.jar:?]
	at com.st.microxplorer.maingui.MainPanel.closeConfig(MainPanel.java:776) ~[STM32CubeMX.jar:?]
	at com.st.microxplorer.plugins.filemanager.engine.OpenFileManager.loadConfigurationFile(OpenFileManager.java:245) ~[filemanager.jar:?]
	at com.st.microxplorer.plugins.filemanager.engine.MainFileManager.userLoadConfig(MainFileManager.java:315) ~[filemanager.jar:?]
	at com.st.microxplorer.plugins.filemanager.engine.MainFileManager.userLoadConfig(MainFileManager.java:293) ~[filemanager.jar:?]
	at com.st.microxplorer.plugins.filemanager.FileManagerView.getSpecificTask(FileManagerView.java:247) ~[filemanager.jar:?]
	at com.st.stm32cube.common.mx.editor.CubeMxEditor.getMxTabbedPaneInstance(CubeMxEditor.java:1198) ~[com.st.stm32cube.common.mx_6.11.1.202404110753/:?]
	at com.st.stm32cube.common.mx.editor.CubeMxEditor$12$1.createSwingComponent(CubeMxEditor.java:1068) ~[com.st.stm32cube.common.mx_6.11.1.202404110753/:?]
	at com.st.stm32cube.common.mx.oss.core.awtswtbridge.EmbeddedSwingComposite.doComponentCreation(EmbeddedSwingComposite.java:492) ~[com.st.stm32cube.common.mx.oss_6.11.1.202404110753/:?]
	at com.st.stm32cube.common.mx.oss.core.awtswtbridge.EmbeddedSwingComposite$4.run(EmbeddedSwingComposite.java:291) ~[com.st.stm32cube.common.mx.oss_6.11.1.202404110753/:?]
	at com.st.stm32cube.common.mx.oss.core.awtswtbridge.AwtEnvironment$2.run(AwtEnvironment.java:166) ~[com.st.stm32cube.common.mx.oss_6.11.1.202404110753/:?]
	at java.awt.event.InvocationEvent.dispatch(InvocationEvent.java:318) ~[?:?]
	at java.awt.EventQueue.dispatchEventImpl(EventQueue.java:773) ~[?:?]
	at java.awt.EventQueue$4.run(EventQueue.java:720) ~[?:?]
	at java.awt.EventQueue$4.run(EventQueue.java:714) ~[?:?]
	at java.security.AccessController.doPrivileged(AccessController.java:399) ~[?:?]
	at java.security.ProtectionDomain$JavaSecurityAccessImpl.doIntersectionPrivilege(ProtectionDomain.java:86) ~[?:?]
	at java.awt.EventQueue.dispatchEvent(EventQueue.java:742) ~[?:?]
	at java.awt.EventDispatchThread.pumpOneEventForFilters(EventDispatchThread.java:203) ~[?:?]
	at java.awt.EventDispatchThread.pumpEventsForFilter(EventDispatchThread.java:124) ~[?:?]
	at java.awt.EventDispatchThread.pumpEventsForHierarchy(EventDispatchThread.java:113) ~[?:?]
	at java.awt.EventDispatchThread.pumpEvents(EventDispatchThread.java:109) ~[?:?]
	at java.awt.EventDispatchThread.pumpEvents(EventDispatchThread.java:101) ~[?:?]
	at java.awt.EventDispatchThread.run(EventDispatchThread.java:90) ~[?:?]
2024-05-04 22:18:15,544 [WARN] ThirdParty:871 - waiting for thirdparty lock release [close project]
2024-05-04 22:18:15,544 [INFO] ThirdParty:873 - entering critical section [close project]
2024-05-04 22:18:15,545 [INFO] ThirdParty:883 - exiting critical section [close project]
2024-05-04 22:18:15,546 [INFO] PinOutPanel:1561 - setPackage(No Configuration,No Configuration)
2024-05-04 22:18:15,554 [INFO] UtilMem:75 - Begin LoadConfig() Used Memory: 606672368 Bytes (961544192)
2024-05-04 22:18:15,555 [INFO] MicroXplorer:468 - Change Database Path : 
2024-05-04 22:18:15,555 [INFO] MicroXplorer:498 - Change Database Version : DB.6.0.111
2024-05-04 22:18:15,555 [INFO] OpenFileManager:312 - Change cursor
2024-05-04 22:18:15,594 [INFO] RulesReader:64 - Compatibility file has been processed (297 Rules)
2024-05-04 22:18:15,690 [INFO] Mcu:2021 - Initializing MCU STM32F103C8Tx STM32F103C8Tx STM32F103C8T6
2024-05-04 22:18:16,485 [INFO] Context:663 - Trying to add GPIOservice into a context  which must be forbidden
2024-05-04 22:18:16,676 [INFO] ImportTextPane:194 - (OptionalMessage_ERROR) Unable to find key (Mcu.ThirdPartyNb) in loaded IOC file
2024-05-04 22:18:16,676 [INFO] ImportTextPane:194 - (OptionalMessage_ERROR) Unable to find key (Mcu.PinsNb) in loaded IOC file
2024-05-04 22:18:16,676 [INFO] ImportTextPane:194 - (OptionalMessage_ERROR) Unable to find key (Mcu.IPNb) in loaded IOC file
2024-05-04 22:18:16,691 [INFO] RtosManager:555 - Registered RTOS mode: class=CMSIS, group=RTOS, mode=CMSIS_V1, owner=FREERTOS
2024-05-04 22:18:16,691 [INFO] RtosManager:555 - Registered RTOS mode: class=CMSIS, group=RTOS2, mode=CMSIS_V2, owner=FREERTOS
2024-05-04 22:18:16,691 [INFO] RtosManager:555 - Registered RTOS mode: class=RTOS, group=Core, mode=CMSIS_V1, owner=FREERTOS
2024-05-04 22:18:16,692 [INFO] RtosManager:555 - Registered RTOS mode: class=RTOS, group=Core, mode=CMSIS_V2, owner=FREERTOS
2024-05-04 22:18:16,692 [WARN] ModelIntegratedComponent:184 - Missing modes for component STMicroelectronics:FreeRTOS:0.0.1:STMicroelectronics:RTOS:FreeRTOS:Core:::10.2.0:
2024-05-04 22:18:16,698 [WARN] ModelIntegratedComponent:63 - No mode defined for component null
2024-05-04 22:18:16,698 [WARN] ModelIntegratedComponent:63 - No mode defined for component null
2024-05-04 22:18:16,698 [WARN] ModelIntegratedComponent:63 - No mode defined for component null
2024-05-04 22:18:16,699 [WARN] ModelIntegratedComponent:63 - No mode defined for component null
2024-05-04 22:18:16,699 [WARN] ModelIntegratedComponent:63 - No mode defined for component null
2024-05-04 22:18:16,699 [WARN] ModelIntegratedComponent:63 - No mode defined for component null
2024-05-04 22:18:16,699 [WARN] ModelIntegratedComponent:63 - No mode defined for component null
2024-05-04 22:18:16,699 [WARN] ModelIntegratedComponent:63 - No mode defined for component null
2024-05-04 22:18:16,699 [WARN] ModelIntegratedComponent:63 - No mode defined for component null
2024-05-04 22:18:16,699 [WARN] ModelIntegratedComponent:63 - No mode defined for component null
2024-05-04 22:18:16,700 [WARN] ModelIntegratedComponent:63 - No mode defined for component null
2024-05-04 22:18:16,700 [WARN] ModelIntegratedComponent:63 - No mode defined for component null
2024-05-04 22:18:16,700 [WARN] ModelIntegratedComponent:63 - No mode defined for component null
2024-05-04 22:18:16,701 [WARN] ModelIntegratedComponent:63 - No mode defined for component null
2024-05-04 22:18:16,701 [WARN] ModelIntegratedComponent:63 - No mode defined for component null
2024-05-04 22:18:16,701 [WARN] ModelIntegratedComponent:63 - No mode defined for component null
2024-05-04 22:18:16,701 [WARN] ModelIntegratedComponent:63 - No mode defined for component null
2024-05-04 22:18:16,701 [WARN] ModelIntegratedComponent:63 - No mode defined for component null
2024-05-04 22:18:16,701 [WARN] ModelIntegratedComponent:63 - No mode defined for component null
2024-05-04 22:18:16,701 [WARN] ModelIntegratedComponent:63 - No mode defined for component null
2024-05-04 22:18:16,701 [WARN] ModelIntegratedComponent:63 - No mode defined for component null
2024-05-04 22:18:16,701 [WARN] ModelIntegratedComponent:63 - No mode defined for component null
2024-05-04 22:18:16,701 [WARN] ModelIntegratedComponent:63 - No mode defined for component null
2024-05-04 22:18:16,701 [WARN] ModelIntegratedComponent:63 - No mode defined for component null
2024-05-04 22:18:16,701 [WARN] ModelIntegratedComponent:63 - No mode defined for component null
2024-05-04 22:18:16,701 [WARN] ModelIntegratedComponent:63 - No mode defined for component null
2024-05-04 22:18:16,701 [WARN] ModelIntegratedComponent:63 - No mode defined for component null
2024-05-04 22:18:16,701 [WARN] ModelIntegratedComponent:63 - No mode defined for component null
2024-05-04 22:18:16,702 [WARN] ModelIntegratedComponent:63 - No mode defined for component null
2024-05-04 22:18:16,702 [WARN] ModelIntegratedComponent:63 - No mode defined for component null
2024-05-04 22:18:16,702 [WARN] ModelIntegratedComponent:63 - No mode defined for component null
2024-05-04 22:18:16,702 [WARN] ModelIntegratedComponent:63 - No mode defined for component null
2024-05-04 22:18:16,702 [WARN] ModelIntegratedComponent:63 - No mode defined for component null
2024-05-04 22:18:16,702 [WARN] ModelIntegratedComponent:63 - No mode defined for component null
2024-05-04 22:18:16,785 [INFO] ThirdPartyModel:298 - Start build external matchings
2024-05-04 22:18:17,109 [INFO] ThirdPartyModel:316 - End build external matchings
2024-05-04 22:18:17,307 [INFO] UtilMem:75 - End LoadConfig() Used Memory: 679888384 Bytes (961544192)
2024-05-04 22:18:17,331 [WARN] ThirdParty:833 - waiting for thirdparty lock release [change project]
2024-05-04 22:18:17,331 [INFO] ThirdParty:835 - entering critical section [change project]
2024-05-04 22:18:17,331 [INFO] ThirdParty:1030 - CMSIS Pack Vendor :STMicroelectronics USBPD 4.1
2024-05-04 22:18:17,332 [INFO] ThirdParty:1030 - CMSIS Pack Vendor :STMicroelectronics X-CUBE-GNSS1 6.0.0
2024-05-04 22:18:17,332 [INFO] ThirdParty:1030 - CMSIS Pack Vendor :STMicroelectronics USB_HOST 2.0.0
2024-05-04 22:18:17,332 [INFO] ThirdParty:1030 - CMSIS Pack Vendor :STMicroelectronics FP-SNS-MOTENVWB1 1.4.0
2024-05-04 22:18:17,332 [INFO] ThirdParty:1030 - CMSIS Pack Vendor :STMicroelectronics X-CUBE-AZRTOS-F4 1.1.0
2024-05-04 22:18:17,332 [INFO] ThirdParty:1030 - CMSIS Pack Vendor :STMicroelectronics LIBJPEG 8.0.0
2024-05-04 22:18:17,332 [INFO] ThirdParty:1030 - CMSIS Pack Vendor :STMicroelectronics X-CUBE-SMBUS 2.1.0
2024-05-04 22:18:17,332 [INFO] ThirdParty:1030 - CMSIS Pack Vendor :STMicroelectronics USB_DEVICE 3.0.0
2024-05-04 22:18:17,332 [INFO] ThirdParty:1030 - CMSIS Pack Vendor :STMicroelectronics X-CUBE-TCPP 4.1.0
2024-05-04 22:18:17,332 [INFO] ThirdParty:1030 - CMSIS Pack Vendor :STMicroelectronics X-CUBE-FREERTOS 1.2.0
2024-05-04 22:18:17,332 [INFO] ThirdParty:1030 - CMSIS Pack Vendor :STMicroelectronics X-CUBE-AZRTOS-WB 2.0.0
2024-05-04 22:18:17,332 [INFO] ThirdParty:1030 - CMSIS Pack Vendor :STMicroelectronics X-CUBE-TOUCHGFX 4.23.2
2024-05-04 22:18:17,333 [INFO] ThirdParty:1030 - CMSIS Pack Vendor :STMicroelectronics X-CUBE-AZRTOS-F7 1.1.0
2024-05-04 22:18:17,333 [INFO] ThirdParty:1030 - CMSIS Pack Vendor :STMicroelectronics X-CUBE-AZRTOS-L5 2.0.0
2024-05-04 22:18:17,333 [INFO] ThirdParty:1030 - CMSIS Pack Vendor :STMicroelectronics USB_DEVICE 2.0.0
2024-05-04 22:18:17,333 [INFO] ThirdParty:1030 - CMSIS Pack Vendor :STMicroelectronics X-CUBE-NFC6 3.1.0
2024-05-04 22:18:17,333 [INFO] ThirdParty:1030 - CMSIS Pack Vendor :STMicroelectronics X-CUBE-ALGOBUILD 1.3.0
2024-05-04 22:18:17,333 [INFO] ThirdParty:1030 - CMSIS Pack Vendor :STMicroelectronics FreeRTOS 0.0.1
2024-05-04 22:18:17,333 [INFO] ThirdParty:1030 - CMSIS Pack Vendor :STMicroelectronics X-CUBE-AZRTOS-G0 1.1.0
2024-05-04 22:18:17,333 [INFO] ThirdParty:1030 - CMSIS Pack Vendor :STMicroelectronics X-CUBE-SAFEA1 1.2.2
2024-05-04 22:18:17,333 [INFO] ThirdParty:1030 - CMSIS Pack Vendor :STMicroelectronics X-CUBE-NFC4 3.0.0
2024-05-04 22:18:17,333 [INFO] ThirdParty:1030 - CMSIS Pack Vendor :STMicroelectronics X-CUBE-SUBG2 5.0.0
2024-05-04 22:18:17,333 [INFO] ThirdParty:1030 - CMSIS Pack Vendor :STMicroelectronics STM32_WPAN 1.0.0
2024-05-04 22:18:17,333 [INFO] ThirdParty:1030 - CMSIS Pack Vendor :STMicroelectronics lwIP 2.0.3
2024-05-04 22:18:17,334 [INFO] ThirdParty:1030 - CMSIS Pack Vendor :STMicroelectronics FP-SNS-FLIGHT1 5.0.2
2024-05-04 22:18:17,334 [INFO] ThirdParty:1030 - CMSIS Pack Vendor :STMicroelectronics USB_HOST 1.0.0
2024-05-04 22:18:17,334 [INFO] ThirdParty:1030 - CMSIS Pack Vendor :STMicroelectronics X-CUBE-AI 9.0.0
2024-05-04 22:18:17,334 [INFO] ThirdParty:1030 - CMSIS Pack Vendor :STMicroelectronics X-CUBE-AZRTOS-G4 2.0.0
2024-05-04 22:18:17,334 [INFO] ThirdParty:1030 - CMSIS Pack Vendor :STMicroelectronics PDM2PCM 3.1.0
2024-05-04 22:18:17,334 [INFO] ThirdParty:1030 - CMSIS Pack Vendor :STMicroelectronics PDM2PCM 3.3.0
2024-05-04 22:18:17,334 [INFO] ThirdParty:1030 - CMSIS Pack Vendor :STMicroelectronics X-CUBE-DISPLAY 3.0.0
2024-05-04 22:18:17,334 [INFO] ThirdParty:1030 - CMSIS Pack Vendor :wolfSSL I-CUBE-wolfSSL 5.7.0
2024-05-04 22:18:17,334 [INFO] ThirdParty:1030 - CMSIS Pack Vendor :STMicroelectronics X-CUBE-BLE1 7.0.0
2024-05-04 22:18:17,334 [INFO] ThirdParty:1030 - CMSIS Pack Vendor :STMicroelectronics FP-ATR-SIGFOX1 3.2.0
2024-05-04 22:18:17,334 [INFO] ThirdParty:1030 - CMSIS Pack Vendor :STMicroelectronics X-CUBE-ISPU 2.0.0
2024-05-04 22:18:17,334 [INFO] ThirdParty:1030 - CMSIS Pack Vendor :STMicroelectronics X-CUBE-EEPRMA1 5.1.0
2024-05-04 22:18:17,334 [INFO] ThirdParty:1030 - CMSIS Pack Vendor :STMicroelectronics HAL Drivers 0.0.0
2024-05-04 22:18:17,334 [INFO] ThirdParty:1030 - CMSIS Pack Vendor :STMicroelectronics MBEDTLS 2.16.2
2024-05-04 22:18:17,334 [INFO] ThirdParty:1030 - CMSIS Pack Vendor :emotas I-CUBE-CANOPEN 1.3.0
2024-05-04 22:18:17,335 [INFO] ThirdParty:1030 - CMSIS Pack Vendor :STMicroelectronics X-CUBE-MEMS1 10.0.0
2024-05-04 22:18:17,335 [INFO] ThirdParty:1030 - CMSIS Pack Vendor :STMicroelectronics X-CUBE-FREERTOS 1.1.0
2024-05-04 22:18:17,335 [INFO] ThirdParty:1030 - CMSIS Pack Vendor :STMicroelectronics X-CUBE-NFC7 1.0.1
2024-05-04 22:18:17,335 [INFO] ThirdParty:1030 - CMSIS Pack Vendor :STMicroelectronics MBEDTLS 2.14.1
2024-05-04 22:18:17,335 [INFO] ThirdParty:1030 - CMSIS Pack Vendor :ITTIA_DB I-CUBE-ITTIADB 8.9.0
2024-05-04 22:18:17,335 [INFO] ThirdParty:1030 - CMSIS Pack Vendor :portGmbH I-Cube-SoM-uGOAL 1.1.0
2024-05-04 22:18:17,335 [INFO] ThirdParty:1030 - CMSIS Pack Vendor :STMicroelectronics X-CUBE-ALS 1.0.1
2024-05-04 22:18:17,335 [INFO] ThirdParty:1030 - CMSIS Pack Vendor :STMicroelectronics X-CUBE-BLEMGR 3.1.0
2024-05-04 22:18:17,336 [INFO] ThirdParty:1030 - CMSIS Pack Vendor :STMicroelectronics ThreadX 1.0.0
2024-05-04 22:18:17,336 [INFO] ThirdParty:1030 - CMSIS Pack Vendor :STMicroelectronics FP-SNS-SMARTAG2 1.2.0
2024-05-04 22:18:17,336 [INFO] ThirdParty:1030 - CMSIS Pack Vendor :STMicroelectronics X-CUBE-AZRTOS-WL 2.0.0
2024-05-04 22:18:17,336 [INFO] ThirdParty:1030 - CMSIS Pack Vendor :SEGGER I-CUBE-embOS 1.3.1
2024-05-04 22:18:17,336 [INFO] ThirdParty:1030 - CMSIS Pack Vendor :STMicroelectronics FP-SNS-MOTENV1 5.0.0
2024-05-04 22:18:17,336 [INFO] ThirdParty:1030 - CMSIS Pack Vendor :STMicroelectronics USB_DEVICE 1.0.0
2024-05-04 22:18:17,336 [INFO] ThirdParty:1030 - CMSIS Pack Vendor :STMicroelectronics X-CUBE-AZRTOS-H7RS 1.0.0
2024-05-04 22:18:17,336 [INFO] ThirdParty:1030 - CMSIS Pack Vendor :STMicroelectronics X-CUBE-AZRTOS-L4 2.0.0
2024-05-04 22:18:17,336 [INFO] ThirdParty:1030 - CMSIS Pack Vendor :STMicroelectronics ThreadX 0.0.2
2024-05-04 22:18:17,336 [INFO] ThirdParty:1030 - CMSIS Pack Vendor :WES I-CUBE-Cesium 1.3.0
2024-05-04 22:18:17,336 [INFO] ThirdParty:1030 - CMSIS Pack Vendor :STMicroelectronics FP-ATR-ASTRA1 2.0.0
2024-05-04 22:18:17,336 [INFO] ThirdParty:1030 - CMSIS Pack Vendor :STMicroelectronics lwIP 2.1.2
2024-05-04 22:18:17,336 [INFO] ThirdParty:1030 - CMSIS Pack Vendor :STMicroelectronics X-CUBE-SFXS2LP1 4.0.0
2024-05-04 22:18:17,336 [INFO] ThirdParty:1030 - CMSIS Pack Vendor :STMicroelectronics X-CUBE-BLE2 3.3.0
2024-05-04 22:18:17,337 [INFO] ThirdParty:1030 - CMSIS Pack Vendor :STMicroelectronics X-CUBE-TOF1 3.4.1
2024-05-04 22:18:17,337 [INFO] ThirdParty:1030 - CMSIS Pack Vendor :STMicroelectronics X-CUBE-AZRTOS-H7 3.2.0
2024-05-04 22:18:17,337 [INFO] ThirdParty:1030 - CMSIS Pack Vendor :Infineon AIROC-Wi-Fi-Bluetooth-STM32 1.6.0
2024-05-04 22:18:17,337 [INFO] ThirdParty:1030 - CMSIS Pack Vendor :STMicroelectronics PDM2PCM 3.2.0
2024-05-04 22:18:17,337 [INFO] ThirdParty:841 - exiting critical section [change project]
2024-05-04 22:18:17,516 [INFO] PinOutPanel:1561 - setPackage(No Configuration,No Configuration)
2024-05-04 22:18:17,516 [INFO] PinOutPanel:1561 - setPackage(STM32F103C8Tx,LQFP48)
2024-05-04 22:18:17,864 [INFO] UtilMem:75 - Before build in PCC Used Memory: 312582640 Bytes (961544192)
2024-05-04 22:18:18,310 [INFO] UtilMem:75 - After build in PCC Used Memory: 355052016 Bytes (961544192)
2024-05-04 22:18:18,340 [INFO] IPUIPlugin:80 - create IPUIPlugin
2024-05-04 22:18:18,341 [INFO] IPUIPlugin:80 - create IPUIPlugin
2024-05-04 22:18:18,341 [INFO] IPUIPlugin:80 - create IPUIPlugin
2024-05-04 22:18:18,341 [INFO] IPUIPlugin:80 - create IPUIPlugin
2024-05-04 22:18:18,341 [INFO] IPUIPlugin:80 - create IPUIPlugin
2024-05-04 22:18:18,341 [INFO] IPUIPlugin:80 - create IPUIPlugin
2024-05-04 22:18:18,341 [INFO] IPUIPlugin:80 - create IPUIPlugin
2024-05-04 22:18:18,342 [INFO] IPUIPlugin:80 - create IPUIPlugin
2024-05-04 22:18:18,342 [INFO] IPUIPlugin:80 - create IPUIPlugin
2024-05-04 22:18:18,342 [INFO] IPUIPlugin:80 - create IPUIPlugin
2024-05-04 22:18:18,342 [INFO] IPUIPlugin:80 - create IPUIPlugin
2024-05-04 22:18:18,342 [INFO] IPUIPlugin:80 - create IPUIPlugin
2024-05-04 22:18:18,342 [INFO] IPUIPlugin:80 - create IPUIPlugin
2024-05-04 22:18:18,342 [INFO] IPUIPlugin:80 - create IPUIPlugin
2024-05-04 22:18:18,343 [INFO] IPUIPlugin:80 - create IPUIPlugin
2024-05-04 22:18:18,343 [INFO] IPUIPlugin:80 - create IPUIPlugin
2024-05-04 22:18:18,343 [INFO] IPUIPlugin:80 - create IPUIPlugin
2024-05-04 22:18:18,343 [INFO] IPUIPlugin:80 - create IPUIPlugin
2024-05-04 22:18:18,343 [INFO] IPUIPlugin:80 - create IPUIPlugin
2024-05-04 22:18:18,344 [INFO] IPUIPlugin:80 - create IPUIPlugin
2024-05-04 22:18:18,344 [INFO] IPUIPlugin:80 - create IPUIPlugin
2024-05-04 22:18:18,344 [INFO] IPUIPlugin:80 - create IPUIPlugin
2024-05-04 22:18:18,344 [INFO] IPUIPlugin:80 - create IPUIPlugin
2024-05-04 22:18:18,345 [INFO] IPUIPlugin:80 - create IPUIPlugin
2024-05-04 22:18:18,346 [INFO] IPUIPlugin:80 - create IPUIPlugin
2024-05-04 22:18:18,347 [INFO] IPUIPlugin:80 - create IPUIPlugin
2024-05-04 22:18:18,347 [INFO] IPUIPlugin:80 - create IPUIPlugin
2024-05-04 22:18:18,381 [INFO] CADModel:165 - CPN selected for project levelSTM32F103C8T6
2024-05-04 22:18:18,381 [INFO] CADModel:114 - Register for checkConnection events
2024-05-04 22:18:18,435 [INFO] OpenFileManager:343 - Restore cursor
2024-05-04 22:18:18,714 [INFO] UtilMem:75 - End SaveConfig() Used Memory: 408532080 Bytes (961544192)
2024-05-04 22:18:18,776 [INFO] UtilMem:75 - End SaveConfig() Used Memory: 420585968 Bytes (961544192)
2024-05-04 22:18:18,903 [INFO] BlockDiagram:2759 - set Specific Code input for plugin: NVIC
2024-05-04 22:18:18,904 [INFO] BlockDiagram:2759 - set Specific Code input for plugin: RCC
2024-05-04 22:18:18,905 [INFO] CodeGenerator:807 - code generatio: config db path: C:\ST\STM32CubeIDE_1.15.0\STM32CubeIDE\plugins\com.st.stm32cube.common.mx_6.11.1.202404110753\\db\
2024-05-04 22:18:18,996 [INFO] CodeEngine:255 - oldGeneratedFile, C:\Work\Stm32\RX_c8_2\MXTmpFiles\license.tmp_save
2024-05-04 22:18:19,121 [INFO] CodeEngine:279 - Generated code: C:\Work\Stm32\RX_c8_2\MXTmpFiles\license.tmp
2024-05-04 22:18:19,137 [INFO] CodeEngine:255 - oldGeneratedFile, C:\Work\Stm32\RX_c8_2\Core\Src\stm32f1xx_it.c_save
2024-05-04 22:18:19,257 [INFO] CodeEngine:279 - Generated code: C:\Work\Stm32\RX_c8_2\Core\Src\stm32f1xx_it.c
2024-05-04 22:18:19,264 [INFO] CodeEngine:255 - oldGeneratedFile, C:\Work\Stm32\RX_c8_2\Core\Inc\stm32f1xx_it.h_save
2024-05-04 22:18:19,342 [INFO] CodeEngine:279 - Generated code: C:\Work\Stm32\RX_c8_2\Core\Inc\stm32f1xx_it.h
2024-05-04 22:18:19,385 [INFO] CodeEngine:255 - oldGeneratedFile, C:\Work\Stm32\RX_c8_2\Core\Src\stm32f1xx_hal_msp.c_save
2024-05-04 22:18:19,523 [INFO] CodeEngine:279 - Generated code: C:\Work\Stm32\RX_c8_2\Core\Src\stm32f1xx_hal_msp.c
2024-05-04 22:18:19,530 [INFO] CodeEngine:255 - oldGeneratedFile, C:\Work\Stm32\RX_c8_2\MXTmpFiles\system.tmp_save
2024-05-04 22:18:19,610 [INFO] CodeEngine:279 - Generated code: C:\Work\Stm32\RX_c8_2\MXTmpFiles\system.tmp
2024-05-04 22:18:19,622 [INFO] CodeEngine:311 - oldGeneratedFile, C:\Work\Stm32\RX_c8_2\Core\Inc\stm32f1xx_hal_conf.h_save
2024-05-04 22:18:19,749 [INFO] CodeEngine:335 - Generated code: C:\Work\Stm32\RX_c8_2\Core\Inc\stm32f1xx_hal_conf.h
2024-05-04 22:18:19,786 [INFO] CodeEngine:255 - oldGeneratedFile, C:\Work\Stm32\RX_c8_2\Core\Inc\main.h_save
2024-05-04 22:18:19,896 [INFO] CodeEngine:279 - Generated code: C:\Work\Stm32\RX_c8_2\Core\Inc\main.h
2024-05-04 22:18:19,903 [INFO] CodeEngine:255 - oldGeneratedFile, C:\Work\Stm32\RX_c8_2\Core\Src\main.c_save
2024-05-04 22:18:20,045 [INFO] CodeEngine:279 - Generated code: C:\Work\Stm32\RX_c8_2\Core\Src\main.c
2024-05-04 22:18:20,392 [INFO] ProjectBuilder:3163 - Time for Copy HAL[1] : 173mS.
2024-05-04 22:18:20,397 [INFO] ProjectBuilder:4736 - Project Generator version: 4.3.0-B58
2024-05-04 22:18:20,480 [INFO] ConfigFileManager:1503 - The Die is : DIE410
2024-05-04 22:18:20,494 [INFO] ApiDbMcu:508 - Load IP Config File for FATFS
2024-05-04 22:18:20,511 [INFO] ApiDbMcu:508 - Load IP Config File for FREERTOS
2024-05-04 22:18:20,531 [INFO] ApiDbMcu:508 - Load IP Config File for USB_DEVICE
2024-05-04 22:18:23,843 [INFO] ProjectBuilder:5002 - Time for Generating toolchain IDE Files: 3446mS.
2024-05-04 22:18:23,844 [INFO] ProjectBuilder:3034 - Time for Copy CMSIS : 0mS.
2024-05-04 22:18:23,849 [INFO] ProjectBuilder:3034 - Time for Copy CMSIS : 0mS.
2024-05-04 22:18:24,917 [INFO] McuFinderGlobals:76 - Set McuFinderConnectedMode to true
2024-05-04 22:18:24,927 [INFO] ApiDb:448 - Save user favorites file C:\Users\Yaroslav Ludchak/.stm32cubeide/favorites.mcus.txt: 0 item(s)
2024-05-04 22:18:24,927 [INFO] ApiDb:452 - User favorites MCUs=[]
2024-05-04 22:25:02,144 [INFO] UtilMem:75 - End SaveConfig() Used Memory: 710477056 Bytes (972029952)
2024-05-04 22:25:03,426 [INFO] UtilMem:75 - End SaveConfig() Used Memory: 727091928 Bytes (972029952)
2024-05-04 22:25:11,614 [INFO] UtilMem:75 - End SaveConfig() Used Memory: 842437136 Bytes (972029952)
2024-05-04 22:25:11,771 [INFO] BlockDiagram:2759 - set Specific Code input for plugin: SPI
2024-05-04 22:25:11,771 [INFO] BlockDiagram:2759 - set Specific Code input for plugin: NVIC
2024-05-04 22:25:11,771 [INFO] BlockDiagram:2759 - set Specific Code input for plugin: USART
2024-05-04 22:25:11,771 [INFO] BlockDiagram:2759 - set Specific Code input for plugin: SYS
2024-05-04 22:25:11,771 [INFO] BlockDiagram:2759 - set Specific Code input for plugin: GPIO
2024-05-04 22:25:11,771 [INFO] BlockDiagram:2759 - set Specific Code input for plugin: RCC
2024-05-04 22:25:11,773 [INFO] CodeGenerator:807 - code generatio: config db path: C:\ST\STM32CubeIDE_1.15.0\STM32CubeIDE\plugins\com.st.stm32cube.common.mx_6.11.1.202404110753\\db\
2024-05-04 22:25:11,888 [INFO] CodeEngine:255 - oldGeneratedFile, C:\Work\Stm32\RX_c8_2\MXTmpFiles\license.tmp_save
2024-05-04 22:25:12,051 [INFO] CodeEngine:279 - Generated code: C:\Work\Stm32\RX_c8_2\MXTmpFiles\license.tmp
2024-05-04 22:25:12,104 [INFO] CodeEngine:255 - oldGeneratedFile, C:\Work\Stm32\RX_c8_2\MXTmpFiles\gpio.tmp_save
2024-05-04 22:25:12,223 [INFO] CodeEngine:279 - Generated code: C:\Work\Stm32\RX_c8_2\MXTmpFiles\gpio.tmp
2024-05-04 22:25:12,306 [INFO] CodeEngine:255 - oldGeneratedFile, C:\Work\Stm32\RX_c8_2\Core\Src\stm32f1xx_it.c_save
2024-05-04 22:25:12,404 [INFO] CodeEngine:279 - Generated code: C:\Work\Stm32\RX_c8_2\Core\Src\stm32f1xx_it.c
2024-05-04 22:25:12,412 [INFO] CodeEngine:255 - oldGeneratedFile, C:\Work\Stm32\RX_c8_2\Core\Inc\stm32f1xx_it.h_save
2024-05-04 22:25:12,499 [INFO] CodeEngine:279 - Generated code: C:\Work\Stm32\RX_c8_2\Core\Inc\stm32f1xx_it.h
2024-05-04 22:25:12,528 [INFO] CodeEngine:255 - oldGeneratedFile, C:\Work\Stm32\RX_c8_2\Core\Src\stm32f1xx_hal_msp.c_save
2024-05-04 22:25:12,664 [INFO] CodeEngine:279 - Generated code: C:\Work\Stm32\RX_c8_2\Core\Src\stm32f1xx_hal_msp.c
2024-05-04 22:25:12,670 [INFO] CodeEngine:255 - oldGeneratedFile, C:\Work\Stm32\RX_c8_2\MXTmpFiles\system.tmp_save
2024-05-04 22:25:12,753 [INFO] CodeEngine:279 - Generated code: C:\Work\Stm32\RX_c8_2\MXTmpFiles\system.tmp
2024-05-04 22:25:12,780 [INFO] CodeEngine:311 - oldGeneratedFile, C:\Work\Stm32\RX_c8_2\Core\Inc\stm32f1xx_hal_conf.h_save
2024-05-04 22:25:12,908 [INFO] CodeEngine:335 - Generated code: C:\Work\Stm32\RX_c8_2\Core\Inc\stm32f1xx_hal_conf.h
2024-05-04 22:25:12,968 [INFO] CodeEngine:255 - oldGeneratedFile, C:\Work\Stm32\RX_c8_2\Core\Inc\main.h_save
2024-05-04 22:25:13,067 [INFO] CodeEngine:279 - Generated code: C:\Work\Stm32\RX_c8_2\Core\Inc\main.h
2024-05-04 22:25:13,088 [INFO] CodeEngine:255 - oldGeneratedFile, C:\Work\Stm32\RX_c8_2\Core\Src\main.c_save
2024-05-04 22:25:13,236 [INFO] CodeEngine:279 - Generated code: C:\Work\Stm32\RX_c8_2\Core\Src\main.c
2024-05-04 22:25:13,625 [INFO] ProjectBuilder:3163 - Time for Copy HAL[1] : 218mS.
2024-05-04 22:25:13,629 [INFO] ProjectBuilder:4736 - Project Generator version: 4.3.0-B58
2024-05-04 22:25:13,709 [INFO] ConfigFileManager:1503 - The Die is : DIE410
2024-05-04 22:25:14,736 [INFO] ProjectBuilder:5002 - Time for Generating toolchain IDE Files: 1107mS.
2024-05-04 22:25:14,738 [INFO] ProjectBuilder:3034 - Time for Copy CMSIS : 1mS.
2024-05-04 22:25:14,744 [INFO] ProjectBuilder:3034 - Time for Copy CMSIS : 0mS.
2024-05-04 22:28:53,045 [INFO] UtilMem:75 - End SaveConfig() Used Memory: 427285352 Bytes (972029952)
2024-05-04 22:28:54,163 [INFO] UtilMem:75 - End SaveConfig() Used Memory: 443500880 Bytes (972029952)
2024-05-04 22:28:57,608 [INFO] UtilMem:75 - End SaveConfig() Used Memory: 523192656 Bytes (972029952)
2024-05-04 22:28:57,743 [INFO] BlockDiagram:2759 - set Specific Code input for plugin: SPI
2024-05-04 22:28:57,743 [INFO] BlockDiagram:2759 - set Specific Code input for plugin: NVIC
2024-05-04 22:28:57,743 [INFO] BlockDiagram:2759 - set Specific Code input for plugin: USART
2024-05-04 22:28:57,744 [INFO] BlockDiagram:2759 - set Specific Code input for plugin: SYS
2024-05-04 22:28:57,744 [INFO] BlockDiagram:2759 - set Specific Code input for plugin: GPIO
2024-05-04 22:28:57,745 [INFO] BlockDiagram:2759 - set Specific Code input for plugin: RCC
2024-05-04 22:28:57,747 [INFO] CodeGenerator:807 - code generatio: config db path: C:\ST\STM32CubeIDE_1.15.0\STM32CubeIDE\plugins\com.st.stm32cube.common.mx_6.11.1.202404110753\\db\
2024-05-04 22:28:57,851 [INFO] CodeEngine:255 - oldGeneratedFile, C:\Work\Stm32\RX_c8_2\MXTmpFiles\license.tmp_save
2024-05-04 22:28:57,982 [INFO] CodeEngine:279 - Generated code: C:\Work\Stm32\RX_c8_2\MXTmpFiles\license.tmp
2024-05-04 22:28:58,011 [INFO] CodeEngine:255 - oldGeneratedFile, C:\Work\Stm32\RX_c8_2\MXTmpFiles\gpio.tmp_save
2024-05-04 22:28:58,138 [INFO] CodeEngine:279 - Generated code: C:\Work\Stm32\RX_c8_2\MXTmpFiles\gpio.tmp
2024-05-04 22:28:58,219 [INFO] CodeEngine:255 - oldGeneratedFile, C:\Work\Stm32\RX_c8_2\Core\Src\stm32f1xx_it.c_save
2024-05-04 22:28:58,329 [INFO] CodeEngine:279 - Generated code: C:\Work\Stm32\RX_c8_2\Core\Src\stm32f1xx_it.c
2024-05-04 22:28:58,336 [INFO] CodeEngine:255 - oldGeneratedFile, C:\Work\Stm32\RX_c8_2\Core\Inc\stm32f1xx_it.h_save
2024-05-04 22:28:58,417 [INFO] CodeEngine:279 - Generated code: C:\Work\Stm32\RX_c8_2\Core\Inc\stm32f1xx_it.h
2024-05-04 22:28:58,443 [INFO] CodeEngine:255 - oldGeneratedFile, C:\Work\Stm32\RX_c8_2\Core\Src\stm32f1xx_hal_msp.c_save
2024-05-04 22:28:58,555 [INFO] CodeEngine:279 - Generated code: C:\Work\Stm32\RX_c8_2\Core\Src\stm32f1xx_hal_msp.c
2024-05-04 22:28:58,560 [INFO] CodeEngine:255 - oldGeneratedFile, C:\Work\Stm32\RX_c8_2\MXTmpFiles\system.tmp_save
2024-05-04 22:28:58,632 [INFO] CodeEngine:279 - Generated code: C:\Work\Stm32\RX_c8_2\MXTmpFiles\system.tmp
2024-05-04 22:28:58,653 [INFO] CodeEngine:311 - oldGeneratedFile, C:\Work\Stm32\RX_c8_2\Core\Inc\stm32f1xx_hal_conf.h_save
2024-05-04 22:28:58,779 [INFO] CodeEngine:335 - Generated code: C:\Work\Stm32\RX_c8_2\Core\Inc\stm32f1xx_hal_conf.h
2024-05-04 22:28:58,831 [INFO] CodeEngine:255 - oldGeneratedFile, C:\Work\Stm32\RX_c8_2\Core\Inc\main.h_save
2024-05-04 22:28:58,931 [INFO] CodeEngine:279 - Generated code: C:\Work\Stm32\RX_c8_2\Core\Inc\main.h
2024-05-04 22:28:58,949 [INFO] CodeEngine:255 - oldGeneratedFile, C:\Work\Stm32\RX_c8_2\Core\Src\main.c_save
2024-05-04 22:28:59,108 [INFO] CodeEngine:279 - Generated code: C:\Work\Stm32\RX_c8_2\Core\Src\main.c
2024-05-04 22:28:59,516 [INFO] ProjectBuilder:3163 - Time for Copy HAL[1] : 220mS.
2024-05-04 22:28:59,520 [INFO] ProjectBuilder:4736 - Project Generator version: 4.3.0-B58
2024-05-04 22:28:59,610 [INFO] ConfigFileManager:1503 - The Die is : DIE410
2024-05-04 22:29:00,471 [INFO] ProjectBuilder:5002 - Time for Generating toolchain IDE Files: 950mS.
2024-05-04 22:29:00,472 [INFO] ProjectBuilder:3034 - Time for Copy CMSIS : 1mS.
2024-05-04 22:29:00,477 [INFO] ProjectBuilder:3034 - Time for Copy CMSIS : 0mS.
2024-05-04 22:34:03,383 [INFO] UtilMem:75 - End SaveConfig() Used Memory: 341298552 Bytes (972029952)
2024-05-04 22:34:04,884 [INFO] UtilMem:75 - End SaveConfig() Used Memory: 356987496 Bytes (972029952)
2024-05-04 22:34:05,584 [INFO] UtilMem:75 - End SaveConfig() Used Memory: 389260976 Bytes (972029952)
2024-05-04 22:34:05,715 [INFO] BlockDiagram:2759 - set Specific Code input for plugin: SPI
2024-05-04 22:34:05,715 [INFO] BlockDiagram:2759 - set Specific Code input for plugin: NVIC
2024-05-04 22:34:05,715 [INFO] BlockDiagram:2759 - set Specific Code input for plugin: USART
2024-05-04 22:34:05,715 [INFO] BlockDiagram:2759 - set Specific Code input for plugin: SYS
2024-05-04 22:34:05,715 [INFO] BlockDiagram:2759 - set Specific Code input for plugin: GPIO
2024-05-04 22:34:05,715 [INFO] BlockDiagram:2759 - set Specific Code input for plugin: RCC
2024-05-04 22:34:05,717 [INFO] CodeGenerator:807 - code generatio: config db path: C:\ST\STM32CubeIDE_1.15.0\STM32CubeIDE\plugins\com.st.stm32cube.common.mx_6.11.1.202404110753\\db\
2024-05-04 22:34:05,805 [INFO] CodeEngine:255 - oldGeneratedFile, C:\Work\Stm32\RX_c8_2\MXTmpFiles\license.tmp_save
2024-05-04 22:34:05,935 [INFO] CodeEngine:279 - Generated code: C:\Work\Stm32\RX_c8_2\MXTmpFiles\license.tmp
2024-05-04 22:34:05,965 [INFO] CodeEngine:255 - oldGeneratedFile, C:\Work\Stm32\RX_c8_2\MXTmpFiles\gpio.tmp_save
2024-05-04 22:34:06,079 [INFO] CodeEngine:279 - Generated code: C:\Work\Stm32\RX_c8_2\MXTmpFiles\gpio.tmp
2024-05-04 22:34:06,175 [INFO] CodeEngine:255 - oldGeneratedFile, C:\Work\Stm32\RX_c8_2\Core\Src\stm32f1xx_it.c_save
2024-05-04 22:34:06,290 [INFO] CodeEngine:279 - Generated code: C:\Work\Stm32\RX_c8_2\Core\Src\stm32f1xx_it.c
2024-05-04 22:34:06,299 [INFO] CodeEngine:255 - oldGeneratedFile, C:\Work\Stm32\RX_c8_2\Core\Inc\stm32f1xx_it.h_save
2024-05-04 22:34:06,379 [INFO] CodeEngine:279 - Generated code: C:\Work\Stm32\RX_c8_2\Core\Inc\stm32f1xx_it.h
2024-05-04 22:34:06,407 [INFO] CodeEngine:255 - oldGeneratedFile, C:\Work\Stm32\RX_c8_2\Core\Src\stm32f1xx_hal_msp.c_save
2024-05-04 22:34:06,527 [INFO] CodeEngine:279 - Generated code: C:\Work\Stm32\RX_c8_2\Core\Src\stm32f1xx_hal_msp.c
2024-05-04 22:34:06,535 [INFO] CodeEngine:255 - oldGeneratedFile, C:\Work\Stm32\RX_c8_2\MXTmpFiles\system.tmp_save
2024-05-04 22:34:06,615 [INFO] CodeEngine:279 - Generated code: C:\Work\Stm32\RX_c8_2\MXTmpFiles\system.tmp
2024-05-04 22:34:06,641 [INFO] CodeEngine:311 - oldGeneratedFile, C:\Work\Stm32\RX_c8_2\Core\Inc\stm32f1xx_hal_conf.h_save
2024-05-04 22:34:06,755 [INFO] CodeEngine:335 - Generated code: C:\Work\Stm32\RX_c8_2\Core\Inc\stm32f1xx_hal_conf.h
2024-05-04 22:34:06,810 [INFO] CodeEngine:255 - oldGeneratedFile, C:\Work\Stm32\RX_c8_2\Core\Inc\main.h_save
2024-05-04 22:34:06,916 [INFO] CodeEngine:279 - Generated code: C:\Work\Stm32\RX_c8_2\Core\Inc\main.h
2024-05-04 22:34:06,933 [INFO] CodeEngine:255 - oldGeneratedFile, C:\Work\Stm32\RX_c8_2\Core\Src\main.c_save
2024-05-04 22:34:07,087 [INFO] CodeEngine:279 - Generated code: C:\Work\Stm32\RX_c8_2\Core\Src\main.c
2024-05-04 22:34:07,499 [INFO] ProjectBuilder:3163 - Time for Copy HAL[1] : 211mS.
2024-05-04 22:34:07,505 [INFO] ProjectBuilder:4736 - Project Generator version: 4.3.0-B58
2024-05-04 22:34:07,587 [INFO] ConfigFileManager:1503 - The Die is : DIE410
2024-05-04 22:34:08,576 [INFO] ProjectBuilder:5002 - Time for Generating toolchain IDE Files: 1069mS.
2024-05-04 22:34:08,578 [INFO] ProjectBuilder:3034 - Time for Copy CMSIS : 1mS.
2024-05-04 22:34:08,584 [INFO] ProjectBuilder:3034 - Time for Copy CMSIS : 0mS.
