2024-06-04 19:53:17,299 [ERROR] RtosPanel:558 - Can not restore the selected Tab for FREERTOS(A reason can be that the tab is no more available.)
2024-06-04 19:53:18,974 [INFO] TasksAndQueuesTab:757 - Dynamic
2024-06-04 19:53:18,974 [WARN] TasksAndQueuesTab:763 - 128 128
2024-06-04 19:53:18,975 [WARN] TasksAndQueuesTab:775 - max value is: 768.0
2024-06-04 19:53:18,975 [INFO] TasksAndQueuesTab:757 - Dynamic
2024-06-04 19:53:18,975 [WARN] TasksAndQueuesTab:763 - 128 128
2024-06-04 19:53:18,975 [WARN] TasksAndQueuesTab:775 - max value is: 768.0
2024-06-04 19:53:18,975 [INFO] TasksAndQueuesTab:757 - Dynamic
2024-06-04 19:53:18,975 [WARN] TasksAndQueuesTab:763 - 128 128
2024-06-04 19:53:18,975 [WARN] TasksAndQueuesTab:775 - max value is: 768.0
2024-06-04 19:53:53,731 [INFO] EditThreadDialog:704 - RAM SIZE (in KB): 20
2024-06-04 19:53:53,731 [INFO] EditThreadDialog:706 - RAM SIZE (in words): 5120
2024-06-04 19:54:05,036 [INFO] EditThreadDialog:704 - RAM SIZE (in KB): 20
2024-06-04 19:54:05,037 [INFO] EditThreadDialog:706 - RAM SIZE (in words): 5120
2024-06-04 19:55:16,825 [INFO] TasksAndQueuesTab:757 - Dynamic
2024-06-04 19:55:16,826 [WARN] TasksAndQueuesTab:763 - 128 128
2024-06-04 19:55:16,826 [WARN] TasksAndQueuesTab:775 - max value is: 768.0
2024-06-04 19:55:16,826 [INFO] TasksAndQueuesTab:757 - Dynamic
2024-06-04 19:55:16,826 [WARN] TasksAndQueuesTab:763 - 128 128
2024-06-04 19:55:16,826 [WARN] TasksAndQueuesTab:775 - max value is: 768.0
2024-06-04 19:55:16,826 [INFO] TasksAndQueuesTab:757 - Dynamic
2024-06-04 19:55:16,826 [WARN] TasksAndQueuesTab:763 - 128 128
2024-06-04 19:55:16,826 [WARN] TasksAndQueuesTab:775 - max value is: 768.0
2024-06-04 19:55:16,826 [INFO] TasksAndQueuesTab:757 - Dynamic
2024-06-04 19:55:16,826 [WARN] TasksAndQueuesTab:763 - 128 128
2024-06-04 19:55:16,826 [WARN] TasksAndQueuesTab:775 - max value is: 768.0
2024-06-04 19:55:27,874 [INFO] UtilMem:75 - End SaveConfig() Used Memory: 675259056 Bytes (783286272)
2024-06-04 19:55:29,019 [INFO] UtilMem:75 - End SaveConfig() Used Memory: 262284440 Bytes (783286272)
2024-06-04 19:55:30,091 [INFO] UtilMem:75 - End SaveConfig() Used Memory: 284658776 Bytes (783286272)
2024-06-04 19:55:37,826 [INFO] BlockDiagram:2759 - set Specific Code input for plugin: SPI
2024-06-04 19:55:37,826 [INFO] BlockDiagram:2759 - set Specific Code input for plugin: NVIC
2024-06-04 19:55:37,826 [INFO] BlockDiagram:2759 - set Specific Code input for plugin: FREERTOS
2024-06-04 19:55:37,827 [INFO] BlockDiagram:2759 - set Specific Code input for plugin: USART
2024-06-04 19:55:37,827 [INFO] BlockDiagram:2759 - set Specific Code input for plugin: SYS
2024-06-04 19:55:37,827 [INFO] BlockDiagram:2759 - set Specific Code input for plugin: GPIO
2024-06-04 19:55:37,827 [INFO] BlockDiagram:2759 - set Specific Code input for plugin: RCC
2024-06-04 19:55:37,830 [INFO] CodeGenerator:807 - code generatio: config db path: C:\ST\STM32CubeIDE_1.15.0\STM32CubeIDE\plugins\com.st.stm32cube.common.mx_6.11.1.202404110753\\db\
2024-06-04 19:55:38,131 [INFO] CodeEngine:255 - oldGeneratedFile, C:\Work\Stm32\RX_c8\MXTmpFiles\license.tmp_save
2024-06-04 19:55:38,631 [INFO] CodeEngine:279 - Generated code: C:\Work\Stm32\RX_c8\MXTmpFiles\license.tmp
2024-06-04 19:55:38,806 [INFO] CodeEngine:255 - oldGeneratedFile, C:\Work\Stm32\RX_c8\MXTmpFiles\gpio.tmp_save
2024-06-04 19:55:39,018 [INFO] CodeEngine:279 - Generated code: C:\Work\Stm32\RX_c8\MXTmpFiles\gpio.tmp
2024-06-04 19:55:39,267 [INFO] Middleware:1439 - No code input for Bsp Dependency
2024-06-04 19:55:39,291 [INFO] CodeEngine:255 - oldGeneratedFile, C:\Work\Stm32\RX_c8\MXTmpFiles\rtos_inc.tmp_save
2024-06-04 19:55:39,441 [INFO] CodeEngine:279 - Generated code: C:\Work\Stm32\RX_c8\MXTmpFiles\rtos_inc.tmp
2024-06-04 19:55:39,457 [INFO] CodeEngine:255 - oldGeneratedFile, C:\Work\Stm32\RX_c8\MXTmpFiles\rtos_kernelInit.tmp_save
2024-06-04 19:55:39,586 [INFO] CodeEngine:279 - Generated code: C:\Work\Stm32\RX_c8\MXTmpFiles\rtos_kernelInit.tmp
2024-06-04 19:55:39,602 [INFO] CodeEngine:255 - oldGeneratedFile, C:\Work\Stm32\RX_c8\MXTmpFiles\rtos_kernelStart.tmp_save
2024-06-04 19:55:39,726 [INFO] CodeEngine:279 - Generated code: C:\Work\Stm32\RX_c8\MXTmpFiles\rtos_kernelStart.tmp
2024-06-04 19:55:39,746 [INFO] CodeEngine:255 - oldGeneratedFile, C:\Work\Stm32\RX_c8\MXTmpFiles\rtos_typedefs.tmp_save
2024-06-04 19:55:39,855 [INFO] CodeEngine:279 - Generated code: C:\Work\Stm32\RX_c8\MXTmpFiles\rtos_typedefs.tmp
2024-06-04 19:55:39,874 [INFO] CodeEngine:255 - oldGeneratedFile, C:\Work\Stm32\RX_c8\MXTmpFiles\rtos_vars.tmp_save
2024-06-04 19:55:39,998 [INFO] CodeEngine:279 - Generated code: C:\Work\Stm32\RX_c8\MXTmpFiles\rtos_vars.tmp
2024-06-04 19:55:40,016 [INFO] CodeEngine:255 - oldGeneratedFile, C:\Work\Stm32\RX_c8\MXTmpFiles\rtos_pfp.tmp_save
2024-06-04 19:55:40,140 [INFO] CodeEngine:279 - Generated code: C:\Work\Stm32\RX_c8\MXTmpFiles\rtos_pfp.tmp
2024-06-04 19:55:40,161 [INFO] CodeEngine:255 - oldGeneratedFile, C:\Work\Stm32\RX_c8\MXTmpFiles\rtos_obj_creat.tmp_save
2024-06-04 19:55:40,285 [INFO] CodeEngine:279 - Generated code: C:\Work\Stm32\RX_c8\MXTmpFiles\rtos_obj_creat.tmp
2024-06-04 19:55:40,306 [INFO] CodeEngine:255 - oldGeneratedFile, C:\Work\Stm32\RX_c8\MXTmpFiles\rtos_default_thread.tmp_save
2024-06-04 19:55:40,422 [INFO] CodeEngine:279 - Generated code: C:\Work\Stm32\RX_c8\MXTmpFiles\rtos_default_thread.tmp
2024-06-04 19:55:40,438 [INFO] CodeEngine:255 - oldGeneratedFile, C:\Work\Stm32\RX_c8\MXTmpFiles\rtos_threads.tmp_save
2024-06-04 19:55:40,547 [INFO] CodeEngine:279 - Generated code: C:\Work\Stm32\RX_c8\MXTmpFiles\rtos_threads.tmp
2024-06-04 19:55:40,565 [INFO] Middleware:1439 - No code input for Bsp Dependency
2024-06-04 19:55:40,588 [INFO] CodeEngine:255 - oldGeneratedFile, C:\Work\Stm32\RX_c8\MXTmpFiles\rtos_inc.tmp_save
2024-06-04 19:55:40,674 [INFO] CodeEngine:279 - Generated code: C:\Work\Stm32\RX_c8\MXTmpFiles\rtos_inc.tmp
2024-06-04 19:55:40,682 [INFO] CodeEngine:255 - oldGeneratedFile, C:\Work\Stm32\RX_c8\MXTmpFiles\rtos_kernelInit.tmp_save
2024-06-04 19:55:40,756 [INFO] CodeEngine:279 - Generated code: C:\Work\Stm32\RX_c8\MXTmpFiles\rtos_kernelInit.tmp
2024-06-04 19:55:40,764 [INFO] CodeEngine:255 - oldGeneratedFile, C:\Work\Stm32\RX_c8\MXTmpFiles\rtos_kernelStart.tmp_save
2024-06-04 19:55:40,835 [INFO] CodeEngine:279 - Generated code: C:\Work\Stm32\RX_c8\MXTmpFiles\rtos_kernelStart.tmp
2024-06-04 19:55:40,844 [INFO] CodeEngine:255 - oldGeneratedFile, C:\Work\Stm32\RX_c8\MXTmpFiles\rtos_typedefs.tmp_save
2024-06-04 19:55:40,917 [INFO] CodeEngine:279 - Generated code: C:\Work\Stm32\RX_c8\MXTmpFiles\rtos_typedefs.tmp
2024-06-04 19:55:40,936 [INFO] CodeEngine:255 - oldGeneratedFile, C:\Work\Stm32\RX_c8\MXTmpFiles\rtos_vars.tmp_save
2024-06-04 19:55:41,018 [INFO] CodeEngine:279 - Generated code: C:\Work\Stm32\RX_c8\MXTmpFiles\rtos_vars.tmp
2024-06-04 19:55:41,028 [INFO] CodeEngine:255 - oldGeneratedFile, C:\Work\Stm32\RX_c8\MXTmpFiles\rtos_pfp.tmp_save
2024-06-04 19:55:41,103 [INFO] CodeEngine:279 - Generated code: C:\Work\Stm32\RX_c8\MXTmpFiles\rtos_pfp.tmp
2024-06-04 19:55:41,122 [INFO] CodeEngine:255 - oldGeneratedFile, C:\Work\Stm32\RX_c8\MXTmpFiles\rtos_obj_creat.tmp_save
2024-06-04 19:55:41,210 [INFO] CodeEngine:279 - Generated code: C:\Work\Stm32\RX_c8\MXTmpFiles\rtos_obj_creat.tmp
2024-06-04 19:55:41,218 [INFO] CodeEngine:255 - oldGeneratedFile, C:\Work\Stm32\RX_c8\MXTmpFiles\rtos_default_thread.tmp_save
2024-06-04 19:55:41,293 [INFO] CodeEngine:279 - Generated code: C:\Work\Stm32\RX_c8\MXTmpFiles\rtos_default_thread.tmp
2024-06-04 19:55:41,301 [INFO] CodeEngine:255 - oldGeneratedFile, C:\Work\Stm32\RX_c8\MXTmpFiles\rtos_threads.tmp_save
2024-06-04 19:55:41,372 [INFO] CodeEngine:279 - Generated code: C:\Work\Stm32\RX_c8\MXTmpFiles\rtos_threads.tmp
2024-06-04 19:55:41,406 [INFO] CodeEngine:255 - oldGeneratedFile, C:\Work\Stm32\RX_c8\Core\Inc\FreeRTOSConfig.h_save
2024-06-04 19:55:41,533 [INFO] CodeEngine:279 - Generated code: C:\Work\Stm32\RX_c8\Core\Inc\FreeRTOSConfig.h
2024-06-04 19:55:41,573 [INFO] CodeEngine:255 - oldGeneratedFile, C:\Work\Stm32\RX_c8\Core\Src\freertos.c_save
2024-06-04 19:55:41,700 [INFO] CodeEngine:279 - Generated code: C:\Work\Stm32\RX_c8\Core\Src\freertos.c
2024-06-04 19:55:41,739 [INFO] CodeEngine:255 - oldGeneratedFile, C:\Work\Stm32\RX_c8\Core\Src\stm32f1xx_it.c_save
2024-06-04 19:55:41,888 [INFO] CodeEngine:279 - Generated code: C:\Work\Stm32\RX_c8\Core\Src\stm32f1xx_it.c
2024-06-04 19:55:41,923 [INFO] CodeEngine:255 - oldGeneratedFile, C:\Work\Stm32\RX_c8\Core\Inc\stm32f1xx_it.h_save
2024-06-04 19:55:42,035 [INFO] CodeEngine:279 - Generated code: C:\Work\Stm32\RX_c8\Core\Inc\stm32f1xx_it.h
2024-06-04 19:55:42,080 [INFO] CodeEngine:255 - oldGeneratedFile, C:\Work\Stm32\RX_c8\Core\Src\stm32f1xx_hal_msp.c_save
2024-06-04 19:55:42,265 [INFO] CodeEngine:279 - Generated code: C:\Work\Stm32\RX_c8\Core\Src\stm32f1xx_hal_msp.c
2024-06-04 19:55:42,285 [INFO] CodeEngine:255 - oldGeneratedFile, C:\Work\Stm32\RX_c8\MXTmpFiles\system.tmp_save
2024-06-04 19:55:42,385 [INFO] CodeEngine:279 - Generated code: C:\Work\Stm32\RX_c8\MXTmpFiles\system.tmp
2024-06-04 19:55:42,415 [INFO] CodeEngine:255 - oldGeneratedFile, C:\Work\Stm32\RX_c8\Core\Src\stm32f1xx_hal_timebase_tim.c_save
2024-06-04 19:55:42,520 [INFO] CodeEngine:279 - Generated code: C:\Work\Stm32\RX_c8\Core\Src\stm32f1xx_hal_timebase_tim.c
2024-06-04 19:55:42,564 [INFO] CodeEngine:311 - oldGeneratedFile, C:\Work\Stm32\RX_c8\Core\Inc\stm32f1xx_hal_conf.h_save
2024-06-04 19:55:42,733 [INFO] CodeEngine:335 - Generated code: C:\Work\Stm32\RX_c8\Core\Inc\stm32f1xx_hal_conf.h
2024-06-04 19:55:42,817 [INFO] CodeEngine:255 - oldGeneratedFile, C:\Work\Stm32\RX_c8\Core\Inc\main.h_save
2024-06-04 19:55:42,950 [INFO] CodeEngine:279 - Generated code: C:\Work\Stm32\RX_c8\Core\Inc\main.h
2024-06-04 19:55:42,985 [INFO] CodeEngine:255 - oldGeneratedFile, C:\Work\Stm32\RX_c8\Core\Src\main.c_save
2024-06-04 19:55:43,291 [INFO] CodeEngine:279 - Generated code: C:\Work\Stm32\RX_c8\Core\Src\main.c
2024-06-04 19:55:43,965 [INFO] ProjectBuilder:3163 - Time for Copy HAL[1] : 404mS.
2024-06-04 19:55:43,976 [INFO] ProjectBuilder:4736 - Project Generator version: 4.3.0-B58
2024-06-04 19:55:44,097 [INFO] ConfigFileManager:1503 - The Die is : DIE410
2024-06-04 19:55:44,113 [INFO] ApiDbMcu:508 - Load IP Config File for FATFS
2024-06-04 19:55:44,133 [INFO] ApiDbMcu:508 - Load IP Config File for USB_DEVICE
