2024-06-18 17:25:36,964 [INFO] MainUpdater:2873 - connection check result : 10
2024-06-18 17:25:36,984 [INFO] MainUpdater:2873 - connection check result : 10
2024-06-18 17:25:37,026 [INFO] MicroXplorer:468 - Change Database Path : 
2024-06-18 17:25:37,026 [INFO] MicroXplorer:498 - Change Database Version : DB.6.0.111
2024-06-18 17:25:37,074 [ERROR] ProjectManagerView:394 - 
java.lang.NullPointerException: Cannot invoke "javax.swing.JTextField.getText()" because the return value of "java.util.List.get(int)" is null
	at com.st.microxplorer.plugins.projectmanager.gui.ProjectChoiceTab$10.caretUpdate(ProjectChoiceTab.java:2504) ~[filemanager.jar:?]
	at javax.swing.text.JTextComponent.fireCaretUpdate(JTextComponent.java:412) ~[?:?]
	at javax.swing.text.JTextComponent$MutableCaretEvent.fire(JTextComponent.java:4491) ~[?:?]
	at javax.swing.text.JTextComponent$MutableCaretEvent.stateChanged(JTextComponent.java:4513) ~[?:?]
	at javax.swing.text.DefaultCaret.fireStateChanged(DefaultCaret.java:842) ~[?:?]
	at javax.swing.text.DefaultCaret.changeCaretPosition(DefaultCaret.java:1313) ~[?:?]
	at javax.swing.text.DefaultCaret.handleSetDot(DefaultCaret.java:1212) ~[?:?]
	at javax.swing.text.DefaultCaret.setDot(DefaultCaret.java:1193) ~[?:?]
	at javax.swing.text.DefaultCaret$Handler.insertUpdate(DefaultCaret.java:1789) ~[?:?]
	at javax.swing.text.AbstractDocument.fireInsertUpdate(AbstractDocument.java:226) ~[?:?]
	at javax.swing.text.AbstractDocument.handleInsertString(AbstractDocument.java:780) ~[?:?]
	at javax.swing.text.AbstractDocument.insertString(AbstractDocument.java:739) ~[?:?]
	at javax.swing.text.PlainDocument.insertString(PlainDocument.java:131) ~[?:?]
	at javax.swing.text.AbstractDocument.replace(AbstractDocument.java:698) ~[?:?]
	at javax.swing.text.JTextComponent.setText(JTextComponent.java:1729) ~[?:?]
	at com.st.microxplorer.plugins.projectmanager.gui.ProjectChoiceTab.createHeapStackFields(ProjectChoiceTab.java:944) ~[filemanager.jar:?]
	at com.st.microxplorer.plugins.projectmanager.gui.ProjectChoiceTab.buildLinkSettingsPanel(ProjectChoiceTab.java:3475) ~[filemanager.jar:?]
	at com.st.microxplorer.plugins.projectmanager.gui.ProjectChoiceTab.defineWindowsFields(ProjectChoiceTab.java:1816) ~[filemanager.jar:?]
	at com.st.microxplorer.plugins.projectmanager.gui.ProjectChoiceTab.updateSettings(ProjectChoiceTab.java:544) ~[filemanager.jar:?]
	at com.st.microxplorer.plugins.projectmanager.gui.ProjectSettingsPanel.UpdateDialog(ProjectSettingsPanel.java:245) ~[filemanager.jar:?]
	at com.st.microxplorer.plugins.projectmanager.ProjectManagerView.propertyChange(ProjectManagerView.java:391) ~[filemanager.jar:?]
	at java.beans.PropertyChangeSupport.fire(PropertyChangeSupport.java:343) ~[?:?]
	at java.beans.PropertyChangeSupport.firePropertyChange(PropertyChangeSupport.java:335) ~[?:?]
	at java.beans.PropertyChangeSupport.firePropertyChange(PropertyChangeSupport.java:268) ~[?:?]
	at com.st.microxplorer.util.MXPropertyChangeSupport.firePropertyChange(MXPropertyChangeSupport.java:54) ~[STM32CubeMX.jar:?]
	at com.st.microxplorer.mxsystem.MxSystem.closeConfig(MxSystem.java:900) ~[STM32CubeMX.jar:?]
	at com.st.microxplorer.maingui.MainPanel.closeConfig(MainPanel.java:776) ~[STM32CubeMX.jar:?]
	at com.st.microxplorer.plugins.filemanager.engine.OpenFileManager.loadConfigurationFile(OpenFileManager.java:245) ~[filemanager.jar:?]
	at com.st.microxplorer.plugins.filemanager.engine.MainFileManager.userLoadConfig(MainFileManager.java:315) ~[filemanager.jar:?]
	at com.st.microxplorer.plugins.filemanager.engine.MainFileManager.userLoadConfig(MainFileManager.java:293) ~[filemanager.jar:?]
	at com.st.microxplorer.plugins.filemanager.FileManagerView.getSpecificTask(FileManagerView.java:247) ~[filemanager.jar:?]
	at com.st.stm32cube.common.mx.editor.CubeMxEditor.getMxTabbedPaneInstance(CubeMxEditor.java:1198) ~[com.st.stm32cube.common.mx_6.11.1.202404110753/:?]
	at com.st.stm32cube.common.mx.editor.CubeMxEditor$12$1.createSwingComponent(CubeMxEditor.java:1068) ~[com.st.stm32cube.common.mx_6.11.1.202404110753/:?]
	at com.st.stm32cube.common.mx.oss.core.awtswtbridge.EmbeddedSwingComposite.doComponentCreation(EmbeddedSwingComposite.java:492) ~[com.st.stm32cube.common.mx.oss_6.11.1.202404110753/:?]
	at com.st.stm32cube.common.mx.oss.core.awtswtbridge.EmbeddedSwingComposite$4.run(EmbeddedSwingComposite.java:291) ~[com.st.stm32cube.common.mx.oss_6.11.1.202404110753/:?]
	at com.st.stm32cube.common.mx.oss.core.awtswtbridge.AwtEnvironment$2.run(AwtEnvironment.java:166) ~[com.st.stm32cube.common.mx.oss_6.11.1.202404110753/:?]
	at java.awt.event.InvocationEvent.dispatch(InvocationEvent.java:318) ~[?:?]
	at java.awt.EventQueue.dispatchEventImpl(EventQueue.java:773) ~[?:?]
	at java.awt.EventQueue$4.run(EventQueue.java:720) ~[?:?]
	at java.awt.EventQueue$4.run(EventQueue.java:714) ~[?:?]
	at java.security.AccessController.doPrivileged(AccessController.java:399) ~[?:?]
	at java.security.ProtectionDomain$JavaSecurityAccessImpl.doIntersectionPrivilege(ProtectionDomain.java:86) ~[?:?]
	at java.awt.EventQueue.dispatchEvent(EventQueue.java:742) ~[?:?]
	at java.awt.EventDispatchThread.pumpOneEventForFilters(EventDispatchThread.java:203) ~[?:?]
	at java.awt.EventDispatchThread.pumpEventsForFilter(EventDispatchThread.java:124) ~[?:?]
	at java.awt.EventDispatchThread.pumpEventsForHierarchy(EventDispatchThread.java:113) ~[?:?]
	at java.awt.EventDispatchThread.pumpEvents(EventDispatchThread.java:109) ~[?:?]
	at java.awt.EventDispatchThread.pumpEvents(EventDispatchThread.java:101) ~[?:?]
	at java.awt.EventDispatchThread.run(EventDispatchThread.java:90) ~[?:?]
2024-06-18 17:25:37,091 [WARN] ThirdParty:871 - waiting for thirdparty lock release [close project]
2024-06-18 17:25:37,091 [INFO] ThirdParty:873 - entering critical section [close project]
2024-06-18 17:25:37,091 [INFO] ThirdParty:883 - exiting critical section [close project]
2024-06-18 17:25:37,094 [INFO] PinOutPanel:1561 - setPackage(No Configuration,No Configuration)
2024-06-18 17:25:37,108 [INFO] UtilMem:75 - Begin LoadConfig() Used Memory: 406614112 Bytes (692060160)
2024-06-18 17:25:37,109 [INFO] MicroXplorer:468 - Change Database Path : 
2024-06-18 17:25:37,109 [INFO] MicroXplorer:498 - Change Database Version : DB.6.0.111
2024-06-18 17:25:37,109 [INFO] OpenFileManager:312 - Change cursor
2024-06-18 17:25:37,154 [INFO] RulesReader:64 - Compatibility file has been processed (297 Rules)
2024-06-18 17:25:37,175 [INFO] Mcu:2021 - Initializing MCU STM32F103C(4-6)Tx STM32F103C6Tx STM32F103C6T6A
2024-06-18 17:25:38,137 [INFO] Context:663 - Trying to add GPIOservice into a context  which must be forbidden
2024-06-18 17:25:38,445 [INFO] RtosManager:555 - Registered RTOS mode: class=CMSIS, group=RTOS, mode=CMSIS_V1, owner=FREERTOS
2024-06-18 17:25:38,445 [INFO] RtosManager:555 - Registered RTOS mode: class=CMSIS, group=RTOS2, mode=CMSIS_V2, owner=FREERTOS
2024-06-18 17:25:38,445 [INFO] RtosManager:555 - Registered RTOS mode: class=RTOS, group=Core, mode=CMSIS_V1, owner=FREERTOS
2024-06-18 17:25:38,445 [INFO] RtosManager:555 - Registered RTOS mode: class=RTOS, group=Core, mode=CMSIS_V2, owner=FREERTOS
2024-06-18 17:25:38,445 [WARN] ModelIntegratedComponent:184 - Missing modes for component STMicroelectronics:FreeRTOS:0.0.1:STMicroelectronics:RTOS:FreeRTOS:Core:::10.2.0:
2024-06-18 17:25:38,454 [WARN] ModelIntegratedComponent:63 - No mode defined for component null
2024-06-18 17:25:38,454 [WARN] ModelIntegratedComponent:63 - No mode defined for component null
2024-06-18 17:25:38,454 [WARN] ModelIntegratedComponent:63 - No mode defined for component null
2024-06-18 17:25:38,454 [WARN] ModelIntegratedComponent:63 - No mode defined for component null
2024-06-18 17:25:38,454 [WARN] ModelIntegratedComponent:63 - No mode defined for component null
2024-06-18 17:25:38,454 [WARN] ModelIntegratedComponent:63 - No mode defined for component null
2024-06-18 17:25:38,455 [WARN] ModelIntegratedComponent:63 - No mode defined for component null
2024-06-18 17:25:38,455 [WARN] ModelIntegratedComponent:63 - No mode defined for component null
2024-06-18 17:25:38,455 [WARN] ModelIntegratedComponent:63 - No mode defined for component null
2024-06-18 17:25:38,455 [WARN] ModelIntegratedComponent:63 - No mode defined for component null
2024-06-18 17:25:38,455 [WARN] ModelIntegratedComponent:63 - No mode defined for component null
2024-06-18 17:25:38,455 [WARN] ModelIntegratedComponent:63 - No mode defined for component null
2024-06-18 17:25:38,455 [WARN] ModelIntegratedComponent:63 - No mode defined for component null
2024-06-18 17:25:38,455 [WARN] ModelIntegratedComponent:63 - No mode defined for component null
2024-06-18 17:25:38,455 [WARN] ModelIntegratedComponent:63 - No mode defined for component null
2024-06-18 17:25:38,455 [WARN] ModelIntegratedComponent:63 - No mode defined for component null
2024-06-18 17:25:38,455 [WARN] ModelIntegratedComponent:63 - No mode defined for component null
2024-06-18 17:25:38,455 [WARN] ModelIntegratedComponent:63 - No mode defined for component null
2024-06-18 17:25:38,455 [WARN] ModelIntegratedComponent:63 - No mode defined for component null
2024-06-18 17:25:38,455 [WARN] ModelIntegratedComponent:63 - No mode defined for component null
2024-06-18 17:25:38,455 [WARN] ModelIntegratedComponent:63 - No mode defined for component null
2024-06-18 17:25:38,455 [WARN] ModelIntegratedComponent:63 - No mode defined for component null
2024-06-18 17:25:38,455 [WARN] ModelIntegratedComponent:63 - No mode defined for component null
2024-06-18 17:25:38,455 [WARN] ModelIntegratedComponent:63 - No mode defined for component null
2024-06-18 17:25:38,456 [WARN] ModelIntegratedComponent:63 - No mode defined for component null
2024-06-18 17:25:38,456 [WARN] ModelIntegratedComponent:63 - No mode defined for component null
2024-06-18 17:25:38,456 [WARN] ModelIntegratedComponent:63 - No mode defined for component null
2024-06-18 17:25:38,456 [WARN] ModelIntegratedComponent:63 - No mode defined for component null
2024-06-18 17:25:38,456 [WARN] ModelIntegratedComponent:63 - No mode defined for component null
2024-06-18 17:25:38,456 [WARN] ModelIntegratedComponent:63 - No mode defined for component null
2024-06-18 17:25:38,456 [WARN] ModelIntegratedComponent:63 - No mode defined for component null
2024-06-18 17:25:38,456 [WARN] ModelIntegratedComponent:63 - No mode defined for component null
2024-06-18 17:25:38,456 [WARN] ModelIntegratedComponent:63 - No mode defined for component null
2024-06-18 17:25:38,456 [WARN] ModelIntegratedComponent:63 - No mode defined for component null
2024-06-18 17:25:38,570 [INFO] ThirdPartyModel:298 - Start build external matchings
2024-06-18 17:25:38,899 [INFO] ThirdPartyModel:316 - End build external matchings
2024-06-18 17:25:38,919 [INFO] ImportTextPane:194 - (OptionalMessage_ERROR) IP (RCC) : Parameter (ADCFreqValue) has invalid value (36000000)
2024-06-18 17:25:38,919 [INFO] ImportTextPane:194 - (OptionalMessage_ERROR) IP (RCC) : Invalid parameter (FamilyName)
2024-06-18 17:25:38,920 [INFO] ImportTextPane:194 - (OptionalMessage_ERROR) IP (RCC) : Parameter (MCOFreq_Value) has invalid value (72000000)
2024-06-18 17:25:38,920 [INFO] ImportTextPane:194 - (OptionalMessage_ERROR) IP (RCC) : Parameter (USBFreq_Value) has invalid value (72000000)
2024-06-18 17:25:39,156 [INFO] UtilMem:75 - End LoadConfig() Used Memory: 434461912 Bytes (692060160)
2024-06-18 17:25:39,230 [WARN] ThirdParty:833 - waiting for thirdparty lock release [change project]
2024-06-18 17:25:39,230 [INFO] ThirdParty:835 - entering critical section [change project]
2024-06-18 17:25:39,231 [INFO] ThirdParty:1030 - CMSIS Pack Vendor :STMicroelectronics USBPD 4.1
2024-06-18 17:25:39,231 [INFO] ThirdParty:1030 - CMSIS Pack Vendor :STMicroelectronics X-CUBE-GNSS1 6.0.0
2024-06-18 17:25:39,231 [INFO] ThirdParty:1030 - CMSIS Pack Vendor :STMicroelectronics USB_HOST 2.0.0
2024-06-18 17:25:39,231 [INFO] ThirdParty:1030 - CMSIS Pack Vendor :STMicroelectronics FP-SNS-MOTENVWB1 1.4.0
2024-06-18 17:25:39,231 [INFO] ThirdParty:1030 - CMSIS Pack Vendor :STMicroelectronics X-CUBE-AZRTOS-F4 1.1.0
2024-06-18 17:25:39,231 [INFO] ThirdParty:1030 - CMSIS Pack Vendor :STMicroelectronics LIBJPEG 8.0.0
2024-06-18 17:25:39,231 [INFO] ThirdParty:1030 - CMSIS Pack Vendor :STMicroelectronics X-CUBE-SMBUS 2.1.0
2024-06-18 17:25:39,231 [INFO] ThirdParty:1030 - CMSIS Pack Vendor :STMicroelectronics USB_DEVICE 3.0.0
2024-06-18 17:25:39,231 [INFO] ThirdParty:1030 - CMSIS Pack Vendor :STMicroelectronics X-CUBE-TCPP 4.1.0
2024-06-18 17:25:39,231 [INFO] ThirdParty:1030 - CMSIS Pack Vendor :STMicroelectronics X-CUBE-FREERTOS 1.2.0
2024-06-18 17:25:39,231 [INFO] ThirdParty:1030 - CMSIS Pack Vendor :STMicroelectronics X-CUBE-AZRTOS-WB 2.0.0
2024-06-18 17:25:39,231 [INFO] ThirdParty:1030 - CMSIS Pack Vendor :STMicroelectronics X-CUBE-TOUCHGFX 4.23.2
2024-06-18 17:25:39,231 [INFO] ThirdParty:1030 - CMSIS Pack Vendor :STMicroelectronics X-CUBE-AZRTOS-F7 1.1.0
2024-06-18 17:25:39,231 [INFO] ThirdParty:1030 - CMSIS Pack Vendor :STMicroelectronics X-CUBE-AZRTOS-L5 2.0.0
2024-06-18 17:25:39,231 [INFO] ThirdParty:1030 - CMSIS Pack Vendor :STMicroelectronics USB_DEVICE 2.0.0
2024-06-18 17:25:39,231 [INFO] ThirdParty:1030 - CMSIS Pack Vendor :STMicroelectronics X-CUBE-NFC6 3.1.0
2024-06-18 17:25:39,231 [INFO] ThirdParty:1030 - CMSIS Pack Vendor :STMicroelectronics X-CUBE-ALGOBUILD 1.3.0
2024-06-18 17:25:39,232 [INFO] ThirdParty:1030 - CMSIS Pack Vendor :STMicroelectronics FreeRTOS 0.0.1
2024-06-18 17:25:39,232 [INFO] ThirdParty:1030 - CMSIS Pack Vendor :STMicroelectronics X-CUBE-AZRTOS-G0 1.1.0
2024-06-18 17:25:39,232 [INFO] ThirdParty:1030 - CMSIS Pack Vendor :STMicroelectronics X-CUBE-SAFEA1 1.2.2
2024-06-18 17:25:39,232 [INFO] ThirdParty:1030 - CMSIS Pack Vendor :STMicroelectronics X-CUBE-NFC4 3.0.0
2024-06-18 17:25:39,232 [INFO] ThirdParty:1030 - CMSIS Pack Vendor :STMicroelectronics X-CUBE-SUBG2 5.0.0
2024-06-18 17:25:39,232 [INFO] ThirdParty:1030 - CMSIS Pack Vendor :STMicroelectronics STM32_WPAN 1.0.0
2024-06-18 17:25:39,232 [INFO] ThirdParty:1030 - CMSIS Pack Vendor :wolfSSL I-CUBE-wolfMQTT 1.18.0
2024-06-18 17:25:39,233 [INFO] ThirdParty:1030 - CMSIS Pack Vendor :STMicroelectronics lwIP 2.0.3
2024-06-18 17:25:39,233 [INFO] ThirdParty:1030 - CMSIS Pack Vendor :STMicroelectronics FP-SNS-FLIGHT1 5.0.2
2024-06-18 17:25:39,233 [INFO] ThirdParty:1030 - CMSIS Pack Vendor :STMicroelectronics USB_HOST 1.0.0
2024-06-18 17:25:39,233 [INFO] ThirdParty:1030 - CMSIS Pack Vendor :STMicroelectronics X-CUBE-AI 9.0.0
2024-06-18 17:25:39,233 [INFO] ThirdParty:1030 - CMSIS Pack Vendor :STMicroelectronics X-CUBE-AZRTOS-G4 2.0.0
2024-06-18 17:25:39,233 [INFO] ThirdParty:1030 - CMSIS Pack Vendor :STMicroelectronics PDM2PCM 3.1.0
2024-06-18 17:25:39,233 [INFO] ThirdParty:1030 - CMSIS Pack Vendor :STMicroelectronics PDM2PCM 3.3.0
2024-06-18 17:25:39,234 [INFO] ThirdParty:1030 - CMSIS Pack Vendor :STMicroelectronics X-CUBE-DISPLAY 3.0.0
2024-06-18 17:25:39,234 [INFO] ThirdParty:1030 - CMSIS Pack Vendor :wolfSSL I-CUBE-wolfSSL 5.7.0
2024-06-18 17:25:39,234 [INFO] ThirdParty:1030 - CMSIS Pack Vendor :STMicroelectronics X-CUBE-BLE1 7.0.0
2024-06-18 17:25:39,234 [INFO] ThirdParty:1030 - CMSIS Pack Vendor :STMicroelectronics FP-ATR-SIGFOX1 3.2.0
2024-06-18 17:25:39,234 [INFO] ThirdParty:1030 - CMSIS Pack Vendor :STMicroelectronics X-CUBE-ISPU 2.0.0
2024-06-18 17:25:39,234 [INFO] ThirdParty:1030 - CMSIS Pack Vendor :STMicroelectronics X-CUBE-EEPRMA1 5.1.0
2024-06-18 17:25:39,234 [INFO] ThirdParty:1030 - CMSIS Pack Vendor :STMicroelectronics HAL Drivers 0.0.0
2024-06-18 17:25:39,234 [INFO] ThirdParty:1030 - CMSIS Pack Vendor :STMicroelectronics MBEDTLS 2.16.2
2024-06-18 17:25:39,234 [INFO] ThirdParty:1030 - CMSIS Pack Vendor :STMicroelectronics X-CUBE-ALS 1.0.2
2024-06-18 17:25:39,234 [INFO] ThirdParty:1030 - CMSIS Pack Vendor :emotas I-CUBE-CANOPEN 1.3.0
2024-06-18 17:25:39,234 [INFO] ThirdParty:1030 - CMSIS Pack Vendor :STMicroelectronics X-CUBE-MEMS1 10.0.0
2024-06-18 17:25:39,234 [INFO] ThirdParty:1030 - CMSIS Pack Vendor :STMicroelectronics X-CUBE-FREERTOS 1.1.0
2024-06-18 17:25:39,234 [INFO] ThirdParty:1030 - CMSIS Pack Vendor :STMicroelectronics X-CUBE-NFC7 1.0.1
2024-06-18 17:25:39,234 [INFO] ThirdParty:1030 - CMSIS Pack Vendor :STMicroelectronics MBEDTLS 2.14.1
2024-06-18 17:25:39,235 [INFO] ThirdParty:1030 - CMSIS Pack Vendor :ITTIA_DB I-CUBE-ITTIADB 8.9.0
2024-06-18 17:25:39,235 [INFO] ThirdParty:1030 - CMSIS Pack Vendor :portGmbH I-Cube-SoM-uGOAL 1.1.0
2024-06-18 17:25:39,235 [INFO] ThirdParty:1030 - CMSIS Pack Vendor :STMicroelectronics X-CUBE-ALS 1.0.1
2024-06-18 17:25:39,235 [INFO] ThirdParty:1030 - CMSIS Pack Vendor :STMicroelectronics X-CUBE-BLEMGR 3.1.0
2024-06-18 17:25:39,235 [INFO] ThirdParty:1030 - CMSIS Pack Vendor :STMicroelectronics ThreadX 1.0.0
2024-06-18 17:25:39,235 [INFO] ThirdParty:1030 - CMSIS Pack Vendor :STMicroelectronics FP-SNS-SMARTAG2 1.2.0
2024-06-18 17:25:39,235 [INFO] ThirdParty:1030 - CMSIS Pack Vendor :STMicroelectronics X-CUBE-AZRTOS-WL 2.0.0
2024-06-18 17:25:39,235 [INFO] ThirdParty:1030 - CMSIS Pack Vendor :SEGGER I-CUBE-embOS 1.3.1
2024-06-18 17:25:39,235 [INFO] ThirdParty:1030 - CMSIS Pack Vendor :STMicroelectronics X-CUBE-ALGOBUILD 1.4.0
2024-06-18 17:25:39,236 [INFO] ThirdParty:1030 - CMSIS Pack Vendor :STMicroelectronics FP-SNS-MOTENV1 5.0.0
2024-06-18 17:25:39,236 [INFO] ThirdParty:1030 - CMSIS Pack Vendor :STMicroelectronics USB_DEVICE 1.0.0
2024-06-18 17:25:39,236 [INFO] ThirdParty:1030 - CMSIS Pack Vendor :STMicroelectronics X-CUBE-AZRTOS-H7RS 1.0.0
2024-06-18 17:25:39,236 [INFO] ThirdParty:1030 - CMSIS Pack Vendor :STMicroelectronics X-CUBE-AZRTOS-L4 2.0.0
2024-06-18 17:25:39,236 [INFO] ThirdParty:1030 - CMSIS Pack Vendor :STMicroelectronics ThreadX 0.0.2
2024-06-18 17:25:39,236 [INFO] ThirdParty:1030 - CMSIS Pack Vendor :WES I-CUBE-Cesium 1.3.0
2024-06-18 17:25:39,236 [INFO] ThirdParty:1030 - CMSIS Pack Vendor :STMicroelectronics FP-ATR-ASTRA1 2.0.0
2024-06-18 17:25:39,236 [INFO] ThirdParty:1030 - CMSIS Pack Vendor :STMicroelectronics lwIP 2.1.2
2024-06-18 17:25:39,236 [INFO] ThirdParty:1030 - CMSIS Pack Vendor :STMicroelectronics X-CUBE-SFXS2LP1 4.0.0
2024-06-18 17:25:39,236 [INFO] ThirdParty:1030 - CMSIS Pack Vendor :STMicroelectronics X-CUBE-BLE2 3.3.0
2024-06-18 17:25:39,237 [INFO] ThirdParty:1030 - CMSIS Pack Vendor :STMicroelectronics X-CUBE-TOF1 3.4.1
2024-06-18 17:25:39,237 [INFO] ThirdParty:1030 - CMSIS Pack Vendor :STMicroelectronics X-CUBE-AZRTOS-H7 3.2.0
2024-06-18 17:25:39,237 [INFO] ThirdParty:1030 - CMSIS Pack Vendor :Infineon AIROC-Wi-Fi-Bluetooth-STM32 1.6.0
2024-06-18 17:25:39,237 [INFO] ThirdParty:1030 - CMSIS Pack Vendor :STMicroelectronics PDM2PCM 3.2.0
2024-06-18 17:25:39,237 [INFO] ThirdParty:841 - exiting critical section [change project]
2024-06-18 17:25:39,409 [INFO] PinOutPanel:1561 - setPackage(No Configuration,No Configuration)
2024-06-18 17:25:39,412 [INFO] PinOutPanel:1561 - setPackage(STM32F103C6Tx,LQFP48)
2024-06-18 17:25:39,844 [INFO] UtilMem:75 - Before build in PCC Used Memory: 302499120 Bytes (692060160)
2024-06-18 17:25:40,351 [INFO] UtilMem:75 - After build in PCC Used Memory: 341818672 Bytes (692060160)
2024-06-18 17:25:40,391 [INFO] IPUIPlugin:80 - create IPUIPlugin
2024-06-18 17:25:40,391 [INFO] IPUIPlugin:80 - create IPUIPlugin
2024-06-18 17:25:40,391 [INFO] IPUIPlugin:80 - create IPUIPlugin
2024-06-18 17:25:40,391 [INFO] IPUIPlugin:80 - create IPUIPlugin
2024-06-18 17:25:40,392 [INFO] IPUIPlugin:80 - create IPUIPlugin
2024-06-18 17:25:40,392 [INFO] IPUIPlugin:80 - create IPUIPlugin
2024-06-18 17:25:40,392 [INFO] IPUIPlugin:80 - create IPUIPlugin
2024-06-18 17:25:40,392 [INFO] IPUIPlugin:80 - create IPUIPlugin
2024-06-18 17:25:40,392 [INFO] IPUIPlugin:80 - create IPUIPlugin
2024-06-18 17:25:40,392 [INFO] IPUIPlugin:80 - create IPUIPlugin
2024-06-18 17:25:40,392 [INFO] IPUIPlugin:80 - create IPUIPlugin
2024-06-18 17:25:40,393 [INFO] IPUIPlugin:80 - create IPUIPlugin
2024-06-18 17:25:40,393 [INFO] IPUIPlugin:80 - create IPUIPlugin
2024-06-18 17:25:40,393 [INFO] IPUIPlugin:80 - create IPUIPlugin
2024-06-18 17:25:40,394 [INFO] IPUIPlugin:80 - create IPUIPlugin
2024-06-18 17:25:40,394 [INFO] IPUIPlugin:80 - create IPUIPlugin
2024-06-18 17:25:40,394 [INFO] IPUIPlugin:80 - create IPUIPlugin
2024-06-18 17:25:40,394 [INFO] IPUIPlugin:80 - create IPUIPlugin
2024-06-18 17:25:40,394 [INFO] IPUIPlugin:80 - create IPUIPlugin
2024-06-18 17:25:40,395 [INFO] IPUIPlugin:80 - create IPUIPlugin
2024-06-18 17:25:40,395 [INFO] IPUIPlugin:80 - create IPUIPlugin
2024-06-18 17:25:40,395 [INFO] IPUIPlugin:80 - create IPUIPlugin
2024-06-18 17:25:40,395 [INFO] IPUIPlugin:80 - create IPUIPlugin
2024-06-18 17:25:40,466 [INFO] CADModel:165 - CPN selected for project levelSTM32F103C6T6A
2024-06-18 17:25:40,466 [INFO] CADModel:114 - Register for checkConnection events
2024-06-18 17:25:40,528 [INFO] OpenFileManager:343 - Restore cursor
2024-06-18 17:26:08,337 [INFO] Gpio:277 - dependency for GPIO [RCC, SPI1, SYS, USART2]
2024-06-18 17:26:20,043 [INFO] Gpio:277 - dependency for GPIO [RCC, SPI1, SYS, USART2]
2024-06-18 17:26:20,351 [INFO] Gpio:277 - dependency for GPIO [RCC, SPI1, SYS, USART2]
2024-06-18 17:38:49,095 [INFO] Gpio:277 - dependency for GPIO [RCC, SPI1, SYS, USART2]
2024-06-18 17:38:49,238 [INFO] Gpio:277 - dependency for GPIO [RCC, SPI1, SYS, USART2]
2024-06-18 17:38:58,343 [INFO] Gpio:277 - dependency for GPIO [RCC, SPI1, SYS, USART2]
2024-06-18 17:38:58,564 [INFO] Gpio:277 - dependency for GPIO [RCC, SPI1, SYS, USART2]
2024-06-18 17:40:36,127 [INFO] UtilMem:75 - End SaveConfig() Used Memory: 375187880 Bytes (692060160)
2024-06-18 17:40:38,040 [INFO] UtilMem:75 - End SaveConfig() Used Memory: 405292784 Bytes (692060160)
2024-06-18 17:40:38,280 [INFO] UtilMem:75 - End SaveConfig() Used Memory: 430762408 Bytes (692060160)
2024-06-18 17:40:38,454 [INFO] BlockDiagram:2759 - set Specific Code input for plugin: SPI
2024-06-18 17:40:38,454 [INFO] BlockDiagram:2759 - set Specific Code input for plugin: NVIC
2024-06-18 17:40:38,454 [INFO] BlockDiagram:2759 - set Specific Code input for plugin: SYS
2024-06-18 17:40:38,455 [INFO] BlockDiagram:2759 - set Specific Code input for plugin: GPIO
2024-06-18 17:40:38,455 [INFO] BlockDiagram:2759 - set Specific Code input for plugin: USART
2024-06-18 17:40:38,455 [INFO] BlockDiagram:2759 - set Specific Code input for plugin: RCC
2024-06-18 17:40:38,456 [INFO] CodeGenerator:807 - code generatio: config db path: C:\ST\STM32CubeIDE_1.15.0\STM32CubeIDE\plugins\com.st.stm32cube.common.mx_6.11.1.202404110753\\db\
2024-06-18 17:40:38,605 [INFO] CodeEngine:255 - oldGeneratedFile, C:\Work\Stm32\TX_c6\MXTmpFiles\license.tmp_save
2024-06-18 17:40:38,723 [INFO] CodeEngine:279 - Generated code: C:\Work\Stm32\TX_c6\MXTmpFiles\license.tmp
2024-06-18 17:40:38,846 [INFO] CodeEngine:255 - oldGeneratedFile, C:\Work\Stm32\TX_c6\MXTmpFiles\gpio.tmp_save
2024-06-18 17:40:38,992 [INFO] CodeEngine:279 - Generated code: C:\Work\Stm32\TX_c6\MXTmpFiles\gpio.tmp
2024-06-18 17:40:39,196 [INFO] CodeEngine:255 - oldGeneratedFile, C:\Work\Stm32\TX_c6\Core\Src\stm32f1xx_it.c_save
2024-06-18 17:40:39,480 [INFO] CodeEngine:279 - Generated code: C:\Work\Stm32\TX_c6\Core\Src\stm32f1xx_it.c
2024-06-18 17:40:39,515 [INFO] CodeEngine:255 - oldGeneratedFile, C:\Work\Stm32\TX_c6\Core\Inc\stm32f1xx_it.h_save
2024-06-18 17:40:39,638 [INFO] CodeEngine:279 - Generated code: C:\Work\Stm32\TX_c6\Core\Inc\stm32f1xx_it.h
2024-06-18 17:40:39,678 [INFO] CodeEngine:255 - oldGeneratedFile, C:\Work\Stm32\TX_c6\Core\Src\stm32f1xx_hal_msp.c_save
2024-06-18 17:40:39,843 [INFO] CodeEngine:279 - Generated code: C:\Work\Stm32\TX_c6\Core\Src\stm32f1xx_hal_msp.c
2024-06-18 17:40:39,862 [INFO] CodeEngine:255 - oldGeneratedFile, C:\Work\Stm32\TX_c6\MXTmpFiles\system.tmp_save
2024-06-18 17:40:40,021 [INFO] CodeEngine:279 - Generated code: C:\Work\Stm32\TX_c6\MXTmpFiles\system.tmp
2024-06-18 17:40:40,061 [INFO] CodeEngine:311 - oldGeneratedFile, C:\Work\Stm32\TX_c6\Core\Inc\stm32f1xx_hal_conf.h_save
2024-06-18 17:40:40,204 [INFO] CodeEngine:335 - Generated code: C:\Work\Stm32\TX_c6\Core\Inc\stm32f1xx_hal_conf.h
2024-06-18 17:40:40,272 [INFO] CodeEngine:255 - oldGeneratedFile, C:\Work\Stm32\TX_c6\Core\Inc\main.h_save
2024-06-18 17:40:40,402 [INFO] CodeEngine:279 - Generated code: C:\Work\Stm32\TX_c6\Core\Inc\main.h
2024-06-18 17:40:40,436 [INFO] CodeEngine:255 - oldGeneratedFile, C:\Work\Stm32\TX_c6\Core\Src\main.c_save
2024-06-18 17:40:40,608 [INFO] CodeEngine:279 - Generated code: C:\Work\Stm32\TX_c6\Core\Src\main.c
2024-06-18 17:40:41,180 [INFO] ProjectBuilder:3163 - Time for Copy HAL[1] : 285mS.
2024-06-18 17:40:41,184 [INFO] ProjectBuilder:4736 - Project Generator version: 4.3.0-B58
2024-06-18 17:40:41,293 [INFO] ConfigFileManager:1503 - The Die is : DIE412
2024-06-18 17:40:41,308 [INFO] ApiDbMcu:508 - Load IP Config File for FATFS
2024-06-18 17:40:41,327 [INFO] ApiDbMcu:508 - Load IP Config File for FREERTOS
2024-06-18 17:40:41,348 [INFO] ApiDbMcu:508 - Load IP Config File for USB_DEVICE
2024-06-18 17:40:43,418 [INFO] ProjectBuilder:5002 - Time for Generating toolchain IDE Files: 2234mS.
2024-06-18 17:40:43,420 [INFO] ProjectBuilder:3034 - Time for Copy CMSIS : 2mS.
2024-06-18 17:40:43,428 [INFO] ProjectBuilder:3034 - Time for Copy CMSIS : 0mS.
2024-06-18 20:37:49,999 [INFO] MainUpdater:2873 - connection check result : 10
2024-06-18 20:37:49,999 [INFO] MainUpdater:2873 - connection check result : 10
2024-06-18 20:37:50,034 [INFO] MicroXplorer:468 - Change Database Path : 
2024-06-18 20:37:50,034 [INFO] MicroXplorer:498 - Change Database Version : DB.6.0.111
2024-06-18 20:37:50,066 [ERROR] ProjectManagerView:394 - 
java.lang.NullPointerException: Cannot invoke "javax.swing.JTextField.getText()" because the return value of "java.util.List.get(int)" is null
	at com.st.microxplorer.plugins.projectmanager.gui.ProjectChoiceTab$10.caretUpdate(ProjectChoiceTab.java:2504) ~[filemanager.jar:?]
	at javax.swing.text.JTextComponent.fireCaretUpdate(JTextComponent.java:412) ~[?:?]
	at javax.swing.text.JTextComponent$MutableCaretEvent.fire(JTextComponent.java:4491) ~[?:?]
	at javax.swing.text.JTextComponent$MutableCaretEvent.stateChanged(JTextComponent.java:4513) ~[?:?]
	at javax.swing.text.DefaultCaret.fireStateChanged(DefaultCaret.java:842) ~[?:?]
	at javax.swing.text.DefaultCaret.changeCaretPosition(DefaultCaret.java:1313) ~[?:?]
	at javax.swing.text.DefaultCaret.handleSetDot(DefaultCaret.java:1212) ~[?:?]
	at javax.swing.text.DefaultCaret.setDot(DefaultCaret.java:1193) ~[?:?]
	at javax.swing.text.DefaultCaret$Handler.insertUpdate(DefaultCaret.java:1789) ~[?:?]
	at javax.swing.text.AbstractDocument.fireInsertUpdate(AbstractDocument.java:226) ~[?:?]
	at javax.swing.text.AbstractDocument.handleInsertString(AbstractDocument.java:780) ~[?:?]
	at javax.swing.text.AbstractDocument.insertString(AbstractDocument.java:739) ~[?:?]
	at javax.swing.text.PlainDocument.insertString(PlainDocument.java:131) ~[?:?]
	at javax.swing.text.AbstractDocument.replace(AbstractDocument.java:698) ~[?:?]
	at javax.swing.text.JTextComponent.setText(JTextComponent.java:1729) ~[?:?]
	at com.st.microxplorer.plugins.projectmanager.gui.ProjectChoiceTab.createHeapStackFields(ProjectChoiceTab.java:944) ~[filemanager.jar:?]
	at com.st.microxplorer.plugins.projectmanager.gui.ProjectChoiceTab.buildLinkSettingsPanel(ProjectChoiceTab.java:3475) ~[filemanager.jar:?]
	at com.st.microxplorer.plugins.projectmanager.gui.ProjectChoiceTab.defineWindowsFields(ProjectChoiceTab.java:1816) ~[filemanager.jar:?]
	at com.st.microxplorer.plugins.projectmanager.gui.ProjectChoiceTab.updateSettings(ProjectChoiceTab.java:544) ~[filemanager.jar:?]
	at com.st.microxplorer.plugins.projectmanager.gui.ProjectSettingsPanel.UpdateDialog(ProjectSettingsPanel.java:245) ~[filemanager.jar:?]
	at com.st.microxplorer.plugins.projectmanager.ProjectManagerView.propertyChange(ProjectManagerView.java:391) ~[filemanager.jar:?]
	at java.beans.PropertyChangeSupport.fire(PropertyChangeSupport.java:343) ~[?:?]
	at java.beans.PropertyChangeSupport.firePropertyChange(PropertyChangeSupport.java:335) ~[?:?]
	at java.beans.PropertyChangeSupport.firePropertyChange(PropertyChangeSupport.java:268) ~[?:?]
	at com.st.microxplorer.util.MXPropertyChangeSupport.firePropertyChange(MXPropertyChangeSupport.java:54) ~[STM32CubeMX.jar:?]
	at com.st.microxplorer.mxsystem.MxSystem.closeConfig(MxSystem.java:900) ~[STM32CubeMX.jar:?]
	at com.st.microxplorer.maingui.MainPanel.closeConfig(MainPanel.java:776) ~[STM32CubeMX.jar:?]
	at com.st.microxplorer.plugins.filemanager.engine.OpenFileManager.loadConfigurationFile(OpenFileManager.java:245) ~[filemanager.jar:?]
	at com.st.microxplorer.plugins.filemanager.engine.MainFileManager.userLoadConfig(MainFileManager.java:315) ~[filemanager.jar:?]
	at com.st.microxplorer.plugins.filemanager.engine.MainFileManager.userLoadConfig(MainFileManager.java:293) ~[filemanager.jar:?]
	at com.st.microxplorer.plugins.filemanager.FileManagerView.getSpecificTask(FileManagerView.java:247) ~[filemanager.jar:?]
	at com.st.stm32cube.common.mx.editor.CubeMxEditor.getMxTabbedPaneInstance(CubeMxEditor.java:1198) ~[com.st.stm32cube.common.mx_6.11.1.202404110753/:?]
	at com.st.stm32cube.common.mx.editor.CubeMxEditor$12$1.createSwingComponent(CubeMxEditor.java:1068) ~[com.st.stm32cube.common.mx_6.11.1.202404110753/:?]
	at com.st.stm32cube.common.mx.oss.core.awtswtbridge.EmbeddedSwingComposite.doComponentCreation(EmbeddedSwingComposite.java:492) ~[com.st.stm32cube.common.mx.oss_6.11.1.202404110753/:?]
	at com.st.stm32cube.common.mx.oss.core.awtswtbridge.EmbeddedSwingComposite$4.run(EmbeddedSwingComposite.java:291) ~[com.st.stm32cube.common.mx.oss_6.11.1.202404110753/:?]
	at com.st.stm32cube.common.mx.oss.core.awtswtbridge.AwtEnvironment$2.run(AwtEnvironment.java:166) ~[com.st.stm32cube.common.mx.oss_6.11.1.202404110753/:?]
	at java.awt.event.InvocationEvent.dispatch(InvocationEvent.java:318) ~[?:?]
	at java.awt.EventQueue.dispatchEventImpl(EventQueue.java:773) ~[?:?]
	at java.awt.EventQueue$4.run(EventQueue.java:720) ~[?:?]
	at java.awt.EventQueue$4.run(EventQueue.java:714) ~[?:?]
	at java.security.AccessController.doPrivileged(AccessController.java:399) ~[?:?]
	at java.security.ProtectionDomain$JavaSecurityAccessImpl.doIntersectionPrivilege(ProtectionDomain.java:86) ~[?:?]
	at java.awt.EventQueue.dispatchEvent(EventQueue.java:742) ~[?:?]
	at java.awt.EventDispatchThread.pumpOneEventForFilters(EventDispatchThread.java:203) ~[?:?]
	at java.awt.EventDispatchThread.pumpEventsForFilter(EventDispatchThread.java:124) ~[?:?]
	at java.awt.EventDispatchThread.pumpEventsForHierarchy(EventDispatchThread.java:113) ~[?:?]
	at java.awt.EventDispatchThread.pumpEvents(EventDispatchThread.java:109) ~[?:?]
	at java.awt.EventDispatchThread.pumpEvents(EventDispatchThread.java:101) ~[?:?]
	at java.awt.EventDispatchThread.run(EventDispatchThread.java:90) ~[?:?]
2024-06-18 20:37:50,069 [WARN] ThirdParty:871 - waiting for thirdparty lock release [close project]
2024-06-18 20:37:50,069 [INFO] ThirdParty:873 - entering critical section [close project]
2024-06-18 20:37:50,069 [INFO] ThirdParty:883 - exiting critical section [close project]
2024-06-18 20:37:50,071 [INFO] PinOutPanel:1561 - setPackage(No Configuration,No Configuration)
2024-06-18 20:37:50,076 [INFO] UtilMem:75 - Begin LoadConfig() Used Memory: 289311896 Bytes (692060160)
2024-06-18 20:37:50,077 [INFO] MicroXplorer:468 - Change Database Path : 
2024-06-18 20:37:50,078 [INFO] MicroXplorer:498 - Change Database Version : DB.6.0.111
2024-06-18 20:37:50,078 [INFO] OpenFileManager:312 - Change cursor
2024-06-18 20:37:50,123 [INFO] RulesReader:64 - Compatibility file has been processed (297 Rules)
2024-06-18 20:37:50,142 [INFO] Mcu:2021 - Initializing MCU STM32F103C(8-B)Tx STM32F103C8Tx STM32F103C8T6
2024-06-18 20:37:51,310 [INFO] Context:663 - Trying to add GPIOservice into a context  which must be forbidden
2024-06-18 20:37:51,919 [INFO] RtosManager:555 - Registered RTOS mode: class=CMSIS, group=RTOS, mode=CMSIS_V1, owner=FREERTOS
2024-06-18 20:37:51,922 [INFO] RtosManager:555 - Registered RTOS mode: class=CMSIS, group=RTOS2, mode=CMSIS_V2, owner=FREERTOS
2024-06-18 20:37:51,922 [INFO] RtosManager:555 - Registered RTOS mode: class=RTOS, group=Core, mode=CMSIS_V1, owner=FREERTOS
2024-06-18 20:37:51,922 [INFO] RtosManager:555 - Registered RTOS mode: class=RTOS, group=Core, mode=CMSIS_V2, owner=FREERTOS
2024-06-18 20:37:51,923 [WARN] ModelIntegratedComponent:184 - Missing modes for component STMicroelectronics:FreeRTOS:0.0.1:STMicroelectronics:RTOS:FreeRTOS:Core:::10.2.0:
2024-06-18 20:37:51,934 [WARN] ModelIntegratedComponent:63 - No mode defined for component null
2024-06-18 20:37:51,934 [WARN] ModelIntegratedComponent:63 - No mode defined for component null
2024-06-18 20:37:51,934 [WARN] ModelIntegratedComponent:63 - No mode defined for component null
2024-06-18 20:37:51,935 [WARN] ModelIntegratedComponent:63 - No mode defined for component null
2024-06-18 20:37:51,935 [WARN] ModelIntegratedComponent:63 - No mode defined for component null
2024-06-18 20:37:51,935 [WARN] ModelIntegratedComponent:63 - No mode defined for component null
2024-06-18 20:37:51,935 [WARN] ModelIntegratedComponent:63 - No mode defined for component null
2024-06-18 20:37:51,935 [WARN] ModelIntegratedComponent:63 - No mode defined for component null
2024-06-18 20:37:51,935 [WARN] ModelIntegratedComponent:63 - No mode defined for component null
2024-06-18 20:37:51,935 [WARN] ModelIntegratedComponent:63 - No mode defined for component null
2024-06-18 20:37:51,935 [WARN] ModelIntegratedComponent:63 - No mode defined for component null
2024-06-18 20:37:51,935 [WARN] ModelIntegratedComponent:63 - No mode defined for component null
2024-06-18 20:37:51,935 [WARN] ModelIntegratedComponent:63 - No mode defined for component null
2024-06-18 20:37:51,935 [WARN] ModelIntegratedComponent:63 - No mode defined for component null
2024-06-18 20:37:51,935 [WARN] ModelIntegratedComponent:63 - No mode defined for component null
2024-06-18 20:37:51,935 [WARN] ModelIntegratedComponent:63 - No mode defined for component null
2024-06-18 20:37:51,935 [WARN] ModelIntegratedComponent:63 - No mode defined for component null
2024-06-18 20:37:51,936 [WARN] ModelIntegratedComponent:63 - No mode defined for component null
2024-06-18 20:37:51,936 [WARN] ModelIntegratedComponent:63 - No mode defined for component null
2024-06-18 20:37:51,937 [WARN] ModelIntegratedComponent:63 - No mode defined for component null
2024-06-18 20:37:51,937 [WARN] ModelIntegratedComponent:63 - No mode defined for component null
2024-06-18 20:37:51,937 [WARN] ModelIntegratedComponent:63 - No mode defined for component null
2024-06-18 20:37:51,937 [WARN] ModelIntegratedComponent:63 - No mode defined for component null
2024-06-18 20:37:51,937 [WARN] ModelIntegratedComponent:63 - No mode defined for component null
2024-06-18 20:37:51,937 [WARN] ModelIntegratedComponent:63 - No mode defined for component null
2024-06-18 20:37:51,937 [WARN] ModelIntegratedComponent:63 - No mode defined for component null
2024-06-18 20:37:51,937 [WARN] ModelIntegratedComponent:63 - No mode defined for component null
2024-06-18 20:37:51,938 [WARN] ModelIntegratedComponent:63 - No mode defined for component null
2024-06-18 20:37:51,938 [WARN] ModelIntegratedComponent:63 - No mode defined for component null
2024-06-18 20:37:51,938 [WARN] ModelIntegratedComponent:63 - No mode defined for component null
2024-06-18 20:37:51,938 [WARN] ModelIntegratedComponent:63 - No mode defined for component null
2024-06-18 20:37:51,938 [WARN] ModelIntegratedComponent:63 - No mode defined for component null
2024-06-18 20:37:51,938 [WARN] ModelIntegratedComponent:63 - No mode defined for component null
2024-06-18 20:37:51,938 [WARN] ModelIntegratedComponent:63 - No mode defined for component null
2024-06-18 20:37:52,071 [INFO] ThirdPartyModel:298 - Start build external matchings
2024-06-18 20:37:52,410 [INFO] ThirdPartyModel:316 - End build external matchings
2024-06-18 20:37:52,427 [INFO] RtosManager:919 - Current active RTOS is FREERTOS [Cortex-M3NS]
2024-06-18 20:37:52,436 [WARN] IP:2120 - I2C_Coeff_DF not found: check if there is a RefParameter without a condition.
2024-06-18 20:37:52,436 [WARN] IP:2120 - Analog_Filter not found: check if there is a RefParameter without a condition.
2024-06-18 20:37:52,437 [INFO] ImportTextPane:194 - (OptionalMessage_ERROR) IP (RCC) : Parameter (ADCFreqValue) has invalid value (36000000)
2024-06-18 20:37:52,437 [INFO] ImportTextPane:194 - (OptionalMessage_ERROR) IP (RCC) : Invalid parameter (FamilyName)
2024-06-18 20:37:52,437 [INFO] ImportTextPane:194 - (OptionalMessage_ERROR) IP (RCC) : Parameter (MCOFreq_Value) has invalid value (72000000)
2024-06-18 20:37:52,438 [INFO] ImportTextPane:194 - (OptionalMessage_ERROR) IP (RCC) : Parameter (USBFreq_Value) has invalid value (72000000)
2024-06-18 20:37:52,812 [INFO] UtilMem:75 - End LoadConfig() Used Memory: 421985360 Bytes (692060160)
2024-06-18 20:37:53,193 [WARN] ThirdParty:833 - waiting for thirdparty lock release [change project]
2024-06-18 20:37:53,193 [INFO] ThirdParty:835 - entering critical section [change project]
2024-06-18 20:37:53,193 [INFO] ThirdParty:1030 - CMSIS Pack Vendor :STMicroelectronics USBPD 4.1
2024-06-18 20:37:53,193 [INFO] ThirdParty:1030 - CMSIS Pack Vendor :STMicroelectronics X-CUBE-GNSS1 6.0.0
2024-06-18 20:37:53,194 [INFO] ThirdParty:1030 - CMSIS Pack Vendor :STMicroelectronics USB_HOST 2.0.0
2024-06-18 20:37:53,194 [INFO] ThirdParty:1030 - CMSIS Pack Vendor :STMicroelectronics FP-SNS-MOTENVWB1 1.4.0
2024-06-18 20:37:53,194 [INFO] ThirdParty:1030 - CMSIS Pack Vendor :STMicroelectronics X-CUBE-AZRTOS-F4 1.1.0
2024-06-18 20:37:53,194 [INFO] ThirdParty:1030 - CMSIS Pack Vendor :STMicroelectronics LIBJPEG 8.0.0
2024-06-18 20:37:53,194 [INFO] ThirdParty:1030 - CMSIS Pack Vendor :STMicroelectronics X-CUBE-SMBUS 2.1.0
2024-06-18 20:37:53,194 [INFO] ThirdParty:1030 - CMSIS Pack Vendor :STMicroelectronics USB_DEVICE 3.0.0
2024-06-18 20:37:53,194 [INFO] ThirdParty:1030 - CMSIS Pack Vendor :STMicroelectronics X-CUBE-TCPP 4.1.0
2024-06-18 20:37:53,194 [INFO] ThirdParty:1030 - CMSIS Pack Vendor :STMicroelectronics X-CUBE-FREERTOS 1.2.0
2024-06-18 20:37:53,194 [INFO] ThirdParty:1030 - CMSIS Pack Vendor :STMicroelectronics X-CUBE-AZRTOS-WB 2.0.0
2024-06-18 20:37:53,194 [INFO] ThirdParty:1030 - CMSIS Pack Vendor :STMicroelectronics X-CUBE-TOUCHGFX 4.23.2
2024-06-18 20:37:53,194 [INFO] ThirdParty:1030 - CMSIS Pack Vendor :STMicroelectronics X-CUBE-AZRTOS-F7 1.1.0
2024-06-18 20:37:53,194 [INFO] ThirdParty:1030 - CMSIS Pack Vendor :STMicroelectronics X-CUBE-AZRTOS-L5 2.0.0
2024-06-18 20:37:53,194 [INFO] ThirdParty:1030 - CMSIS Pack Vendor :STMicroelectronics USB_DEVICE 2.0.0
2024-06-18 20:37:53,194 [INFO] ThirdParty:1030 - CMSIS Pack Vendor :STMicroelectronics X-CUBE-NFC6 3.1.0
2024-06-18 20:37:53,194 [INFO] ThirdParty:1030 - CMSIS Pack Vendor :STMicroelectronics X-CUBE-ALGOBUILD 1.3.0
2024-06-18 20:37:53,194 [INFO] ThirdParty:1030 - CMSIS Pack Vendor :STMicroelectronics FreeRTOS 0.0.1
2024-06-18 20:37:53,194 [INFO] ThirdParty:1030 - CMSIS Pack Vendor :STMicroelectronics X-CUBE-AZRTOS-G0 1.1.0
2024-06-18 20:37:53,194 [INFO] ThirdParty:1030 - CMSIS Pack Vendor :STMicroelectronics X-CUBE-SAFEA1 1.2.2
2024-06-18 20:37:53,194 [INFO] ThirdParty:1030 - CMSIS Pack Vendor :STMicroelectronics X-CUBE-NFC4 3.0.0
2024-06-18 20:37:53,194 [INFO] ThirdParty:1030 - CMSIS Pack Vendor :STMicroelectronics X-CUBE-SUBG2 5.0.0
2024-06-18 20:37:53,194 [INFO] ThirdParty:1030 - CMSIS Pack Vendor :STMicroelectronics STM32_WPAN 1.0.0
2024-06-18 20:37:53,194 [INFO] ThirdParty:1030 - CMSIS Pack Vendor :wolfSSL I-CUBE-wolfMQTT 1.18.0
2024-06-18 20:37:53,194 [INFO] ThirdParty:1030 - CMSIS Pack Vendor :STMicroelectronics lwIP 2.0.3
2024-06-18 20:37:53,194 [INFO] ThirdParty:1030 - CMSIS Pack Vendor :STMicroelectronics FP-SNS-FLIGHT1 5.0.2
2024-06-18 20:37:53,194 [INFO] ThirdParty:1030 - CMSIS Pack Vendor :STMicroelectronics USB_HOST 1.0.0
2024-06-18 20:37:53,195 [INFO] ThirdParty:1030 - CMSIS Pack Vendor :STMicroelectronics X-CUBE-AI 9.0.0
2024-06-18 20:37:53,195 [INFO] ThirdParty:1030 - CMSIS Pack Vendor :STMicroelectronics X-CUBE-AZRTOS-G4 2.0.0
2024-06-18 20:37:53,195 [INFO] ThirdParty:1030 - CMSIS Pack Vendor :STMicroelectronics PDM2PCM 3.1.0
2024-06-18 20:37:53,195 [INFO] ThirdParty:1030 - CMSIS Pack Vendor :STMicroelectronics PDM2PCM 3.3.0
2024-06-18 20:37:53,195 [INFO] ThirdParty:1030 - CMSIS Pack Vendor :STMicroelectronics X-CUBE-DISPLAY 3.0.0
2024-06-18 20:37:53,195 [INFO] ThirdParty:1030 - CMSIS Pack Vendor :wolfSSL I-CUBE-wolfSSL 5.7.0
2024-06-18 20:37:53,195 [INFO] ThirdParty:1030 - CMSIS Pack Vendor :STMicroelectronics X-CUBE-BLE1 7.0.0
2024-06-18 20:37:53,195 [INFO] ThirdParty:1030 - CMSIS Pack Vendor :STMicroelectronics FP-ATR-SIGFOX1 3.2.0
2024-06-18 20:37:53,195 [INFO] ThirdParty:1030 - CMSIS Pack Vendor :STMicroelectronics X-CUBE-ISPU 2.0.0
2024-06-18 20:37:53,195 [INFO] ThirdParty:1030 - CMSIS Pack Vendor :STMicroelectronics X-CUBE-EEPRMA1 5.1.0
2024-06-18 20:37:53,195 [INFO] ThirdParty:1030 - CMSIS Pack Vendor :STMicroelectronics HAL Drivers 0.0.0
2024-06-18 20:37:53,195 [INFO] ThirdParty:1030 - CMSIS Pack Vendor :STMicroelectronics MBEDTLS 2.16.2
2024-06-18 20:37:53,195 [INFO] ThirdParty:1030 - CMSIS Pack Vendor :STMicroelectronics X-CUBE-ALS 1.0.2
2024-06-18 20:37:53,195 [INFO] ThirdParty:1030 - CMSIS Pack Vendor :emotas I-CUBE-CANOPEN 1.3.0
2024-06-18 20:37:53,195 [INFO] ThirdParty:1030 - CMSIS Pack Vendor :STMicroelectronics X-CUBE-MEMS1 10.0.0
2024-06-18 20:37:53,195 [INFO] ThirdParty:1030 - CMSIS Pack Vendor :STMicroelectronics X-CUBE-FREERTOS 1.1.0
2024-06-18 20:37:53,195 [INFO] ThirdParty:1030 - CMSIS Pack Vendor :STMicroelectronics X-CUBE-NFC7 1.0.1
2024-06-18 20:37:53,195 [INFO] ThirdParty:1030 - CMSIS Pack Vendor :STMicroelectronics MBEDTLS 2.14.1
2024-06-18 20:37:53,195 [INFO] ThirdParty:1030 - CMSIS Pack Vendor :ITTIA_DB I-CUBE-ITTIADB 8.9.0
2024-06-18 20:37:53,195 [INFO] ThirdParty:1030 - CMSIS Pack Vendor :portGmbH I-Cube-SoM-uGOAL 1.1.0
2024-06-18 20:37:53,195 [INFO] ThirdParty:1030 - CMSIS Pack Vendor :STMicroelectronics X-CUBE-ALS 1.0.1
2024-06-18 20:37:53,195 [INFO] ThirdParty:1030 - CMSIS Pack Vendor :STMicroelectronics X-CUBE-BLEMGR 3.1.0
2024-06-18 20:37:53,195 [INFO] ThirdParty:1030 - CMSIS Pack Vendor :STMicroelectronics ThreadX 1.0.0
2024-06-18 20:37:53,195 [INFO] ThirdParty:1030 - CMSIS Pack Vendor :STMicroelectronics FP-SNS-SMARTAG2 1.2.0
2024-06-18 20:37:53,195 [INFO] ThirdParty:1030 - CMSIS Pack Vendor :STMicroelectronics X-CUBE-AZRTOS-WL 2.0.0
2024-06-18 20:37:53,195 [INFO] ThirdParty:1030 - CMSIS Pack Vendor :SEGGER I-CUBE-embOS 1.3.1
2024-06-18 20:37:53,196 [INFO] ThirdParty:1030 - CMSIS Pack Vendor :STMicroelectronics X-CUBE-ALGOBUILD 1.4.0
2024-06-18 20:37:53,196 [INFO] ThirdParty:1030 - CMSIS Pack Vendor :STMicroelectronics FP-SNS-MOTENV1 5.0.0
2024-06-18 20:37:53,196 [INFO] ThirdParty:1030 - CMSIS Pack Vendor :STMicroelectronics USB_DEVICE 1.0.0
2024-06-18 20:37:53,196 [INFO] ThirdParty:1030 - CMSIS Pack Vendor :STMicroelectronics X-CUBE-AZRTOS-H7RS 1.0.0
2024-06-18 20:37:53,196 [INFO] ThirdParty:1030 - CMSIS Pack Vendor :STMicroelectronics X-CUBE-AZRTOS-L4 2.0.0
2024-06-18 20:37:53,196 [INFO] ThirdParty:1030 - CMSIS Pack Vendor :STMicroelectronics ThreadX 0.0.2
2024-06-18 20:37:53,196 [INFO] ThirdParty:1030 - CMSIS Pack Vendor :WES I-CUBE-Cesium 1.3.0
2024-06-18 20:37:53,196 [INFO] ThirdParty:1030 - CMSIS Pack Vendor :STMicroelectronics FP-ATR-ASTRA1 2.0.0
2024-06-18 20:37:53,196 [INFO] ThirdParty:1030 - CMSIS Pack Vendor :STMicroelectronics lwIP 2.1.2
2024-06-18 20:37:53,196 [INFO] ThirdParty:1030 - CMSIS Pack Vendor :STMicroelectronics X-CUBE-SFXS2LP1 4.0.0
2024-06-18 20:37:53,196 [INFO] ThirdParty:1030 - CMSIS Pack Vendor :STMicroelectronics X-CUBE-BLE2 3.3.0
2024-06-18 20:37:53,196 [INFO] ThirdParty:1030 - CMSIS Pack Vendor :STMicroelectronics X-CUBE-TOF1 3.4.1
2024-06-18 20:37:53,196 [INFO] ThirdParty:1030 - CMSIS Pack Vendor :STMicroelectronics X-CUBE-AZRTOS-H7 3.2.0
2024-06-18 20:37:53,196 [INFO] ThirdParty:1030 - CMSIS Pack Vendor :Infineon AIROC-Wi-Fi-Bluetooth-STM32 1.6.0
2024-06-18 20:37:53,196 [INFO] ThirdParty:1030 - CMSIS Pack Vendor :STMicroelectronics PDM2PCM 3.2.0
2024-06-18 20:37:53,196 [INFO] ThirdParty:841 - exiting critical section [change project]
2024-06-18 20:37:53,402 [INFO] PinOutPanel:1561 - setPackage(No Configuration,No Configuration)
2024-06-18 20:37:53,404 [INFO] PinOutPanel:1561 - setPackage(STM32F103C8Tx,LQFP48)
2024-06-18 20:37:53,786 [INFO] UtilMem:75 - Before build in PCC Used Memory: 515528888 Bytes (692060160)
2024-06-18 20:37:54,205 [INFO] UtilMem:75 - After build in PCC Used Memory: 557172296 Bytes (692060160)
2024-06-18 20:37:54,229 [INFO] ApiDbMcu:508 - Load IP Config File for FREERTOS
2024-06-18 20:37:54,255 [INFO] IPUIPlugin:80 - create IPUIPlugin
2024-06-18 20:37:54,255 [INFO] IPUIPlugin:80 - create IPUIPlugin
2024-06-18 20:37:54,255 [INFO] IPUIPlugin:80 - create IPUIPlugin
2024-06-18 20:37:54,255 [INFO] IPUIPlugin:80 - create IPUIPlugin
2024-06-18 20:37:54,255 [INFO] IPUIPlugin:80 - create IPUIPlugin
2024-06-18 20:37:54,255 [INFO] IPUIPlugin:80 - create IPUIPlugin
2024-06-18 20:37:54,256 [INFO] IPUIPlugin:80 - create IPUIPlugin
2024-06-18 20:37:54,256 [INFO] IPUIPlugin:80 - create IPUIPlugin
2024-06-18 20:37:54,256 [INFO] IPUIPlugin:80 - create IPUIPlugin
2024-06-18 20:37:54,256 [INFO] IPUIPlugin:80 - create IPUIPlugin
2024-06-18 20:37:54,256 [INFO] IPUIPlugin:80 - create IPUIPlugin
2024-06-18 20:37:54,256 [INFO] IPUIPlugin:80 - create IPUIPlugin
2024-06-18 20:37:54,256 [INFO] IPUIPlugin:80 - create IPUIPlugin
2024-06-18 20:37:54,257 [INFO] IPUIPlugin:80 - create IPUIPlugin
2024-06-18 20:37:54,257 [INFO] IPUIPlugin:80 - create IPUIPlugin
2024-06-18 20:37:54,257 [INFO] IPUIPlugin:80 - create IPUIPlugin
2024-06-18 20:37:54,257 [INFO] IPUIPlugin:80 - create IPUIPlugin
2024-06-18 20:37:54,257 [INFO] IPUIPlugin:80 - create IPUIPlugin
2024-06-18 20:37:54,258 [INFO] IPUIPlugin:80 - create IPUIPlugin
2024-06-18 20:37:54,258 [INFO] IPUIPlugin:80 - create IPUIPlugin
2024-06-18 20:37:54,258 [INFO] IPUIPlugin:80 - create IPUIPlugin
2024-06-18 20:37:54,258 [INFO] IPUIPlugin:80 - create IPUIPlugin
2024-06-18 20:37:54,258 [INFO] IPUIPlugin:80 - create IPUIPlugin
2024-06-18 20:37:54,259 [INFO] IPUIPlugin:80 - create IPUIPlugin
2024-06-18 20:37:54,259 [INFO] IPUIPlugin:80 - create IPUIPlugin
2024-06-18 20:37:54,259 [INFO] IPUIPlugin:80 - create IPUIPlugin
2024-06-18 20:37:54,260 [INFO] IPUIPlugin:80 - create IPUIPlugin
2024-06-18 20:37:54,261 [WARN] IP:2120 - I2C_Coeff_DF not found: check if there is a RefParameter without a condition.
2024-06-18 20:37:54,261 [WARN] IP:2120 - Analog_Filter not found: check if there is a RefParameter without a condition.
2024-06-18 20:37:54,300 [WARN] FreeRTOS:1023 - Null or empty value: should not occur! (nothing added to the table)
2024-06-18 20:37:54,374 [INFO] CADModel:165 - CPN selected for project levelSTM32F103C8T6
2024-06-18 20:37:54,374 [INFO] CADModel:114 - Register for checkConnection events
2024-06-18 20:37:54,376 [INFO] RtosManager:697 - Active RTOS found at IOC load: FREERTOS [Cortex-M3NS]
2024-06-18 20:37:54,443 [INFO] OpenFileManager:343 - Restore cursor
2024-06-18 20:37:54,698 [WARN] IP:2120 - I2C_Coeff_DF not found: check if there is a RefParameter without a condition.
2024-06-18 20:37:54,698 [WARN] IP:2120 - Analog_Filter not found: check if there is a RefParameter without a condition.
2024-06-18 20:37:54,699 [WARN] IP:2120 - I2C_Coeff_DF not found: check if there is a RefParameter without a condition.
2024-06-18 20:37:54,699 [WARN] IP:2120 - Analog_Filter not found: check if there is a RefParameter without a condition.
