2024-05-18 11:32:11,873 [INFO] Activator:176 - 


2024-05-18 11:32:11,882 [INFO] Activator:177 - !SESSION log4j initialized
2024-05-18 11:32:19,227 [INFO] LogOutputStream:77 - [STDOUT_REDIRECT] 
2024-05-18 11:32:23,230 [INFO] ApplicationProperties:184 - Using Application install path: C:\ST\STM32CubeIDE_1.15.0\STM32CubeIDE\plugins\com.st.stm32cube.common.mx_6.11.1.202404110753
2024-05-18 11:32:23,255 [INFO] DbMcusXml:78 - Set database path to: C:\ST\STM32CubeIDE_1.15.0\STM32CubeIDE\plugins\com.st.stm32cube.common.mx_6.11.1.202404110753\\db\/mcu/
2024-05-18 11:32:23,255 [INFO] ApiDb:274 - Set plugin database path to: C:\ST\STM32CubeIDE_1.15.0\STM32CubeIDE\plugins\com.st.stm32cube.common.mx_6.11.1.202404110753\\db\/plugins/boardmanager/
2024-05-18 11:32:23,256 [WARN] ApiDb:259 - Overriding images path with different value:  => C:\ST\STM32CubeIDE_1.15.0\STM32CubeIDE\plugins\com.st.stm32cube.common.mx_6.11.1.202404110753\\db\/plugins/mcufinder/images/
2024-05-18 11:32:23,266 [INFO] ApiDb:250 - Set database path to: C:\Users\Yaroslav Ludchak\.stmcufinder\plugins\mcufinder//mcu/
2024-05-18 11:32:23,268 [INFO] DbMcusAds:125 - Set database path to: C:\Users\Yaroslav Ludchak\.stmcufinder\plugins\mcufinder//mcu/
2024-05-18 11:32:23,270 [INFO] CrossReferenceDbSqlite:203 - Set database path to: C:\Users\Yaroslav Ludchak\.stmcufinder\plugins\mcufinder//mcu/cs/
2024-05-18 11:32:23,442 [INFO] RulesReader:64 - Compatibility file has been processed (297 Rules)
2024-05-18 11:32:23,586 [INFO] DbMcusXml:78 - Set database path to: C:\ST\STM32CubeIDE_1.15.0\STM32CubeIDE\plugins\com.st.stm32cube.common.mx_6.11.1.202404110753\\db\/mcu/
2024-05-18 11:32:23,586 [INFO] ApiDb:274 - Set plugin database path to: C:\ST\STM32CubeIDE_1.15.0\STM32CubeIDE\plugins\com.st.stm32cube.common.mx_6.11.1.202404110753\\db\/plugins/boardmanager/
2024-05-18 11:32:23,586 [INFO] ApiDb:261 - Set plugin images path to: C:\ST\STM32CubeIDE_1.15.0\STM32CubeIDE\plugins\com.st.stm32cube.common.mx_6.11.1.202404110753\\db\/plugins/mcufinder/images/
2024-05-18 11:32:23,587 [WARN] DbFile:41 - Overriding database path with different value: C:\Users\Yaroslav Ludchak\.stmcufinder\plugins\mcufinder/ => C:\Users\Yaroslav Ludchak\.stmcufinder\plugins\mcufinder
2024-05-18 11:32:23,587 [INFO] ApiDb:250 - Set database path to: C:\Users\Yaroslav Ludchak\.stmcufinder\plugins\mcufinder//mcu/
2024-05-18 11:32:23,587 [WARN] DbFile:41 - Overriding database path with different value: C:\Users\Yaroslav Ludchak\.stmcufinder\plugins\mcufinder/ => C:\Users\Yaroslav Ludchak\.stmcufinder\plugins\mcufinder
2024-05-18 11:32:23,587 [INFO] DbMcusAds:125 - Set database path to: C:\Users\Yaroslav Ludchak\.stmcufinder\plugins\mcufinder//mcu/
2024-05-18 11:32:23,587 [WARN] DbFile:41 - Overriding database path with different value: C:\Users\Yaroslav Ludchak\.stmcufinder\plugins\mcufinder/ => C:\Users\Yaroslav Ludchak\.stmcufinder\plugins\mcufinder
2024-05-18 11:32:23,587 [WARN] DbFile:41 - Overriding database path with different value: C:\Users\Yaroslav Ludchak\.stmcufinder\plugins\mcufinder/ => C:\Users\Yaroslav Ludchak\.stmcufinder\plugins\mcufinder
2024-05-18 11:32:23,587 [INFO] CrossReferenceDbSqlite:203 - Set database path to: C:\Users\Yaroslav Ludchak\.stmcufinder\plugins\mcufinder//mcu/cs/
2024-05-18 11:32:23,718 [INFO] MainPanel:264 - HeapMemory: 268435456
2024-05-18 11:32:23,873 [INFO] DbMcusXml:78 - Set database path to: C:\ST\STM32CubeIDE_1.15.0\STM32CubeIDE\plugins\com.st.stm32cube.common.mx_6.11.1.202404110753\\db\/mcu/
2024-05-18 11:32:23,873 [INFO] ApiDb:274 - Set plugin database path to: C:\ST\STM32CubeIDE_1.15.0\STM32CubeIDE\plugins\com.st.stm32cube.common.mx_6.11.1.202404110753\\db\/plugins/boardmanager/
2024-05-18 11:32:23,873 [INFO] ApiDb:261 - Set plugin images path to: C:\ST\STM32CubeIDE_1.15.0\STM32CubeIDE\plugins\com.st.stm32cube.common.mx_6.11.1.202404110753\\db\/plugins/mcufinder/images/
2024-05-18 11:32:23,874 [WARN] DbFile:41 - Overriding database path with different value: C:\Users\Yaroslav Ludchak\.stmcufinder\plugins\mcufinder/ => C:\Users\Yaroslav Ludchak\.stmcufinder\plugins\mcufinder
2024-05-18 11:32:23,874 [INFO] ApiDb:250 - Set database path to: C:\Users\Yaroslav Ludchak\.stmcufinder\plugins\mcufinder//mcu/
2024-05-18 11:32:23,874 [WARN] DbFile:41 - Overriding database path with different value: C:\Users\Yaroslav Ludchak\.stmcufinder\plugins\mcufinder/ => C:\Users\Yaroslav Ludchak\.stmcufinder\plugins\mcufinder
2024-05-18 11:32:23,874 [INFO] DbMcusAds:125 - Set database path to: C:\Users\Yaroslav Ludchak\.stmcufinder\plugins\mcufinder//mcu/
2024-05-18 11:32:23,874 [WARN] DbFile:41 - Overriding database path with different value: C:\Users\Yaroslav Ludchak\.stmcufinder\plugins\mcufinder/ => C:\Users\Yaroslav Ludchak\.stmcufinder\plugins\mcufinder
2024-05-18 11:32:23,874 [WARN] DbFile:41 - Overriding database path with different value: C:\Users\Yaroslav Ludchak\.stmcufinder\plugins\mcufinder/ => C:\Users\Yaroslav Ludchak\.stmcufinder\plugins\mcufinder
2024-05-18 11:32:23,874 [INFO] CrossReferenceDbSqlite:203 - Set database path to: C:\Users\Yaroslav Ludchak\.stmcufinder\plugins\mcufinder//mcu/cs/
2024-05-18 11:32:23,903 [INFO] ApplicationProperties:184 - Using Application install path: C:\ST\STM32CubeIDE_1.15.0\STM32CubeIDE\plugins\com.st.stm32cube.common.mx_6.11.1.202404110753
2024-05-18 11:32:23,905 [INFO] PluginManage:196 - Search for loadable plugins [exclusion list=, ]
2024-05-18 11:32:23,908 [INFO] PluginManage:310 - Check plugin analytics
2024-05-18 11:32:24,179 [INFO] AnalyticsPlugin:253 - Accepted Software Licenses: 
2024-05-18 11:32:24,179 [INFO] AnalyticsPlugin:255 - Accepted CMSIS Pack Licenses: 
2024-05-18 11:32:24,179 [INFO] AnalyticsPlugin:257 - Accepted Firmware Licenses: 
2024-05-18 11:32:24,183 [INFO] PluginManage:359 - Loaded plugin analytics (category:tool,tabindex:-1)
2024-05-18 11:32:24,184 [INFO] PluginManage:310 - Check plugin cadmodel
2024-05-18 11:32:24,313 [INFO] CADModel:105 - Init CAD model plugin
2024-05-18 11:32:24,314 [INFO] PluginManage:359 - Loaded plugin cadmodel (category:power,tabindex:5)
2024-05-18 11:32:24,314 [INFO] PluginManage:310 - Check plugin clock
2024-05-18 11:32:24,345 [INFO] PluginManage:359 - Loaded plugin clock (category:base,tabindex:2)
2024-05-18 11:32:24,345 [INFO] PluginManage:310 - Check plugin ddr
2024-05-18 11:32:24,349 [INFO] PluginManage:359 - Loaded plugin ddr (category:tool,tabindex:6)
2024-05-18 11:32:24,349 [INFO] PluginManage:310 - Check plugin filemanager
2024-05-18 11:32:24,538 [INFO] PluginManage:359 - Loaded plugin filemanager (category:base,tabindex:10)
2024-05-18 11:32:24,539 [INFO] PluginManage:310 - Check plugin ipmanager
2024-05-18 11:32:24,550 [INFO] PluginManage:359 - Loaded plugin ipmanager (category:base,tabindex:5)
2024-05-18 11:32:24,550 [INFO] PluginManage:310 - Check plugin lpbam
2024-05-18 11:32:24,574 [INFO] PluginManage:359 - Loaded plugin lpbam (category:base,tabindex:0)
2024-05-18 11:32:24,575 [INFO] PluginManage:310 - Check plugin memorymap
2024-05-18 11:32:24,606 [INFO] PluginManage:359 - Loaded plugin memorymap (category:base,tabindex:4)
2024-05-18 11:32:24,607 [INFO] PluginManage:310 - Check plugin pinoutandconfiguration
2024-05-18 11:32:24,631 [INFO] PluginManage:359 - Loaded plugin pinoutandconfiguration (category:base,tabindex:1)
2024-05-18 11:32:24,631 [INFO] PluginManage:310 - Check plugin pinoutconfig
2024-05-18 11:32:24,774 [WARN] SupportedApi:132 - Cannot load RTOS API schema: s4s-elt-must-match.1: The content of 'definitions' must match (annotation?, (simpleType | complexType)?, (unique | key | keyref)*)). A problem was found starting at: attribute.
2024-05-18 11:32:24,957 [INFO] PluginManage:359 - Loaded plugin pinoutconfig (category:base,tabindex:0)
2024-05-18 11:32:24,957 [INFO] PluginManage:310 - Check plugin power
2024-05-18 11:32:24,985 [INFO] PluginManage:359 - Loaded plugin power (category:power,tabindex:4)
2024-05-18 11:32:24,986 [INFO] PluginManage:310 - Check plugin projectmanager
2024-05-18 11:32:25,009 [INFO] PluginManage:359 - Loaded plugin projectmanager (category:projectmanager,tabindex:3)
2024-05-18 11:32:25,009 [INFO] PluginManage:310 - Check plugin thirdparty
2024-05-18 11:32:25,411 [INFO] PluginManage:359 - Loaded plugin thirdparty (category:base,tabindex:-1)
2024-05-18 11:32:25,411 [INFO] PluginManage:310 - Check plugin tools
2024-05-18 11:32:25,411 [WARN] IntegrityCheckThread:84 - waiting for thirdparty lock release [integrity check]
2024-05-18 11:32:25,412 [INFO] IntegrityCheckThread:86 - entering critical section [integrity check]
2024-05-18 11:32:25,412 [INFO] ThirdPartyUpdaterWithRetryManager:70 - Updater plugin not ready yet. [1/15]
2024-05-18 11:32:25,461 [INFO] PluginManage:359 - Loaded plugin tools (category:base,tabindex:7)
2024-05-18 11:32:25,461 [INFO] PluginManage:310 - Check plugin tutovideos
2024-05-18 11:32:25,733 [INFO] PluginManage:359 - Loaded plugin tutovideos (category:base,tabindex:-1)
2024-05-18 11:32:25,733 [INFO] PluginManage:310 - Check plugin updater
2024-05-18 11:32:25,750 [INFO] PluginManage:359 - Loaded plugin updater (category:base,tabindex:12)
2024-05-18 11:32:25,750 [INFO] PluginManage:310 - Check plugin userauth
2024-05-18 11:32:25,759 [INFO] UserAuth:114 - Init User Auth plugin
2024-05-18 11:32:25,759 [INFO] PluginManage:359 - Loaded plugin userauth (category:base,tabindex:14)
2024-05-18 11:32:25,760 [INFO] PluginManage:283 - PluginManage : Loaded plugins [17]
2024-05-18 11:32:26,094 [INFO] PinOutPanel:1561 - setPackage(No Configuration,No Configuration)
2024-05-18 11:32:26,215 [INFO] CADModel:165 - CPN selected for project level
2024-05-18 11:32:26,216 [INFO] CADModel:114 - Register for checkConnection events
2024-05-18 11:32:26,256 [INFO] IPUIPlugin:80 - create IPUIPlugin
2024-05-18 11:32:26,256 [INFO] PluginManager:220 - loadIPPluginJar : add adc
2024-05-18 11:32:26,305 [INFO] IPUIPlugin:80 - create IPUIPlugin
2024-05-18 11:32:26,306 [INFO] PluginManager:220 - loadIPPluginJar : add aes
2024-05-18 11:32:26,364 [INFO] IPUIPlugin:80 - create IPUIPlugin
2024-05-18 11:32:26,364 [INFO] PluginManager:220 - loadIPPluginJar : add can
2024-05-18 11:32:26,395 [INFO] IPUIPlugin:80 - create IPUIPlugin
2024-05-18 11:32:26,395 [INFO] PluginManager:220 - loadIPPluginJar : add comp
2024-05-18 11:32:26,440 [INFO] IPUIPlugin:80 - create IPUIPlugin
2024-05-18 11:32:26,440 [INFO] PluginManager:220 - loadIPPluginJar : add cryp
2024-05-18 11:32:26,480 [INFO] IPUIPlugin:80 - create IPUIPlugin
2024-05-18 11:32:26,480 [INFO] PluginManager:220 - loadIPPluginJar : add dfsdm
2024-05-18 11:32:26,502 [INFO] IPUIPlugin:80 - create IPUIPlugin
2024-05-18 11:32:26,503 [INFO] PluginManager:220 - loadIPPluginJar : add dma
2024-05-18 11:32:26,565 [INFO] IPUIPlugin:80 - create IPUIPlugin
2024-05-18 11:32:26,565 [INFO] PluginManager:220 - loadIPPluginJar : add dma3
2024-05-18 11:32:26,626 [INFO] IPUIPlugin:80 - create IPUIPlugin
2024-05-18 11:32:26,626 [INFO] PluginManager:220 - loadIPPluginJar : add extmemmanager
2024-05-18 11:32:26,658 [INFO] IPUIPlugin:80 - create IPUIPlugin
2024-05-18 11:32:26,658 [INFO] PluginManager:220 - loadIPPluginJar : add fatfs
2024-05-18 11:32:26,724 [INFO] IPUIPlugin:80 - create IPUIPlugin
2024-05-18 11:32:26,724 [INFO] PluginManager:220 - loadIPPluginJar : add fmc
2024-05-18 11:32:26,744 [INFO] IPUIPlugin:80 - create IPUIPlugin
2024-05-18 11:32:26,744 [INFO] PluginManager:220 - loadIPPluginJar : add freertos
2024-05-18 11:32:26,772 [INFO] IPUIPlugin:80 - create IPUIPlugin
2024-05-18 11:32:26,772 [INFO] PluginManager:220 - loadIPPluginJar : add genericplugin
2024-05-18 11:32:26,910 [INFO] IPUIPlugin:80 - create IPUIPlugin
2024-05-18 11:32:26,910 [INFO] PluginManager:220 - loadIPPluginJar : add gfxmmu
2024-05-18 11:32:27,099 [INFO] IPUIPlugin:80 - create IPUIPlugin
2024-05-18 11:32:27,100 [INFO] PluginManager:220 - loadIPPluginJar : add gic
2024-05-18 11:32:27,117 [INFO] IPUIPlugin:80 - create IPUIPlugin
2024-05-18 11:32:27,117 [INFO] PluginManager:220 - loadIPPluginJar : add gpio
2024-05-18 11:32:27,242 [INFO] IPUIPlugin:80 - create IPUIPlugin
2024-05-18 11:32:27,242 [INFO] PluginManager:220 - loadIPPluginJar : add gtzc
2024-05-18 11:32:27,286 [INFO] IPUIPlugin:80 - create IPUIPlugin
2024-05-18 11:32:27,287 [INFO] PluginManager:220 - loadIPPluginJar : add hash
2024-05-18 11:32:27,359 [INFO] IPUIPlugin:80 - create IPUIPlugin
2024-05-18 11:32:27,359 [INFO] PluginManager:220 - loadIPPluginJar : add i2c
2024-05-18 11:32:27,426 [INFO] IPUIPlugin:80 - create IPUIPlugin
2024-05-18 11:32:27,426 [INFO] PluginManager:220 - loadIPPluginJar : add i2s
2024-05-18 11:32:27,487 [INFO] IPUIPlugin:80 - create IPUIPlugin
2024-05-18 11:32:27,487 [INFO] PluginManager:220 - loadIPPluginJar : add i3c
2024-05-18 11:32:27,623 [INFO] IPUIPlugin:80 - create IPUIPlugin
2024-05-18 11:32:27,623 [INFO] PluginManager:220 - loadIPPluginJar : add ipddr
2024-05-18 11:32:27,746 [INFO] IPUIPlugin:80 - create IPUIPlugin
2024-05-18 11:32:27,746 [INFO] PluginManager:220 - loadIPPluginJar : add linkedlist
2024-05-18 11:32:27,808 [INFO] IPUIPlugin:80 - create IPUIPlugin
2024-05-18 11:32:27,808 [INFO] PluginManager:220 - loadIPPluginJar : add lorawan
2024-05-18 11:32:27,863 [INFO] IPUIPlugin:80 - create IPUIPlugin
2024-05-18 11:32:27,864 [INFO] PluginManager:220 - loadIPPluginJar : add ltdc
2024-05-18 11:32:27,883 [INFO] IPUIPlugin:80 - create IPUIPlugin
2024-05-18 11:32:27,883 [INFO] PluginManager:220 - loadIPPluginJar : add mdma
2024-05-18 11:32:27,901 [INFO] IPUIPlugin:80 - create IPUIPlugin
2024-05-18 11:32:27,901 [INFO] PluginManager:220 - loadIPPluginJar : add nvic
2024-05-18 11:32:27,951 [INFO] IPUIPlugin:80 - create IPUIPlugin
2024-05-18 11:32:27,952 [INFO] PluginManager:220 - loadIPPluginJar : add opamp
2024-05-18 11:32:28,036 [INFO] IPUIPlugin:80 - create IPUIPlugin
2024-05-18 11:32:28,036 [INFO] PluginManager:220 - loadIPPluginJar : add openamp
2024-05-18 11:32:28,097 [INFO] IPUIPlugin:80 - create IPUIPlugin
2024-05-18 11:32:28,097 [INFO] PluginManager:220 - loadIPPluginJar : add pdm2pcm
2024-05-18 11:32:28,119 [INFO] IPUIPlugin:80 - create IPUIPlugin
2024-05-18 11:32:28,122 [INFO] PluginManager:220 - loadIPPluginJar : add plateformsettings
2024-05-18 11:32:28,154 [INFO] IPUIPlugin:80 - create IPUIPlugin
2024-05-18 11:32:28,154 [INFO] PluginManager:220 - loadIPPluginJar : add quadspi
2024-05-18 11:32:28,172 [INFO] IPUIPlugin:80 - create IPUIPlugin
2024-05-18 11:32:28,173 [INFO] PluginManager:220 - loadIPPluginJar : add resmgrutility
2024-05-18 11:32:28,233 [INFO] IPUIPlugin:80 - create IPUIPlugin
2024-05-18 11:32:28,233 [INFO] PluginManager:220 - loadIPPluginJar : add sai
2024-05-18 11:32:28,280 [INFO] IPUIPlugin:80 - create IPUIPlugin
2024-05-18 11:32:28,280 [INFO] PluginManager:220 - loadIPPluginJar : add spi
2024-05-18 11:32:28,369 [INFO] IPUIPlugin:80 - create IPUIPlugin
2024-05-18 11:32:28,370 [INFO] PluginManager:220 - loadIPPluginJar : add stm32_wpan
2024-05-18 11:32:28,400 [INFO] IPUIPlugin:80 - create IPUIPlugin
2024-05-18 11:32:28,400 [INFO] PluginManager:220 - loadIPPluginJar : add tim
2024-05-18 11:32:28,414 [INFO] ThirdPartyUpdaterWithRetryManager:70 - Updater plugin not ready yet. [2/15]
2024-05-18 11:32:28,479 [INFO] IPUIPlugin:80 - create IPUIPlugin
2024-05-18 11:32:28,479 [INFO] PluginManager:220 - loadIPPluginJar : add touchsensing
2024-05-18 11:32:28,510 [INFO] IPUIPlugin:80 - create IPUIPlugin
2024-05-18 11:32:28,510 [INFO] PluginManager:220 - loadIPPluginJar : add tracer_emb
2024-05-18 11:32:28,541 [INFO] IPUIPlugin:80 - create IPUIPlugin
2024-05-18 11:32:28,541 [INFO] PluginManager:220 - loadIPPluginJar : add ts
2024-05-18 11:32:28,571 [INFO] IPUIPlugin:80 - create IPUIPlugin
2024-05-18 11:32:28,572 [INFO] PluginManager:220 - loadIPPluginJar : add tsc
2024-05-18 11:32:28,601 [INFO] IPUIPlugin:80 - create IPUIPlugin
2024-05-18 11:32:28,601 [INFO] PluginManager:220 - loadIPPluginJar : add ucpd
2024-05-18 11:32:28,658 [INFO] IPUIPlugin:80 - create IPUIPlugin
2024-05-18 11:32:28,658 [INFO] PluginManager:220 - loadIPPluginJar : add usart
2024-05-18 11:32:28,717 [INFO] IPUIPlugin:80 - create IPUIPlugin
2024-05-18 11:32:28,717 [INFO] PluginManager:220 - loadIPPluginJar : add usbx
2024-05-18 11:32:28,884 [INFO] CADModel:165 - CPN selected for project level
2024-05-18 11:32:28,884 [INFO] CADModel:114 - Register for checkConnection events
2024-05-18 11:32:28,884 [FATAL] Updater:308 - Updater called before beeing initialized
2024-05-18 11:32:28,884 [ERROR] CADModel:125 - Updater not yet initialized, retry later 
2024-05-18 11:32:29,095 [INFO] CADModel:165 - CPN selected for project level
2024-05-18 11:32:29,096 [INFO] CADModel:114 - Register for checkConnection events
2024-05-18 11:32:29,096 [FATAL] Updater:308 - Updater called before beeing initialized
2024-05-18 11:32:29,096 [ERROR] CADModel:125 - Updater not yet initialized, retry later 
2024-05-18 11:32:29,101 [FATAL] Updater:308 - Updater called before beeing initialized
2024-05-18 11:32:29,266 [FATAL] Updater:308 - Updater called before beeing initialized
2024-05-18 11:32:29,282 [INFO] DbMcusAds:53 - JSON generation date=Thu May 02 11:37:29 EEST 2024 (1714639049318)
2024-05-18 11:32:29,282 [FATAL] Updater:308 - Updater called before beeing initialized
2024-05-18 11:32:29,419 [WARN] DetailPanel:346 - Failed to get advertising image, set to default
2024-05-18 11:32:29,568 [FATAL] Updater:308 - Updater called before beeing initialized
2024-05-18 11:32:29,571 [FATAL] Updater:308 - Updater called before beeing initialized
2024-05-18 11:32:29,571 [FATAL] Updater:308 - Updater called before beeing initialized
2024-05-18 11:32:29,571 [WARN] DetailPanel:346 - Failed to get advertising image, set to default
2024-05-18 11:32:29,573 [FATAL] Updater:308 - Updater called before beeing initialized
2024-05-18 11:32:29,669 [ERROR] Updater:1120 - MainUpdater not yet initialized. External WinMGr cannot be set.
2024-05-18 11:32:29,684 [INFO] Updater:1056 - Updater Version found : 6.11.1
2024-05-18 11:32:29,714 [INFO] ApplicationProperties:184 - Using Application install path: C:\ST\STM32CubeIDE_1.15.0\STM32CubeIDE\plugins\com.st.stm32cube.common.mx_6.11.1.202404110753
2024-05-18 11:32:30,841 [INFO] MainUpdater:2873 - connection check result : 10
2024-05-18 11:32:30,842 [INFO] MainUpdater:290 - Updater Check For Update Now.
2024-05-18 11:32:30,842 [INFO] MicroXplorer:498 - Change Database Version : DB.6.0.111
2024-05-18 11:32:30,863 [INFO] McuFinderGlobals:63 - Set McuFinder mode to 2 (CubeIDE integrated)
2024-05-18 11:32:30,884 [INFO] UserAuth:415 - Internet connection configuration mode: 1
2024-05-18 11:32:30,929 [INFO] JxBrowserEngine:152 - Initiate JxBrowser Engine with user profile folder
2024-05-18 11:32:31,118 [INFO] CheckServerUpdateThread:120 - End of CheckServer Thread
2024-05-18 11:32:31,247 [INFO] McuFinderGlobals:63 - Set McuFinder mode to 2 (CubeIDE integrated)
2024-05-18 11:32:31,283 [INFO] MainUpdater:2873 - connection check result : 10
2024-05-18 11:32:31,293 [INFO] MainUpdater:2873 - connection check result : 10
2024-05-18 11:32:31,645 [INFO] MicroXplorer:468 - Change Database Path : 
2024-05-18 11:32:31,645 [INFO] MicroXplorer:498 - Change Database Version : DB.6.0.111
2024-05-18 11:32:31,663 [WARN] ThirdParty:871 - waiting for thirdparty lock release [close project]
2024-05-18 11:32:31,794 [WARN] PackLoader:240 - Cannot read IP mode file for STMicroelectronics.FP-SNS-MOTENVWB1.1.4.0
2024-05-18 11:32:31,830 [WARN] PackLoader:240 - Cannot read IP mode file for STMicroelectronics.X-CUBE-SMBUS.2.1.0
2024-05-18 11:32:31,859 [WARN] PackLoader:240 - Cannot read IP mode file for STMicroelectronics.X-CUBE-TOUCHGFX.4.23.2
2024-05-18 11:32:31,937 [WARN] PackLoader:240 - Cannot read IP mode file for STMicroelectronics.X-CUBE-AZRTOS-F7.1.1.0
2024-05-18 11:32:31,966 [WARN] PackLoader:240 - Cannot read IP mode file for STMicroelectronics.FP-SNS-FLIGHT1.5.0.2
2024-05-18 11:32:31,991 [WARN] PackLoader:240 - Cannot read IP mode file for STMicroelectronics.X-CUBE-DISPLAY.3.0.0
2024-05-18 11:32:32,028 [WARN] PackLoader:240 - Cannot read IP mode file for STMicroelectronics.X-CUBE-BLE1.7.0.0
2024-05-18 11:32:32,051 [WARN] PackLoader:240 - Cannot read IP mode file for emotas.I-CUBE-CANOPEN.1.3.0
2024-05-18 11:32:32,083 [WARN] PackLoader:240 - Cannot read IP mode file for STMicroelectronics.X-CUBE-BLEMGR.3.1.0
2024-05-18 11:32:32,112 [WARN] PackLoader:240 - Cannot read IP mode file for STMicroelectronics.FP-SNS-SMARTAG2.1.2.0
2024-05-18 11:32:32,148 [INFO] LogOutputStream:77 - [STDOUT_REDIRECT] 1 : Invalid condition id : UX_CORESTACK_Condition cause : null
2024-05-18 11:32:32,149 [INFO] LogOutputStream:77 - [STDOUT_REDIRECT] 1 : Invalid condition id : UX_CORESTACK_Condition cause : null
2024-05-18 11:32:32,151 [INFO] LogOutputStream:77 - [STDOUT_REDIRECT] 1 : Invalid condition id : UX_CORESTACK_Condition cause : null
2024-05-18 11:32:32,153 [INFO] LogOutputStream:77 - [STDOUT_REDIRECT] 1 : Invalid condition id : UX_CORESTACK_Condition cause : null
2024-05-18 11:32:32,155 [INFO] LogOutputStream:77 - [STDOUT_REDIRECT] 1 : Invalid condition id : UX_CORESTACK_Condition cause : null
2024-05-18 11:32:32,161 [WARN] PackLoader:240 - Cannot read IP mode file for STMicroelectronics.X-CUBE-AZRTOS-WL.2.0.0
2024-05-18 11:32:32,187 [WARN] PackLoader:240 - Cannot read IP mode file for STMicroelectronics.FP-SNS-MOTENV1.5.0.0
2024-05-18 11:32:32,216 [WARN] PackLoader:240 - Cannot read IP mode file for WES.I-CUBE-Cesium.1.3.0
2024-05-18 11:32:32,240 [WARN] PackLoader:240 - Cannot read IP mode file for STMicroelectronics.X-CUBE-BLE2.3.3.0
2024-05-18 11:32:32,263 [WARN] PackLoader:240 - Cannot read IP mode file for STMicroelectronics.X-CUBE-TCPP.4.1.0
2024-05-18 11:32:32,289 [WARN] PackLoader:240 - Cannot read IP mode file for STMicroelectronics.X-CUBE-ALGOBUILD.1.3.0
2024-05-18 11:32:32,339 [WARN] PackLoader:240 - Cannot read IP mode file for STMicroelectronics.X-CUBE-AZRTOS-G0.1.1.0
2024-05-18 11:32:32,366 [WARN] PackLoader:240 - Cannot read IP mode file for STMicroelectronics.X-CUBE-SAFEA1.1.2.2
2024-05-18 11:32:32,386 [WARN] PackLoader:240 - Cannot read IP mode file for STMicroelectronics.X-CUBE-NFC4.3.0.0
2024-05-18 11:32:32,405 [WARN] PackLoader:240 - Cannot read IP mode file for wolfSSL.I-CUBE-wolfSSL.5.7.0
2024-05-18 11:32:32,421 [WARN] PackLoader:240 - Cannot read IP mode file for STMicroelectronics.FP-ATR-SIGFOX1.3.2.0
2024-05-18 11:32:32,441 [WARN] PackLoader:240 - Cannot read IP mode file for STMicroelectronics.X-CUBE-EEPRMA1.5.1.0
2024-05-18 11:32:32,468 [WARN] PackLoader:240 - Cannot read IP mode file for ITTIA_DB.I-CUBE-ITTIADB.8.9.0
2024-05-18 11:32:32,513 [WARN] PackLoader:240 - Cannot read IP mode file for SEGGER.I-CUBE-embOS.1.3.1
2024-05-18 11:32:32,582 [WARN] PackLoader:240 - Cannot read IP mode file for STMicroelectronics.X-CUBE-ALGOBUILD.1.4.0
2024-05-18 11:32:32,604 [WARN] PackLoader:240 - Cannot read IP mode file for STMicroelectronics.X-CUBE-GNSS1.6.0.0
2024-05-18 11:32:32,652 [WARN] PackLoader:240 - Cannot read IP mode file for STMicroelectronics.X-CUBE-AZRTOS-F4.1.1.0
2024-05-18 11:32:32,678 [WARN] PackLoader:240 - Cannot read IP mode file for STMicroelectronics.X-CUBE-FREERTOS.1.2.0
2024-05-18 11:32:32,721 [WARN] PackLoader:240 - Cannot read IP mode file for STMicroelectronics.X-CUBE-AZRTOS-L5.2.0.0
2024-05-18 11:32:32,744 [WARN] PackLoader:240 - Cannot read IP mode file for STMicroelectronics.X-CUBE-NFC6.3.1.0
2024-05-18 11:32:32,765 [WARN] PackLoader:240 - Cannot read IP mode file for STMicroelectronics.X-CUBE-AI.9.0.0
2024-05-18 11:32:32,783 [WARN] PackLoader:240 - Cannot read IP mode file for STMicroelectronics.X-CUBE-NFC7.1.0.1
2024-05-18 11:32:32,824 [WARN] ConditionMgr:438 - getConditionDescription Invalid condition id : LAN8742 Phy interface Condition cause : null
2024-05-18 11:32:32,825 [WARN] PackLoader:240 - Cannot read IP mode file for STMicroelectronics.X-CUBE-AZRTOS-L4.2.0.0
2024-05-18 11:32:32,826 [WARN] ConditionMgr:1039 - genDependencies : Invalid condition id : LAN8742 Phy interface Condition cause : null
2024-05-18 11:32:32,827 [WARN] ConditionMgr:1039 - genDependencies : Invalid condition id : LAN8742 Phy interface Condition cause : null
2024-05-18 11:32:32,828 [WARN] ConditionMgr:1039 - genDependencies : Invalid condition id : LAN8742 Phy interface Condition cause : null
2024-05-18 11:32:32,858 [WARN] PackLoader:240 - Cannot read IP mode file for STMicroelectronics.X-CUBE-SFXS2LP1.4.0.0
2024-05-18 11:32:32,904 [WARN] ConditionMgr:438 - getConditionDescription Invalid condition id : UX DEVICE CLASS RTOS Condition cause : null
2024-05-18 11:32:32,904 [WARN] ConditionMgr:438 - getConditionDescription Invalid condition id : UX DEVICE CLASS RTOS Condition cause : null
2024-05-18 11:32:32,908 [WARN] PackLoader:240 - Cannot read IP mode file for STMicroelectronics.X-CUBE-AZRTOS-WB.2.0.0
2024-05-18 11:32:32,909 [WARN] ConditionMgr:1039 - genDependencies : Invalid condition id : UX DEVICE CLASS RTOS Condition cause : null
2024-05-18 11:32:32,909 [WARN] ConditionMgr:1039 - genDependencies : Invalid condition id : UX DEVICE CLASS RTOS Condition cause : null
2024-05-18 11:32:32,910 [WARN] ConditionMgr:1039 - genDependencies : Invalid condition id : UX DEVICE CLASS RTOS Condition cause : null
2024-05-18 11:32:32,911 [WARN] ConditionMgr:1039 - genDependencies : Invalid condition id : UX DEVICE CLASS RTOS Condition cause : null
2024-05-18 11:32:32,911 [WARN] ConditionMgr:1039 - genDependencies : Invalid condition id : UX DEVICE CLASS RTOS Condition cause : null
2024-05-18 11:32:32,944 [WARN] PackLoader:240 - Cannot read IP mode file for STMicroelectronics.X-CUBE-SUBG2.5.0.0
2024-05-18 11:32:33,034 [WARN] PackLoader:240 - Cannot read IP mode file for STMicroelectronics.X-CUBE-AZRTOS-G4.2.0.0
2024-05-18 11:32:33,080 [WARN] PackLoader:240 - Cannot read IP mode file for STMicroelectronics.X-CUBE-ISPU.2.0.0
2024-05-18 11:32:33,185 [WARN] PackLoader:240 - Cannot read IP mode file for STMicroelectronics.X-CUBE-MEMS1.10.0.0
2024-05-18 11:32:33,322 [WARN] PackLoader:240 - Cannot read IP mode file for STMicroelectronics.X-CUBE-FREERTOS.1.1.0
2024-05-18 11:32:33,344 [WARN] PackLoader:240 - Cannot read IP mode file for portGmbH.I-Cube-SoM-uGOAL.1.1.0
2024-05-18 11:32:33,363 [WARN] PackLoader:240 - Cannot read IP mode file for STMicroelectronics.X-CUBE-ALS.1.0.1
2024-05-18 11:32:33,405 [WARN] PackLoader:240 - Cannot read IP mode file for STMicroelectronics.X-CUBE-AZRTOS-H7RS.1.0.0
2024-05-18 11:32:33,426 [WARN] PackLoader:240 - Cannot read IP mode file for STMicroelectronics.FP-ATR-ASTRA1.2.0.0
2024-05-18 11:32:33,452 [WARN] PackLoader:240 - Cannot read IP mode file for STMicroelectronics.X-CUBE-TOF1.3.4.1
2024-05-18 11:32:33,499 [WARN] PackLoader:240 - Cannot read IP mode file for STMicroelectronics.X-CUBE-AZRTOS-H7.3.2.0
2024-05-18 11:32:33,535 [WARN] PackLoader:240 - Cannot read IP mode file for Infineon.AIROC-Wi-Fi-Bluetooth-STM32.1.6.0
2024-05-18 11:32:33,540 [INFO] ThirdParty:978 - Integrity check success = true
2024-05-18 11:32:33,540 [INFO] IntegrityCheckThread:100 - exiting critical section [integrity check]
2024-05-18 11:32:33,541 [INFO] IntegrityCheckThread:103 - End integrity checks thread
2024-05-18 11:32:33,541 [INFO] ThirdParty:873 - entering critical section [close project]
2024-05-18 11:32:33,542 [INFO] ThirdParty:883 - exiting critical section [close project]
2024-05-18 11:32:33,545 [INFO] PinOutPanel:1561 - setPackage(No Configuration,No Configuration)
2024-05-18 11:32:33,551 [INFO] UtilMem:75 - Begin LoadConfig() Used Memory: 186568344 Bytes (268435456)
2024-05-18 11:32:33,553 [INFO] MicroXplorer:468 - Change Database Path : 
2024-05-18 11:32:33,553 [INFO] MicroXplorer:498 - Change Database Version : DB.6.0.111
2024-05-18 11:32:33,553 [INFO] OpenFileManager:312 - Change cursor
2024-05-18 11:32:33,604 [INFO] Mcu:2021 - Initializing MCU STM32F103C(8-B)Tx STM32F103C8Tx STM32F103C8T6
2024-05-18 11:32:35,058 [INFO] Context:663 - Trying to add GPIOservice into a context  which must be forbidden
2024-05-18 11:32:35,541 [INFO] RtosManager:555 - Registered RTOS mode: class=CMSIS, group=RTOS, mode=CMSIS_V1, owner=FREERTOS
2024-05-18 11:32:35,541 [INFO] RtosManager:555 - Registered RTOS mode: class=CMSIS, group=RTOS2, mode=CMSIS_V2, owner=FREERTOS
2024-05-18 11:32:35,541 [INFO] RtosManager:555 - Registered RTOS mode: class=RTOS, group=Core, mode=CMSIS_V1, owner=FREERTOS
2024-05-18 11:32:35,541 [INFO] RtosManager:555 - Registered RTOS mode: class=RTOS, group=Core, mode=CMSIS_V2, owner=FREERTOS
2024-05-18 11:32:35,541 [WARN] ModelIntegratedComponent:184 - Missing modes for component STMicroelectronics:FreeRTOS:0.0.1:STMicroelectronics:RTOS:FreeRTOS:Core:::10.2.0:
2024-05-18 11:32:35,563 [WARN] ModelIntegratedComponent:63 - No mode defined for component null
2024-05-18 11:32:35,563 [WARN] ModelIntegratedComponent:63 - No mode defined for component null
2024-05-18 11:32:35,563 [WARN] ModelIntegratedComponent:63 - No mode defined for component null
2024-05-18 11:32:35,564 [WARN] ModelIntegratedComponent:63 - No mode defined for component null
2024-05-18 11:32:35,564 [WARN] ModelIntegratedComponent:63 - No mode defined for component null
2024-05-18 11:32:35,564 [WARN] ModelIntegratedComponent:63 - No mode defined for component null
2024-05-18 11:32:35,564 [WARN] ModelIntegratedComponent:63 - No mode defined for component null
2024-05-18 11:32:35,564 [WARN] ModelIntegratedComponent:63 - No mode defined for component null
2024-05-18 11:32:35,564 [WARN] ModelIntegratedComponent:63 - No mode defined for component null
2024-05-18 11:32:35,564 [WARN] ModelIntegratedComponent:63 - No mode defined for component null
2024-05-18 11:32:35,564 [WARN] ModelIntegratedComponent:63 - No mode defined for component null
2024-05-18 11:32:35,564 [WARN] ModelIntegratedComponent:63 - No mode defined for component null
2024-05-18 11:32:35,564 [WARN] ModelIntegratedComponent:63 - No mode defined for component null
2024-05-18 11:32:35,564 [WARN] ModelIntegratedComponent:63 - No mode defined for component null
2024-05-18 11:32:35,564 [WARN] ModelIntegratedComponent:63 - No mode defined for component null
2024-05-18 11:32:35,564 [WARN] ModelIntegratedComponent:63 - No mode defined for component null
2024-05-18 11:32:35,565 [WARN] ModelIntegratedComponent:63 - No mode defined for component null
2024-05-18 11:32:35,565 [WARN] ModelIntegratedComponent:63 - No mode defined for component null
2024-05-18 11:32:35,565 [WARN] ModelIntegratedComponent:63 - No mode defined for component null
2024-05-18 11:32:35,565 [WARN] ModelIntegratedComponent:63 - No mode defined for component null
2024-05-18 11:32:35,565 [WARN] ModelIntegratedComponent:63 - No mode defined for component null
2024-05-18 11:32:35,565 [WARN] ModelIntegratedComponent:63 - No mode defined for component null
2024-05-18 11:32:35,565 [WARN] ModelIntegratedComponent:63 - No mode defined for component null
2024-05-18 11:32:35,565 [WARN] ModelIntegratedComponent:63 - No mode defined for component null
2024-05-18 11:32:35,565 [WARN] ModelIntegratedComponent:63 - No mode defined for component null
2024-05-18 11:32:35,565 [WARN] ModelIntegratedComponent:63 - No mode defined for component null
2024-05-18 11:32:35,565 [WARN] ModelIntegratedComponent:63 - No mode defined for component null
2024-05-18 11:32:35,565 [WARN] ModelIntegratedComponent:63 - No mode defined for component null
2024-05-18 11:32:35,566 [WARN] ModelIntegratedComponent:63 - No mode defined for component null
2024-05-18 11:32:35,566 [WARN] ModelIntegratedComponent:63 - No mode defined for component null
2024-05-18 11:32:35,566 [WARN] ModelIntegratedComponent:63 - No mode defined for component null
2024-05-18 11:32:35,566 [WARN] ModelIntegratedComponent:63 - No mode defined for component null
2024-05-18 11:32:35,566 [WARN] ModelIntegratedComponent:63 - No mode defined for component null
2024-05-18 11:32:35,566 [WARN] ModelIntegratedComponent:63 - No mode defined for component null
2024-05-18 11:32:35,743 [INFO] ThirdPartyModel:298 - Start build external matchings
2024-05-18 11:32:36,018 [INFO] ThirdPartyModel:316 - End build external matchings
2024-05-18 11:32:36,034 [INFO] RtosManager:919 - Current active RTOS is FREERTOS [Cortex-M3NS]
2024-05-18 11:32:36,051 [INFO] ImportTextPane:194 - (OptionalMessage_ERROR) IP (RCC) : Parameter (ADCFreqValue) has invalid value (36000000)
2024-05-18 11:32:36,051 [INFO] ImportTextPane:194 - (OptionalMessage_ERROR) IP (RCC) : Invalid parameter (FamilyName)
2024-05-18 11:32:36,051 [INFO] ImportTextPane:194 - (OptionalMessage_ERROR) IP (RCC) : Parameter (MCOFreq_Value) has invalid value (72000000)
2024-05-18 11:32:36,052 [INFO] ImportTextPane:194 - (OptionalMessage_ERROR) IP (RCC) : Parameter (USBFreq_Value) has invalid value (72000000)
2024-05-18 11:32:36,520 [INFO] ApiDb:581 - Connected to CubeFinder SQLite database (C:\Users\Yaroslav Ludchak\.stmcufinder\plugins\mcufinder\mcu\cube-finder-db.db)
2024-05-18 11:32:36,643 [INFO] ApiDb:668 - CubeFinder database Data Model version=2.1
2024-05-18 11:32:36,643 [INFO] ApiDb:669 - CubeFinder database Configuration version=3.0.39
2024-05-18 11:32:36,644 [INFO] ApiDb:670 - CubeFinder database generation date=2024-04-15 (1713193726)
2024-05-18 11:32:36,644 [INFO] ApiDb:671 - CubeFinder database FW Pack versions=[FP-ATR-ASTRA1_V2.0.0, FP-SNS-FLIGHT1_V5.0.1, FP-SNS-FLIGHT1_V5.0.2, FP-SNS-MOTENV1_V4.3.1, FP-SNS-MOTENV1_V4.3.2, FP-SNS-MOTENVWB1_V1.3.1, FP-SNS-SMARTAG2_V1.2.0, STM32Cube_FW_C0_V1.1.0, STM32Cube_FW_F4_V1.28.0, STM32Cube_FW_F7_V1.17.0, STM32Cube_FW_G0_V1.6.2, STM32Cube_FW_G4_V1.5.2, STM32Cube_FW_H5_V0.5.1, STM32Cube_FW_H5_V1.1.1, STM32Cube_FW_H5_V1.2.0, STM32Cube_FW_H5_V1.2.0RC4, STM32Cube_FW_H7RS_V1.0.0, STM32Cube_FW_H7RS_V1.0.0RC4, STM32Cube_FW_H7_V1.11.0, STM32Cube_FW_L0_V1.12.2, STM32Cube_FW_L5_V1.5.1, STM32Cube_FW_U0_V1.0.0, STM32Cube_FW_U0_V1.0.0RC1, STM32Cube_FW_U5_V1.3.0RC4, STM32Cube_FW_U5_V1.5.0, STM32Cube_FW_U5_V1.5.0RC1, STM32Cube_FW_WBA_V1.0.0RC1, STM32Cube_FW_WBA_V1.2.0, STM32Cube_FW_WBA_V1.2.0RC2, STM32Cube_FW_WBA_V1.3.0, STM32Cube_FW_WBA_V1.3.0RC1, STM32Cube_FW_WB_V1.15.0RC1, STM32Cube_FW_WB_V1.16.0, STM32Cube_FW_WB_V1.16.0RC2, STM32Cube_FW_WB_V1.18.0, STM32Cube_FW_WB_V1.19.0, STM32Cube_FW_WL_V1.3.0, X-CUBE-ALGOBUILD_V1.3.0, X-CUBE-ALS_V1.0.1, X-CUBE-AZRTOS-F4_V1.1.0, X-CUBE-AZRTOS-F7_V1.1.0, X-CUBE-AZRTOS-G0_V1.1.0, X-CUBE-AZRTOS-G4_V2.0.0, X-CUBE-AZRTOS-H7_V3.2.0, X-CUBE-AZRTOS-L4_V1.0.0, X-CUBE-AZRTOS-L4_V2.0.0, X-CUBE-AZRTOS-L5_V1.1.0, X-CUBE-AZRTOS-WB_V2.0.0, X-CUBE-AZRTOS-WL_V2.0.0, X-CUBE-BLE1_V7.0.0, X-CUBE-BLE2_V3.3.0, X-CUBE-BLEMGR_V3.1.0, X-CUBE-EEPRMA1_V4.1.0, X-CUBE-EEPRMA1_V5.1.0, X-CUBE-FREERTOS_V1.1.0, X-CUBE-GNSS1_V6.0.0, X-CUBE-MEMS1_V10.0.0, X-CUBE-MEMS1_V9.1.0, X-CUBE-MEMS1_V9.4.0, X-CUBE-MEMS1_V9.6.0, X-CUBE-NFC4_V3.0.0, X-CUBE-NFC7_V1.0.1, X-CUBE-SFXS2LP1_V4.0.0, X-CUBE-SUBG2_V5.0.0, X-CUBE-TOF1_V3.4.0]
2024-05-18 11:32:36,831 [INFO] DbBoardsSqlite:226 - include board P-NUCLEO-WB55-NUCLEO as a kit item of type 'Nucleo-64'
2024-05-18 11:32:36,831 [INFO] DbBoardsSqlite:226 - include board P-NUCLEO-WB55-USBDONGLE as a kit item of type 'Nucleo USB Dongle'
2024-05-18 11:32:36,833 [INFO] DbBoardsSqlite:226 - include board STEVAL-IDP005V1 as a kit item of type 'Evaluation Board'
2024-05-18 11:32:36,834 [INFO] DbBoardsSqlite:226 - include board STEVAL-IDP005V2 as a kit item of type 'Evaluation Board'
2024-05-18 11:32:37,501 [INFO] ApiDb:240 - Found 483 in-development CPN: [B-G473E-ZEST1S, B-WB1M-WPAN1, B-WL5M-SUBG1, NUCLEO-C031C6, NUCLEO-H503RB, NUCLEO-H533RE, NUCLEO-H563ZI, NUCLEO-H7S3L8, NUCLEO-U031R8, NUCLEO-U083RC, NUCLEO-U545RE-Q, NUCLEO-U5A5ZJ-Q, NUCLEO-WBA52CG, NUCLEO-WBA55CG, STEVAL-PROTEUS1, STEVAL-SMARTAG2, STEVAL-STWINBX1, STM320518-EVAL, STM32C0116-DK, STM32C011D6Y3TR, STM32C011D6Y6TR, STM32C011F4P3, STM32C011F4P6, STM32C011F4U3, STM32C011F4U6TR, STM32C011F6P3, STM32C011F6P6, STM32C011F6U3, STM32C011F6U6TR, STM32C011J4M3, STM32C011J4M6, STM32C011J6M3, STM32C011J6M6, STM32C0316-DK, STM32C031C4T3, STM32C031C4T6, STM32C031C4U3, STM32C031C4U6, STM32C031C6T3, STM32C031C6T6, STM32C031C6U3, STM32C031C6U6, STM32C031F4P3, STM32C031F4P6, STM32C031F6P3, STM32C031F6P6, STM32C031G4U3, STM32C031G4U6, STM32C031G6U3, STM32C031G6U6, STM32C031K4T3, STM32C031K4T6, STM32C031K4U3, STM32C031K4U6, STM32C031K6T3, STM32C031K6T6, STM32C031K6U3, STM32C031K6U6, STM32G071K8TXN, STM32G071K8UXN, STM32G081GBU6N, STM32G081KBT6N, STM32G081KBUXN, STM32G0B1CCT6N, STM32G0B1KCT6, STM32G0B1NEY6TR, STM32G0B1RCT6N, STM32G0C1CCT6, STM32G0C1CCT6N, STM32G0C1CCU6N, STM32G0C1CET6N, STM32G0C1CEU6N, STM32G0C1KCT6, STM32G0C1NEY6TR, STM32G0C1RCI6N, STM32G0C1RCT6N, STM32G0C1REI6N, STM32G0C1RET6N, STM32G0C1VCI6, STM32G0C1VEI6, STM32G471CCT6, STM32G471CCU6, STM32G471CET3, STM32G471CET6, STM32G471CEU3, STM32G471CEU6, STM32G471MCT6, STM32G471MET3, STM32G471MET6, STM32G471MEY6TR, STM32G471QCT6, STM32G471QET3, STM32G471RCT6, STM32G471RET3, STM32G471RET6, STM32G471VCH6, STM32G471VCI6, STM32G471VCT6, STM32G471VEH3, STM32G471VEH6, STM32G471VEI3, STM32G471VEI6, STM32G471VET3, STM32G471VET6, STM32G474CCT6, STM32H503CBT6, STM32H503CBU6, STM32H503EBY6TR, STM32H503KBU6, STM32H503RBT6, STM32H523CCT6, STM32H523CCU6, STM32H523CET6, STM32H523CEU6, STM32H523HEY6TR, STM32H523RCT6, STM32H523RET6, STM32H523VCI6, STM32H523VCT6, STM32H523VEI6, STM32H523VET6, STM32H523ZCJ6, STM32H523ZCT6, STM32H523ZEJ6, STM32H523ZET6, STM32H533CET6, STM32H533CEU6, STM32H533HEY6TR, STM32H533RET6, STM32H533VEI6, STM32H533VET6, STM32H533ZEJ6, STM32H533ZET6, STM32H562AGI6, STM32H562AII6, STM32H562IGK6, STM32H562IGT6, STM32H562IIK6, STM32H562IIT6, STM32H562RGT6, STM32H562RGV6, STM32H562RIT6, STM32H562RIV6, STM32H562VGT6, STM32H562VIT6, STM32H562ZGT6, STM32H562ZIT6, STM32H563AGI6, STM32H563AII3Q, STM32H563AII6, STM32H563IGK6, STM32H563IGT6, STM32H563IIK3Q, STM32H563IIK6, STM32H563IIT3Q, STM32H563IIT6, STM32H563MIY3QTR, STM32H563RGT6, STM32H563RGV6, STM32H563RIT6, STM32H563RIV6, STM32H563VGT6, STM32H563VIT3Q, STM32H563VIT6, STM32H563ZGT6, STM32H563ZIT3Q, STM32H563ZIT6, STM32H573AII3Q, STM32H573AII6, STM32H573I-DK, STM32H573IIK3Q, STM32H573IIK6, STM32H573IIT3Q, STM32H573IIT6, STM32H573MIY3QTR, STM32H573RIT6, STM32H573RIV6, STM32H573VIT3Q, STM32H573VIT6, STM32H573ZIT3Q, STM32H573ZIT6, STM32H7R3A8I6, STM32H7R3I8K6, STM32H7R3I8T6, STM32H7R3L8H6, STM32H7R3L8H6H, STM32H7R3R8V6, STM32H7R3V8H6, STM32H7R3V8T6, STM32H7R3V8Y6, STM32H7R3Z8J6, STM32H7R3Z8T6, STM32H7R7A8I6, STM32H7R7I8K6, STM32H7R7I8T6, STM32H7R7L8H6, STM32H7R7L8H6H, STM32H7R7Z8J6, STM32H7S3A8I6, STM32H7S3I8K6, STM32H7S3I8T6, STM32H7S3L8H6, STM32H7S3L8H6H, STM32H7S3R8V6, STM32H7S3V8H6, STM32H7S3V8T6, STM32H7S3V8Y6, STM32H7S3Z8J6, STM32H7S3Z8T6, STM32H7S78-DK, STM32H7S7A8I6, STM32H7S7I8K6, STM32H7S7I8T6, STM32H7S7L8H6, STM32H7S7L8H6H, STM32H7S7Z8J6, STM32L4R5QGI6STR, STM32MP131AAE3, STM32MP131AAF3, STM32MP131AAG3, STM32MP131CAE3, STM32MP131CAF3, STM32MP131CAG3, STM32MP131DAE7, STM32MP131DAF7, STM32MP131DAG7, STM32MP131FAE7, STM32MP131FAF7, STM32MP131FAG7, STM32MP133AAE3, STM32MP133AAF3, STM32MP133AAG3, STM32MP133CAE3, STM32MP133CAF3, STM32MP133CAG3, STM32MP133DAE7, STM32MP133DAF7, STM32MP133DAG7, STM32MP133FAE7, STM32MP133FAF7, STM32MP133FAG7, STM32MP135AAE3, STM32MP135AAF3, STM32MP135AAG3, STM32MP135CAE3, STM32MP135CAF3, STM32MP135CAG3, STM32MP135DAE7, STM32MP135DAF7, STM32MP135DAG7, STM32MP135F-DK, STM32MP135FAE7, STM32MP135FAF7, STM32MP135FAF7T, STM32MP135FAF7U, STM32MP135FAG7, STM32U031C6T6, STM32U031C6U6, STM32U031C8T6, STM32U031C8U6, STM32U031F4P6, STM32U031F6P6, STM32U031F8P6, STM32U031G6Y6TR, STM32U031G8Y6TR, STM32U031K4U6, STM32U031K6U6, STM32U031K8U6, STM32U031R6I6, STM32U031R6T6, STM32U031R8I6, STM32U031R8T6, STM32U073C8T6, STM32U073C8U6, STM32U073CBT6, STM32U073CBU6, STM32U073CCT6, STM32U073CCU6, STM32U073H8Y6TR, STM32U073HBY6TR, STM32U073HCY6TR, STM32U073K8U6, STM32U073KBU6, STM32U073KCU6, STM32U073M8I6, STM32U073M8T6, STM32U073MBI6, STM32U073MBT6, STM32U073MCI6, STM32U073MCT6, STM32U073R8I6, STM32U073R8T6, STM32U073RBI6, STM32U073RBT6, STM32U073RCI6, STM32U073RCT6, STM32U083C-DK, STM32U083CCT6, STM32U083CCU6, STM32U083HCY6TR, STM32U083KCU6, STM32U083MCI6, STM32U083MCT6, STM32U083RCI6, STM32U083RCT6, STM32U535CBT6, STM32U535CBT6Q, STM32U535CBU6, STM32U535CBU6Q, STM32U535CCT6, STM32U535CCT6Q, STM32U535CCU6, STM32U535CCU6Q, STM32U535CET6, STM32U535CET6Q, STM32U535CEU6, STM32U535CEU6Q, STM32U535JEY6QTR, STM32U535NCY6QTR, STM32U535NEY6QTR, STM32U535RBI6, STM32U535RBI6Q, STM32U535RBT6, STM32U535RBT6Q, STM32U535RCI6, STM32U535RCI6Q, STM32U535RCT6, STM32U535RCT6Q, STM32U535REI6, STM32U535REI6Q, STM32U535RET6, STM32U535RET6Q, STM32U535VCI6, STM32U535VCI6Q, STM32U535VCT6, STM32U535VCT6Q, STM32U535VEI6, STM32U535VEI6Q, STM32U535VET6, STM32U535VET6Q, STM32U545CET6, STM32U545CET6Q, STM32U545CEU6, STM32U545CEU6Q, STM32U545JEY6QTR, STM32U545NEY6QTR, STM32U545REI6, STM32U545REI6Q, STM32U545RET6, STM32U545RET6Q, STM32U545VEI6, STM32U545VEI6Q, STM32U545VET6, STM32U545VET6Q, STM32U595AIH6, STM32U595AIH6Q, STM32U595AJH6, STM32U595AJH6Q, STM32U595QII6, STM32U595QII6Q, STM32U595QJI6, STM32U595QJI6Q, STM32U595RIT6, STM32U595RIT6Q, STM32U595RJT6, STM32U595RJT6Q, STM32U595VIT6, STM32U595VIT6Q, STM32U595VJT6, STM32U595VJT6Q, STM32U595ZIT6, STM32U595ZIT6Q, STM32U595ZIY6QTR, STM32U595ZJT6, STM32U595ZJT6Q, STM32U595ZJY6QTR, STM32U599BJY6QTR, STM32U599NIH6Q, STM32U599NJH6Q, STM32U599VIT6Q, STM32U599VJT6, STM32U599VJT6Q, STM32U599ZIT6Q, STM32U599ZIY6QTR, STM32U599ZJT6Q, STM32U599ZJY6QTR, STM32U5A5AJH6, STM32U5A5AJH6Q, STM32U5A5QII3Q , STM32U5A5QJI6, STM32U5A5QJI6Q, STM32U5A5RJT6, STM32U5A5RJT6Q, STM32U5A5VJT6, STM32U5A5VJT6Q, STM32U5A5ZJT6, STM32U5A5ZJT6Q, STM32U5A5ZJY6QTR, STM32U5A9BJY6QTR, STM32U5A9J-DK, STM32U5A9NJH6Q, STM32U5A9VJT6Q, STM32U5A9ZJT6Q, STM32U5A9ZJY6QTR, STM32U5F7VIT6, STM32U5F7VIT6Q, STM32U5F7VJT6, STM32U5F7VJT6Q, STM32U5F9BJY6QTR, STM32U5F9NJH6Q, STM32U5F9VIT6Q, STM32U5F9VJT6Q, STM32U5F9ZIJ6QTR, STM32U5F9ZIT6Q, STM32U5F9ZJJ6QTR, STM32U5F9ZJT6Q, STM32U5G7VJT6, STM32U5G7VJT6Q, STM32U5G9BJY6QTR, STM32U5G9J-DK1, STM32U5G9J-DK2, STM32U5G9NJH6Q, STM32U5G9VJT6Q, STM32U5G9ZJJ6QTR, STM32U5G9ZJT6Q, STM32WB1MMCH6, STM32WBA50KEU6, STM32WBA50KEU6TR, STM32WBA50KGU6, STM32WBA50KGU6TR, STM32WBA52CEU6, STM32WBA52CEU6TR, STM32WBA52CEU7, STM32WBA52CEU7TR, STM32WBA52CGU6, STM32WBA52CGU6TR, STM32WBA52CGU6U, STM32WBA52CGU7, STM32WBA52CGU7TR, STM32WBA52KEU6, STM32WBA52KEU6TR, STM32WBA52KGU6, STM32WBA52KGU6TR, STM32WBA54CEU6, STM32WBA54CEU6TR, STM32WBA54CEU7, STM32WBA54CEU7TR, STM32WBA54CGU6, STM32WBA54CGU6TR, STM32WBA54CGU7, STM32WBA54CGU7TR, STM32WBA54KEU6, STM32WBA54KEU6TR, STM32WBA54KEU7, STM32WBA54KEU7TR, STM32WBA54KGU6, STM32WBA54KGU6TR, STM32WBA54KGU7, STM32WBA54KGU7TR, STM32WBA55CEU6, STM32WBA55CEU6TR, STM32WBA55CEU7, STM32WBA55CEU7TR, STM32WBA55CGU6, STM32WBA55CGU6TR, STM32WBA55CGU6U, STM32WBA55CGU7, STM32WBA55CGU7TR, STM32WBA55G-DK1, STM32WBA55HEF6, STM32WBA55HEF7, STM32WBA55HGF6, STM32WBA55HGF7, STM32WBA55UEI6, STM32WBA55UEI6TR, STM32WBA55UEI7, STM32WBA55UEI7TR, STM32WBA55UGI6, STM32WBA55UGI6TR, STM32WBA55UGI7, STM32WBA55UGI7TR, STM32WL5MOCH6, STM32WL5MOCH6TR]
2024-05-18 11:32:37,828 [INFO] BoardInfo:889 - No configuration file found for board P-NUCLEO-WB55
2024-05-18 11:32:37,829 [INFO] DbBoards:161 - Kit is not supported: P-NUCLEO-WB55
2024-05-18 11:32:37,843 [INFO] BoardInfo:889 - No configuration file found for board STEVAL-BFA001V1B
2024-05-18 11:32:37,844 [INFO] DbBoards:161 - Kit is not supported: STEVAL-BFA001V1B
2024-05-18 11:32:37,846 [INFO] BoardInfo:889 - No configuration file found for board STEVAL-BFA001V2B
2024-05-18 11:32:37,847 [INFO] DbBoards:161 - Kit is not supported: STEVAL-BFA001V2B
2024-05-18 11:32:37,962 [INFO] WebApp:161 - Instantiating new browser for Auth
2024-05-18 11:32:38,144 [INFO] DbBoards:168 - Found 199 boards, 196 are supported
2024-05-18 11:32:38,145 [INFO] DbBoards:169 - Found 199 boards, 8 of them is supported for  Bsp
2024-05-18 11:32:38,150 [INFO] ApiDb:668 - CubeFinder database Data Model version=2.1
2024-05-18 11:32:38,150 [INFO] ApiDb:669 - CubeFinder database Configuration version=3.0.39
2024-05-18 11:32:38,150 [INFO] ApiDb:670 - CubeFinder database generation date=2024-04-15 (1713193726)
2024-05-18 11:32:38,150 [INFO] ApiDb:671 - CubeFinder database FW Pack versions=[FP-ATR-ASTRA1_V2.0.0, FP-SNS-FLIGHT1_V5.0.1, FP-SNS-FLIGHT1_V5.0.2, FP-SNS-MOTENV1_V4.3.1, FP-SNS-MOTENV1_V4.3.2, FP-SNS-MOTENVWB1_V1.3.1, FP-SNS-SMARTAG2_V1.2.0, STM32Cube_FW_C0_V1.1.0, STM32Cube_FW_F4_V1.28.0, STM32Cube_FW_F7_V1.17.0, STM32Cube_FW_G0_V1.6.2, STM32Cube_FW_G4_V1.5.2, STM32Cube_FW_H5_V0.5.1, STM32Cube_FW_H5_V1.1.1, STM32Cube_FW_H5_V1.2.0, STM32Cube_FW_H5_V1.2.0RC4, STM32Cube_FW_H7RS_V1.0.0, STM32Cube_FW_H7RS_V1.0.0RC4, STM32Cube_FW_H7_V1.11.0, STM32Cube_FW_L0_V1.12.2, STM32Cube_FW_L5_V1.5.1, STM32Cube_FW_U0_V1.0.0, STM32Cube_FW_U0_V1.0.0RC1, STM32Cube_FW_U5_V1.3.0RC4, STM32Cube_FW_U5_V1.5.0, STM32Cube_FW_U5_V1.5.0RC1, STM32Cube_FW_WBA_V1.0.0RC1, STM32Cube_FW_WBA_V1.2.0, STM32Cube_FW_WBA_V1.2.0RC2, STM32Cube_FW_WBA_V1.3.0, STM32Cube_FW_WBA_V1.3.0RC1, STM32Cube_FW_WB_V1.15.0RC1, STM32Cube_FW_WB_V1.16.0, STM32Cube_FW_WB_V1.16.0RC2, STM32Cube_FW_WB_V1.18.0, STM32Cube_FW_WB_V1.19.0, STM32Cube_FW_WL_V1.3.0, X-CUBE-ALGOBUILD_V1.3.0, X-CUBE-ALS_V1.0.1, X-CUBE-AZRTOS-F4_V1.1.0, X-CUBE-AZRTOS-F7_V1.1.0, X-CUBE-AZRTOS-G0_V1.1.0, X-CUBE-AZRTOS-G4_V2.0.0, X-CUBE-AZRTOS-H7_V3.2.0, X-CUBE-AZRTOS-L4_V1.0.0, X-CUBE-AZRTOS-L4_V2.0.0, X-CUBE-AZRTOS-L5_V1.1.0, X-CUBE-AZRTOS-WB_V2.0.0, X-CUBE-AZRTOS-WL_V2.0.0, X-CUBE-BLE1_V7.0.0, X-CUBE-BLE2_V3.3.0, X-CUBE-BLEMGR_V3.1.0, X-CUBE-EEPRMA1_V4.1.0, X-CUBE-EEPRMA1_V5.1.0, X-CUBE-FREERTOS_V1.1.0, X-CUBE-GNSS1_V6.0.0, X-CUBE-MEMS1_V10.0.0, X-CUBE-MEMS1_V9.1.0, X-CUBE-MEMS1_V9.4.0, X-CUBE-MEMS1_V9.6.0, X-CUBE-NFC4_V3.0.0, X-CUBE-NFC7_V1.0.1, X-CUBE-SFXS2LP1_V4.0.0, X-CUBE-SUBG2_V5.0.0, X-CUBE-TOF1_V3.4.0]
2024-05-18 11:32:38,838 [INFO] WebApp:779 - Register for checkConnection events
2024-05-18 11:32:38,838 [INFO] WebApp:414 - Apply proxy settings
2024-05-18 11:32:38,839 [INFO] WebApp:499 - Chromium requires no authentication
2024-05-18 11:32:38,852 [INFO] WebApp:442 - Direct internet connection detected
2024-05-18 11:32:39,100 [INFO] WebApp:192 - Starting web application
2024-05-18 11:32:39,100 [INFO] WebApp:544 - Web application path used C:\ST\STM32CubeIDE_1.15.0\STM32CubeIDE\plugins\com.st.stm32cube.common.mx_6.11.1.202404110753\db\plugins\mcufinder\reactClient1\index.html
2024-05-18 11:32:41,134 [INFO] ApiDb:240 - Found 483 in-development CPN: [B-G473E-ZEST1S, B-WB1M-WPAN1, B-WL5M-SUBG1, NUCLEO-C031C6, NUCLEO-H503RB, NUCLEO-H533RE, NUCLEO-H563ZI, NUCLEO-H7S3L8, NUCLEO-U031R8, NUCLEO-U083RC, NUCLEO-U545RE-Q, NUCLEO-U5A5ZJ-Q, NUCLEO-WBA52CG, NUCLEO-WBA55CG, STEVAL-PROTEUS1, STEVAL-SMARTAG2, STEVAL-STWINBX1, STM320518-EVAL, STM32C0116-DK, STM32C011D6Y3TR, STM32C011D6Y6TR, STM32C011F4P3, STM32C011F4P6, STM32C011F4U3, STM32C011F4U6TR, STM32C011F6P3, STM32C011F6P6, STM32C011F6U3, STM32C011F6U6TR, STM32C011J4M3, STM32C011J4M6, STM32C011J6M3, STM32C011J6M6, STM32C0316-DK, STM32C031C4T3, STM32C031C4T6, STM32C031C4U3, STM32C031C4U6, STM32C031C6T3, STM32C031C6T6, STM32C031C6U3, STM32C031C6U6, STM32C031F4P3, STM32C031F4P6, STM32C031F6P3, STM32C031F6P6, STM32C031G4U3, STM32C031G4U6, STM32C031G6U3, STM32C031G6U6, STM32C031K4T3, STM32C031K4T6, STM32C031K4U3, STM32C031K4U6, STM32C031K6T3, STM32C031K6T6, STM32C031K6U3, STM32C031K6U6, STM32G071K8TXN, STM32G071K8UXN, STM32G081GBU6N, STM32G081KBT6N, STM32G081KBUXN, STM32G0B1CCT6N, STM32G0B1KCT6, STM32G0B1NEY6TR, STM32G0B1RCT6N, STM32G0C1CCT6, STM32G0C1CCT6N, STM32G0C1CCU6N, STM32G0C1CET6N, STM32G0C1CEU6N, STM32G0C1KCT6, STM32G0C1NEY6TR, STM32G0C1RCI6N, STM32G0C1RCT6N, STM32G0C1REI6N, STM32G0C1RET6N, STM32G0C1VCI6, STM32G0C1VEI6, STM32G471CCT6, STM32G471CCU6, STM32G471CET3, STM32G471CET6, STM32G471CEU3, STM32G471CEU6, STM32G471MCT6, STM32G471MET3, STM32G471MET6, STM32G471MEY6TR, STM32G471QCT6, STM32G471QET3, STM32G471RCT6, STM32G471RET3, STM32G471RET6, STM32G471VCH6, STM32G471VCI6, STM32G471VCT6, STM32G471VEH3, STM32G471VEH6, STM32G471VEI3, STM32G471VEI6, STM32G471VET3, STM32G471VET6, STM32G474CCT6, STM32H503CBT6, STM32H503CBU6, STM32H503EBY6TR, STM32H503KBU6, STM32H503RBT6, STM32H523CCT6, STM32H523CCU6, STM32H523CET6, STM32H523CEU6, STM32H523HEY6TR, STM32H523RCT6, STM32H523RET6, STM32H523VCI6, STM32H523VCT6, STM32H523VEI6, STM32H523VET6, STM32H523ZCJ6, STM32H523ZCT6, STM32H523ZEJ6, STM32H523ZET6, STM32H533CET6, STM32H533CEU6, STM32H533HEY6TR, STM32H533RET6, STM32H533VEI6, STM32H533VET6, STM32H533ZEJ6, STM32H533ZET6, STM32H562AGI6, STM32H562AII6, STM32H562IGK6, STM32H562IGT6, STM32H562IIK6, STM32H562IIT6, STM32H562RGT6, STM32H562RGV6, STM32H562RIT6, STM32H562RIV6, STM32H562VGT6, STM32H562VIT6, STM32H562ZGT6, STM32H562ZIT6, STM32H563AGI6, STM32H563AII3Q, STM32H563AII6, STM32H563IGK6, STM32H563IGT6, STM32H563IIK3Q, STM32H563IIK6, STM32H563IIT3Q, STM32H563IIT6, STM32H563MIY3QTR, STM32H563RGT6, STM32H563RGV6, STM32H563RIT6, STM32H563RIV6, STM32H563VGT6, STM32H563VIT3Q, STM32H563VIT6, STM32H563ZGT6, STM32H563ZIT3Q, STM32H563ZIT6, STM32H573AII3Q, STM32H573AII6, STM32H573I-DK, STM32H573IIK3Q, STM32H573IIK6, STM32H573IIT3Q, STM32H573IIT6, STM32H573MIY3QTR, STM32H573RIT6, STM32H573RIV6, STM32H573VIT3Q, STM32H573VIT6, STM32H573ZIT3Q, STM32H573ZIT6, STM32H7R3A8I6, STM32H7R3I8K6, STM32H7R3I8T6, STM32H7R3L8H6, STM32H7R3L8H6H, STM32H7R3R8V6, STM32H7R3V8H6, STM32H7R3V8T6, STM32H7R3V8Y6, STM32H7R3Z8J6, STM32H7R3Z8T6, STM32H7R7A8I6, STM32H7R7I8K6, STM32H7R7I8T6, STM32H7R7L8H6, STM32H7R7L8H6H, STM32H7R7Z8J6, STM32H7S3A8I6, STM32H7S3I8K6, STM32H7S3I8T6, STM32H7S3L8H6, STM32H7S3L8H6H, STM32H7S3R8V6, STM32H7S3V8H6, STM32H7S3V8T6, STM32H7S3V8Y6, STM32H7S3Z8J6, STM32H7S3Z8T6, STM32H7S78-DK, STM32H7S7A8I6, STM32H7S7I8K6, STM32H7S7I8T6, STM32H7S7L8H6, STM32H7S7L8H6H, STM32H7S7Z8J6, STM32L4R5QGI6STR, STM32MP131AAE3, STM32MP131AAF3, STM32MP131AAG3, STM32MP131CAE3, STM32MP131CAF3, STM32MP131CAG3, STM32MP131DAE7, STM32MP131DAF7, STM32MP131DAG7, STM32MP131FAE7, STM32MP131FAF7, STM32MP131FAG7, STM32MP133AAE3, STM32MP133AAF3, STM32MP133AAG3, STM32MP133CAE3, STM32MP133CAF3, STM32MP133CAG3, STM32MP133DAE7, STM32MP133DAF7, STM32MP133DAG7, STM32MP133FAE7, STM32MP133FAF7, STM32MP133FAG7, STM32MP135AAE3, STM32MP135AAF3, STM32MP135AAG3, STM32MP135CAE3, STM32MP135CAF3, STM32MP135CAG3, STM32MP135DAE7, STM32MP135DAF7, STM32MP135DAG7, STM32MP135F-DK, STM32MP135FAE7, STM32MP135FAF7, STM32MP135FAF7T, STM32MP135FAF7U, STM32MP135FAG7, STM32U031C6T6, STM32U031C6U6, STM32U031C8T6, STM32U031C8U6, STM32U031F4P6, STM32U031F6P6, STM32U031F8P6, STM32U031G6Y6TR, STM32U031G8Y6TR, STM32U031K4U6, STM32U031K6U6, STM32U031K8U6, STM32U031R6I6, STM32U031R6T6, STM32U031R8I6, STM32U031R8T6, STM32U073C8T6, STM32U073C8U6, STM32U073CBT6, STM32U073CBU6, STM32U073CCT6, STM32U073CCU6, STM32U073H8Y6TR, STM32U073HBY6TR, STM32U073HCY6TR, STM32U073K8U6, STM32U073KBU6, STM32U073KCU6, STM32U073M8I6, STM32U073M8T6, STM32U073MBI6, STM32U073MBT6, STM32U073MCI6, STM32U073MCT6, STM32U073R8I6, STM32U073R8T6, STM32U073RBI6, STM32U073RBT6, STM32U073RCI6, STM32U073RCT6, STM32U083C-DK, STM32U083CCT6, STM32U083CCU6, STM32U083HCY6TR, STM32U083KCU6, STM32U083MCI6, STM32U083MCT6, STM32U083RCI6, STM32U083RCT6, STM32U535CBT6, STM32U535CBT6Q, STM32U535CBU6, STM32U535CBU6Q, STM32U535CCT6, STM32U535CCT6Q, STM32U535CCU6, STM32U535CCU6Q, STM32U535CET6, STM32U535CET6Q, STM32U535CEU6, STM32U535CEU6Q, STM32U535JEY6QTR, STM32U535NCY6QTR, STM32U535NEY6QTR, STM32U535RBI6, STM32U535RBI6Q, STM32U535RBT6, STM32U535RBT6Q, STM32U535RCI6, STM32U535RCI6Q, STM32U535RCT6, STM32U535RCT6Q, STM32U535REI6, STM32U535REI6Q, STM32U535RET6, STM32U535RET6Q, STM32U535VCI6, STM32U535VCI6Q, STM32U535VCT6, STM32U535VCT6Q, STM32U535VEI6, STM32U535VEI6Q, STM32U535VET6, STM32U535VET6Q, STM32U545CET6, STM32U545CET6Q, STM32U545CEU6, STM32U545CEU6Q, STM32U545JEY6QTR, STM32U545NEY6QTR, STM32U545REI6, STM32U545REI6Q, STM32U545RET6, STM32U545RET6Q, STM32U545VEI6, STM32U545VEI6Q, STM32U545VET6, STM32U545VET6Q, STM32U595AIH6, STM32U595AIH6Q, STM32U595AJH6, STM32U595AJH6Q, STM32U595QII6, STM32U595QII6Q, STM32U595QJI6, STM32U595QJI6Q, STM32U595RIT6, STM32U595RIT6Q, STM32U595RJT6, STM32U595RJT6Q, STM32U595VIT6, STM32U595VIT6Q, STM32U595VJT6, STM32U595VJT6Q, STM32U595ZIT6, STM32U595ZIT6Q, STM32U595ZIY6QTR, STM32U595ZJT6, STM32U595ZJT6Q, STM32U595ZJY6QTR, STM32U599BJY6QTR, STM32U599NIH6Q, STM32U599NJH6Q, STM32U599VIT6Q, STM32U599VJT6, STM32U599VJT6Q, STM32U599ZIT6Q, STM32U599ZIY6QTR, STM32U599ZJT6Q, STM32U599ZJY6QTR, STM32U5A5AJH6, STM32U5A5AJH6Q, STM32U5A5QII3Q , STM32U5A5QJI6, STM32U5A5QJI6Q, STM32U5A5RJT6, STM32U5A5RJT6Q, STM32U5A5VJT6, STM32U5A5VJT6Q, STM32U5A5ZJT6, STM32U5A5ZJT6Q, STM32U5A5ZJY6QTR, STM32U5A9BJY6QTR, STM32U5A9J-DK, STM32U5A9NJH6Q, STM32U5A9VJT6Q, STM32U5A9ZJT6Q, STM32U5A9ZJY6QTR, STM32U5F7VIT6, STM32U5F7VIT6Q, STM32U5F7VJT6, STM32U5F7VJT6Q, STM32U5F9BJY6QTR, STM32U5F9NJH6Q, STM32U5F9VIT6Q, STM32U5F9VJT6Q, STM32U5F9ZIJ6QTR, STM32U5F9ZIT6Q, STM32U5F9ZJJ6QTR, STM32U5F9ZJT6Q, STM32U5G7VJT6, STM32U5G7VJT6Q, STM32U5G9BJY6QTR, STM32U5G9J-DK1, STM32U5G9J-DK2, STM32U5G9NJH6Q, STM32U5G9VJT6Q, STM32U5G9ZJJ6QTR, STM32U5G9ZJT6Q, STM32WB1MMCH6, STM32WBA50KEU6, STM32WBA50KEU6TR, STM32WBA50KGU6, STM32WBA50KGU6TR, STM32WBA52CEU6, STM32WBA52CEU6TR, STM32WBA52CEU7, STM32WBA52CEU7TR, STM32WBA52CGU6, STM32WBA52CGU6TR, STM32WBA52CGU6U, STM32WBA52CGU7, STM32WBA52CGU7TR, STM32WBA52KEU6, STM32WBA52KEU6TR, STM32WBA52KGU6, STM32WBA52KGU6TR, STM32WBA54CEU6, STM32WBA54CEU6TR, STM32WBA54CEU7, STM32WBA54CEU7TR, STM32WBA54CGU6, STM32WBA54CGU6TR, STM32WBA54CGU7, STM32WBA54CGU7TR, STM32WBA54KEU6, STM32WBA54KEU6TR, STM32WBA54KEU7, STM32WBA54KEU7TR, STM32WBA54KGU6, STM32WBA54KGU6TR, STM32WBA54KGU7, STM32WBA54KGU7TR, STM32WBA55CEU6, STM32WBA55CEU6TR, STM32WBA55CEU7, STM32WBA55CEU7TR, STM32WBA55CGU6, STM32WBA55CGU6TR, STM32WBA55CGU6U, STM32WBA55CGU7, STM32WBA55CGU7TR, STM32WBA55G-DK1, STM32WBA55HEF6, STM32WBA55HEF7, STM32WBA55HGF6, STM32WBA55HGF7, STM32WBA55UEI6, STM32WBA55UEI6TR, STM32WBA55UEI7, STM32WBA55UEI7TR, STM32WBA55UGI6, STM32WBA55UGI6TR, STM32WBA55UGI7, STM32WBA55UGI7TR, STM32WL5MOCH6, STM32WL5MOCH6TR]
2024-05-18 11:32:41,141 [INFO] DbMcus:218 - Found 4096 MCUs, 4096 are supported
2024-05-18 11:32:41,142 [INFO] ApiDb:423 - Load user favorites file C:\Users\Yaroslav Ludchak/.stm32cubeide/favorites.mcus.txt: 0 item(s)
2024-05-18 11:32:41,143 [INFO] ApiDb:427 - User favorites MCUs=[]
2024-05-18 11:32:41,143 [INFO] DbMcus:224 - Set 0 / 0 favorites MCUs
2024-05-18 11:32:41,497 [INFO] ApiDb:423 - Load user favorites file C:\Users\Yaroslav Ludchak/.stm32cubeide/favorites.boards.txt: 0 item(s)
2024-05-18 11:32:41,498 [INFO] ApiDb:427 - User favorites Boards=[]
2024-05-18 11:32:41,498 [INFO] DbBoards:198 - Set 0 / 0 favorites Boards
2024-05-18 11:32:41,560 [INFO] UtilMem:75 - End LoadConfig() Used Memory: 291036504 Bytes (365953024)
2024-05-18 11:32:41,803 [WARN] ThirdParty:833 - waiting for thirdparty lock release [change project]
2024-05-18 11:32:41,804 [INFO] ThirdParty:835 - entering critical section [change project]
2024-05-18 11:32:41,804 [INFO] ThirdParty:1030 - CMSIS Pack Vendor :STMicroelectronics USBPD 4.1
2024-05-18 11:32:41,804 [INFO] ThirdParty:1030 - CMSIS Pack Vendor :STMicroelectronics X-CUBE-GNSS1 6.0.0
2024-05-18 11:32:41,804 [INFO] ThirdParty:1030 - CMSIS Pack Vendor :STMicroelectronics USB_HOST 2.0.0
2024-05-18 11:32:41,805 [INFO] ThirdParty:1030 - CMSIS Pack Vendor :STMicroelectronics FP-SNS-MOTENVWB1 1.4.0
2024-05-18 11:32:41,805 [INFO] ThirdParty:1030 - CMSIS Pack Vendor :STMicroelectronics X-CUBE-AZRTOS-F4 1.1.0
2024-05-18 11:32:41,805 [INFO] ThirdParty:1030 - CMSIS Pack Vendor :STMicroelectronics LIBJPEG 8.0.0
2024-05-18 11:32:41,805 [INFO] ThirdParty:1030 - CMSIS Pack Vendor :STMicroelectronics X-CUBE-SMBUS 2.1.0
2024-05-18 11:32:41,805 [INFO] ThirdParty:1030 - CMSIS Pack Vendor :STMicroelectronics USB_DEVICE 3.0.0
2024-05-18 11:32:41,805 [INFO] ThirdParty:1030 - CMSIS Pack Vendor :STMicroelectronics X-CUBE-TCPP 4.1.0
2024-05-18 11:32:41,806 [INFO] ThirdParty:1030 - CMSIS Pack Vendor :STMicroelectronics X-CUBE-FREERTOS 1.2.0
2024-05-18 11:32:41,806 [INFO] ThirdParty:1030 - CMSIS Pack Vendor :STMicroelectronics X-CUBE-AZRTOS-WB 2.0.0
2024-05-18 11:32:41,806 [INFO] ThirdParty:1030 - CMSIS Pack Vendor :STMicroelectronics X-CUBE-TOUCHGFX 4.23.2
2024-05-18 11:32:41,806 [INFO] ThirdParty:1030 - CMSIS Pack Vendor :STMicroelectronics X-CUBE-AZRTOS-F7 1.1.0
2024-05-18 11:32:41,806 [INFO] ThirdParty:1030 - CMSIS Pack Vendor :STMicroelectronics X-CUBE-AZRTOS-L5 2.0.0
2024-05-18 11:32:41,806 [INFO] ThirdParty:1030 - CMSIS Pack Vendor :STMicroelectronics USB_DEVICE 2.0.0
2024-05-18 11:32:41,806 [INFO] ThirdParty:1030 - CMSIS Pack Vendor :STMicroelectronics X-CUBE-NFC6 3.1.0
2024-05-18 11:32:41,806 [INFO] ThirdParty:1030 - CMSIS Pack Vendor :STMicroelectronics X-CUBE-ALGOBUILD 1.3.0
2024-05-18 11:32:41,807 [INFO] ThirdParty:1030 - CMSIS Pack Vendor :STMicroelectronics FreeRTOS 0.0.1
2024-05-18 11:32:41,807 [INFO] ThirdParty:1030 - CMSIS Pack Vendor :STMicroelectronics X-CUBE-AZRTOS-G0 1.1.0
2024-05-18 11:32:41,807 [INFO] ThirdParty:1030 - CMSIS Pack Vendor :STMicroelectronics X-CUBE-SAFEA1 1.2.2
2024-05-18 11:32:41,807 [INFO] ThirdParty:1030 - CMSIS Pack Vendor :STMicroelectronics X-CUBE-NFC4 3.0.0
2024-05-18 11:32:41,807 [INFO] ThirdParty:1030 - CMSIS Pack Vendor :STMicroelectronics X-CUBE-SUBG2 5.0.0
2024-05-18 11:32:41,807 [INFO] ThirdParty:1030 - CMSIS Pack Vendor :STMicroelectronics STM32_WPAN 1.0.0
2024-05-18 11:32:41,807 [INFO] ThirdParty:1030 - CMSIS Pack Vendor :STMicroelectronics lwIP 2.0.3
2024-05-18 11:32:41,807 [INFO] ThirdParty:1030 - CMSIS Pack Vendor :STMicroelectronics FP-SNS-FLIGHT1 5.0.2
2024-05-18 11:32:41,807 [INFO] ThirdParty:1030 - CMSIS Pack Vendor :STMicroelectronics USB_HOST 1.0.0
2024-05-18 11:32:41,807 [INFO] ThirdParty:1030 - CMSIS Pack Vendor :STMicroelectronics X-CUBE-AI 9.0.0
2024-05-18 11:32:41,807 [INFO] ThirdParty:1030 - CMSIS Pack Vendor :STMicroelectronics X-CUBE-AZRTOS-G4 2.0.0
2024-05-18 11:32:41,808 [INFO] ThirdParty:1030 - CMSIS Pack Vendor :STMicroelectronics PDM2PCM 3.1.0
2024-05-18 11:32:41,808 [INFO] ThirdParty:1030 - CMSIS Pack Vendor :STMicroelectronics PDM2PCM 3.3.0
2024-05-18 11:32:41,808 [INFO] ThirdParty:1030 - CMSIS Pack Vendor :STMicroelectronics X-CUBE-DISPLAY 3.0.0
2024-05-18 11:32:41,808 [INFO] ThirdParty:1030 - CMSIS Pack Vendor :wolfSSL I-CUBE-wolfSSL 5.7.0
2024-05-18 11:32:41,808 [INFO] ThirdParty:1030 - CMSIS Pack Vendor :STMicroelectronics X-CUBE-BLE1 7.0.0
2024-05-18 11:32:41,808 [INFO] ThirdParty:1030 - CMSIS Pack Vendor :STMicroelectronics FP-ATR-SIGFOX1 3.2.0
2024-05-18 11:32:41,808 [INFO] ThirdParty:1030 - CMSIS Pack Vendor :STMicroelectronics X-CUBE-ISPU 2.0.0
2024-05-18 11:32:41,808 [INFO] ThirdParty:1030 - CMSIS Pack Vendor :STMicroelectronics X-CUBE-EEPRMA1 5.1.0
2024-05-18 11:32:41,808 [INFO] ThirdParty:1030 - CMSIS Pack Vendor :STMicroelectronics HAL Drivers 0.0.0
2024-05-18 11:32:41,808 [INFO] ThirdParty:1030 - CMSIS Pack Vendor :STMicroelectronics MBEDTLS 2.16.2
2024-05-18 11:32:41,808 [INFO] ThirdParty:1030 - CMSIS Pack Vendor :emotas I-CUBE-CANOPEN 1.3.0
2024-05-18 11:32:41,808 [INFO] ThirdParty:1030 - CMSIS Pack Vendor :STMicroelectronics X-CUBE-MEMS1 10.0.0
2024-05-18 11:32:41,808 [INFO] ThirdParty:1030 - CMSIS Pack Vendor :STMicroelectronics X-CUBE-FREERTOS 1.1.0
2024-05-18 11:32:41,808 [INFO] ThirdParty:1030 - CMSIS Pack Vendor :STMicroelectronics X-CUBE-NFC7 1.0.1
2024-05-18 11:32:41,808 [INFO] ThirdParty:1030 - CMSIS Pack Vendor :STMicroelectronics MBEDTLS 2.14.1
2024-05-18 11:32:41,808 [INFO] ThirdParty:1030 - CMSIS Pack Vendor :ITTIA_DB I-CUBE-ITTIADB 8.9.0
2024-05-18 11:32:41,809 [INFO] ThirdParty:1030 - CMSIS Pack Vendor :portGmbH I-Cube-SoM-uGOAL 1.1.0
2024-05-18 11:32:41,809 [INFO] ThirdParty:1030 - CMSIS Pack Vendor :STMicroelectronics X-CUBE-ALS 1.0.1
2024-05-18 11:32:41,809 [INFO] ThirdParty:1030 - CMSIS Pack Vendor :STMicroelectronics X-CUBE-BLEMGR 3.1.0
2024-05-18 11:32:41,809 [INFO] ThirdParty:1030 - CMSIS Pack Vendor :STMicroelectronics ThreadX 1.0.0
2024-05-18 11:32:41,809 [INFO] ThirdParty:1030 - CMSIS Pack Vendor :STMicroelectronics FP-SNS-SMARTAG2 1.2.0
2024-05-18 11:32:41,809 [INFO] ThirdParty:1030 - CMSIS Pack Vendor :STMicroelectronics X-CUBE-AZRTOS-WL 2.0.0
2024-05-18 11:32:41,809 [INFO] ThirdParty:1030 - CMSIS Pack Vendor :SEGGER I-CUBE-embOS 1.3.1
2024-05-18 11:32:41,809 [INFO] ThirdParty:1030 - CMSIS Pack Vendor :STMicroelectronics X-CUBE-ALGOBUILD 1.4.0
2024-05-18 11:32:41,809 [INFO] ThirdParty:1030 - CMSIS Pack Vendor :STMicroelectronics FP-SNS-MOTENV1 5.0.0
2024-05-18 11:32:41,809 [INFO] ThirdParty:1030 - CMSIS Pack Vendor :STMicroelectronics USB_DEVICE 1.0.0
2024-05-18 11:32:41,809 [INFO] ThirdParty:1030 - CMSIS Pack Vendor :STMicroelectronics X-CUBE-AZRTOS-H7RS 1.0.0
2024-05-18 11:32:41,809 [INFO] ThirdParty:1030 - CMSIS Pack Vendor :STMicroelectronics X-CUBE-AZRTOS-L4 2.0.0
2024-05-18 11:32:41,809 [INFO] ThirdParty:1030 - CMSIS Pack Vendor :STMicroelectronics ThreadX 0.0.2
2024-05-18 11:32:41,809 [INFO] ThirdParty:1030 - CMSIS Pack Vendor :WES I-CUBE-Cesium 1.3.0
2024-05-18 11:32:41,809 [INFO] ThirdParty:1030 - CMSIS Pack Vendor :STMicroelectronics FP-ATR-ASTRA1 2.0.0
2024-05-18 11:32:41,809 [INFO] ThirdParty:1030 - CMSIS Pack Vendor :STMicroelectronics lwIP 2.1.2
2024-05-18 11:32:41,810 [INFO] ThirdParty:1030 - CMSIS Pack Vendor :STMicroelectronics X-CUBE-SFXS2LP1 4.0.0
2024-05-18 11:32:41,810 [INFO] ThirdParty:1030 - CMSIS Pack Vendor :STMicroelectronics X-CUBE-BLE2 3.3.0
2024-05-18 11:32:41,810 [INFO] ThirdParty:1030 - CMSIS Pack Vendor :STMicroelectronics X-CUBE-TOF1 3.4.1
2024-05-18 11:32:41,810 [INFO] ThirdParty:1030 - CMSIS Pack Vendor :STMicroelectronics X-CUBE-AZRTOS-H7 3.2.0
2024-05-18 11:32:41,810 [INFO] ThirdParty:1030 - CMSIS Pack Vendor :Infineon AIROC-Wi-Fi-Bluetooth-STM32 1.6.0
2024-05-18 11:32:41,810 [INFO] ThirdParty:1030 - CMSIS Pack Vendor :STMicroelectronics PDM2PCM 3.2.0
2024-05-18 11:32:41,810 [INFO] ThirdParty:841 - exiting critical section [change project]
2024-05-18 11:32:42,529 [INFO] PinOutPanel:1561 - setPackage(No Configuration,No Configuration)
2024-05-18 11:32:42,531 [INFO] PinOutPanel:1561 - setPackage(STM32F103C8Tx,LQFP48)
2024-05-18 11:32:43,419 [INFO] UtilMem:75 - Before build in PCC Used Memory: 214522688 Bytes (365953024)
2024-05-18 11:32:44,594 [INFO] UtilMem:75 - After build in PCC Used Memory: 171584504 Bytes (365953024)
2024-05-18 11:32:44,769 [INFO] ApiDbMcu:508 - Load IP Config File for FREERTOS
2024-05-18 11:32:44,826 [INFO] IPUIPlugin:80 - create IPUIPlugin
2024-05-18 11:32:44,827 [INFO] IPUIPlugin:80 - create IPUIPlugin
2024-05-18 11:32:44,827 [INFO] IPUIPlugin:80 - create IPUIPlugin
2024-05-18 11:32:44,827 [INFO] IPUIPlugin:80 - create IPUIPlugin
2024-05-18 11:32:44,828 [INFO] IPUIPlugin:80 - create IPUIPlugin
2024-05-18 11:32:44,828 [INFO] IPUIPlugin:80 - create IPUIPlugin
2024-05-18 11:32:44,828 [INFO] IPUIPlugin:80 - create IPUIPlugin
2024-05-18 11:32:44,829 [INFO] IPUIPlugin:80 - create IPUIPlugin
2024-05-18 11:32:44,829 [INFO] IPUIPlugin:80 - create IPUIPlugin
2024-05-18 11:32:44,829 [INFO] IPUIPlugin:80 - create IPUIPlugin
2024-05-18 11:32:44,829 [INFO] IPUIPlugin:80 - create IPUIPlugin
2024-05-18 11:32:44,830 [INFO] IPUIPlugin:80 - create IPUIPlugin
2024-05-18 11:32:44,830 [INFO] IPUIPlugin:80 - create IPUIPlugin
2024-05-18 11:32:44,830 [INFO] IPUIPlugin:80 - create IPUIPlugin
2024-05-18 11:32:44,831 [INFO] IPUIPlugin:80 - create IPUIPlugin
2024-05-18 11:32:44,832 [INFO] IPUIPlugin:80 - create IPUIPlugin
2024-05-18 11:32:44,833 [INFO] IPUIPlugin:80 - create IPUIPlugin
2024-05-18 11:32:44,834 [INFO] IPUIPlugin:80 - create IPUIPlugin
2024-05-18 11:32:44,834 [INFO] IPUIPlugin:80 - create IPUIPlugin
2024-05-18 11:32:44,835 [INFO] IPUIPlugin:80 - create IPUIPlugin
2024-05-18 11:32:44,836 [INFO] IPUIPlugin:80 - create IPUIPlugin
2024-05-18 11:32:44,836 [INFO] IPUIPlugin:80 - create IPUIPlugin
2024-05-18 11:32:44,837 [INFO] IPUIPlugin:80 - create IPUIPlugin
2024-05-18 11:32:44,837 [INFO] IPUIPlugin:80 - create IPUIPlugin
2024-05-18 11:32:44,838 [INFO] IPUIPlugin:80 - create IPUIPlugin
2024-05-18 11:32:44,838 [INFO] IPUIPlugin:80 - create IPUIPlugin
2024-05-18 11:32:44,838 [INFO] IPUIPlugin:80 - create IPUIPlugin
2024-05-18 11:32:44,912 [WARN] FreeRTOS:1023 - Null or empty value: should not occur! (nothing added to the table)
2024-05-18 11:32:45,258 [INFO] CADModel:165 - CPN selected for project levelSTM32F103C8T6
2024-05-18 11:32:45,259 [INFO] CADModel:114 - Register for checkConnection events
2024-05-18 11:32:45,262 [INFO] RtosManager:697 - Active RTOS found at IOC load: FREERTOS [Cortex-M3NS]
2024-05-18 11:32:45,310 [INFO] OpenFileManager:343 - Restore cursor
2024-05-18 13:47:47,197 [ERROR] RtosPanel:558 - Can not restore the selected Tab for FREERTOS(A reason can be that the tab is no more available.)
2024-05-18 14:06:16,610 [ERROR] RtosPanel:558 - Can not restore the selected Tab for FREERTOS(A reason can be that the tab is no more available.)
2024-05-18 14:06:26,154 [INFO] Gpio:277 - dependency for GPIO [RCC, SPI1, SYS, USART2]
2024-05-18 14:13:36,998 [INFO] Gpio:277 - dependency for GPIO [RCC, SPI1, SYS, USART2]
2024-05-18 14:15:30,353 [ERROR] RtosPanel:558 - Can not restore the selected Tab for FREERTOS(A reason can be that the tab is no more available.)
2024-05-18 15:35:55,034 [INFO] TasksAndQueuesTab:757 - Dynamic
2024-05-18 15:35:55,035 [WARN] TasksAndQueuesTab:763 - 128 128
2024-05-18 15:35:55,036 [WARN] TasksAndQueuesTab:775 - max value is: 768.0
2024-05-18 15:35:55,037 [INFO] TasksAndQueuesTab:757 - Dynamic
2024-05-18 15:35:55,037 [WARN] TasksAndQueuesTab:763 - 128 128
2024-05-18 15:35:55,037 [WARN] TasksAndQueuesTab:775 - max value is: 768.0
2024-05-18 15:35:55,037 [INFO] TasksAndQueuesTab:757 - Dynamic
2024-05-18 15:35:55,037 [WARN] TasksAndQueuesTab:763 - 128 128
2024-05-18 15:35:55,037 [WARN] TasksAndQueuesTab:775 - max value is: 768.0
2024-05-18 15:36:32,534 [INFO] EditThreadDialog:704 - RAM SIZE (in KB): 20
2024-05-18 15:36:32,534 [INFO] EditThreadDialog:706 - RAM SIZE (in words): 5120
2024-05-18 15:36:35,995 [INFO] EditThreadDialog:704 - RAM SIZE (in KB): 20
2024-05-18 15:36:35,995 [INFO] EditThreadDialog:706 - RAM SIZE (in words): 5120
2024-05-18 15:36:38,679 [INFO] EditThreadDialog:704 - RAM SIZE (in KB): 20
2024-05-18 15:36:38,679 [INFO] EditThreadDialog:706 - RAM SIZE (in words): 5120
2024-05-18 15:40:52,907 [INFO] MainUpdater:2873 - connection check result : 10
2024-05-18 15:40:52,908 [INFO] MainUpdater:2873 - connection check result : 10
2024-05-18 15:40:52,935 [INFO] MicroXplorer:468 - Change Database Path : 
2024-05-18 15:40:52,935 [INFO] MicroXplorer:498 - Change Database Version : DB.6.0.111
2024-05-18 15:40:52,964 [ERROR] ProjectManagerView:394 - 
java.lang.NullPointerException: Cannot invoke "javax.swing.JTextField.getText()" because the return value of "java.util.List.get(int)" is null
	at com.st.microxplorer.plugins.projectmanager.gui.ProjectChoiceTab$10.caretUpdate(ProjectChoiceTab.java:2504) ~[filemanager.jar:?]
	at javax.swing.text.JTextComponent.fireCaretUpdate(JTextComponent.java:412) ~[?:?]
	at javax.swing.text.JTextComponent$MutableCaretEvent.fire(JTextComponent.java:4491) ~[?:?]
	at javax.swing.text.JTextComponent$MutableCaretEvent.stateChanged(JTextComponent.java:4513) ~[?:?]
	at javax.swing.text.DefaultCaret.fireStateChanged(DefaultCaret.java:842) ~[?:?]
	at javax.swing.text.DefaultCaret.changeCaretPosition(DefaultCaret.java:1313) ~[?:?]
	at javax.swing.text.DefaultCaret.handleSetDot(DefaultCaret.java:1212) ~[?:?]
	at javax.swing.text.DefaultCaret.setDot(DefaultCaret.java:1193) ~[?:?]
	at javax.swing.text.DefaultCaret$Handler.insertUpdate(DefaultCaret.java:1789) ~[?:?]
	at javax.swing.text.AbstractDocument.fireInsertUpdate(AbstractDocument.java:226) ~[?:?]
	at javax.swing.text.AbstractDocument.handleInsertString(AbstractDocument.java:780) ~[?:?]
	at javax.swing.text.AbstractDocument.insertString(AbstractDocument.java:739) ~[?:?]
	at javax.swing.text.PlainDocument.insertString(PlainDocument.java:131) ~[?:?]
	at javax.swing.text.AbstractDocument.replace(AbstractDocument.java:698) ~[?:?]
	at javax.swing.text.JTextComponent.setText(JTextComponent.java:1729) ~[?:?]
	at com.st.microxplorer.plugins.projectmanager.gui.ProjectChoiceTab.createHeapStackFields(ProjectChoiceTab.java:944) ~[filemanager.jar:?]
	at com.st.microxplorer.plugins.projectmanager.gui.ProjectChoiceTab.buildLinkSettingsPanel(ProjectChoiceTab.java:3475) ~[filemanager.jar:?]
	at com.st.microxplorer.plugins.projectmanager.gui.ProjectChoiceTab.defineWindowsFields(ProjectChoiceTab.java:1816) ~[filemanager.jar:?]
	at com.st.microxplorer.plugins.projectmanager.gui.ProjectChoiceTab.updateSettings(ProjectChoiceTab.java:544) ~[filemanager.jar:?]
	at com.st.microxplorer.plugins.projectmanager.gui.ProjectSettingsPanel.UpdateDialog(ProjectSettingsPanel.java:245) ~[filemanager.jar:?]
	at com.st.microxplorer.plugins.projectmanager.ProjectManagerView.propertyChange(ProjectManagerView.java:391) ~[filemanager.jar:?]
	at java.beans.PropertyChangeSupport.fire(PropertyChangeSupport.java:343) ~[?:?]
	at java.beans.PropertyChangeSupport.firePropertyChange(PropertyChangeSupport.java:335) ~[?:?]
	at java.beans.PropertyChangeSupport.firePropertyChange(PropertyChangeSupport.java:268) ~[?:?]
	at com.st.microxplorer.util.MXPropertyChangeSupport.firePropertyChange(MXPropertyChangeSupport.java:54) ~[STM32CubeMX.jar:?]
	at com.st.microxplorer.mxsystem.MxSystem.closeConfig(MxSystem.java:900) ~[STM32CubeMX.jar:?]
	at com.st.microxplorer.maingui.MainPanel.closeConfig(MainPanel.java:776) ~[STM32CubeMX.jar:?]
	at com.st.microxplorer.plugins.filemanager.engine.OpenFileManager.loadConfigurationFile(OpenFileManager.java:245) ~[filemanager.jar:?]
	at com.st.microxplorer.plugins.filemanager.engine.MainFileManager.userLoadConfig(MainFileManager.java:315) ~[filemanager.jar:?]
	at com.st.microxplorer.plugins.filemanager.engine.MainFileManager.userLoadConfig(MainFileManager.java:293) ~[filemanager.jar:?]
	at com.st.microxplorer.plugins.filemanager.FileManagerView.getSpecificTask(FileManagerView.java:247) ~[filemanager.jar:?]
	at com.st.stm32cube.common.mx.editor.CubeMxEditor.getMxTabbedPaneInstance(CubeMxEditor.java:1198) ~[com.st.stm32cube.common.mx_6.11.1.202404110753/:?]
	at com.st.stm32cube.common.mx.editor.CubeMxEditor$12$1.createSwingComponent(CubeMxEditor.java:1068) ~[com.st.stm32cube.common.mx_6.11.1.202404110753/:?]
	at com.st.stm32cube.common.mx.oss.core.awtswtbridge.EmbeddedSwingComposite.doComponentCreation(EmbeddedSwingComposite.java:492) ~[com.st.stm32cube.common.mx.oss_6.11.1.202404110753/:?]
	at com.st.stm32cube.common.mx.oss.core.awtswtbridge.EmbeddedSwingComposite$4.run(EmbeddedSwingComposite.java:291) ~[com.st.stm32cube.common.mx.oss_6.11.1.202404110753/:?]
	at com.st.stm32cube.common.mx.oss.core.awtswtbridge.AwtEnvironment$2.run(AwtEnvironment.java:166) ~[com.st.stm32cube.common.mx.oss_6.11.1.202404110753/:?]
	at java.awt.event.InvocationEvent.dispatch(InvocationEvent.java:318) ~[?:?]
	at java.awt.EventQueue.dispatchEventImpl(EventQueue.java:773) ~[?:?]
	at java.awt.EventQueue$4.run(EventQueue.java:720) ~[?:?]
	at java.awt.EventQueue$4.run(EventQueue.java:714) ~[?:?]
	at java.security.AccessController.doPrivileged(AccessController.java:399) ~[?:?]
	at java.security.ProtectionDomain$JavaSecurityAccessImpl.doIntersectionPrivilege(ProtectionDomain.java:86) ~[?:?]
	at java.awt.EventQueue.dispatchEvent(EventQueue.java:742) ~[?:?]
	at java.awt.EventDispatchThread.pumpOneEventForFilters(EventDispatchThread.java:203) ~[?:?]
	at java.awt.EventDispatchThread.pumpEventsForFilter(EventDispatchThread.java:124) ~[?:?]
	at java.awt.EventDispatchThread.pumpEventsForHierarchy(EventDispatchThread.java:113) ~[?:?]
	at java.awt.EventDispatchThread.pumpEvents(EventDispatchThread.java:109) ~[?:?]
	at java.awt.EventDispatchThread.pumpEvents(EventDispatchThread.java:101) ~[?:?]
	at java.awt.EventDispatchThread.run(EventDispatchThread.java:90) ~[?:?]
2024-05-18 15:40:52,978 [WARN] ThirdParty:871 - waiting for thirdparty lock release [close project]
2024-05-18 15:40:52,978 [INFO] ThirdParty:873 - entering critical section [close project]
2024-05-18 15:40:52,978 [INFO] ThirdParty:883 - exiting critical section [close project]
2024-05-18 15:40:52,981 [INFO] PinOutPanel:1561 - setPackage(No Configuration,No Configuration)
2024-05-18 15:40:52,992 [INFO] UtilMem:75 - Begin LoadConfig() Used Memory: 265162216 Bytes (615514112)
2024-05-18 15:40:52,993 [INFO] MicroXplorer:468 - Change Database Path : 
2024-05-18 15:40:52,993 [INFO] MicroXplorer:498 - Change Database Version : DB.6.0.111
2024-05-18 15:40:52,993 [INFO] OpenFileManager:312 - Change cursor
2024-05-18 15:40:53,023 [INFO] Mcu:2021 - Initializing MCU STM32F103C(4-6)Tx STM32F103C6Tx STM32F103C6T6A
2024-05-18 15:40:53,828 [INFO] Context:663 - Trying to add GPIOservice into a context  which must be forbidden
2024-05-18 15:40:54,138 [INFO] RtosManager:555 - Registered RTOS mode: class=CMSIS, group=RTOS, mode=CMSIS_V1, owner=FREERTOS
2024-05-18 15:40:54,138 [INFO] RtosManager:555 - Registered RTOS mode: class=CMSIS, group=RTOS2, mode=CMSIS_V2, owner=FREERTOS
2024-05-18 15:40:54,138 [INFO] RtosManager:555 - Registered RTOS mode: class=RTOS, group=Core, mode=CMSIS_V1, owner=FREERTOS
2024-05-18 15:40:54,138 [INFO] RtosManager:555 - Registered RTOS mode: class=RTOS, group=Core, mode=CMSIS_V2, owner=FREERTOS
2024-05-18 15:40:54,139 [WARN] ModelIntegratedComponent:184 - Missing modes for component STMicroelectronics:FreeRTOS:0.0.1:STMicroelectronics:RTOS:FreeRTOS:Core:::10.2.0:
2024-05-18 15:40:54,156 [WARN] ModelIntegratedComponent:63 - No mode defined for component null
2024-05-18 15:40:54,156 [WARN] ModelIntegratedComponent:63 - No mode defined for component null
2024-05-18 15:40:54,156 [WARN] ModelIntegratedComponent:63 - No mode defined for component null
2024-05-18 15:40:54,156 [WARN] ModelIntegratedComponent:63 - No mode defined for component null
2024-05-18 15:40:54,156 [WARN] ModelIntegratedComponent:63 - No mode defined for component null
2024-05-18 15:40:54,156 [WARN] ModelIntegratedComponent:63 - No mode defined for component null
2024-05-18 15:40:54,156 [WARN] ModelIntegratedComponent:63 - No mode defined for component null
2024-05-18 15:40:54,156 [WARN] ModelIntegratedComponent:63 - No mode defined for component null
2024-05-18 15:40:54,156 [WARN] ModelIntegratedComponent:63 - No mode defined for component null
2024-05-18 15:40:54,156 [WARN] ModelIntegratedComponent:63 - No mode defined for component null
2024-05-18 15:40:54,156 [WARN] ModelIntegratedComponent:63 - No mode defined for component null
2024-05-18 15:40:54,157 [WARN] ModelIntegratedComponent:63 - No mode defined for component null
2024-05-18 15:40:54,157 [WARN] ModelIntegratedComponent:63 - No mode defined for component null
2024-05-18 15:40:54,157 [WARN] ModelIntegratedComponent:63 - No mode defined for component null
2024-05-18 15:40:54,157 [WARN] ModelIntegratedComponent:63 - No mode defined for component null
2024-05-18 15:40:54,157 [WARN] ModelIntegratedComponent:63 - No mode defined for component null
2024-05-18 15:40:54,158 [WARN] ModelIntegratedComponent:63 - No mode defined for component null
2024-05-18 15:40:54,158 [WARN] ModelIntegratedComponent:63 - No mode defined for component null
2024-05-18 15:40:54,158 [WARN] ModelIntegratedComponent:63 - No mode defined for component null
2024-05-18 15:40:54,158 [WARN] ModelIntegratedComponent:63 - No mode defined for component null
2024-05-18 15:40:54,158 [WARN] ModelIntegratedComponent:63 - No mode defined for component null
2024-05-18 15:40:54,158 [WARN] ModelIntegratedComponent:63 - No mode defined for component null
2024-05-18 15:40:54,158 [WARN] ModelIntegratedComponent:63 - No mode defined for component null
2024-05-18 15:40:54,158 [WARN] ModelIntegratedComponent:63 - No mode defined for component null
2024-05-18 15:40:54,158 [WARN] ModelIntegratedComponent:63 - No mode defined for component null
2024-05-18 15:40:54,158 [WARN] ModelIntegratedComponent:63 - No mode defined for component null
2024-05-18 15:40:54,158 [WARN] ModelIntegratedComponent:63 - No mode defined for component null
2024-05-18 15:40:54,158 [WARN] ModelIntegratedComponent:63 - No mode defined for component null
2024-05-18 15:40:54,158 [WARN] ModelIntegratedComponent:63 - No mode defined for component null
2024-05-18 15:40:54,158 [WARN] ModelIntegratedComponent:63 - No mode defined for component null
2024-05-18 15:40:54,159 [WARN] ModelIntegratedComponent:63 - No mode defined for component null
2024-05-18 15:40:54,159 [WARN] ModelIntegratedComponent:63 - No mode defined for component null
2024-05-18 15:40:54,159 [WARN] ModelIntegratedComponent:63 - No mode defined for component null
2024-05-18 15:40:54,159 [WARN] ModelIntegratedComponent:63 - No mode defined for component null
2024-05-18 15:40:54,275 [INFO] ThirdPartyModel:298 - Start build external matchings
2024-05-18 15:40:54,538 [INFO] ThirdPartyModel:316 - End build external matchings
2024-05-18 15:40:54,551 [INFO] ImportTextPane:194 - (OptionalMessage_ERROR) IP (RCC) : Parameter (ADCFreqValue) has invalid value (36000000)
2024-05-18 15:40:54,551 [INFO] ImportTextPane:194 - (OptionalMessage_ERROR) IP (RCC) : Invalid parameter (FamilyName)
2024-05-18 15:40:54,551 [INFO] ImportTextPane:194 - (OptionalMessage_ERROR) IP (RCC) : Parameter (MCOFreq_Value) has invalid value (72000000)
2024-05-18 15:40:54,551 [INFO] ImportTextPane:194 - (OptionalMessage_ERROR) IP (RCC) : Parameter (USBFreq_Value) has invalid value (72000000)
2024-05-18 15:40:54,758 [INFO] UtilMem:75 - End LoadConfig() Used Memory: 353368456 Bytes (615514112)
2024-05-18 15:40:55,072 [WARN] ThirdParty:833 - waiting for thirdparty lock release [change project]
2024-05-18 15:40:55,072 [INFO] ThirdParty:835 - entering critical section [change project]
2024-05-18 15:40:55,072 [INFO] ThirdParty:1030 - CMSIS Pack Vendor :STMicroelectronics USBPD 4.1
2024-05-18 15:40:55,072 [INFO] ThirdParty:1030 - CMSIS Pack Vendor :STMicroelectronics X-CUBE-GNSS1 6.0.0
2024-05-18 15:40:55,072 [INFO] ThirdParty:1030 - CMSIS Pack Vendor :STMicroelectronics USB_HOST 2.0.0
2024-05-18 15:40:55,072 [INFO] ThirdParty:1030 - CMSIS Pack Vendor :STMicroelectronics FP-SNS-MOTENVWB1 1.4.0
2024-05-18 15:40:55,072 [INFO] ThirdParty:1030 - CMSIS Pack Vendor :STMicroelectronics X-CUBE-AZRTOS-F4 1.1.0
2024-05-18 15:40:55,072 [INFO] ThirdParty:1030 - CMSIS Pack Vendor :STMicroelectronics LIBJPEG 8.0.0
2024-05-18 15:40:55,072 [INFO] ThirdParty:1030 - CMSIS Pack Vendor :STMicroelectronics X-CUBE-SMBUS 2.1.0
2024-05-18 15:40:55,072 [INFO] ThirdParty:1030 - CMSIS Pack Vendor :STMicroelectronics USB_DEVICE 3.0.0
2024-05-18 15:40:55,072 [INFO] ThirdParty:1030 - CMSIS Pack Vendor :STMicroelectronics X-CUBE-TCPP 4.1.0
2024-05-18 15:40:55,072 [INFO] ThirdParty:1030 - CMSIS Pack Vendor :STMicroelectronics X-CUBE-FREERTOS 1.2.0
2024-05-18 15:40:55,072 [INFO] ThirdParty:1030 - CMSIS Pack Vendor :STMicroelectronics X-CUBE-AZRTOS-WB 2.0.0
2024-05-18 15:40:55,072 [INFO] ThirdParty:1030 - CMSIS Pack Vendor :STMicroelectronics X-CUBE-TOUCHGFX 4.23.2
2024-05-18 15:40:55,072 [INFO] ThirdParty:1030 - CMSIS Pack Vendor :STMicroelectronics X-CUBE-AZRTOS-F7 1.1.0
2024-05-18 15:40:55,072 [INFO] ThirdParty:1030 - CMSIS Pack Vendor :STMicroelectronics X-CUBE-AZRTOS-L5 2.0.0
2024-05-18 15:40:55,073 [INFO] ThirdParty:1030 - CMSIS Pack Vendor :STMicroelectronics USB_DEVICE 2.0.0
2024-05-18 15:40:55,073 [INFO] ThirdParty:1030 - CMSIS Pack Vendor :STMicroelectronics X-CUBE-NFC6 3.1.0
2024-05-18 15:40:55,073 [INFO] ThirdParty:1030 - CMSIS Pack Vendor :STMicroelectronics X-CUBE-ALGOBUILD 1.3.0
2024-05-18 15:40:55,073 [INFO] ThirdParty:1030 - CMSIS Pack Vendor :STMicroelectronics FreeRTOS 0.0.1
2024-05-18 15:40:55,073 [INFO] ThirdParty:1030 - CMSIS Pack Vendor :STMicroelectronics X-CUBE-AZRTOS-G0 1.1.0
2024-05-18 15:40:55,073 [INFO] ThirdParty:1030 - CMSIS Pack Vendor :STMicroelectronics X-CUBE-SAFEA1 1.2.2
2024-05-18 15:40:55,073 [INFO] ThirdParty:1030 - CMSIS Pack Vendor :STMicroelectronics X-CUBE-NFC4 3.0.0
2024-05-18 15:40:55,073 [INFO] ThirdParty:1030 - CMSIS Pack Vendor :STMicroelectronics X-CUBE-SUBG2 5.0.0
2024-05-18 15:40:55,073 [INFO] ThirdParty:1030 - CMSIS Pack Vendor :STMicroelectronics STM32_WPAN 1.0.0
2024-05-18 15:40:55,073 [INFO] ThirdParty:1030 - CMSIS Pack Vendor :STMicroelectronics lwIP 2.0.3
2024-05-18 15:40:55,073 [INFO] ThirdParty:1030 - CMSIS Pack Vendor :STMicroelectronics FP-SNS-FLIGHT1 5.0.2
2024-05-18 15:40:55,073 [INFO] ThirdParty:1030 - CMSIS Pack Vendor :STMicroelectronics USB_HOST 1.0.0
2024-05-18 15:40:55,073 [INFO] ThirdParty:1030 - CMSIS Pack Vendor :STMicroelectronics X-CUBE-AI 9.0.0
2024-05-18 15:40:55,073 [INFO] ThirdParty:1030 - CMSIS Pack Vendor :STMicroelectronics X-CUBE-AZRTOS-G4 2.0.0
2024-05-18 15:40:55,073 [INFO] ThirdParty:1030 - CMSIS Pack Vendor :STMicroelectronics PDM2PCM 3.1.0
2024-05-18 15:40:55,073 [INFO] ThirdParty:1030 - CMSIS Pack Vendor :STMicroelectronics PDM2PCM 3.3.0
2024-05-18 15:40:55,073 [INFO] ThirdParty:1030 - CMSIS Pack Vendor :STMicroelectronics X-CUBE-DISPLAY 3.0.0
2024-05-18 15:40:55,073 [INFO] ThirdParty:1030 - CMSIS Pack Vendor :wolfSSL I-CUBE-wolfSSL 5.7.0
2024-05-18 15:40:55,073 [INFO] ThirdParty:1030 - CMSIS Pack Vendor :STMicroelectronics X-CUBE-BLE1 7.0.0
2024-05-18 15:40:55,073 [INFO] ThirdParty:1030 - CMSIS Pack Vendor :STMicroelectronics FP-ATR-SIGFOX1 3.2.0
2024-05-18 15:40:55,073 [INFO] ThirdParty:1030 - CMSIS Pack Vendor :STMicroelectronics X-CUBE-ISPU 2.0.0
2024-05-18 15:40:55,074 [INFO] ThirdParty:1030 - CMSIS Pack Vendor :STMicroelectronics X-CUBE-EEPRMA1 5.1.0
2024-05-18 15:40:55,074 [INFO] ThirdParty:1030 - CMSIS Pack Vendor :STMicroelectronics HAL Drivers 0.0.0
2024-05-18 15:40:55,074 [INFO] ThirdParty:1030 - CMSIS Pack Vendor :STMicroelectronics MBEDTLS 2.16.2
2024-05-18 15:40:55,074 [INFO] ThirdParty:1030 - CMSIS Pack Vendor :emotas I-CUBE-CANOPEN 1.3.0
2024-05-18 15:40:55,074 [INFO] ThirdParty:1030 - CMSIS Pack Vendor :STMicroelectronics X-CUBE-MEMS1 10.0.0
2024-05-18 15:40:55,074 [INFO] ThirdParty:1030 - CMSIS Pack Vendor :STMicroelectronics X-CUBE-FREERTOS 1.1.0
2024-05-18 15:40:55,074 [INFO] ThirdParty:1030 - CMSIS Pack Vendor :STMicroelectronics X-CUBE-NFC7 1.0.1
2024-05-18 15:40:55,074 [INFO] ThirdParty:1030 - CMSIS Pack Vendor :STMicroelectronics MBEDTLS 2.14.1
2024-05-18 15:40:55,074 [INFO] ThirdParty:1030 - CMSIS Pack Vendor :ITTIA_DB I-CUBE-ITTIADB 8.9.0
2024-05-18 15:40:55,074 [INFO] ThirdParty:1030 - CMSIS Pack Vendor :portGmbH I-Cube-SoM-uGOAL 1.1.0
2024-05-18 15:40:55,074 [INFO] ThirdParty:1030 - CMSIS Pack Vendor :STMicroelectronics X-CUBE-ALS 1.0.1
2024-05-18 15:40:55,074 [INFO] ThirdParty:1030 - CMSIS Pack Vendor :STMicroelectronics X-CUBE-BLEMGR 3.1.0
2024-05-18 15:40:55,074 [INFO] ThirdParty:1030 - CMSIS Pack Vendor :STMicroelectronics ThreadX 1.0.0
2024-05-18 15:40:55,074 [INFO] ThirdParty:1030 - CMSIS Pack Vendor :STMicroelectronics FP-SNS-SMARTAG2 1.2.0
2024-05-18 15:40:55,074 [INFO] ThirdParty:1030 - CMSIS Pack Vendor :STMicroelectronics X-CUBE-AZRTOS-WL 2.0.0
2024-05-18 15:40:55,075 [INFO] ThirdParty:1030 - CMSIS Pack Vendor :SEGGER I-CUBE-embOS 1.3.1
2024-05-18 15:40:55,075 [INFO] ThirdParty:1030 - CMSIS Pack Vendor :STMicroelectronics X-CUBE-ALGOBUILD 1.4.0
2024-05-18 15:40:55,075 [INFO] ThirdParty:1030 - CMSIS Pack Vendor :STMicroelectronics FP-SNS-MOTENV1 5.0.0
2024-05-18 15:40:55,075 [INFO] ThirdParty:1030 - CMSIS Pack Vendor :STMicroelectronics USB_DEVICE 1.0.0
2024-05-18 15:40:55,075 [INFO] ThirdParty:1030 - CMSIS Pack Vendor :STMicroelectronics X-CUBE-AZRTOS-H7RS 1.0.0
2024-05-18 15:40:55,075 [INFO] ThirdParty:1030 - CMSIS Pack Vendor :STMicroelectronics X-CUBE-AZRTOS-L4 2.0.0
2024-05-18 15:40:55,075 [INFO] ThirdParty:1030 - CMSIS Pack Vendor :STMicroelectronics ThreadX 0.0.2
2024-05-18 15:40:55,075 [INFO] ThirdParty:1030 - CMSIS Pack Vendor :WES I-CUBE-Cesium 1.3.0
2024-05-18 15:40:55,075 [INFO] ThirdParty:1030 - CMSIS Pack Vendor :STMicroelectronics FP-ATR-ASTRA1 2.0.0
2024-05-18 15:40:55,075 [INFO] ThirdParty:1030 - CMSIS Pack Vendor :STMicroelectronics lwIP 2.1.2
2024-05-18 15:40:55,075 [INFO] ThirdParty:1030 - CMSIS Pack Vendor :STMicroelectronics X-CUBE-SFXS2LP1 4.0.0
2024-05-18 15:40:55,075 [INFO] ThirdParty:1030 - CMSIS Pack Vendor :STMicroelectronics X-CUBE-BLE2 3.3.0
2024-05-18 15:40:55,075 [INFO] ThirdParty:1030 - CMSIS Pack Vendor :STMicroelectronics X-CUBE-TOF1 3.4.1
2024-05-18 15:40:55,075 [INFO] ThirdParty:1030 - CMSIS Pack Vendor :STMicroelectronics X-CUBE-AZRTOS-H7 3.2.0
2024-05-18 15:40:55,075 [INFO] ThirdParty:1030 - CMSIS Pack Vendor :Infineon AIROC-Wi-Fi-Bluetooth-STM32 1.6.0
2024-05-18 15:40:55,075 [INFO] ThirdParty:1030 - CMSIS Pack Vendor :STMicroelectronics PDM2PCM 3.2.0
2024-05-18 15:40:55,076 [INFO] ThirdParty:841 - exiting critical section [change project]
2024-05-18 15:40:55,182 [INFO] PinOutPanel:1561 - setPackage(No Configuration,No Configuration)
2024-05-18 15:40:55,183 [INFO] PinOutPanel:1561 - setPackage(STM32F103C6Tx,LQFP48)
2024-05-18 15:40:55,459 [INFO] UtilMem:75 - Before build in PCC Used Memory: 445916296 Bytes (615514112)
2024-05-18 15:40:55,862 [INFO] UtilMem:75 - After build in PCC Used Memory: 488246752 Bytes (615514112)
2024-05-18 15:40:55,898 [INFO] IPUIPlugin:80 - create IPUIPlugin
2024-05-18 15:40:55,898 [INFO] IPUIPlugin:80 - create IPUIPlugin
2024-05-18 15:40:55,898 [INFO] IPUIPlugin:80 - create IPUIPlugin
2024-05-18 15:40:55,898 [INFO] IPUIPlugin:80 - create IPUIPlugin
2024-05-18 15:40:55,898 [INFO] IPUIPlugin:80 - create IPUIPlugin
2024-05-18 15:40:55,899 [INFO] IPUIPlugin:80 - create IPUIPlugin
2024-05-18 15:40:55,899 [INFO] IPUIPlugin:80 - create IPUIPlugin
2024-05-18 15:40:55,899 [INFO] IPUIPlugin:80 - create IPUIPlugin
2024-05-18 15:40:55,899 [INFO] IPUIPlugin:80 - create IPUIPlugin
2024-05-18 15:40:55,899 [INFO] IPUIPlugin:80 - create IPUIPlugin
2024-05-18 15:40:55,899 [INFO] IPUIPlugin:80 - create IPUIPlugin
2024-05-18 15:40:55,900 [INFO] IPUIPlugin:80 - create IPUIPlugin
2024-05-18 15:40:55,900 [INFO] IPUIPlugin:80 - create IPUIPlugin
2024-05-18 15:40:55,900 [INFO] IPUIPlugin:80 - create IPUIPlugin
2024-05-18 15:40:55,900 [INFO] IPUIPlugin:80 - create IPUIPlugin
2024-05-18 15:40:55,900 [INFO] IPUIPlugin:80 - create IPUIPlugin
2024-05-18 15:40:55,901 [INFO] IPUIPlugin:80 - create IPUIPlugin
2024-05-18 15:40:55,901 [INFO] IPUIPlugin:80 - create IPUIPlugin
2024-05-18 15:40:55,901 [INFO] IPUIPlugin:80 - create IPUIPlugin
2024-05-18 15:40:55,901 [INFO] IPUIPlugin:80 - create IPUIPlugin
2024-05-18 15:40:55,902 [INFO] IPUIPlugin:80 - create IPUIPlugin
2024-05-18 15:40:55,902 [INFO] IPUIPlugin:80 - create IPUIPlugin
2024-05-18 15:40:55,902 [INFO] IPUIPlugin:80 - create IPUIPlugin
2024-05-18 15:40:55,972 [INFO] CADModel:165 - CPN selected for project levelSTM32F103C6T6A
2024-05-18 15:40:55,973 [INFO] CADModel:114 - Register for checkConnection events
2024-05-18 15:40:56,034 [INFO] OpenFileManager:343 - Restore cursor
2024-05-18 15:41:50,591 [INFO] Gpio:277 - dependency for GPIO [RCC, SPI1, SYS, USART2]
