2024-06-20 18:43:14,219 [WARN] IP:2120 - I2C_Coeff_DF not found: check if there is a RefParameter without a condition.
2024-06-20 18:43:14,285 [WARN] IP:2120 - Analog_Filter not found: check if there is a RefParameter without a condition.
2024-06-20 18:43:14,288 [WARN] IP:2120 - I2C_Coeff_DF not found: check if there is a RefParameter without a condition.
2024-06-20 18:43:14,288 [WARN] IP:2120 - Analog_Filter not found: check if there is a RefParameter without a condition.
2024-06-20 18:43:14,343 [WARN] IP:2120 - I2C_Coeff_DF not found: check if there is a RefParameter without a condition.
2024-06-20 18:43:14,343 [WARN] IP:2120 - Analog_Filter not found: check if there is a RefParameter without a condition.
2024-06-20 18:43:14,403 [WARN] IP:2120 - I2C_Coeff_DF not found: check if there is a RefParameter without a condition.
2024-06-20 18:43:14,403 [WARN] IP:2120 - Analog_Filter not found: check if there is a RefParameter without a condition.
2024-06-20 18:43:33,307 [INFO] Gpio:277 - dependency for GPIO [I2C1, RCC, SPI1, SPI2, SYS, USART2]
2024-06-20 18:56:31,646 [INFO] UtilMem:75 - End SaveConfig() Used Memory: 397268552 Bytes (692060160)
2024-06-20 18:56:33,011 [INFO] UtilMem:75 - End SaveConfig() Used Memory: 414270768 Bytes (692060160)
2024-06-20 18:56:33,656 [INFO] UtilMem:75 - End SaveConfig() Used Memory: 431748160 Bytes (692060160)
2024-06-20 18:56:37,301 [INFO] BlockDiagram:2759 - set Specific Code input for plugin: SPI
2024-06-20 18:56:37,302 [INFO] BlockDiagram:2759 - set Specific Code input for plugin: SPI
2024-06-20 18:56:37,302 [INFO] BlockDiagram:2759 - set Specific Code input for plugin: NVIC
2024-06-20 18:56:37,303 [INFO] BlockDiagram:2759 - set Specific Code input for plugin: FREERTOS
2024-06-20 18:56:37,303 [INFO] BlockDiagram:2759 - set Specific Code input for plugin: USART
2024-06-20 18:56:37,303 [INFO] BlockDiagram:2759 - set Specific Code input for plugin: SYS
2024-06-20 18:56:37,306 [INFO] BlockDiagram:2759 - set Specific Code input for plugin: GPIO
2024-06-20 18:56:37,306 [INFO] BlockDiagram:2759 - set Specific Code input for plugin: RCC
2024-06-20 18:56:37,306 [INFO] BlockDiagram:2759 - set Specific Code input for plugin: I2C
2024-06-20 18:56:37,311 [INFO] CodeGenerator:807 - code generatio: config db path: C:\ST\STM32CubeIDE_1.15.0\STM32CubeIDE\plugins\com.st.stm32cube.common.mx_6.11.1.202404110753\\db\
2024-06-20 18:56:37,355 [WARN] IP:2120 - I2C_Coeff_DF not found: check if there is a RefParameter without a condition.
2024-06-20 18:56:37,355 [WARN] IP:2120 - Analog_Filter not found: check if there is a RefParameter without a condition.
2024-06-20 18:56:38,090 [INFO] CodeEngine:255 - oldGeneratedFile, C:\Work\Stm32\RX_c8\MXTmpFiles\license.tmp_save
2024-06-20 18:56:38,479 [INFO] CodeEngine:279 - Generated code: C:\Work\Stm32\RX_c8\MXTmpFiles\license.tmp
2024-06-20 18:56:38,806 [INFO] CodeEngine:255 - oldGeneratedFile, C:\Work\Stm32\RX_c8\MXTmpFiles\gpio.tmp_save
2024-06-20 18:56:39,160 [INFO] CodeEngine:279 - Generated code: C:\Work\Stm32\RX_c8\MXTmpFiles\gpio.tmp
2024-06-20 18:56:39,950 [INFO] Middleware:1439 - No code input for Bsp Dependency
2024-06-20 18:56:40,000 [INFO] CodeEngine:255 - oldGeneratedFile, C:\Work\Stm32\RX_c8\MXTmpFiles\rtos_inc.tmp_save
2024-06-20 18:56:40,316 [INFO] CodeEngine:279 - Generated code: C:\Work\Stm32\RX_c8\MXTmpFiles\rtos_inc.tmp
2024-06-20 18:56:40,361 [INFO] CodeEngine:255 - oldGeneratedFile, C:\Work\Stm32\RX_c8\MXTmpFiles\rtos_kernelInit.tmp_save
2024-06-20 18:56:40,626 [INFO] CodeEngine:279 - Generated code: C:\Work\Stm32\RX_c8\MXTmpFiles\rtos_kernelInit.tmp
2024-06-20 18:56:40,648 [INFO] CodeEngine:255 - oldGeneratedFile, C:\Work\Stm32\RX_c8\MXTmpFiles\rtos_kernelStart.tmp_save
2024-06-20 18:56:40,899 [INFO] CodeEngine:279 - Generated code: C:\Work\Stm32\RX_c8\MXTmpFiles\rtos_kernelStart.tmp
2024-06-20 18:56:40,922 [INFO] CodeEngine:255 - oldGeneratedFile, C:\Work\Stm32\RX_c8\MXTmpFiles\rtos_typedefs.tmp_save
2024-06-20 18:56:41,087 [INFO] CodeEngine:279 - Generated code: C:\Work\Stm32\RX_c8\MXTmpFiles\rtos_typedefs.tmp
2024-06-20 18:56:41,115 [INFO] CodeEngine:255 - oldGeneratedFile, C:\Work\Stm32\RX_c8\MXTmpFiles\rtos_vars.tmp_save
2024-06-20 18:56:41,289 [INFO] CodeEngine:279 - Generated code: C:\Work\Stm32\RX_c8\MXTmpFiles\rtos_vars.tmp
2024-06-20 18:56:41,313 [INFO] CodeEngine:255 - oldGeneratedFile, C:\Work\Stm32\RX_c8\MXTmpFiles\rtos_pfp.tmp_save
2024-06-20 18:56:41,487 [INFO] CodeEngine:279 - Generated code: C:\Work\Stm32\RX_c8\MXTmpFiles\rtos_pfp.tmp
2024-06-20 18:56:41,509 [INFO] CodeEngine:255 - oldGeneratedFile, C:\Work\Stm32\RX_c8\MXTmpFiles\rtos_obj_creat.tmp_save
2024-06-20 18:56:41,695 [INFO] CodeEngine:279 - Generated code: C:\Work\Stm32\RX_c8\MXTmpFiles\rtos_obj_creat.tmp
2024-06-20 18:56:41,719 [INFO] CodeEngine:255 - oldGeneratedFile, C:\Work\Stm32\RX_c8\MXTmpFiles\rtos_default_thread.tmp_save
2024-06-20 18:56:41,886 [INFO] CodeEngine:279 - Generated code: C:\Work\Stm32\RX_c8\MXTmpFiles\rtos_default_thread.tmp
2024-06-20 18:56:41,909 [INFO] CodeEngine:255 - oldGeneratedFile, C:\Work\Stm32\RX_c8\MXTmpFiles\rtos_threads.tmp_save
2024-06-20 18:56:42,093 [INFO] CodeEngine:279 - Generated code: C:\Work\Stm32\RX_c8\MXTmpFiles\rtos_threads.tmp
2024-06-20 18:56:42,136 [INFO] Middleware:1439 - No code input for Bsp Dependency
2024-06-20 18:56:42,163 [INFO] CodeEngine:255 - oldGeneratedFile, C:\Work\Stm32\RX_c8\MXTmpFiles\rtos_inc.tmp_save
2024-06-20 18:56:42,332 [INFO] CodeEngine:279 - Generated code: C:\Work\Stm32\RX_c8\MXTmpFiles\rtos_inc.tmp
2024-06-20 18:56:42,343 [INFO] CodeEngine:255 - oldGeneratedFile, C:\Work\Stm32\RX_c8\MXTmpFiles\rtos_kernelInit.tmp_save
2024-06-20 18:56:42,480 [INFO] CodeEngine:279 - Generated code: C:\Work\Stm32\RX_c8\MXTmpFiles\rtos_kernelInit.tmp
2024-06-20 18:56:42,492 [INFO] CodeEngine:255 - oldGeneratedFile, C:\Work\Stm32\RX_c8\MXTmpFiles\rtos_kernelStart.tmp_save
2024-06-20 18:56:42,614 [INFO] CodeEngine:279 - Generated code: C:\Work\Stm32\RX_c8\MXTmpFiles\rtos_kernelStart.tmp
2024-06-20 18:56:42,626 [INFO] CodeEngine:255 - oldGeneratedFile, C:\Work\Stm32\RX_c8\MXTmpFiles\rtos_typedefs.tmp_save
2024-06-20 18:56:42,751 [INFO] CodeEngine:279 - Generated code: C:\Work\Stm32\RX_c8\MXTmpFiles\rtos_typedefs.tmp
2024-06-20 18:56:42,780 [INFO] CodeEngine:255 - oldGeneratedFile, C:\Work\Stm32\RX_c8\MXTmpFiles\rtos_vars.tmp_save
2024-06-20 18:56:42,927 [INFO] CodeEngine:279 - Generated code: C:\Work\Stm32\RX_c8\MXTmpFiles\rtos_vars.tmp
2024-06-20 18:56:42,939 [INFO] CodeEngine:255 - oldGeneratedFile, C:\Work\Stm32\RX_c8\MXTmpFiles\rtos_pfp.tmp_save
2024-06-20 18:56:43,066 [INFO] CodeEngine:279 - Generated code: C:\Work\Stm32\RX_c8\MXTmpFiles\rtos_pfp.tmp
2024-06-20 18:56:43,094 [INFO] CodeEngine:255 - oldGeneratedFile, C:\Work\Stm32\RX_c8\MXTmpFiles\rtos_obj_creat.tmp_save
2024-06-20 18:56:43,241 [INFO] CodeEngine:279 - Generated code: C:\Work\Stm32\RX_c8\MXTmpFiles\rtos_obj_creat.tmp
2024-06-20 18:56:43,255 [INFO] CodeEngine:255 - oldGeneratedFile, C:\Work\Stm32\RX_c8\MXTmpFiles\rtos_default_thread.tmp_save
2024-06-20 18:56:43,405 [INFO] CodeEngine:279 - Generated code: C:\Work\Stm32\RX_c8\MXTmpFiles\rtos_default_thread.tmp
2024-06-20 18:56:43,420 [INFO] CodeEngine:255 - oldGeneratedFile, C:\Work\Stm32\RX_c8\MXTmpFiles\rtos_threads.tmp_save
2024-06-20 18:56:43,561 [INFO] CodeEngine:279 - Generated code: C:\Work\Stm32\RX_c8\MXTmpFiles\rtos_threads.tmp
2024-06-20 18:56:43,607 [INFO] CodeEngine:255 - oldGeneratedFile, C:\Work\Stm32\RX_c8\Core\Inc\FreeRTOSConfig.h_save
2024-06-20 18:56:43,820 [INFO] CodeEngine:279 - Generated code: C:\Work\Stm32\RX_c8\Core\Inc\FreeRTOSConfig.h
2024-06-20 18:56:43,875 [INFO] CodeEngine:255 - oldGeneratedFile, C:\Work\Stm32\RX_c8\Core\Src\freertos.c_save
2024-06-20 18:56:44,113 [INFO] CodeEngine:279 - Generated code: C:\Work\Stm32\RX_c8\Core\Src\freertos.c
2024-06-20 18:56:44,198 [INFO] CodeEngine:255 - oldGeneratedFile, C:\Work\Stm32\RX_c8\Core\Src\stm32f1xx_it.c_save
2024-06-20 18:56:44,807 [INFO] CodeEngine:279 - Generated code: C:\Work\Stm32\RX_c8\Core\Src\stm32f1xx_it.c
2024-06-20 18:56:44,894 [INFO] CodeEngine:255 - oldGeneratedFile, C:\Work\Stm32\RX_c8\Core\Inc\stm32f1xx_it.h_save
2024-06-20 18:56:45,232 [INFO] CodeEngine:279 - Generated code: C:\Work\Stm32\RX_c8\Core\Inc\stm32f1xx_it.h
2024-06-20 18:56:45,374 [INFO] CodeEngine:255 - oldGeneratedFile, C:\Work\Stm32\RX_c8\Core\Src\stm32f1xx_hal_msp.c_save
2024-06-20 18:56:46,096 [INFO] CodeEngine:279 - Generated code: C:\Work\Stm32\RX_c8\Core\Src\stm32f1xx_hal_msp.c
2024-06-20 18:56:46,186 [INFO] CodeEngine:255 - oldGeneratedFile, C:\Work\Stm32\RX_c8\MXTmpFiles\system.tmp_save
2024-06-20 18:56:46,459 [INFO] CodeEngine:279 - Generated code: C:\Work\Stm32\RX_c8\MXTmpFiles\system.tmp
2024-06-20 18:56:46,554 [INFO] CodeEngine:255 - oldGeneratedFile, C:\Work\Stm32\RX_c8\Core\Src\stm32f1xx_hal_timebase_tim.c_save
2024-06-20 18:56:46,981 [INFO] CodeEngine:279 - Generated code: C:\Work\Stm32\RX_c8\Core\Src\stm32f1xx_hal_timebase_tim.c
2024-06-20 18:56:47,281 [INFO] CodeEngine:311 - oldGeneratedFile, C:\Work\Stm32\RX_c8\Core\Inc\stm32f1xx_hal_conf.h_save
2024-06-20 18:56:47,655 [INFO] CodeEngine:335 - Generated code: C:\Work\Stm32\RX_c8\Core\Inc\stm32f1xx_hal_conf.h
2024-06-20 18:56:49,044 [INFO] CodeEngine:255 - oldGeneratedFile, C:\Work\Stm32\RX_c8\Core\Inc\main.h_save
2024-06-20 18:56:50,120 [INFO] CodeEngine:279 - Generated code: C:\Work\Stm32\RX_c8\Core\Inc\main.h
2024-06-20 18:56:50,427 [INFO] CodeEngine:255 - oldGeneratedFile, C:\Work\Stm32\RX_c8\Core\Src\main.c_save
2024-06-20 18:56:51,072 [INFO] CodeEngine:279 - Generated code: C:\Work\Stm32\RX_c8\Core\Src\main.c
2024-06-20 18:56:52,807 [INFO] ProjectBuilder:3163 - Time for Copy HAL[1] : 987mS.
2024-06-20 18:56:52,824 [INFO] ProjectBuilder:4736 - Project Generator version: 4.3.0-B58
2024-06-20 18:56:53,124 [INFO] ConfigFileManager:1503 - The Die is : DIE410
2024-06-20 18:56:53,155 [INFO] ApiDbMcu:508 - Load IP Config File for FATFS
2024-06-20 18:56:53,197 [INFO] ApiDbMcu:508 - Load IP Config File for USB_DEVICE
2024-06-20 18:57:00,055 [INFO] ProjectBuilder:5002 - Time for Generating toolchain IDE Files: 7232mS.
2024-06-20 18:57:00,058 [INFO] ProjectBuilder:3034 - Time for Copy CMSIS : 2mS.
2024-06-20 18:57:00,081 [INFO] ProjectBuilder:3034 - Time for Copy CMSIS : 0mS.
2024-06-20 19:30:48,569 [WARN] IP:2120 - I2C_Coeff_DF not found: check if there is a RefParameter without a condition.
2024-06-20 19:30:48,574 [WARN] IP:2120 - Analog_Filter not found: check if there is a RefParameter without a condition.
2024-06-20 19:30:57,216 [INFO] UtilMem:75 - End SaveConfig() Used Memory: 379912600 Bytes (692060160)
2024-06-20 19:30:58,335 [INFO] UtilMem:75 - End SaveConfig() Used Memory: 404261608 Bytes (692060160)
2024-06-20 19:31:04,832 [INFO] UtilMem:75 - End SaveConfig() Used Memory: 547154832 Bytes (692060160)
2024-06-20 19:31:06,758 [INFO] BlockDiagram:2759 - set Specific Code input for plugin: SPI
2024-06-20 19:31:06,758 [INFO] BlockDiagram:2759 - set Specific Code input for plugin: SPI
2024-06-20 19:31:06,758 [INFO] BlockDiagram:2759 - set Specific Code input for plugin: NVIC
2024-06-20 19:31:06,758 [INFO] BlockDiagram:2759 - set Specific Code input for plugin: FREERTOS
2024-06-20 19:31:06,758 [INFO] BlockDiagram:2759 - set Specific Code input for plugin: USART
2024-06-20 19:31:06,758 [INFO] BlockDiagram:2759 - set Specific Code input for plugin: SYS
2024-06-20 19:31:06,759 [INFO] BlockDiagram:2759 - set Specific Code input for plugin: GPIO
2024-06-20 19:31:06,759 [INFO] BlockDiagram:2759 - set Specific Code input for plugin: RCC
2024-06-20 19:31:06,765 [INFO] CodeGenerator:807 - code generatio: config db path: C:\ST\STM32CubeIDE_1.15.0\STM32CubeIDE\plugins\com.st.stm32cube.common.mx_6.11.1.202404110753\\db\
2024-06-20 19:31:06,955 [INFO] CodeEngine:255 - oldGeneratedFile, C:\Work\Stm32\RX_c8\MXTmpFiles\license.tmp_save
2024-06-20 19:31:07,263 [INFO] CodeEngine:279 - Generated code: C:\Work\Stm32\RX_c8\MXTmpFiles\license.tmp
2024-06-20 19:31:07,341 [INFO] CodeEngine:255 - oldGeneratedFile, C:\Work\Stm32\RX_c8\MXTmpFiles\gpio.tmp_save
2024-06-20 19:31:07,626 [INFO] CodeEngine:279 - Generated code: C:\Work\Stm32\RX_c8\MXTmpFiles\gpio.tmp
2024-06-20 19:31:07,909 [INFO] Middleware:1439 - No code input for Bsp Dependency
2024-06-20 19:31:07,937 [INFO] CodeEngine:255 - oldGeneratedFile, C:\Work\Stm32\RX_c8\MXTmpFiles\rtos_inc.tmp_save
2024-06-20 19:31:08,173 [INFO] CodeEngine:279 - Generated code: C:\Work\Stm32\RX_c8\MXTmpFiles\rtos_inc.tmp
2024-06-20 19:31:08,186 [INFO] CodeEngine:255 - oldGeneratedFile, C:\Work\Stm32\RX_c8\MXTmpFiles\rtos_kernelInit.tmp_save
2024-06-20 19:31:08,433 [INFO] CodeEngine:279 - Generated code: C:\Work\Stm32\RX_c8\MXTmpFiles\rtos_kernelInit.tmp
2024-06-20 19:31:08,447 [INFO] CodeEngine:255 - oldGeneratedFile, C:\Work\Stm32\RX_c8\MXTmpFiles\rtos_kernelStart.tmp_save
2024-06-20 19:31:08,594 [INFO] CodeEngine:279 - Generated code: C:\Work\Stm32\RX_c8\MXTmpFiles\rtos_kernelStart.tmp
2024-06-20 19:31:08,607 [INFO] CodeEngine:255 - oldGeneratedFile, C:\Work\Stm32\RX_c8\MXTmpFiles\rtos_typedefs.tmp_save
2024-06-20 19:31:08,739 [INFO] CodeEngine:279 - Generated code: C:\Work\Stm32\RX_c8\MXTmpFiles\rtos_typedefs.tmp
2024-06-20 19:31:08,751 [INFO] CodeEngine:255 - oldGeneratedFile, C:\Work\Stm32\RX_c8\MXTmpFiles\rtos_vars.tmp_save
2024-06-20 19:31:08,987 [INFO] CodeEngine:279 - Generated code: C:\Work\Stm32\RX_c8\MXTmpFiles\rtos_vars.tmp
2024-06-20 19:31:09,015 [INFO] CodeEngine:255 - oldGeneratedFile, C:\Work\Stm32\RX_c8\MXTmpFiles\rtos_pfp.tmp_save
2024-06-20 19:31:09,191 [INFO] CodeEngine:279 - Generated code: C:\Work\Stm32\RX_c8\MXTmpFiles\rtos_pfp.tmp
2024-06-20 19:31:09,209 [INFO] CodeEngine:255 - oldGeneratedFile, C:\Work\Stm32\RX_c8\MXTmpFiles\rtos_obj_creat.tmp_save
2024-06-20 19:31:09,389 [INFO] CodeEngine:279 - Generated code: C:\Work\Stm32\RX_c8\MXTmpFiles\rtos_obj_creat.tmp
2024-06-20 19:31:09,402 [INFO] CodeEngine:255 - oldGeneratedFile, C:\Work\Stm32\RX_c8\MXTmpFiles\rtos_default_thread.tmp_save
2024-06-20 19:31:09,589 [INFO] CodeEngine:279 - Generated code: C:\Work\Stm32\RX_c8\MXTmpFiles\rtos_default_thread.tmp
2024-06-20 19:31:09,601 [INFO] CodeEngine:255 - oldGeneratedFile, C:\Work\Stm32\RX_c8\MXTmpFiles\rtos_threads.tmp_save
2024-06-20 19:31:09,797 [INFO] CodeEngine:279 - Generated code: C:\Work\Stm32\RX_c8\MXTmpFiles\rtos_threads.tmp
2024-06-20 19:31:09,836 [INFO] Middleware:1439 - No code input for Bsp Dependency
2024-06-20 19:31:09,863 [INFO] CodeEngine:255 - oldGeneratedFile, C:\Work\Stm32\RX_c8\MXTmpFiles\rtos_inc.tmp_save
2024-06-20 19:31:10,061 [INFO] CodeEngine:279 - Generated code: C:\Work\Stm32\RX_c8\MXTmpFiles\rtos_inc.tmp
2024-06-20 19:31:10,074 [INFO] CodeEngine:255 - oldGeneratedFile, C:\Work\Stm32\RX_c8\MXTmpFiles\rtos_kernelInit.tmp_save
2024-06-20 19:31:10,210 [INFO] CodeEngine:279 - Generated code: C:\Work\Stm32\RX_c8\MXTmpFiles\rtos_kernelInit.tmp
2024-06-20 19:31:10,223 [INFO] CodeEngine:255 - oldGeneratedFile, C:\Work\Stm32\RX_c8\MXTmpFiles\rtos_kernelStart.tmp_save
2024-06-20 19:31:10,349 [INFO] CodeEngine:279 - Generated code: C:\Work\Stm32\RX_c8\MXTmpFiles\rtos_kernelStart.tmp
2024-06-20 19:31:10,366 [INFO] CodeEngine:255 - oldGeneratedFile, C:\Work\Stm32\RX_c8\MXTmpFiles\rtos_typedefs.tmp_save
2024-06-20 19:31:10,497 [INFO] CodeEngine:279 - Generated code: C:\Work\Stm32\RX_c8\MXTmpFiles\rtos_typedefs.tmp
2024-06-20 19:31:10,532 [INFO] CodeEngine:255 - oldGeneratedFile, C:\Work\Stm32\RX_c8\MXTmpFiles\rtos_vars.tmp_save
2024-06-20 19:31:10,663 [INFO] CodeEngine:279 - Generated code: C:\Work\Stm32\RX_c8\MXTmpFiles\rtos_vars.tmp
2024-06-20 19:31:10,679 [INFO] CodeEngine:255 - oldGeneratedFile, C:\Work\Stm32\RX_c8\MXTmpFiles\rtos_pfp.tmp_save
2024-06-20 19:31:10,806 [INFO] CodeEngine:279 - Generated code: C:\Work\Stm32\RX_c8\MXTmpFiles\rtos_pfp.tmp
2024-06-20 19:31:10,842 [INFO] CodeEngine:255 - oldGeneratedFile, C:\Work\Stm32\RX_c8\MXTmpFiles\rtos_obj_creat.tmp_save
2024-06-20 19:31:10,978 [INFO] CodeEngine:279 - Generated code: C:\Work\Stm32\RX_c8\MXTmpFiles\rtos_obj_creat.tmp
2024-06-20 19:31:10,995 [INFO] CodeEngine:255 - oldGeneratedFile, C:\Work\Stm32\RX_c8\MXTmpFiles\rtos_default_thread.tmp_save
2024-06-20 19:31:11,126 [INFO] CodeEngine:279 - Generated code: C:\Work\Stm32\RX_c8\MXTmpFiles\rtos_default_thread.tmp
2024-06-20 19:31:11,143 [INFO] CodeEngine:255 - oldGeneratedFile, C:\Work\Stm32\RX_c8\MXTmpFiles\rtos_threads.tmp_save
2024-06-20 19:31:11,265 [INFO] CodeEngine:279 - Generated code: C:\Work\Stm32\RX_c8\MXTmpFiles\rtos_threads.tmp
2024-06-20 19:31:11,308 [INFO] CodeEngine:255 - oldGeneratedFile, C:\Work\Stm32\RX_c8\Core\Inc\FreeRTOSConfig.h_save
2024-06-20 19:31:11,582 [INFO] CodeEngine:279 - Generated code: C:\Work\Stm32\RX_c8\Core\Inc\FreeRTOSConfig.h
2024-06-20 19:31:11,636 [INFO] CodeEngine:255 - oldGeneratedFile, C:\Work\Stm32\RX_c8\Core\Src\freertos.c_save
2024-06-20 19:31:11,867 [INFO] CodeEngine:279 - Generated code: C:\Work\Stm32\RX_c8\Core\Src\freertos.c
2024-06-20 19:31:11,948 [INFO] CodeEngine:255 - oldGeneratedFile, C:\Work\Stm32\RX_c8\Core\Src\stm32f1xx_it.c_save
2024-06-20 19:31:12,412 [INFO] CodeEngine:279 - Generated code: C:\Work\Stm32\RX_c8\Core\Src\stm32f1xx_it.c
2024-06-20 19:31:12,465 [INFO] CodeEngine:255 - oldGeneratedFile, C:\Work\Stm32\RX_c8\Core\Inc\stm32f1xx_it.h_save
2024-06-20 19:31:12,766 [INFO] CodeEngine:279 - Generated code: C:\Work\Stm32\RX_c8\Core\Inc\stm32f1xx_it.h
2024-06-20 19:31:12,843 [INFO] CodeEngine:255 - oldGeneratedFile, C:\Work\Stm32\RX_c8\Core\Src\stm32f1xx_hal_msp.c_save
2024-06-20 19:31:13,212 [INFO] CodeEngine:279 - Generated code: C:\Work\Stm32\RX_c8\Core\Src\stm32f1xx_hal_msp.c
2024-06-20 19:31:13,231 [INFO] CodeEngine:255 - oldGeneratedFile, C:\Work\Stm32\RX_c8\MXTmpFiles\system.tmp_save
2024-06-20 19:31:13,391 [INFO] CodeEngine:279 - Generated code: C:\Work\Stm32\RX_c8\MXTmpFiles\system.tmp
2024-06-20 19:31:13,429 [INFO] CodeEngine:255 - oldGeneratedFile, C:\Work\Stm32\RX_c8\Core\Src\stm32f1xx_hal_timebase_tim.c_save
2024-06-20 19:31:13,631 [INFO] CodeEngine:279 - Generated code: C:\Work\Stm32\RX_c8\Core\Src\stm32f1xx_hal_timebase_tim.c
2024-06-20 19:31:13,693 [INFO] CodeEngine:311 - oldGeneratedFile, C:\Work\Stm32\RX_c8\Core\Inc\stm32f1xx_hal_conf.h_save
2024-06-20 19:31:13,924 [INFO] CodeEngine:335 - Generated code: C:\Work\Stm32\RX_c8\Core\Inc\stm32f1xx_hal_conf.h
2024-06-20 19:31:14,047 [INFO] CodeEngine:255 - oldGeneratedFile, C:\Work\Stm32\RX_c8\Core\Inc\main.h_save
2024-06-20 19:31:14,259 [INFO] CodeEngine:279 - Generated code: C:\Work\Stm32\RX_c8\Core\Inc\main.h
2024-06-20 19:31:14,299 [INFO] CodeEngine:255 - oldGeneratedFile, C:\Work\Stm32\RX_c8\Core\Src\main.c_save
2024-06-20 19:31:14,636 [INFO] CodeEngine:279 - Generated code: C:\Work\Stm32\RX_c8\Core\Src\main.c
2024-06-20 19:31:15,808 [INFO] ProjectBuilder:3163 - Time for Copy HAL[1] : 803mS.
2024-06-20 19:31:15,824 [INFO] ProjectBuilder:4736 - Project Generator version: 4.3.0-B58
2024-06-20 19:31:15,988 [INFO] ConfigFileManager:1503 - The Die is : DIE410
2024-06-20 19:31:19,638 [INFO] ProjectBuilder:5002 - Time for Generating toolchain IDE Files: 3815mS.
2024-06-20 19:31:19,642 [INFO] ProjectBuilder:3034 - Time for Copy CMSIS : 3mS.
2024-06-20 19:31:19,679 [INFO] ProjectBuilder:3034 - Time for Copy CMSIS : 0mS.
2024-06-20 22:25:23,199 [INFO] MainUpdater:2873 - connection check result : 10
2024-06-20 22:25:23,204 [INFO] MainUpdater:2873 - connection check result : 10
2024-06-20 22:25:23,252 [INFO] MicroXplorer:468 - Change Database Path : 
2024-06-20 22:25:23,253 [INFO] MicroXplorer:498 - Change Database Version : DB.6.0.111
2024-06-20 22:25:23,300 [ERROR] ProjectManagerView:394 - 
java.lang.NullPointerException: Cannot invoke "javax.swing.JTextField.getText()" because the return value of "java.util.List.get(int)" is null
	at com.st.microxplorer.plugins.projectmanager.gui.ProjectChoiceTab$10.caretUpdate(ProjectChoiceTab.java:2504) ~[filemanager.jar:?]
	at javax.swing.text.JTextComponent.fireCaretUpdate(JTextComponent.java:412) ~[?:?]
	at javax.swing.text.JTextComponent$MutableCaretEvent.fire(JTextComponent.java:4491) ~[?:?]
	at javax.swing.text.JTextComponent$MutableCaretEvent.stateChanged(JTextComponent.java:4513) ~[?:?]
	at javax.swing.text.DefaultCaret.fireStateChanged(DefaultCaret.java:842) ~[?:?]
	at javax.swing.text.DefaultCaret.changeCaretPosition(DefaultCaret.java:1313) ~[?:?]
	at javax.swing.text.DefaultCaret.handleSetDot(DefaultCaret.java:1212) ~[?:?]
	at javax.swing.text.DefaultCaret.setDot(DefaultCaret.java:1193) ~[?:?]
	at javax.swing.text.DefaultCaret$Handler.insertUpdate(DefaultCaret.java:1789) ~[?:?]
	at javax.swing.text.AbstractDocument.fireInsertUpdate(AbstractDocument.java:226) ~[?:?]
	at javax.swing.text.AbstractDocument.handleInsertString(AbstractDocument.java:780) ~[?:?]
	at javax.swing.text.AbstractDocument.insertString(AbstractDocument.java:739) ~[?:?]
	at javax.swing.text.PlainDocument.insertString(PlainDocument.java:131) ~[?:?]
	at javax.swing.text.AbstractDocument.replace(AbstractDocument.java:698) ~[?:?]
	at javax.swing.text.JTextComponent.setText(JTextComponent.java:1729) ~[?:?]
	at com.st.microxplorer.plugins.projectmanager.gui.ProjectChoiceTab.createHeapStackFields(ProjectChoiceTab.java:944) ~[filemanager.jar:?]
	at com.st.microxplorer.plugins.projectmanager.gui.ProjectChoiceTab.buildLinkSettingsPanel(ProjectChoiceTab.java:3475) ~[filemanager.jar:?]
	at com.st.microxplorer.plugins.projectmanager.gui.ProjectChoiceTab.defineWindowsFields(ProjectChoiceTab.java:1816) ~[filemanager.jar:?]
	at com.st.microxplorer.plugins.projectmanager.gui.ProjectChoiceTab.updateSettings(ProjectChoiceTab.java:544) ~[filemanager.jar:?]
	at com.st.microxplorer.plugins.projectmanager.gui.ProjectSettingsPanel.UpdateDialog(ProjectSettingsPanel.java:245) ~[filemanager.jar:?]
	at com.st.microxplorer.plugins.projectmanager.ProjectManagerView.propertyChange(ProjectManagerView.java:391) ~[filemanager.jar:?]
	at java.beans.PropertyChangeSupport.fire(PropertyChangeSupport.java:343) ~[?:?]
	at java.beans.PropertyChangeSupport.firePropertyChange(PropertyChangeSupport.java:335) ~[?:?]
	at java.beans.PropertyChangeSupport.firePropertyChange(PropertyChangeSupport.java:268) ~[?:?]
	at com.st.microxplorer.util.MXPropertyChangeSupport.firePropertyChange(MXPropertyChangeSupport.java:54) ~[STM32CubeMX.jar:?]
	at com.st.microxplorer.mxsystem.MxSystem.closeConfig(MxSystem.java:900) ~[STM32CubeMX.jar:?]
	at com.st.microxplorer.maingui.MainPanel.closeConfig(MainPanel.java:776) ~[STM32CubeMX.jar:?]
	at com.st.microxplorer.plugins.filemanager.engine.OpenFileManager.loadConfigurationFile(OpenFileManager.java:245) ~[filemanager.jar:?]
	at com.st.microxplorer.plugins.filemanager.engine.MainFileManager.userLoadConfig(MainFileManager.java:315) ~[filemanager.jar:?]
	at com.st.microxplorer.plugins.filemanager.engine.MainFileManager.userLoadConfig(MainFileManager.java:293) ~[filemanager.jar:?]
	at com.st.microxplorer.plugins.filemanager.FileManagerView.getSpecificTask(FileManagerView.java:247) ~[filemanager.jar:?]
	at com.st.stm32cube.common.mx.editor.CubeMxEditor.getMxTabbedPaneInstance(CubeMxEditor.java:1198) ~[com.st.stm32cube.common.mx_6.11.1.202404110753/:?]
	at com.st.stm32cube.common.mx.editor.CubeMxEditor$12$1.createSwingComponent(CubeMxEditor.java:1068) ~[com.st.stm32cube.common.mx_6.11.1.202404110753/:?]
	at com.st.stm32cube.common.mx.oss.core.awtswtbridge.EmbeddedSwingComposite.doComponentCreation(EmbeddedSwingComposite.java:492) ~[com.st.stm32cube.common.mx.oss_6.11.1.202404110753/:?]
	at com.st.stm32cube.common.mx.oss.core.awtswtbridge.EmbeddedSwingComposite$4.run(EmbeddedSwingComposite.java:291) ~[com.st.stm32cube.common.mx.oss_6.11.1.202404110753/:?]
	at com.st.stm32cube.common.mx.oss.core.awtswtbridge.AwtEnvironment$2.run(AwtEnvironment.java:166) ~[com.st.stm32cube.common.mx.oss_6.11.1.202404110753/:?]
	at java.awt.event.InvocationEvent.dispatch(InvocationEvent.java:318) ~[?:?]
	at java.awt.EventQueue.dispatchEventImpl(EventQueue.java:773) ~[?:?]
	at java.awt.EventQueue$4.run(EventQueue.java:720) ~[?:?]
	at java.awt.EventQueue$4.run(EventQueue.java:714) ~[?:?]
	at java.security.AccessController.doPrivileged(AccessController.java:399) ~[?:?]
	at java.security.ProtectionDomain$JavaSecurityAccessImpl.doIntersectionPrivilege(ProtectionDomain.java:86) ~[?:?]
	at java.awt.EventQueue.dispatchEvent(EventQueue.java:742) ~[?:?]
	at java.awt.EventDispatchThread.pumpOneEventForFilters(EventDispatchThread.java:203) ~[?:?]
	at java.awt.EventDispatchThread.pumpEventsForFilter(EventDispatchThread.java:124) ~[?:?]
	at java.awt.EventDispatchThread.pumpEventsForHierarchy(EventDispatchThread.java:113) ~[?:?]
	at java.awt.EventDispatchThread.pumpEvents(EventDispatchThread.java:109) ~[?:?]
	at java.awt.EventDispatchThread.pumpEvents(EventDispatchThread.java:101) ~[?:?]
	at java.awt.EventDispatchThread.run(EventDispatchThread.java:90) ~[?:?]
2024-06-20 22:25:23,313 [WARN] ThirdParty:871 - waiting for thirdparty lock release [close project]
2024-06-20 22:25:23,313 [INFO] ThirdParty:873 - entering critical section [close project]
2024-06-20 22:25:23,314 [INFO] ThirdParty:883 - exiting critical section [close project]
2024-06-20 22:25:23,317 [INFO] PinOutPanel:1561 - setPackage(No Configuration,No Configuration)
2024-06-20 22:25:23,334 [INFO] UtilMem:75 - Begin LoadConfig() Used Memory: 473667184 Bytes (692060160)
2024-06-20 22:25:23,335 [INFO] MicroXplorer:468 - Change Database Path : 
2024-06-20 22:25:23,335 [INFO] MicroXplorer:498 - Change Database Version : DB.6.0.111
2024-06-20 22:25:23,336 [INFO] OpenFileManager:312 - Change cursor
2024-06-20 22:25:23,406 [INFO] RulesReader:64 - Compatibility file has been processed (297 Rules)
2024-06-20 22:25:23,426 [INFO] Mcu:2021 - Initializing MCU STM32F103C(8-B)Tx STM32F103C8Tx STM32F103C8T6
2024-06-20 22:25:25,151 [INFO] Context:663 - Trying to add GPIOservice into a context  which must be forbidden
2024-06-20 22:25:25,466 [INFO] RtosManager:555 - Registered RTOS mode: class=CMSIS, group=RTOS, mode=CMSIS_V1, owner=FREERTOS
2024-06-20 22:25:25,466 [INFO] RtosManager:555 - Registered RTOS mode: class=CMSIS, group=RTOS2, mode=CMSIS_V2, owner=FREERTOS
2024-06-20 22:25:25,466 [INFO] RtosManager:555 - Registered RTOS mode: class=RTOS, group=Core, mode=CMSIS_V1, owner=FREERTOS
2024-06-20 22:25:25,467 [INFO] RtosManager:555 - Registered RTOS mode: class=RTOS, group=Core, mode=CMSIS_V2, owner=FREERTOS
2024-06-20 22:25:25,467 [WARN] ModelIntegratedComponent:184 - Missing modes for component STMicroelectronics:FreeRTOS:0.0.1:STMicroelectronics:RTOS:FreeRTOS:Core:::10.2.0:
2024-06-20 22:25:25,476 [WARN] ModelIntegratedComponent:63 - No mode defined for component null
2024-06-20 22:25:25,476 [WARN] ModelIntegratedComponent:63 - No mode defined for component null
2024-06-20 22:25:25,476 [WARN] ModelIntegratedComponent:63 - No mode defined for component null
2024-06-20 22:25:25,476 [WARN] ModelIntegratedComponent:63 - No mode defined for component null
2024-06-20 22:25:25,476 [WARN] ModelIntegratedComponent:63 - No mode defined for component null
2024-06-20 22:25:25,476 [WARN] ModelIntegratedComponent:63 - No mode defined for component null
2024-06-20 22:25:25,476 [WARN] ModelIntegratedComponent:63 - No mode defined for component null
2024-06-20 22:25:25,476 [WARN] ModelIntegratedComponent:63 - No mode defined for component null
2024-06-20 22:25:25,476 [WARN] ModelIntegratedComponent:63 - No mode defined for component null
2024-06-20 22:25:25,476 [WARN] ModelIntegratedComponent:63 - No mode defined for component null
2024-06-20 22:25:25,476 [WARN] ModelIntegratedComponent:63 - No mode defined for component null
2024-06-20 22:25:25,476 [WARN] ModelIntegratedComponent:63 - No mode defined for component null
2024-06-20 22:25:25,476 [WARN] ModelIntegratedComponent:63 - No mode defined for component null
2024-06-20 22:25:25,476 [WARN] ModelIntegratedComponent:63 - No mode defined for component null
2024-06-20 22:25:25,476 [WARN] ModelIntegratedComponent:63 - No mode defined for component null
2024-06-20 22:25:25,476 [WARN] ModelIntegratedComponent:63 - No mode defined for component null
2024-06-20 22:25:25,477 [WARN] ModelIntegratedComponent:63 - No mode defined for component null
2024-06-20 22:25:25,477 [WARN] ModelIntegratedComponent:63 - No mode defined for component null
2024-06-20 22:25:25,477 [WARN] ModelIntegratedComponent:63 - No mode defined for component null
2024-06-20 22:25:25,477 [WARN] ModelIntegratedComponent:63 - No mode defined for component null
2024-06-20 22:25:25,477 [WARN] ModelIntegratedComponent:63 - No mode defined for component null
2024-06-20 22:25:25,477 [WARN] ModelIntegratedComponent:63 - No mode defined for component null
2024-06-20 22:25:25,477 [WARN] ModelIntegratedComponent:63 - No mode defined for component null
2024-06-20 22:25:25,477 [WARN] ModelIntegratedComponent:63 - No mode defined for component null
2024-06-20 22:25:25,477 [WARN] ModelIntegratedComponent:63 - No mode defined for component null
2024-06-20 22:25:25,477 [WARN] ModelIntegratedComponent:63 - No mode defined for component null
2024-06-20 22:25:25,477 [WARN] ModelIntegratedComponent:63 - No mode defined for component null
2024-06-20 22:25:25,477 [WARN] ModelIntegratedComponent:63 - No mode defined for component null
2024-06-20 22:25:25,477 [WARN] ModelIntegratedComponent:63 - No mode defined for component null
2024-06-20 22:25:25,477 [WARN] ModelIntegratedComponent:63 - No mode defined for component null
2024-06-20 22:25:25,477 [WARN] ModelIntegratedComponent:63 - No mode defined for component null
2024-06-20 22:25:25,477 [WARN] ModelIntegratedComponent:63 - No mode defined for component null
2024-06-20 22:25:25,477 [WARN] ModelIntegratedComponent:63 - No mode defined for component null
2024-06-20 22:25:25,478 [WARN] ModelIntegratedComponent:63 - No mode defined for component null
2024-06-20 22:25:25,637 [INFO] ThirdPartyModel:298 - Start build external matchings
2024-06-20 22:25:26,048 [INFO] ThirdPartyModel:316 - End build external matchings
2024-06-20 22:25:26,060 [INFO] ImportTextPane:194 - (OptionalMessage_ERROR) IP (RCC) : Parameter (ADCFreqValue) has invalid value (36000000)
2024-06-20 22:25:26,061 [INFO] ImportTextPane:194 - (OptionalMessage_ERROR) IP (RCC) : Invalid parameter (FamilyName)
2024-06-20 22:25:26,061 [INFO] ImportTextPane:194 - (OptionalMessage_ERROR) IP (RCC) : Parameter (MCOFreq_Value) has invalid value (72000000)
2024-06-20 22:25:26,061 [INFO] ImportTextPane:194 - (OptionalMessage_ERROR) IP (RCC) : Parameter (USBFreq_Value) has invalid value (72000000)
2024-06-20 22:25:26,298 [INFO] UtilMem:75 - End LoadConfig() Used Memory: 423510056 Bytes (759169024)
2024-06-20 22:25:26,396 [WARN] ThirdParty:833 - waiting for thirdparty lock release [change project]
2024-06-20 22:25:26,396 [INFO] ThirdParty:835 - entering critical section [change project]
2024-06-20 22:25:26,396 [INFO] ThirdParty:1030 - CMSIS Pack Vendor :STMicroelectronics USBPD 4.1
2024-06-20 22:25:26,396 [INFO] ThirdParty:1030 - CMSIS Pack Vendor :STMicroelectronics X-CUBE-GNSS1 6.0.0
2024-06-20 22:25:26,396 [INFO] ThirdParty:1030 - CMSIS Pack Vendor :STMicroelectronics USB_HOST 2.0.0
2024-06-20 22:25:26,396 [INFO] ThirdParty:1030 - CMSIS Pack Vendor :STMicroelectronics FP-SNS-MOTENVWB1 1.4.0
2024-06-20 22:25:26,396 [INFO] ThirdParty:1030 - CMSIS Pack Vendor :STMicroelectronics X-CUBE-AZRTOS-F4 1.1.0
2024-06-20 22:25:26,396 [INFO] ThirdParty:1030 - CMSIS Pack Vendor :STMicroelectronics LIBJPEG 8.0.0
2024-06-20 22:25:26,397 [INFO] ThirdParty:1030 - CMSIS Pack Vendor :STMicroelectronics X-CUBE-SMBUS 2.1.0
2024-06-20 22:25:26,397 [INFO] ThirdParty:1030 - CMSIS Pack Vendor :STMicroelectronics USB_DEVICE 3.0.0
2024-06-20 22:25:26,397 [INFO] ThirdParty:1030 - CMSIS Pack Vendor :STMicroelectronics X-CUBE-TCPP 4.1.0
2024-06-20 22:25:26,397 [INFO] ThirdParty:1030 - CMSIS Pack Vendor :STMicroelectronics X-CUBE-FREERTOS 1.2.0
2024-06-20 22:25:26,397 [INFO] ThirdParty:1030 - CMSIS Pack Vendor :STMicroelectronics X-CUBE-AZRTOS-WB 2.0.0
2024-06-20 22:25:26,397 [INFO] ThirdParty:1030 - CMSIS Pack Vendor :STMicroelectronics X-CUBE-TOUCHGFX 4.23.2
2024-06-20 22:25:26,397 [INFO] ThirdParty:1030 - CMSIS Pack Vendor :STMicroelectronics X-CUBE-AZRTOS-F7 1.1.0
2024-06-20 22:25:26,397 [INFO] ThirdParty:1030 - CMSIS Pack Vendor :STMicroelectronics X-CUBE-AZRTOS-L5 2.0.0
2024-06-20 22:25:26,397 [INFO] ThirdParty:1030 - CMSIS Pack Vendor :STMicroelectronics USB_DEVICE 2.0.0
2024-06-20 22:25:26,397 [INFO] ThirdParty:1030 - CMSIS Pack Vendor :STMicroelectronics X-CUBE-NFC6 3.1.0
2024-06-20 22:25:26,397 [INFO] ThirdParty:1030 - CMSIS Pack Vendor :STMicroelectronics X-CUBE-ALGOBUILD 1.3.0
2024-06-20 22:25:26,397 [INFO] ThirdParty:1030 - CMSIS Pack Vendor :STMicroelectronics FreeRTOS 0.0.1
2024-06-20 22:25:26,397 [INFO] ThirdParty:1030 - CMSIS Pack Vendor :STMicroelectronics X-CUBE-AZRTOS-G0 1.1.0
2024-06-20 22:25:26,397 [INFO] ThirdParty:1030 - CMSIS Pack Vendor :STMicroelectronics X-CUBE-SAFEA1 1.2.2
2024-06-20 22:25:26,397 [INFO] ThirdParty:1030 - CMSIS Pack Vendor :STMicroelectronics X-CUBE-NFC4 3.0.0
2024-06-20 22:25:26,397 [INFO] ThirdParty:1030 - CMSIS Pack Vendor :STMicroelectronics X-CUBE-SUBG2 5.0.0
2024-06-20 22:25:26,397 [INFO] ThirdParty:1030 - CMSIS Pack Vendor :STMicroelectronics STM32_WPAN 1.0.0
2024-06-20 22:25:26,397 [INFO] ThirdParty:1030 - CMSIS Pack Vendor :wolfSSL I-CUBE-wolfMQTT 1.18.0
2024-06-20 22:25:26,397 [INFO] ThirdParty:1030 - CMSIS Pack Vendor :STMicroelectronics lwIP 2.0.3
2024-06-20 22:25:26,397 [INFO] ThirdParty:1030 - CMSIS Pack Vendor :STMicroelectronics FP-SNS-FLIGHT1 5.0.2
2024-06-20 22:25:26,398 [INFO] ThirdParty:1030 - CMSIS Pack Vendor :STMicroelectronics USB_HOST 1.0.0
2024-06-20 22:25:26,398 [INFO] ThirdParty:1030 - CMSIS Pack Vendor :STMicroelectronics X-CUBE-AI 9.0.0
2024-06-20 22:25:26,398 [INFO] ThirdParty:1030 - CMSIS Pack Vendor :STMicroelectronics X-CUBE-AZRTOS-G4 2.0.0
2024-06-20 22:25:26,398 [INFO] ThirdParty:1030 - CMSIS Pack Vendor :STMicroelectronics PDM2PCM 3.1.0
2024-06-20 22:25:26,398 [INFO] ThirdParty:1030 - CMSIS Pack Vendor :STMicroelectronics PDM2PCM 3.3.0
2024-06-20 22:25:26,398 [INFO] ThirdParty:1030 - CMSIS Pack Vendor :STMicroelectronics X-CUBE-DISPLAY 3.0.0
2024-06-20 22:25:26,398 [INFO] ThirdParty:1030 - CMSIS Pack Vendor :wolfSSL I-CUBE-wolfSSL 5.7.0
2024-06-20 22:25:26,398 [INFO] ThirdParty:1030 - CMSIS Pack Vendor :STMicroelectronics X-CUBE-BLE1 7.0.0
2024-06-20 22:25:26,398 [INFO] ThirdParty:1030 - CMSIS Pack Vendor :STMicroelectronics FP-ATR-SIGFOX1 3.2.0
2024-06-20 22:25:26,398 [INFO] ThirdParty:1030 - CMSIS Pack Vendor :STMicroelectronics X-CUBE-ISPU 2.0.0
2024-06-20 22:25:26,398 [INFO] ThirdParty:1030 - CMSIS Pack Vendor :STMicroelectronics X-CUBE-EEPRMA1 5.1.0
2024-06-20 22:25:26,398 [INFO] ThirdParty:1030 - CMSIS Pack Vendor :STMicroelectronics HAL Drivers 0.0.0
2024-06-20 22:25:26,398 [INFO] ThirdParty:1030 - CMSIS Pack Vendor :STMicroelectronics MBEDTLS 2.16.2
2024-06-20 22:25:26,398 [INFO] ThirdParty:1030 - CMSIS Pack Vendor :STMicroelectronics X-CUBE-ALS 1.0.2
2024-06-20 22:25:26,398 [INFO] ThirdParty:1030 - CMSIS Pack Vendor :emotas I-CUBE-CANOPEN 1.3.0
2024-06-20 22:25:26,398 [INFO] ThirdParty:1030 - CMSIS Pack Vendor :STMicroelectronics X-CUBE-MEMS1 10.0.0
2024-06-20 22:25:26,398 [INFO] ThirdParty:1030 - CMSIS Pack Vendor :STMicroelectronics X-CUBE-FREERTOS 1.1.0
2024-06-20 22:25:26,398 [INFO] ThirdParty:1030 - CMSIS Pack Vendor :STMicroelectronics X-CUBE-NFC7 1.0.1
2024-06-20 22:25:26,399 [INFO] ThirdParty:1030 - CMSIS Pack Vendor :STMicroelectronics MBEDTLS 2.14.1
2024-06-20 22:25:26,399 [INFO] ThirdParty:1030 - CMSIS Pack Vendor :ITTIA_DB I-CUBE-ITTIADB 8.9.0
2024-06-20 22:25:26,399 [INFO] ThirdParty:1030 - CMSIS Pack Vendor :portGmbH I-Cube-SoM-uGOAL 1.1.0
2024-06-20 22:25:26,399 [INFO] ThirdParty:1030 - CMSIS Pack Vendor :STMicroelectronics X-CUBE-ALS 1.0.1
2024-06-20 22:25:26,399 [INFO] ThirdParty:1030 - CMSIS Pack Vendor :STMicroelectronics X-CUBE-BLEMGR 3.1.0
2024-06-20 22:25:26,399 [INFO] ThirdParty:1030 - CMSIS Pack Vendor :STMicroelectronics ThreadX 1.0.0
2024-06-20 22:25:26,399 [INFO] ThirdParty:1030 - CMSIS Pack Vendor :STMicroelectronics FP-SNS-SMARTAG2 1.2.0
2024-06-20 22:25:26,399 [INFO] ThirdParty:1030 - CMSIS Pack Vendor :STMicroelectronics X-CUBE-AZRTOS-WL 2.0.0
2024-06-20 22:25:26,399 [INFO] ThirdParty:1030 - CMSIS Pack Vendor :SEGGER I-CUBE-embOS 1.3.1
2024-06-20 22:25:26,399 [INFO] ThirdParty:1030 - CMSIS Pack Vendor :STMicroelectronics X-CUBE-ALGOBUILD 1.4.0
2024-06-20 22:25:26,399 [INFO] ThirdParty:1030 - CMSIS Pack Vendor :STMicroelectronics FP-SNS-MOTENV1 5.0.0
2024-06-20 22:25:26,399 [INFO] ThirdParty:1030 - CMSIS Pack Vendor :STMicroelectronics USB_DEVICE 1.0.0
2024-06-20 22:25:26,399 [INFO] ThirdParty:1030 - CMSIS Pack Vendor :STMicroelectronics X-CUBE-AZRTOS-H7RS 1.0.0
2024-06-20 22:25:26,399 [INFO] ThirdParty:1030 - CMSIS Pack Vendor :STMicroelectronics X-CUBE-AZRTOS-L4 2.0.0
2024-06-20 22:25:26,399 [INFO] ThirdParty:1030 - CMSIS Pack Vendor :STMicroelectronics ThreadX 0.0.2
2024-06-20 22:25:26,400 [INFO] ThirdParty:1030 - CMSIS Pack Vendor :WES I-CUBE-Cesium 1.3.0
2024-06-20 22:25:26,400 [INFO] ThirdParty:1030 - CMSIS Pack Vendor :STMicroelectronics FP-ATR-ASTRA1 2.0.0
2024-06-20 22:25:26,400 [INFO] ThirdParty:1030 - CMSIS Pack Vendor :STMicroelectronics lwIP 2.1.2
2024-06-20 22:25:26,400 [INFO] ThirdParty:1030 - CMSIS Pack Vendor :STMicroelectronics X-CUBE-SFXS2LP1 4.0.0
2024-06-20 22:25:26,400 [INFO] ThirdParty:1030 - CMSIS Pack Vendor :STMicroelectronics X-CUBE-BLE2 3.3.0
2024-06-20 22:25:26,400 [INFO] ThirdParty:1030 - CMSIS Pack Vendor :STMicroelectronics X-CUBE-TOF1 3.4.1
2024-06-20 22:25:26,400 [INFO] ThirdParty:1030 - CMSIS Pack Vendor :STMicroelectronics X-CUBE-AZRTOS-H7 3.2.0
2024-06-20 22:25:26,400 [INFO] ThirdParty:1030 - CMSIS Pack Vendor :Infineon AIROC-Wi-Fi-Bluetooth-STM32 1.6.0
2024-06-20 22:25:26,400 [INFO] ThirdParty:1030 - CMSIS Pack Vendor :STMicroelectronics PDM2PCM 3.2.0
2024-06-20 22:25:26,400 [INFO] ThirdParty:841 - exiting critical section [change project]
2024-06-20 22:25:26,629 [INFO] PinOutPanel:1561 - setPackage(No Configuration,No Configuration)
2024-06-20 22:25:26,631 [INFO] PinOutPanel:1561 - setPackage(STM32F103C8Tx,LQFP48)
2024-06-20 22:25:27,049 [INFO] UtilMem:75 - Before build in PCC Used Memory: 353674448 Bytes (759169024)
2024-06-20 22:25:27,521 [INFO] UtilMem:75 - After build in PCC Used Memory: 388277456 Bytes (759169024)
2024-06-20 22:25:27,577 [INFO] IPUIPlugin:80 - create IPUIPlugin
2024-06-20 22:25:27,577 [INFO] IPUIPlugin:80 - create IPUIPlugin
2024-06-20 22:25:27,577 [INFO] IPUIPlugin:80 - create IPUIPlugin
2024-06-20 22:25:27,577 [INFO] IPUIPlugin:80 - create IPUIPlugin
2024-06-20 22:25:27,578 [INFO] IPUIPlugin:80 - create IPUIPlugin
2024-06-20 22:25:27,578 [INFO] IPUIPlugin:80 - create IPUIPlugin
2024-06-20 22:25:27,578 [INFO] IPUIPlugin:80 - create IPUIPlugin
2024-06-20 22:25:27,578 [INFO] IPUIPlugin:80 - create IPUIPlugin
2024-06-20 22:25:27,578 [INFO] IPUIPlugin:80 - create IPUIPlugin
2024-06-20 22:25:27,578 [INFO] IPUIPlugin:80 - create IPUIPlugin
2024-06-20 22:25:27,579 [INFO] IPUIPlugin:80 - create IPUIPlugin
2024-06-20 22:25:27,579 [INFO] IPUIPlugin:80 - create IPUIPlugin
2024-06-20 22:25:27,579 [INFO] IPUIPlugin:80 - create IPUIPlugin
2024-06-20 22:25:27,580 [INFO] IPUIPlugin:80 - create IPUIPlugin
2024-06-20 22:25:27,580 [INFO] IPUIPlugin:80 - create IPUIPlugin
2024-06-20 22:25:27,580 [INFO] IPUIPlugin:80 - create IPUIPlugin
2024-06-20 22:25:27,581 [INFO] IPUIPlugin:80 - create IPUIPlugin
2024-06-20 22:25:27,581 [INFO] IPUIPlugin:80 - create IPUIPlugin
2024-06-20 22:25:27,581 [INFO] IPUIPlugin:80 - create IPUIPlugin
2024-06-20 22:25:27,582 [INFO] IPUIPlugin:80 - create IPUIPlugin
2024-06-20 22:25:27,582 [INFO] IPUIPlugin:80 - create IPUIPlugin
2024-06-20 22:25:27,582 [INFO] IPUIPlugin:80 - create IPUIPlugin
2024-06-20 22:25:27,582 [INFO] IPUIPlugin:80 - create IPUIPlugin
2024-06-20 22:25:27,582 [INFO] IPUIPlugin:80 - create IPUIPlugin
2024-06-20 22:25:27,583 [INFO] IPUIPlugin:80 - create IPUIPlugin
2024-06-20 22:25:27,583 [INFO] IPUIPlugin:80 - create IPUIPlugin
2024-06-20 22:25:27,583 [INFO] IPUIPlugin:80 - create IPUIPlugin
2024-06-20 22:25:27,585 [WARN] IP:2120 - I2C_Coeff_DF not found: check if there is a RefParameter without a condition.
2024-06-20 22:25:27,585 [WARN] IP:2120 - Analog_Filter not found: check if there is a RefParameter without a condition.
2024-06-20 22:25:27,651 [INFO] CADModel:165 - CPN selected for project levelSTM32F103C8T6
2024-06-20 22:25:27,651 [INFO] CADModel:114 - Register for checkConnection events
2024-06-20 22:25:27,714 [INFO] OpenFileManager:343 - Restore cursor
2024-06-20 22:25:28,120 [WARN] IP:2120 - I2C_Coeff_DF not found: check if there is a RefParameter without a condition.
2024-06-20 22:25:28,120 [WARN] IP:2120 - Analog_Filter not found: check if there is a RefParameter without a condition.
2024-06-20 22:25:28,120 [WARN] IP:2120 - I2C_Coeff_DF not found: check if there is a RefParameter without a condition.
2024-06-20 22:25:28,120 [WARN] IP:2120 - Analog_Filter not found: check if there is a RefParameter without a condition.
2024-06-20 22:25:52,318 [WARN] IP:2120 - I2C_Coeff_DF not found: check if there is a RefParameter without a condition.
2024-06-20 22:25:52,318 [WARN] IP:2120 - Analog_Filter not found: check if there is a RefParameter without a condition.
2024-06-20 22:26:28,039 [INFO] Gpio:277 - dependency for GPIO [RCC, SPI2, SYS]
2024-06-20 22:26:47,096 [INFO] UtilMem:75 - End SaveConfig() Used Memory: 766299200 Bytes (1006632960)
2024-06-20 22:26:48,392 [INFO] UtilMem:75 - End SaveConfig() Used Memory: 792907384 Bytes (1006632960)
2024-06-20 22:26:48,909 [INFO] UtilMem:75 - End SaveConfig() Used Memory: 843805944 Bytes (1006632960)
2024-06-20 22:26:49,228 [INFO] BlockDiagram:2759 - set Specific Code input for plugin: SPI
2024-06-20 22:26:49,228 [INFO] BlockDiagram:2759 - set Specific Code input for plugin: NVIC
2024-06-20 22:26:49,228 [INFO] BlockDiagram:2759 - set Specific Code input for plugin: SYS
2024-06-20 22:26:49,229 [INFO] BlockDiagram:2759 - set Specific Code input for plugin: GPIO
2024-06-20 22:26:49,229 [INFO] BlockDiagram:2759 - set Specific Code input for plugin: RCC
2024-06-20 22:26:49,232 [INFO] CodeGenerator:807 - code generatio: config db path: C:\ST\STM32CubeIDE_1.15.0\STM32CubeIDE\plugins\com.st.stm32cube.common.mx_6.11.1.202404110753\\db\
2024-06-20 22:26:49,542 [INFO] CodeEngine:255 - oldGeneratedFile, C:\Work\Stm32\Test_At24cXX\MXTmpFiles\license.tmp_save
2024-06-20 22:26:49,797 [INFO] CodeEngine:279 - Generated code: C:\Work\Stm32\Test_At24cXX\MXTmpFiles\license.tmp
2024-06-20 22:26:49,974 [INFO] CodeEngine:255 - oldGeneratedFile, C:\Work\Stm32\Test_At24cXX\MXTmpFiles\gpio.tmp_save
2024-06-20 22:26:50,158 [INFO] CodeEngine:279 - Generated code: C:\Work\Stm32\Test_At24cXX\MXTmpFiles\gpio.tmp
2024-06-20 22:26:50,312 [INFO] CodeEngine:255 - oldGeneratedFile, C:\Work\Stm32\Test_At24cXX\Core\Src\stm32f1xx_it.c_save
2024-06-20 22:26:50,603 [INFO] CodeEngine:279 - Generated code: C:\Work\Stm32\Test_At24cXX\Core\Src\stm32f1xx_it.c
2024-06-20 22:26:50,641 [INFO] CodeEngine:255 - oldGeneratedFile, C:\Work\Stm32\Test_At24cXX\Core\Inc\stm32f1xx_it.h_save
2024-06-20 22:26:50,824 [INFO] CodeEngine:279 - Generated code: C:\Work\Stm32\Test_At24cXX\Core\Inc\stm32f1xx_it.h
2024-06-20 22:26:50,904 [INFO] CodeEngine:255 - oldGeneratedFile, C:\Work\Stm32\Test_At24cXX\Core\Src\stm32f1xx_hal_msp.c_save
2024-06-20 22:26:51,160 [INFO] CodeEngine:279 - Generated code: C:\Work\Stm32\Test_At24cXX\Core\Src\stm32f1xx_hal_msp.c
2024-06-20 22:26:51,180 [INFO] CodeEngine:255 - oldGeneratedFile, C:\Work\Stm32\Test_At24cXX\MXTmpFiles\system.tmp_save
2024-06-20 22:26:51,314 [INFO] CodeEngine:279 - Generated code: C:\Work\Stm32\Test_At24cXX\MXTmpFiles\system.tmp
2024-06-20 22:26:51,362 [INFO] CodeEngine:311 - oldGeneratedFile, C:\Work\Stm32\Test_At24cXX\Core\Inc\stm32f1xx_hal_conf.h_save
2024-06-20 22:26:51,548 [INFO] CodeEngine:335 - Generated code: C:\Work\Stm32\Test_At24cXX\Core\Inc\stm32f1xx_hal_conf.h
2024-06-20 22:26:51,651 [INFO] CodeEngine:255 - oldGeneratedFile, C:\Work\Stm32\Test_At24cXX\Core\Inc\main.h_save
2024-06-20 22:26:51,843 [INFO] CodeEngine:279 - Generated code: C:\Work\Stm32\Test_At24cXX\Core\Inc\main.h
2024-06-20 22:26:51,881 [INFO] CodeEngine:255 - oldGeneratedFile, C:\Work\Stm32\Test_At24cXX\Core\Src\main.c_save
2024-06-20 22:26:52,123 [INFO] CodeEngine:279 - Generated code: C:\Work\Stm32\Test_At24cXX\Core\Src\main.c
2024-06-20 22:26:53,124 [INFO] ProjectBuilder:3163 - Time for Copy HAL[1] : 599mS.
2024-06-20 22:26:53,134 [INFO] ProjectBuilder:4736 - Project Generator version: 4.3.0-B58
2024-06-20 22:26:53,299 [INFO] ConfigFileManager:1503 - The Die is : DIE410
2024-06-20 22:26:53,319 [INFO] ApiDbMcu:508 - Load IP Config File for FATFS
2024-06-20 22:26:53,343 [INFO] ApiDbMcu:508 - Load IP Config File for FREERTOS
2024-06-20 22:26:53,370 [INFO] ApiDbMcu:508 - Load IP Config File for USB_DEVICE
2024-06-20 22:26:56,262 [INFO] ProjectBuilder:5002 - Time for Generating toolchain IDE Files: 3128mS.
2024-06-20 22:26:56,264 [INFO] ProjectBuilder:3034 - Time for Copy CMSIS : 1mS.
2024-06-20 22:26:56,272 [INFO] ProjectBuilder:3034 - Time for Copy CMSIS : 0mS.
2024-06-20 22:39:31,831 [INFO] MainUpdater:2873 - connection check result : 10
2024-06-20 22:39:31,832 [INFO] MainUpdater:2873 - connection check result : 10
2024-06-20 22:39:31,903 [INFO] MicroXplorer:468 - Change Database Path : 
2024-06-20 22:39:31,903 [INFO] MicroXplorer:498 - Change Database Version : DB.6.0.111
2024-06-20 22:39:31,959 [ERROR] ProjectManagerView:394 - 
java.lang.NullPointerException: Cannot invoke "javax.swing.JTextField.getText()" because the return value of "java.util.List.get(int)" is null
	at com.st.microxplorer.plugins.projectmanager.gui.ProjectChoiceTab$10.caretUpdate(ProjectChoiceTab.java:2504) ~[filemanager.jar:?]
	at javax.swing.text.JTextComponent.fireCaretUpdate(JTextComponent.java:412) ~[?:?]
	at javax.swing.text.JTextComponent$MutableCaretEvent.fire(JTextComponent.java:4491) ~[?:?]
	at javax.swing.text.JTextComponent$MutableCaretEvent.stateChanged(JTextComponent.java:4513) ~[?:?]
	at javax.swing.text.DefaultCaret.fireStateChanged(DefaultCaret.java:842) ~[?:?]
	at javax.swing.text.DefaultCaret.changeCaretPosition(DefaultCaret.java:1313) ~[?:?]
	at javax.swing.text.DefaultCaret.handleSetDot(DefaultCaret.java:1212) ~[?:?]
	at javax.swing.text.DefaultCaret.setDot(DefaultCaret.java:1193) ~[?:?]
	at javax.swing.text.DefaultCaret$Handler.insertUpdate(DefaultCaret.java:1789) ~[?:?]
	at javax.swing.text.AbstractDocument.fireInsertUpdate(AbstractDocument.java:226) ~[?:?]
	at javax.swing.text.AbstractDocument.handleInsertString(AbstractDocument.java:780) ~[?:?]
	at javax.swing.text.AbstractDocument.insertString(AbstractDocument.java:739) ~[?:?]
	at javax.swing.text.PlainDocument.insertString(PlainDocument.java:131) ~[?:?]
	at javax.swing.text.AbstractDocument.replace(AbstractDocument.java:698) ~[?:?]
	at javax.swing.text.JTextComponent.setText(JTextComponent.java:1729) ~[?:?]
	at com.st.microxplorer.plugins.projectmanager.gui.ProjectChoiceTab.createHeapStackFields(ProjectChoiceTab.java:944) ~[filemanager.jar:?]
	at com.st.microxplorer.plugins.projectmanager.gui.ProjectChoiceTab.buildLinkSettingsPanel(ProjectChoiceTab.java:3475) ~[filemanager.jar:?]
	at com.st.microxplorer.plugins.projectmanager.gui.ProjectChoiceTab.defineWindowsFields(ProjectChoiceTab.java:1816) ~[filemanager.jar:?]
	at com.st.microxplorer.plugins.projectmanager.gui.ProjectChoiceTab.updateSettings(ProjectChoiceTab.java:544) ~[filemanager.jar:?]
	at com.st.microxplorer.plugins.projectmanager.gui.ProjectSettingsPanel.UpdateDialog(ProjectSettingsPanel.java:245) ~[filemanager.jar:?]
	at com.st.microxplorer.plugins.projectmanager.ProjectManagerView.propertyChange(ProjectManagerView.java:391) ~[filemanager.jar:?]
	at java.beans.PropertyChangeSupport.fire(PropertyChangeSupport.java:343) ~[?:?]
	at java.beans.PropertyChangeSupport.firePropertyChange(PropertyChangeSupport.java:335) ~[?:?]
	at java.beans.PropertyChangeSupport.firePropertyChange(PropertyChangeSupport.java:268) ~[?:?]
	at com.st.microxplorer.util.MXPropertyChangeSupport.firePropertyChange(MXPropertyChangeSupport.java:54) ~[STM32CubeMX.jar:?]
	at com.st.microxplorer.mxsystem.MxSystem.closeConfig(MxSystem.java:900) ~[STM32CubeMX.jar:?]
	at com.st.microxplorer.maingui.MainPanel.closeConfig(MainPanel.java:776) ~[STM32CubeMX.jar:?]
	at com.st.microxplorer.plugins.filemanager.engine.OpenFileManager.loadConfigurationFile(OpenFileManager.java:245) ~[filemanager.jar:?]
	at com.st.microxplorer.plugins.filemanager.engine.MainFileManager.userLoadConfig(MainFileManager.java:315) ~[filemanager.jar:?]
	at com.st.microxplorer.plugins.filemanager.engine.MainFileManager.userLoadConfig(MainFileManager.java:293) ~[filemanager.jar:?]
	at com.st.microxplorer.plugins.filemanager.FileManagerView.getSpecificTask(FileManagerView.java:247) ~[filemanager.jar:?]
	at com.st.stm32cube.common.mx.editor.CubeMxEditor.getMxTabbedPaneInstance(CubeMxEditor.java:1198) ~[com.st.stm32cube.common.mx_6.11.1.202404110753/:?]
	at com.st.stm32cube.common.mx.editor.CubeMxEditor$12$1.createSwingComponent(CubeMxEditor.java:1068) ~[com.st.stm32cube.common.mx_6.11.1.202404110753/:?]
	at com.st.stm32cube.common.mx.oss.core.awtswtbridge.EmbeddedSwingComposite.doComponentCreation(EmbeddedSwingComposite.java:492) ~[com.st.stm32cube.common.mx.oss_6.11.1.202404110753/:?]
	at com.st.stm32cube.common.mx.oss.core.awtswtbridge.EmbeddedSwingComposite$4.run(EmbeddedSwingComposite.java:291) ~[com.st.stm32cube.common.mx.oss_6.11.1.202404110753/:?]
	at com.st.stm32cube.common.mx.oss.core.awtswtbridge.AwtEnvironment$2.run(AwtEnvironment.java:166) ~[com.st.stm32cube.common.mx.oss_6.11.1.202404110753/:?]
	at java.awt.event.InvocationEvent.dispatch(InvocationEvent.java:318) ~[?:?]
	at java.awt.EventQueue.dispatchEventImpl(EventQueue.java:773) ~[?:?]
	at java.awt.EventQueue$4.run(EventQueue.java:720) ~[?:?]
	at java.awt.EventQueue$4.run(EventQueue.java:714) ~[?:?]
	at java.security.AccessController.doPrivileged(AccessController.java:399) ~[?:?]
	at java.security.ProtectionDomain$JavaSecurityAccessImpl.doIntersectionPrivilege(ProtectionDomain.java:86) ~[?:?]
	at java.awt.EventQueue.dispatchEvent(EventQueue.java:742) ~[?:?]
	at java.awt.EventDispatchThread.pumpOneEventForFilters(EventDispatchThread.java:203) ~[?:?]
	at java.awt.EventDispatchThread.pumpEventsForFilter(EventDispatchThread.java:124) ~[?:?]
	at java.awt.EventDispatchThread.pumpEventsForHierarchy(EventDispatchThread.java:113) ~[?:?]
	at java.awt.EventDispatchThread.pumpEvents(EventDispatchThread.java:109) ~[?:?]
	at java.awt.EventDispatchThread.pumpEvents(EventDispatchThread.java:101) ~[?:?]
	at java.awt.EventDispatchThread.run(EventDispatchThread.java:90) ~[?:?]
2024-06-20 22:39:31,965 [WARN] ThirdParty:871 - waiting for thirdparty lock release [close project]
2024-06-20 22:39:31,965 [INFO] ThirdParty:873 - entering critical section [close project]
2024-06-20 22:39:31,965 [INFO] ThirdParty:883 - exiting critical section [close project]
2024-06-20 22:39:31,976 [INFO] PinOutPanel:1561 - setPackage(No Configuration,No Configuration)
2024-06-20 22:39:31,999 [INFO] UtilMem:75 - Begin LoadConfig() Used Memory: 660376584 Bytes (1006632960)
2024-06-20 22:39:32,001 [INFO] MicroXplorer:468 - Change Database Path : 
2024-06-20 22:39:32,001 [INFO] MicroXplorer:498 - Change Database Version : DB.6.0.111
2024-06-20 22:39:32,002 [INFO] OpenFileManager:312 - Change cursor
2024-06-20 22:39:32,061 [INFO] RulesReader:64 - Compatibility file has been processed (297 Rules)
2024-06-20 22:39:32,083 [INFO] Mcu:2021 - Initializing MCU STM32F103C(8-B)Tx STM32F103C8Tx STM32F103C8T6
2024-06-20 22:39:33,711 [INFO] Context:663 - Trying to add GPIOservice into a context  which must be forbidden
2024-06-20 22:39:34,073 [INFO] RtosManager:555 - Registered RTOS mode: class=CMSIS, group=RTOS, mode=CMSIS_V1, owner=FREERTOS
2024-06-20 22:39:34,074 [INFO] RtosManager:555 - Registered RTOS mode: class=CMSIS, group=RTOS2, mode=CMSIS_V2, owner=FREERTOS
2024-06-20 22:39:34,074 [INFO] RtosManager:555 - Registered RTOS mode: class=RTOS, group=Core, mode=CMSIS_V1, owner=FREERTOS
2024-06-20 22:39:34,074 [INFO] RtosManager:555 - Registered RTOS mode: class=RTOS, group=Core, mode=CMSIS_V2, owner=FREERTOS
2024-06-20 22:39:34,074 [WARN] ModelIntegratedComponent:184 - Missing modes for component STMicroelectronics:FreeRTOS:0.0.1:STMicroelectronics:RTOS:FreeRTOS:Core:::10.2.0:
2024-06-20 22:39:34,087 [WARN] ModelIntegratedComponent:63 - No mode defined for component null
2024-06-20 22:39:34,087 [WARN] ModelIntegratedComponent:63 - No mode defined for component null
2024-06-20 22:39:34,088 [WARN] ModelIntegratedComponent:63 - No mode defined for component null
2024-06-20 22:39:34,088 [WARN] ModelIntegratedComponent:63 - No mode defined for component null
2024-06-20 22:39:34,088 [WARN] ModelIntegratedComponent:63 - No mode defined for component null
2024-06-20 22:39:34,088 [WARN] ModelIntegratedComponent:63 - No mode defined for component null
2024-06-20 22:39:34,088 [WARN] ModelIntegratedComponent:63 - No mode defined for component null
2024-06-20 22:39:34,088 [WARN] ModelIntegratedComponent:63 - No mode defined for component null
2024-06-20 22:39:34,088 [WARN] ModelIntegratedComponent:63 - No mode defined for component null
2024-06-20 22:39:34,088 [WARN] ModelIntegratedComponent:63 - No mode defined for component null
2024-06-20 22:39:34,088 [WARN] ModelIntegratedComponent:63 - No mode defined for component null
2024-06-20 22:39:34,088 [WARN] ModelIntegratedComponent:63 - No mode defined for component null
2024-06-20 22:39:34,088 [WARN] ModelIntegratedComponent:63 - No mode defined for component null
2024-06-20 22:39:34,088 [WARN] ModelIntegratedComponent:63 - No mode defined for component null
2024-06-20 22:39:34,089 [WARN] ModelIntegratedComponent:63 - No mode defined for component null
2024-06-20 22:39:34,089 [WARN] ModelIntegratedComponent:63 - No mode defined for component null
2024-06-20 22:39:34,089 [WARN] ModelIntegratedComponent:63 - No mode defined for component null
2024-06-20 22:39:34,089 [WARN] ModelIntegratedComponent:63 - No mode defined for component null
2024-06-20 22:39:34,089 [WARN] ModelIntegratedComponent:63 - No mode defined for component null
2024-06-20 22:39:34,089 [WARN] ModelIntegratedComponent:63 - No mode defined for component null
2024-06-20 22:39:34,089 [WARN] ModelIntegratedComponent:63 - No mode defined for component null
2024-06-20 22:39:34,089 [WARN] ModelIntegratedComponent:63 - No mode defined for component null
2024-06-20 22:39:34,089 [WARN] ModelIntegratedComponent:63 - No mode defined for component null
2024-06-20 22:39:34,089 [WARN] ModelIntegratedComponent:63 - No mode defined for component null
2024-06-20 22:39:34,089 [WARN] ModelIntegratedComponent:63 - No mode defined for component null
2024-06-20 22:39:34,089 [WARN] ModelIntegratedComponent:63 - No mode defined for component null
2024-06-20 22:39:34,089 [WARN] ModelIntegratedComponent:63 - No mode defined for component null
2024-06-20 22:39:34,090 [WARN] ModelIntegratedComponent:63 - No mode defined for component null
2024-06-20 22:39:34,090 [WARN] ModelIntegratedComponent:63 - No mode defined for component null
2024-06-20 22:39:34,090 [WARN] ModelIntegratedComponent:63 - No mode defined for component null
2024-06-20 22:39:34,090 [WARN] ModelIntegratedComponent:63 - No mode defined for component null
2024-06-20 22:39:34,090 [WARN] ModelIntegratedComponent:63 - No mode defined for component null
2024-06-20 22:39:34,090 [WARN] ModelIntegratedComponent:63 - No mode defined for component null
2024-06-20 22:39:34,090 [WARN] ModelIntegratedComponent:63 - No mode defined for component null
2024-06-20 22:39:34,298 [INFO] ThirdPartyModel:298 - Start build external matchings
2024-06-20 22:39:34,986 [INFO] ThirdPartyModel:316 - End build external matchings
2024-06-20 22:39:35,004 [INFO] ImportTextPane:194 - (OptionalMessage_ERROR) IP (RCC) : Parameter (ADCFreqValue) has invalid value (36000000)
2024-06-20 22:39:35,005 [INFO] ImportTextPane:194 - (OptionalMessage_ERROR) IP (RCC) : Invalid parameter (FamilyName)
2024-06-20 22:39:35,005 [INFO] ImportTextPane:194 - (OptionalMessage_ERROR) IP (RCC) : Parameter (MCOFreq_Value) has invalid value (72000000)
2024-06-20 22:39:35,005 [INFO] ImportTextPane:194 - (OptionalMessage_ERROR) IP (RCC) : Parameter (USBFreq_Value) has invalid value (72000000)
2024-06-20 22:39:35,387 [INFO] UtilMem:75 - End LoadConfig() Used Memory: 743892776 Bytes (1006632960)
2024-06-20 22:39:35,555 [WARN] ThirdParty:833 - waiting for thirdparty lock release [change project]
2024-06-20 22:39:35,555 [INFO] ThirdParty:835 - entering critical section [change project]
2024-06-20 22:39:35,555 [INFO] ThirdParty:1030 - CMSIS Pack Vendor :STMicroelectronics USBPD 4.1
2024-06-20 22:39:35,555 [INFO] ThirdParty:1030 - CMSIS Pack Vendor :STMicroelectronics X-CUBE-GNSS1 6.0.0
2024-06-20 22:39:35,556 [INFO] ThirdParty:1030 - CMSIS Pack Vendor :STMicroelectronics USB_HOST 2.0.0
2024-06-20 22:39:35,556 [INFO] ThirdParty:1030 - CMSIS Pack Vendor :STMicroelectronics FP-SNS-MOTENVWB1 1.4.0
2024-06-20 22:39:35,556 [INFO] ThirdParty:1030 - CMSIS Pack Vendor :STMicroelectronics X-CUBE-AZRTOS-F4 1.1.0
2024-06-20 22:39:35,556 [INFO] ThirdParty:1030 - CMSIS Pack Vendor :STMicroelectronics LIBJPEG 8.0.0
2024-06-20 22:39:35,556 [INFO] ThirdParty:1030 - CMSIS Pack Vendor :STMicroelectronics X-CUBE-SMBUS 2.1.0
2024-06-20 22:39:35,556 [INFO] ThirdParty:1030 - CMSIS Pack Vendor :STMicroelectronics USB_DEVICE 3.0.0
2024-06-20 22:39:35,556 [INFO] ThirdParty:1030 - CMSIS Pack Vendor :STMicroelectronics X-CUBE-TCPP 4.1.0
2024-06-20 22:39:35,556 [INFO] ThirdParty:1030 - CMSIS Pack Vendor :STMicroelectronics X-CUBE-FREERTOS 1.2.0
2024-06-20 22:39:35,556 [INFO] ThirdParty:1030 - CMSIS Pack Vendor :STMicroelectronics X-CUBE-AZRTOS-WB 2.0.0
2024-06-20 22:39:35,556 [INFO] ThirdParty:1030 - CMSIS Pack Vendor :STMicroelectronics X-CUBE-TOUCHGFX 4.23.2
2024-06-20 22:39:35,556 [INFO] ThirdParty:1030 - CMSIS Pack Vendor :STMicroelectronics X-CUBE-AZRTOS-F7 1.1.0
2024-06-20 22:39:35,556 [INFO] ThirdParty:1030 - CMSIS Pack Vendor :STMicroelectronics X-CUBE-AZRTOS-L5 2.0.0
2024-06-20 22:39:35,556 [INFO] ThirdParty:1030 - CMSIS Pack Vendor :STMicroelectronics USB_DEVICE 2.0.0
2024-06-20 22:39:35,557 [INFO] ThirdParty:1030 - CMSIS Pack Vendor :STMicroelectronics X-CUBE-NFC6 3.1.0
2024-06-20 22:39:35,557 [INFO] ThirdParty:1030 - CMSIS Pack Vendor :STMicroelectronics X-CUBE-ALGOBUILD 1.3.0
2024-06-20 22:39:35,558 [INFO] ThirdParty:1030 - CMSIS Pack Vendor :STMicroelectronics FreeRTOS 0.0.1
2024-06-20 22:39:35,558 [INFO] ThirdParty:1030 - CMSIS Pack Vendor :STMicroelectronics X-CUBE-AZRTOS-G0 1.1.0
2024-06-20 22:39:35,558 [INFO] ThirdParty:1030 - CMSIS Pack Vendor :STMicroelectronics X-CUBE-SAFEA1 1.2.2
2024-06-20 22:39:35,558 [INFO] ThirdParty:1030 - CMSIS Pack Vendor :STMicroelectronics X-CUBE-NFC4 3.0.0
2024-06-20 22:39:35,558 [INFO] ThirdParty:1030 - CMSIS Pack Vendor :STMicroelectronics X-CUBE-SUBG2 5.0.0
2024-06-20 22:39:35,558 [INFO] ThirdParty:1030 - CMSIS Pack Vendor :STMicroelectronics STM32_WPAN 1.0.0
2024-06-20 22:39:35,559 [INFO] ThirdParty:1030 - CMSIS Pack Vendor :wolfSSL I-CUBE-wolfMQTT 1.18.0
2024-06-20 22:39:35,559 [INFO] ThirdParty:1030 - CMSIS Pack Vendor :STMicroelectronics lwIP 2.0.3
2024-06-20 22:39:35,559 [INFO] ThirdParty:1030 - CMSIS Pack Vendor :STMicroelectronics FP-SNS-FLIGHT1 5.0.2
2024-06-20 22:39:35,559 [INFO] ThirdParty:1030 - CMSIS Pack Vendor :STMicroelectronics USB_HOST 1.0.0
2024-06-20 22:39:35,559 [INFO] ThirdParty:1030 - CMSIS Pack Vendor :STMicroelectronics X-CUBE-AI 9.0.0
2024-06-20 22:39:35,559 [INFO] ThirdParty:1030 - CMSIS Pack Vendor :STMicroelectronics X-CUBE-AZRTOS-G4 2.0.0
2024-06-20 22:39:35,559 [INFO] ThirdParty:1030 - CMSIS Pack Vendor :STMicroelectronics PDM2PCM 3.1.0
2024-06-20 22:39:35,559 [INFO] ThirdParty:1030 - CMSIS Pack Vendor :STMicroelectronics PDM2PCM 3.3.0
2024-06-20 22:39:35,559 [INFO] ThirdParty:1030 - CMSIS Pack Vendor :STMicroelectronics X-CUBE-DISPLAY 3.0.0
2024-06-20 22:39:35,559 [INFO] ThirdParty:1030 - CMSIS Pack Vendor :wolfSSL I-CUBE-wolfSSL 5.7.0
2024-06-20 22:39:35,560 [INFO] ThirdParty:1030 - CMSIS Pack Vendor :STMicroelectronics X-CUBE-BLE1 7.0.0
2024-06-20 22:39:35,560 [INFO] ThirdParty:1030 - CMSIS Pack Vendor :STMicroelectronics FP-ATR-SIGFOX1 3.2.0
2024-06-20 22:39:35,560 [INFO] ThirdParty:1030 - CMSIS Pack Vendor :STMicroelectronics X-CUBE-ISPU 2.0.0
2024-06-20 22:39:35,560 [INFO] ThirdParty:1030 - CMSIS Pack Vendor :STMicroelectronics X-CUBE-EEPRMA1 5.1.0
2024-06-20 22:39:35,560 [INFO] ThirdParty:1030 - CMSIS Pack Vendor :STMicroelectronics HAL Drivers 0.0.0
2024-06-20 22:39:35,560 [INFO] ThirdParty:1030 - CMSIS Pack Vendor :STMicroelectronics MBEDTLS 2.16.2
2024-06-20 22:39:35,560 [INFO] ThirdParty:1030 - CMSIS Pack Vendor :STMicroelectronics X-CUBE-ALS 1.0.2
2024-06-20 22:39:35,560 [INFO] ThirdParty:1030 - CMSIS Pack Vendor :emotas I-CUBE-CANOPEN 1.3.0
2024-06-20 22:39:35,560 [INFO] ThirdParty:1030 - CMSIS Pack Vendor :STMicroelectronics X-CUBE-MEMS1 10.0.0
2024-06-20 22:39:35,560 [INFO] ThirdParty:1030 - CMSIS Pack Vendor :STMicroelectronics X-CUBE-FREERTOS 1.1.0
2024-06-20 22:39:35,560 [INFO] ThirdParty:1030 - CMSIS Pack Vendor :STMicroelectronics X-CUBE-NFC7 1.0.1
2024-06-20 22:39:35,560 [INFO] ThirdParty:1030 - CMSIS Pack Vendor :STMicroelectronics MBEDTLS 2.14.1
2024-06-20 22:39:35,560 [INFO] ThirdParty:1030 - CMSIS Pack Vendor :ITTIA_DB I-CUBE-ITTIADB 8.9.0
2024-06-20 22:39:35,560 [INFO] ThirdParty:1030 - CMSIS Pack Vendor :portGmbH I-Cube-SoM-uGOAL 1.1.0
2024-06-20 22:39:35,561 [INFO] ThirdParty:1030 - CMSIS Pack Vendor :STMicroelectronics X-CUBE-ALS 1.0.1
2024-06-20 22:39:35,561 [INFO] ThirdParty:1030 - CMSIS Pack Vendor :STMicroelectronics X-CUBE-BLEMGR 3.1.0
2024-06-20 22:39:35,561 [INFO] ThirdParty:1030 - CMSIS Pack Vendor :STMicroelectronics ThreadX 1.0.0
2024-06-20 22:39:35,561 [INFO] ThirdParty:1030 - CMSIS Pack Vendor :STMicroelectronics FP-SNS-SMARTAG2 1.2.0
2024-06-20 22:39:35,561 [INFO] ThirdParty:1030 - CMSIS Pack Vendor :STMicroelectronics X-CUBE-AZRTOS-WL 2.0.0
2024-06-20 22:39:35,561 [INFO] ThirdParty:1030 - CMSIS Pack Vendor :SEGGER I-CUBE-embOS 1.3.1
2024-06-20 22:39:35,561 [INFO] ThirdParty:1030 - CMSIS Pack Vendor :STMicroelectronics X-CUBE-ALGOBUILD 1.4.0
2024-06-20 22:39:35,561 [INFO] ThirdParty:1030 - CMSIS Pack Vendor :STMicroelectronics FP-SNS-MOTENV1 5.0.0
2024-06-20 22:39:35,561 [INFO] ThirdParty:1030 - CMSIS Pack Vendor :STMicroelectronics USB_DEVICE 1.0.0
2024-06-20 22:39:35,561 [INFO] ThirdParty:1030 - CMSIS Pack Vendor :STMicroelectronics X-CUBE-AZRTOS-H7RS 1.0.0
2024-06-20 22:39:35,561 [INFO] ThirdParty:1030 - CMSIS Pack Vendor :STMicroelectronics X-CUBE-AZRTOS-L4 2.0.0
2024-06-20 22:39:35,562 [INFO] ThirdParty:1030 - CMSIS Pack Vendor :STMicroelectronics ThreadX 0.0.2
2024-06-20 22:39:35,562 [INFO] ThirdParty:1030 - CMSIS Pack Vendor :WES I-CUBE-Cesium 1.3.0
2024-06-20 22:39:35,562 [INFO] ThirdParty:1030 - CMSIS Pack Vendor :STMicroelectronics FP-ATR-ASTRA1 2.0.0
2024-06-20 22:39:35,562 [INFO] ThirdParty:1030 - CMSIS Pack Vendor :STMicroelectronics lwIP 2.1.2
2024-06-20 22:39:35,562 [INFO] ThirdParty:1030 - CMSIS Pack Vendor :STMicroelectronics X-CUBE-SFXS2LP1 4.0.0
2024-06-20 22:39:35,562 [INFO] ThirdParty:1030 - CMSIS Pack Vendor :STMicroelectronics X-CUBE-BLE2 3.3.0
2024-06-20 22:39:35,562 [INFO] ThirdParty:1030 - CMSIS Pack Vendor :STMicroelectronics X-CUBE-TOF1 3.4.1
2024-06-20 22:39:35,562 [INFO] ThirdParty:1030 - CMSIS Pack Vendor :STMicroelectronics X-CUBE-AZRTOS-H7 3.2.0
2024-06-20 22:39:35,562 [INFO] ThirdParty:1030 - CMSIS Pack Vendor :Infineon AIROC-Wi-Fi-Bluetooth-STM32 1.6.0
2024-06-20 22:39:35,562 [INFO] ThirdParty:1030 - CMSIS Pack Vendor :STMicroelectronics PDM2PCM 3.2.0
2024-06-20 22:39:35,563 [INFO] ThirdParty:841 - exiting critical section [change project]
2024-06-20 22:39:36,138 [INFO] PinOutPanel:1561 - setPackage(No Configuration,No Configuration)
2024-06-20 22:39:36,170 [INFO] PinOutPanel:1561 - setPackage(STM32F103C8Tx,LQFP48)
2024-06-20 22:39:36,854 [INFO] UtilMem:75 - Before build in PCC Used Memory: 348463128 Bytes (1006632960)
2024-06-20 22:39:37,408 [INFO] UtilMem:75 - After build in PCC Used Memory: 389879832 Bytes (1006632960)
2024-06-20 22:39:37,463 [INFO] IPUIPlugin:80 - create IPUIPlugin
2024-06-20 22:39:37,464 [INFO] IPUIPlugin:80 - create IPUIPlugin
2024-06-20 22:39:37,464 [INFO] IPUIPlugin:80 - create IPUIPlugin
2024-06-20 22:39:37,464 [INFO] IPUIPlugin:80 - create IPUIPlugin
2024-06-20 22:39:37,464 [INFO] IPUIPlugin:80 - create IPUIPlugin
2024-06-20 22:39:37,464 [INFO] IPUIPlugin:80 - create IPUIPlugin
2024-06-20 22:39:37,465 [INFO] IPUIPlugin:80 - create IPUIPlugin
2024-06-20 22:39:37,465 [INFO] IPUIPlugin:80 - create IPUIPlugin
2024-06-20 22:39:37,466 [INFO] IPUIPlugin:80 - create IPUIPlugin
2024-06-20 22:39:37,466 [INFO] IPUIPlugin:80 - create IPUIPlugin
2024-06-20 22:39:37,466 [INFO] IPUIPlugin:80 - create IPUIPlugin
2024-06-20 22:39:37,466 [INFO] IPUIPlugin:80 - create IPUIPlugin
2024-06-20 22:39:37,467 [INFO] IPUIPlugin:80 - create IPUIPlugin
2024-06-20 22:39:37,467 [INFO] IPUIPlugin:80 - create IPUIPlugin
2024-06-20 22:39:37,467 [INFO] IPUIPlugin:80 - create IPUIPlugin
2024-06-20 22:39:37,467 [INFO] IPUIPlugin:80 - create IPUIPlugin
2024-06-20 22:39:37,468 [INFO] IPUIPlugin:80 - create IPUIPlugin
2024-06-20 22:39:37,469 [INFO] IPUIPlugin:80 - create IPUIPlugin
2024-06-20 22:39:37,469 [INFO] IPUIPlugin:80 - create IPUIPlugin
2024-06-20 22:39:37,470 [INFO] IPUIPlugin:80 - create IPUIPlugin
2024-06-20 22:39:37,470 [INFO] IPUIPlugin:80 - create IPUIPlugin
2024-06-20 22:39:37,471 [INFO] IPUIPlugin:80 - create IPUIPlugin
2024-06-20 22:39:37,471 [INFO] IPUIPlugin:80 - create IPUIPlugin
2024-06-20 22:39:37,472 [INFO] IPUIPlugin:80 - create IPUIPlugin
2024-06-20 22:39:37,472 [INFO] IPUIPlugin:80 - create IPUIPlugin
2024-06-20 22:39:37,473 [INFO] IPUIPlugin:80 - create IPUIPlugin
2024-06-20 22:39:37,473 [INFO] IPUIPlugin:80 - create IPUIPlugin
2024-06-20 22:39:37,562 [INFO] CADModel:165 - CPN selected for project levelSTM32F103C8T6
2024-06-20 22:39:37,562 [INFO] CADModel:114 - Register for checkConnection events
2024-06-20 22:39:37,639 [INFO] OpenFileManager:343 - Restore cursor
2024-06-20 23:14:09,134 [INFO] Gpio:277 - dependency for GPIO [RCC, SPI2, SYS]
2024-06-20 23:14:42,215 [INFO] UtilMem:75 - End SaveConfig() Used Memory: 580192672 Bytes (1017118720)
2024-06-20 23:14:43,496 [INFO] UtilMem:75 - End SaveConfig() Used Memory: 614594304 Bytes (1017118720)
2024-06-20 23:14:44,347 [INFO] UtilMem:75 - End SaveConfig() Used Memory: 727519648 Bytes (1017118720)
2024-06-20 23:14:44,538 [INFO] BlockDiagram:2759 - set Specific Code input for plugin: SPI
2024-06-20 23:14:44,538 [INFO] BlockDiagram:2759 - set Specific Code input for plugin: NVIC
2024-06-20 23:14:44,538 [INFO] BlockDiagram:2759 - set Specific Code input for plugin: SYS
2024-06-20 23:14:44,539 [INFO] BlockDiagram:2759 - set Specific Code input for plugin: GPIO
2024-06-20 23:14:44,539 [INFO] BlockDiagram:2759 - set Specific Code input for plugin: RCC
2024-06-20 23:14:44,541 [INFO] CodeGenerator:807 - code generatio: config db path: C:\ST\STM32CubeIDE_1.15.0\STM32CubeIDE\plugins\com.st.stm32cube.common.mx_6.11.1.202404110753\\db\
2024-06-20 23:14:44,736 [INFO] CodeEngine:255 - oldGeneratedFile, C:\Work\Stm32\Test_At24cXX\MXTmpFiles\license.tmp_save
2024-06-20 23:14:44,864 [INFO] CodeEngine:279 - Generated code: C:\Work\Stm32\Test_At24cXX\MXTmpFiles\license.tmp
2024-06-20 23:14:44,969 [INFO] CodeEngine:255 - oldGeneratedFile, C:\Work\Stm32\Test_At24cXX\MXTmpFiles\gpio.tmp_save
2024-06-20 23:14:45,152 [INFO] CodeEngine:279 - Generated code: C:\Work\Stm32\Test_At24cXX\MXTmpFiles\gpio.tmp
2024-06-20 23:14:45,293 [INFO] CodeEngine:255 - oldGeneratedFile, C:\Work\Stm32\Test_At24cXX\Core\Src\stm32f1xx_it.c_save
2024-06-20 23:14:45,589 [INFO] CodeEngine:279 - Generated code: C:\Work\Stm32\Test_At24cXX\Core\Src\stm32f1xx_it.c
2024-06-20 23:14:45,620 [INFO] CodeEngine:255 - oldGeneratedFile, C:\Work\Stm32\Test_At24cXX\Core\Inc\stm32f1xx_it.h_save
2024-06-20 23:14:45,771 [INFO] CodeEngine:279 - Generated code: C:\Work\Stm32\Test_At24cXX\Core\Inc\stm32f1xx_it.h
2024-06-20 23:14:45,821 [INFO] CodeEngine:255 - oldGeneratedFile, C:\Work\Stm32\Test_At24cXX\Core\Src\stm32f1xx_hal_msp.c_save
2024-06-20 23:14:46,018 [INFO] CodeEngine:279 - Generated code: C:\Work\Stm32\Test_At24cXX\Core\Src\stm32f1xx_hal_msp.c
2024-06-20 23:14:46,038 [INFO] CodeEngine:255 - oldGeneratedFile, C:\Work\Stm32\Test_At24cXX\MXTmpFiles\system.tmp_save
2024-06-20 23:14:46,141 [INFO] CodeEngine:279 - Generated code: C:\Work\Stm32\Test_At24cXX\MXTmpFiles\system.tmp
2024-06-20 23:14:46,181 [INFO] CodeEngine:311 - oldGeneratedFile, C:\Work\Stm32\Test_At24cXX\Core\Inc\stm32f1xx_hal_conf.h_save
2024-06-20 23:14:46,322 [INFO] CodeEngine:335 - Generated code: C:\Work\Stm32\Test_At24cXX\Core\Inc\stm32f1xx_hal_conf.h
2024-06-20 23:14:46,396 [INFO] CodeEngine:255 - oldGeneratedFile, C:\Work\Stm32\Test_At24cXX\Core\Inc\main.h_save
2024-06-20 23:14:46,532 [INFO] CodeEngine:279 - Generated code: C:\Work\Stm32\Test_At24cXX\Core\Inc\main.h
2024-06-20 23:14:46,568 [INFO] CodeEngine:255 - oldGeneratedFile, C:\Work\Stm32\Test_At24cXX\Core\Src\main.c_save
2024-06-20 23:14:46,737 [INFO] CodeEngine:279 - Generated code: C:\Work\Stm32\Test_At24cXX\Core\Src\main.c
2024-06-20 23:14:47,464 [INFO] ProjectBuilder:3163 - Time for Copy HAL[1] : 374mS.
2024-06-20 23:14:47,469 [INFO] ProjectBuilder:4736 - Project Generator version: 4.3.0-B58
2024-06-20 23:14:47,587 [INFO] ConfigFileManager:1503 - The Die is : DIE410
2024-06-20 23:14:47,606 [INFO] ApiDbMcu:508 - Load IP Config File for FATFS
2024-06-20 23:14:47,626 [INFO] ApiDbMcu:508 - Load IP Config File for FREERTOS
2024-06-20 23:14:47,646 [INFO] ApiDbMcu:508 - Load IP Config File for USB_DEVICE
2024-06-20 23:14:48,997 [INFO] ProjectBuilder:5002 - Time for Generating toolchain IDE Files: 1527mS.
2024-06-20 23:14:48,999 [INFO] ProjectBuilder:3034 - Time for Copy CMSIS : 1mS.
2024-06-20 23:14:49,007 [INFO] ProjectBuilder:3034 - Time for Copy CMSIS : 0mS.
2024-06-20 23:31:38,039 [INFO] Gpio:277 - dependency for GPIO [RCC, SPI2, SYS]
2024-06-20 23:32:00,145 [INFO] UtilMem:75 - End SaveConfig() Used Memory: 748189320 Bytes (1010827264)
2024-06-20 23:32:01,029 [INFO] UtilMem:75 - End SaveConfig() Used Memory: 775451384 Bytes (1010827264)
2024-06-20 23:32:01,828 [INFO] UtilMem:75 - End SaveConfig() Used Memory: 848851704 Bytes (1010827264)
2024-06-20 23:32:01,952 [INFO] BlockDiagram:2759 - set Specific Code input for plugin: SPI
2024-06-20 23:32:01,952 [INFO] BlockDiagram:2759 - set Specific Code input for plugin: NVIC
2024-06-20 23:32:01,952 [INFO] BlockDiagram:2759 - set Specific Code input for plugin: SYS
2024-06-20 23:32:01,952 [INFO] BlockDiagram:2759 - set Specific Code input for plugin: GPIO
2024-06-20 23:32:01,952 [INFO] BlockDiagram:2759 - set Specific Code input for plugin: RCC
2024-06-20 23:32:01,954 [INFO] CodeGenerator:807 - code generatio: config db path: C:\ST\STM32CubeIDE_1.15.0\STM32CubeIDE\plugins\com.st.stm32cube.common.mx_6.11.1.202404110753\\db\
2024-06-20 23:32:02,051 [INFO] CodeEngine:255 - oldGeneratedFile, C:\Work\Stm32\Test_At24cXX\MXTmpFiles\license.tmp_save
2024-06-20 23:32:02,231 [INFO] CodeEngine:279 - Generated code: C:\Work\Stm32\Test_At24cXX\MXTmpFiles\license.tmp
2024-06-20 23:32:02,255 [INFO] CodeEngine:255 - oldGeneratedFile, C:\Work\Stm32\Test_At24cXX\MXTmpFiles\gpio.tmp_save
2024-06-20 23:32:02,412 [INFO] CodeEngine:279 - Generated code: C:\Work\Stm32\Test_At24cXX\MXTmpFiles\gpio.tmp
2024-06-20 23:32:02,472 [INFO] CodeEngine:255 - oldGeneratedFile, C:\Work\Stm32\Test_At24cXX\Core\Src\stm32f1xx_it.c_save
2024-06-20 23:32:02,721 [INFO] CodeEngine:279 - Generated code: C:\Work\Stm32\Test_At24cXX\Core\Src\stm32f1xx_it.c
2024-06-20 23:32:02,731 [INFO] CodeEngine:255 - oldGeneratedFile, C:\Work\Stm32\Test_At24cXX\Core\Inc\stm32f1xx_it.h_save
2024-06-20 23:32:02,833 [INFO] CodeEngine:279 - Generated code: C:\Work\Stm32\Test_At24cXX\Core\Inc\stm32f1xx_it.h
2024-06-20 23:32:02,869 [INFO] CodeEngine:255 - oldGeneratedFile, C:\Work\Stm32\Test_At24cXX\Core\Src\stm32f1xx_hal_msp.c_save
2024-06-20 23:32:03,095 [INFO] CodeEngine:279 - Generated code: C:\Work\Stm32\Test_At24cXX\Core\Src\stm32f1xx_hal_msp.c
2024-06-20 23:32:03,105 [INFO] CodeEngine:255 - oldGeneratedFile, C:\Work\Stm32\Test_At24cXX\MXTmpFiles\system.tmp_save
2024-06-20 23:32:03,201 [INFO] CodeEngine:279 - Generated code: C:\Work\Stm32\Test_At24cXX\MXTmpFiles\system.tmp
2024-06-20 23:32:03,231 [INFO] CodeEngine:311 - oldGeneratedFile, C:\Work\Stm32\Test_At24cXX\Core\Inc\stm32f1xx_hal_conf.h_save
2024-06-20 23:32:03,373 [INFO] CodeEngine:335 - Generated code: C:\Work\Stm32\Test_At24cXX\Core\Inc\stm32f1xx_hal_conf.h
2024-06-20 23:32:03,426 [INFO] CodeEngine:255 - oldGeneratedFile, C:\Work\Stm32\Test_At24cXX\Core\Inc\main.h_save
2024-06-20 23:32:03,567 [INFO] CodeEngine:279 - Generated code: C:\Work\Stm32\Test_At24cXX\Core\Inc\main.h
2024-06-20 23:32:03,590 [INFO] CodeEngine:255 - oldGeneratedFile, C:\Work\Stm32\Test_At24cXX\Core\Src\main.c_save
2024-06-20 23:32:03,766 [INFO] CodeEngine:279 - Generated code: C:\Work\Stm32\Test_At24cXX\Core\Src\main.c
2024-06-20 23:32:04,439 [INFO] ProjectBuilder:3163 - Time for Copy HAL[1] : 349mS.
2024-06-20 23:32:04,444 [INFO] ProjectBuilder:4736 - Project Generator version: 4.3.0-B58
2024-06-20 23:32:04,540 [INFO] ConfigFileManager:1503 - The Die is : DIE410
2024-06-20 23:32:05,758 [INFO] ProjectBuilder:5002 - Time for Generating toolchain IDE Files: 1314mS.
2024-06-20 23:32:05,759 [INFO] ProjectBuilder:3034 - Time for Copy CMSIS : 1mS.
2024-06-20 23:32:05,767 [INFO] ProjectBuilder:3034 - Time for Copy CMSIS : 0mS.
