2024-06-17 16:18:27,190 [WARN] IP:2120 - I2C_Coeff_DF not found: check if there is a RefParameter without a condition.
2024-06-17 16:18:27,218 [WARN] IP:2120 - Analog_Filter not found: check if there is a RefParameter without a condition.
2024-06-17 16:18:33,684 [WARN] IP:2120 - I2C_Coeff_DF not found: check if there is a RefParameter without a condition.
2024-06-17 16:18:33,684 [WARN] IP:2120 - Analog_Filter not found: check if there is a RefParameter without a condition.
2024-06-17 16:18:33,686 [WARN] IP:2120 - I2C_Coeff_DF not found: check if there is a RefParameter without a condition.
2024-06-17 16:18:33,686 [WARN] IP:2120 - Analog_Filter not found: check if there is a RefParameter without a condition.
2024-06-17 16:18:33,737 [INFO] NvicIntPanel:101 - NVIC parent = com.st.microxplorer.plugins.ip.nvic.MultiNvicIntPanel[,0,0,0x0,invalid,layout=javax.swing.BoxLayout,alignmentX=0.0,alignmentY=0.0,border=,flags=9,maximumSize=,minimumSize=,preferredSize=]
2024-06-17 16:18:33,806 [WARN] IP:2120 - I2C_Coeff_DF not found: check if there is a RefParameter without a condition.
2024-06-17 16:18:33,806 [WARN] IP:2120 - Analog_Filter not found: check if there is a RefParameter without a condition.
2024-06-17 16:18:33,821 [WARN] IP:2120 - I2C_Coeff_DF not found: check if there is a RefParameter without a condition.
2024-06-17 16:18:33,821 [WARN] IP:2120 - Analog_Filter not found: check if there is a RefParameter without a condition.
2024-06-17 16:18:41,487 [WARN] IP:2120 - I2C_Coeff_DF not found: check if there is a RefParameter without a condition.
2024-06-17 16:18:41,487 [WARN] IP:2120 - Analog_Filter not found: check if there is a RefParameter without a condition.
2024-06-17 16:18:41,502 [WARN] IP:2120 - I2C_Coeff_DF not found: check if there is a RefParameter without a condition.
2024-06-17 16:18:41,502 [WARN] IP:2120 - Analog_Filter not found: check if there is a RefParameter without a condition.
2024-06-17 16:18:41,518 [WARN] IP:2120 - I2C_Coeff_DF not found: check if there is a RefParameter without a condition.
2024-06-17 16:18:41,518 [WARN] IP:2120 - Analog_Filter not found: check if there is a RefParameter without a condition.
2024-06-17 16:18:41,533 [WARN] IP:2120 - I2C_Coeff_DF not found: check if there is a RefParameter without a condition.
2024-06-17 16:18:41,533 [WARN] IP:2120 - Analog_Filter not found: check if there is a RefParameter without a condition.
2024-06-17 16:19:15,185 [INFO] UtilMem:75 - End SaveConfig() Used Memory: 250155904 Bytes (807403520)
2024-06-17 16:19:16,425 [INFO] UtilMem:75 - End SaveConfig() Used Memory: 265362304 Bytes (807403520)
2024-06-17 16:19:17,435 [INFO] UtilMem:75 - End SaveConfig() Used Memory: 297341824 Bytes (807403520)
2024-06-17 16:19:18,267 [INFO] BlockDiagram:2759 - set Specific Code input for plugin: NVIC
2024-06-17 16:19:18,267 [INFO] BlockDiagram:2759 - set Specific Code input for plugin: SYS
2024-06-17 16:19:18,268 [INFO] BlockDiagram:2759 - set Specific Code input for plugin: GPIO
2024-06-17 16:19:18,268 [INFO] BlockDiagram:2759 - set Specific Code input for plugin: RCC
2024-06-17 16:19:18,268 [INFO] BlockDiagram:2759 - set Specific Code input for plugin: I2C
2024-06-17 16:19:18,270 [INFO] CodeGenerator:807 - code generatio: config db path: C:\ST\STM32CubeIDE_1.15.0\STM32CubeIDE\plugins\com.st.stm32cube.common.mx_6.11.1.202404110753\\db\
2024-06-17 16:19:18,278 [WARN] IP:2120 - I2C_Coeff_DF not found: check if there is a RefParameter without a condition.
2024-06-17 16:19:18,278 [WARN] IP:2120 - Analog_Filter not found: check if there is a RefParameter without a condition.
2024-06-17 16:19:18,485 [INFO] CodeEngine:255 - oldGeneratedFile, C:\Work\Stm32\test\MXTmpFiles\license.tmp_save
2024-06-17 16:19:18,991 [INFO] CodeEngine:279 - Generated code: C:\Work\Stm32\test\MXTmpFiles\license.tmp
2024-06-17 16:19:19,191 [INFO] CodeEngine:255 - oldGeneratedFile, C:\Work\Stm32\test\MXTmpFiles\gpio.tmp_save
2024-06-17 16:19:19,384 [INFO] CodeEngine:279 - Generated code: C:\Work\Stm32\test\MXTmpFiles\gpio.tmp
2024-06-17 16:19:19,544 [INFO] CodeEngine:255 - oldGeneratedFile, C:\Work\Stm32\test\Core\Src\stm32f1xx_it.c_save
2024-06-17 16:19:19,764 [INFO] CodeEngine:279 - Generated code: C:\Work\Stm32\test\Core\Src\stm32f1xx_it.c
2024-06-17 16:19:19,796 [INFO] CodeEngine:255 - oldGeneratedFile, C:\Work\Stm32\test\Core\Inc\stm32f1xx_it.h_save
2024-06-17 16:19:19,933 [INFO] CodeEngine:279 - Generated code: C:\Work\Stm32\test\Core\Inc\stm32f1xx_it.h
2024-06-17 16:19:19,987 [INFO] CodeEngine:255 - oldGeneratedFile, C:\Work\Stm32\test\Core\Src\stm32f1xx_hal_msp.c_save
2024-06-17 16:19:20,225 [INFO] CodeEngine:279 - Generated code: C:\Work\Stm32\test\Core\Src\stm32f1xx_hal_msp.c
2024-06-17 16:19:20,242 [INFO] CodeEngine:255 - oldGeneratedFile, C:\Work\Stm32\test\MXTmpFiles\system.tmp_save
2024-06-17 16:19:20,358 [INFO] CodeEngine:279 - Generated code: C:\Work\Stm32\test\MXTmpFiles\system.tmp
2024-06-17 16:19:20,406 [INFO] CodeEngine:311 - oldGeneratedFile, C:\Work\Stm32\test\Core\Inc\stm32f1xx_hal_conf.h_save
2024-06-17 16:19:20,562 [INFO] CodeEngine:335 - Generated code: C:\Work\Stm32\test\Core\Inc\stm32f1xx_hal_conf.h
2024-06-17 16:19:20,660 [INFO] CodeEngine:255 - oldGeneratedFile, C:\Work\Stm32\test\Core\Inc\main.h_save
2024-06-17 16:19:20,813 [INFO] CodeEngine:279 - Generated code: C:\Work\Stm32\test\Core\Inc\main.h
2024-06-17 16:19:20,847 [INFO] CodeEngine:255 - oldGeneratedFile, C:\Work\Stm32\test\Core\Src\main.c_save
2024-06-17 16:19:21,072 [INFO] CodeEngine:279 - Generated code: C:\Work\Stm32\test\Core\Src\main.c
2024-06-17 16:19:21,634 [INFO] ProjectBuilder:3163 - Time for Copy HAL[1] : 277mS.
2024-06-17 16:19:21,642 [INFO] ProjectBuilder:4736 - Project Generator version: 4.3.0-B58
2024-06-17 16:19:21,790 [INFO] ConfigFileManager:1503 - The Die is : DIE412
2024-06-17 16:19:21,818 [INFO] ApiDbMcu:508 - Load IP Config File for FATFS
2024-06-17 16:19:21,841 [INFO] ApiDbMcu:508 - Load IP Config File for FREERTOS
2024-06-17 16:19:21,870 [INFO] ApiDbMcu:508 - Load IP Config File for USB_DEVICE
