2024-06-28 16:56:25,141 [INFO] NvicIntPanel:101 - NVIC parent = com.st.microxplorer.plugins.ip.nvic.MultiNvicIntPanel[,0,0,452x197,layout=javax.swing.BoxLayout,alignmentX=0.0,alignmentY=0.0,border=,flags=9,maximumSize=,minimumSize=,preferredSize=]
2024-06-28 16:57:20,396 [INFO] NvicIntPanel:101 - NVIC parent = com.st.microxplorer.plugins.ip.nvic.MultiNvicIntPanel[,0,0,0x0,invalid,layout=javax.swing.BoxLayout,alignmentX=0.0,alignmentY=0.0,border=,flags=9,maximumSize=,minimumSize=,preferredSize=]
2024-06-28 16:59:26,963 [INFO] Gpio:277 - dependency for GPIO [RCC, SPI1, SYS]
2024-06-28 16:59:59,108 [INFO] UtilMem:75 - End SaveConfig() Used Memory: 814187320 Bytes (1067450368)
2024-06-28 17:00:00,362 [INFO] UtilMem:75 - End SaveConfig() Used Memory: 286578976 Bytes (954204160)
2024-06-28 17:00:01,628 [INFO] UtilMem:75 - End SaveConfig() Used Memory: 363151752 Bytes (954204160)
2024-06-28 17:00:02,025 [INFO] BlockDiagram:2759 - set Specific Code input for plugin: SPI
2024-06-28 17:00:02,025 [INFO] BlockDiagram:2759 - set Specific Code input for plugin: NVIC
2024-06-28 17:00:02,025 [INFO] BlockDiagram:2759 - set Specific Code input for plugin: SYS
2024-06-28 17:00:02,025 [INFO] BlockDiagram:2759 - set Specific Code input for plugin: GPIO
2024-06-28 17:00:02,025 [INFO] BlockDiagram:2759 - set Specific Code input for plugin: RCC
2024-06-28 17:00:02,026 [INFO] CodeGenerator:807 - code generatio: config db path: C:\ST\STM32CubeIDE_1.15.0\STM32CubeIDE\plugins\com.st.stm32cube.common.mx_6.11.1.202404110753\\db\
2024-06-28 17:00:02,339 [INFO] CodeEngine:255 - oldGeneratedFile, C:\Work\Stm32\test_spi_f401\MXTmpFiles\license.tmp_save
2024-06-28 17:00:02,637 [INFO] CodeEngine:279 - Generated code: C:\Work\Stm32\test_spi_f401\MXTmpFiles\license.tmp
2024-06-28 17:00:02,784 [INFO] CodeEngine:255 - oldGeneratedFile, C:\Work\Stm32\test_spi_f401\MXTmpFiles\gpio.tmp_save
2024-06-28 17:00:02,985 [INFO] CodeEngine:279 - Generated code: C:\Work\Stm32\test_spi_f401\MXTmpFiles\gpio.tmp
2024-06-28 17:00:03,190 [INFO] CodeEngine:255 - oldGeneratedFile, C:\Work\Stm32\test_spi_f401\Core\Src\stm32f4xx_it.c_save
2024-06-28 17:00:03,704 [INFO] CodeEngine:279 - Generated code: C:\Work\Stm32\test_spi_f401\Core\Src\stm32f4xx_it.c
2024-06-28 17:00:03,746 [INFO] CodeEngine:255 - oldGeneratedFile, C:\Work\Stm32\test_spi_f401\Core\Inc\stm32f4xx_it.h_save
2024-06-28 17:00:04,276 [INFO] CodeEngine:279 - Generated code: C:\Work\Stm32\test_spi_f401\Core\Inc\stm32f4xx_it.h
2024-06-28 17:00:04,473 [INFO] CodeEngine:255 - oldGeneratedFile, C:\Work\Stm32\test_spi_f401\Core\Src\stm32f4xx_hal_msp.c_save
2024-06-28 17:00:04,980 [INFO] CodeEngine:279 - Generated code: C:\Work\Stm32\test_spi_f401\Core\Src\stm32f4xx_hal_msp.c
2024-06-28 17:00:05,013 [INFO] CodeEngine:255 - oldGeneratedFile, C:\Work\Stm32\test_spi_f401\MXTmpFiles\system.tmp_save
2024-06-28 17:00:05,179 [INFO] CodeEngine:279 - Generated code: C:\Work\Stm32\test_spi_f401\MXTmpFiles\system.tmp
2024-06-28 17:00:05,238 [INFO] CodeEngine:311 - oldGeneratedFile, C:\Work\Stm32\test_spi_f401\Core\Inc\stm32f4xx_hal_conf.h_save
2024-06-28 17:00:05,457 [INFO] CodeEngine:335 - Generated code: C:\Work\Stm32\test_spi_f401\Core\Inc\stm32f4xx_hal_conf.h
2024-06-28 17:00:05,635 [INFO] CodeEngine:255 - oldGeneratedFile, C:\Work\Stm32\test_spi_f401\Core\Inc\main.h_save
2024-06-28 17:00:05,904 [INFO] CodeEngine:279 - Generated code: C:\Work\Stm32\test_spi_f401\Core\Inc\main.h
2024-06-28 17:00:05,957 [INFO] CodeEngine:255 - oldGeneratedFile, C:\Work\Stm32\test_spi_f401\Core\Src\main.c_save
2024-06-28 17:00:06,331 [INFO] CodeEngine:279 - Generated code: C:\Work\Stm32\test_spi_f401\Core\Src\main.c
2024-06-28 17:00:07,701 [INFO] ProjectBuilder:3163 - Time for Copy HAL[1] : 929mS.
2024-06-28 17:00:07,709 [INFO] ProjectBuilder:4736 - Project Generator version: 4.3.0-B58
2024-06-28 17:00:07,972 [INFO] ConfigFileManager:1503 - The Die is : DIE433
2024-06-28 17:00:10,671 [INFO] ProjectBuilder:5002 - Time for Generating toolchain IDE Files: 2961mS.
2024-06-28 17:00:10,676 [INFO] ProjectBuilder:3034 - Time for Copy CMSIS : 4mS.
2024-06-28 17:00:10,684 [INFO] ProjectBuilder:3034 - Time for Copy CMSIS : 0mS.
2024-06-28 17:17:36,357 [INFO] Gpio:277 - dependency for GPIO [RCC, SPI1, SYS]
2024-06-28 17:18:20,921 [INFO] UtilMem:75 - End SaveConfig() Used Memory: 362980720 Bytes (954204160)
2024-06-28 17:18:21,710 [INFO] UtilMem:75 - End SaveConfig() Used Memory: 382903664 Bytes (954204160)
2024-06-28 17:56:12,402 [INFO] NvicIntPanel:101 - NVIC parent = com.st.microxplorer.plugins.ip.nvic.MultiNvicIntPanel[,0,0,0x0,invalid,layout=javax.swing.BoxLayout,alignmentX=0.0,alignmentY=0.0,border=,flags=9,maximumSize=,minimumSize=,preferredSize=]
2024-06-28 17:56:14,463 [INFO] NvicIntPanel:101 - NVIC parent = com.st.microxplorer.plugins.ip.nvic.MultiNvicIntPanel[,0,0,0x0,invalid,layout=javax.swing.BoxLayout,alignmentX=0.0,alignmentY=0.0,border=,flags=9,maximumSize=,minimumSize=,preferredSize=]
2024-06-28 17:56:17,239 [INFO] UtilMem:75 - End SaveConfig() Used Memory: 360591528 Bytes (1042284544)
2024-06-28 17:56:18,417 [INFO] UtilMem:75 - End SaveConfig() Used Memory: 381040808 Bytes (1042284544)
2024-06-28 17:56:19,080 [INFO] UtilMem:75 - End SaveConfig() Used Memory: 436615336 Bytes (1042284544)
2024-06-28 17:56:19,213 [INFO] BlockDiagram:2759 - set Specific Code input for plugin: SPI
2024-06-28 17:56:19,213 [INFO] BlockDiagram:2759 - set Specific Code input for plugin: NVIC
2024-06-28 17:56:19,214 [INFO] BlockDiagram:2759 - set Specific Code input for plugin: SYS
2024-06-28 17:56:19,214 [INFO] BlockDiagram:2759 - set Specific Code input for plugin: GPIO
2024-06-28 17:56:19,214 [INFO] BlockDiagram:2759 - set Specific Code input for plugin: RCC
2024-06-28 17:56:19,216 [INFO] CodeGenerator:807 - code generatio: config db path: C:\ST\STM32CubeIDE_1.15.0\STM32CubeIDE\plugins\com.st.stm32cube.common.mx_6.11.1.202404110753\\db\
2024-06-28 17:56:19,330 [INFO] CodeEngine:255 - oldGeneratedFile, C:\Work\Stm32\test_spi_f401\MXTmpFiles\license.tmp_save
2024-06-28 17:56:19,474 [INFO] CodeEngine:279 - Generated code: C:\Work\Stm32\test_spi_f401\MXTmpFiles\license.tmp
2024-06-28 17:56:19,496 [INFO] CodeEngine:255 - oldGeneratedFile, C:\Work\Stm32\test_spi_f401\MXTmpFiles\gpio.tmp_save
2024-06-28 17:56:19,616 [INFO] CodeEngine:279 - Generated code: C:\Work\Stm32\test_spi_f401\MXTmpFiles\gpio.tmp
2024-06-28 17:56:19,677 [INFO] CodeEngine:255 - oldGeneratedFile, C:\Work\Stm32\test_spi_f401\Core\Src\stm32f4xx_it.c_save
2024-06-28 17:56:19,867 [INFO] CodeEngine:279 - Generated code: C:\Work\Stm32\test_spi_f401\Core\Src\stm32f4xx_it.c
2024-06-28 17:56:19,885 [INFO] CodeEngine:255 - oldGeneratedFile, C:\Work\Stm32\test_spi_f401\Core\Inc\stm32f4xx_it.h_save
2024-06-28 17:56:19,981 [INFO] CodeEngine:279 - Generated code: C:\Work\Stm32\test_spi_f401\Core\Inc\stm32f4xx_it.h
2024-06-28 17:56:20,010 [INFO] CodeEngine:255 - oldGeneratedFile, C:\Work\Stm32\test_spi_f401\Core\Src\stm32f4xx_hal_msp.c_save
2024-06-28 17:56:20,161 [INFO] CodeEngine:279 - Generated code: C:\Work\Stm32\test_spi_f401\Core\Src\stm32f4xx_hal_msp.c
2024-06-28 17:56:20,168 [INFO] CodeEngine:255 - oldGeneratedFile, C:\Work\Stm32\test_spi_f401\MXTmpFiles\system.tmp_save
2024-06-28 17:56:20,246 [INFO] CodeEngine:279 - Generated code: C:\Work\Stm32\test_spi_f401\MXTmpFiles\system.tmp
2024-06-28 17:56:20,271 [INFO] CodeEngine:311 - oldGeneratedFile, C:\Work\Stm32\test_spi_f401\Core\Inc\stm32f4xx_hal_conf.h_save
2024-06-28 17:56:20,397 [INFO] CodeEngine:335 - Generated code: C:\Work\Stm32\test_spi_f401\Core\Inc\stm32f4xx_hal_conf.h
2024-06-28 17:56:20,457 [INFO] CodeEngine:255 - oldGeneratedFile, C:\Work\Stm32\test_spi_f401\Core\Inc\main.h_save
2024-06-28 17:56:20,574 [INFO] CodeEngine:279 - Generated code: C:\Work\Stm32\test_spi_f401\Core\Inc\main.h
2024-06-28 17:56:20,596 [INFO] CodeEngine:255 - oldGeneratedFile, C:\Work\Stm32\test_spi_f401\Core\Src\main.c_save
2024-06-28 17:56:20,751 [INFO] CodeEngine:279 - Generated code: C:\Work\Stm32\test_spi_f401\Core\Src\main.c
2024-06-28 17:56:21,274 [INFO] ProjectBuilder:3163 - Time for Copy HAL[1] : 339mS.
2024-06-28 17:56:21,279 [INFO] ProjectBuilder:4736 - Project Generator version: 4.3.0-B58
2024-06-28 17:56:21,368 [INFO] ConfigFileManager:1503 - The Die is : DIE433
2024-06-28 17:56:22,370 [INFO] ProjectBuilder:5002 - Time for Generating toolchain IDE Files: 1091mS.
2024-06-28 17:56:22,371 [INFO] ProjectBuilder:3034 - Time for Copy CMSIS : 1mS.
2024-06-28 17:56:22,377 [INFO] ProjectBuilder:3034 - Time for Copy CMSIS : 0mS.
2024-06-28 18:18:47,136 [INFO] MainUpdater:2873 - connection check result : 22
2024-06-28 18:18:53,303 [INFO] McuFinderGlobals:76 - Set McuFinderConnectedMode to false
2024-06-28 18:18:53,305 [INFO] MultiScanPanel:200 - Auto-refresh data requested => check proxy status ongoing
2024-06-28 18:18:53,306 [INFO] MultiScanPanel:204 - Proxy status is invalid
2024-06-28 18:18:53,307 [INFO] FinderPluginLoader:95 - Searching for filters in installed packs
2024-06-28 18:18:54,648 [INFO] DetailPanel:341 - Set advertising image to C:/Users/Yaroslav Ludchak/STM32Cube/Repository/\en.prom-stm32h7rs-mcu-finder.jpg
2024-06-28 18:19:15,767 [INFO] ApiDb:581 - Connected to CubeFinder SQLite database (C:\Users\Yaroslav Ludchak\.stmcufinder\plugins\mcufinder\mcu\cube-finder-db.db)
2024-06-28 18:19:50,703 [INFO] MainUpdater:2873 - connection check result : 22
2024-06-28 18:19:50,709 [INFO] MainUpdater:2873 - connection check result : 22
2024-06-28 18:19:54,926 [INFO] MainUpdater:2873 - connection check result : 22
2024-06-28 18:19:56,674 [INFO] MicroXplorer:468 - Change Database Path : 
2024-06-28 18:19:56,674 [INFO] MicroXplorer:498 - Change Database Version : DB.6.0.111
2024-06-28 18:19:56,697 [ERROR] ProjectManagerView:394 - 
java.lang.NullPointerException: Cannot invoke "javax.swing.JTextField.getText()" because the return value of "java.util.List.get(int)" is null
	at com.st.microxplorer.plugins.projectmanager.gui.ProjectChoiceTab$10.caretUpdate(ProjectChoiceTab.java:2504) ~[filemanager.jar:?]
	at javax.swing.text.JTextComponent.fireCaretUpdate(JTextComponent.java:412) ~[?:?]
	at javax.swing.text.JTextComponent$MutableCaretEvent.fire(JTextComponent.java:4491) ~[?:?]
	at javax.swing.text.JTextComponent$MutableCaretEvent.stateChanged(JTextComponent.java:4513) ~[?:?]
	at javax.swing.text.DefaultCaret.fireStateChanged(DefaultCaret.java:842) ~[?:?]
	at javax.swing.text.DefaultCaret.changeCaretPosition(DefaultCaret.java:1313) ~[?:?]
	at javax.swing.text.DefaultCaret.handleSetDot(DefaultCaret.java:1212) ~[?:?]
	at javax.swing.text.DefaultCaret.setDot(DefaultCaret.java:1193) ~[?:?]
	at javax.swing.text.DefaultCaret$Handler.insertUpdate(DefaultCaret.java:1789) ~[?:?]
	at javax.swing.text.AbstractDocument.fireInsertUpdate(AbstractDocument.java:226) ~[?:?]
	at javax.swing.text.AbstractDocument.handleInsertString(AbstractDocument.java:780) ~[?:?]
	at javax.swing.text.AbstractDocument.insertString(AbstractDocument.java:739) ~[?:?]
	at javax.swing.text.PlainDocument.insertString(PlainDocument.java:131) ~[?:?]
	at javax.swing.text.AbstractDocument.replace(AbstractDocument.java:698) ~[?:?]
	at javax.swing.text.JTextComponent.setText(JTextComponent.java:1729) ~[?:?]
	at com.st.microxplorer.plugins.projectmanager.gui.ProjectChoiceTab.createHeapStackFields(ProjectChoiceTab.java:944) ~[filemanager.jar:?]
	at com.st.microxplorer.plugins.projectmanager.gui.ProjectChoiceTab.buildLinkSettingsPanel(ProjectChoiceTab.java:3475) ~[filemanager.jar:?]
	at com.st.microxplorer.plugins.projectmanager.gui.ProjectChoiceTab.defineWindowsFields(ProjectChoiceTab.java:1816) ~[filemanager.jar:?]
	at com.st.microxplorer.plugins.projectmanager.gui.ProjectChoiceTab.updateSettings(ProjectChoiceTab.java:544) ~[filemanager.jar:?]
	at com.st.microxplorer.plugins.projectmanager.gui.ProjectSettingsPanel.UpdateDialog(ProjectSettingsPanel.java:245) ~[filemanager.jar:?]
	at com.st.microxplorer.plugins.projectmanager.ProjectManagerView.propertyChange(ProjectManagerView.java:391) ~[filemanager.jar:?]
	at java.beans.PropertyChangeSupport.fire(PropertyChangeSupport.java:343) ~[?:?]
	at java.beans.PropertyChangeSupport.firePropertyChange(PropertyChangeSupport.java:335) ~[?:?]
	at java.beans.PropertyChangeSupport.firePropertyChange(PropertyChangeSupport.java:268) ~[?:?]
	at com.st.microxplorer.util.MXPropertyChangeSupport.firePropertyChange(MXPropertyChangeSupport.java:54) ~[STM32CubeMX.jar:?]
	at com.st.microxplorer.mxsystem.MxSystem.closeConfig(MxSystem.java:900) ~[STM32CubeMX.jar:?]
	at com.st.microxplorer.maingui.MainPanel.closeConfig(MainPanel.java:776) ~[STM32CubeMX.jar:?]
	at com.st.microxplorer.plugins.filemanager.engine.OpenFileManager.loadConfigurationFile(OpenFileManager.java:245) ~[filemanager.jar:?]
	at com.st.microxplorer.plugins.filemanager.engine.MainFileManager.userLoadConfig(MainFileManager.java:315) ~[filemanager.jar:?]
	at com.st.microxplorer.plugins.filemanager.engine.MainFileManager.userLoadConfig(MainFileManager.java:293) ~[filemanager.jar:?]
	at com.st.microxplorer.plugins.filemanager.FileManagerView.getSpecificTask(FileManagerView.java:247) ~[filemanager.jar:?]
	at com.st.stm32cube.common.mx.editor.CubeMxEditor.getMxTabbedPaneInstance(CubeMxEditor.java:1198) ~[com.st.stm32cube.common.mx_6.11.1.202404110753/:?]
	at com.st.stm32cube.common.mx.editor.CubeMxEditor$12$1.createSwingComponent(CubeMxEditor.java:1068) ~[com.st.stm32cube.common.mx_6.11.1.202404110753/:?]
	at com.st.stm32cube.common.mx.oss.core.awtswtbridge.EmbeddedSwingComposite.doComponentCreation(EmbeddedSwingComposite.java:492) ~[com.st.stm32cube.common.mx.oss_6.11.1.202404110753/:?]
	at com.st.stm32cube.common.mx.oss.core.awtswtbridge.EmbeddedSwingComposite$4.run(EmbeddedSwingComposite.java:291) ~[com.st.stm32cube.common.mx.oss_6.11.1.202404110753/:?]
	at com.st.stm32cube.common.mx.oss.core.awtswtbridge.AwtEnvironment$2.run(AwtEnvironment.java:166) ~[com.st.stm32cube.common.mx.oss_6.11.1.202404110753/:?]
	at java.awt.event.InvocationEvent.dispatch(InvocationEvent.java:318) ~[?:?]
	at java.awt.EventQueue.dispatchEventImpl(EventQueue.java:773) ~[?:?]
	at java.awt.EventQueue$4.run(EventQueue.java:720) ~[?:?]
	at java.awt.EventQueue$4.run(EventQueue.java:714) ~[?:?]
	at java.security.AccessController.doPrivileged(AccessController.java:399) ~[?:?]
	at java.security.ProtectionDomain$JavaSecurityAccessImpl.doIntersectionPrivilege(ProtectionDomain.java:86) ~[?:?]
	at java.awt.EventQueue.dispatchEvent(EventQueue.java:742) ~[?:?]
	at java.awt.EventDispatchThread.pumpOneEventForFilters(EventDispatchThread.java:203) ~[?:?]
	at java.awt.EventDispatchThread.pumpEventsForFilter(EventDispatchThread.java:124) ~[?:?]
	at java.awt.EventDispatchThread.pumpEventsForHierarchy(EventDispatchThread.java:113) ~[?:?]
	at java.awt.EventDispatchThread.pumpEvents(EventDispatchThread.java:109) ~[?:?]
	at java.awt.EventDispatchThread.pumpEvents(EventDispatchThread.java:101) ~[?:?]
	at java.awt.EventDispatchThread.run(EventDispatchThread.java:90) ~[?:?]
2024-06-28 18:19:56,700 [WARN] ThirdParty:871 - waiting for thirdparty lock release [close project]
2024-06-28 18:19:56,700 [INFO] ThirdParty:873 - entering critical section [close project]
2024-06-28 18:19:56,700 [INFO] ThirdParty:883 - exiting critical section [close project]
2024-06-28 18:19:56,702 [INFO] PinOutPanel:1561 - setPackage(No Configuration,No Configuration)
2024-06-28 18:19:56,707 [WARN] IpParametersView:151 - Warning: This peripheral hasn't parameters
2024-06-28 18:19:56,711 [WARN] MainPanel:272 - <html><b><center>Warning: This peripheral has no parameters to be configured<br></b></html>
2024-06-28 18:19:56,715 [INFO] UtilMem:75 - Begin LoadConfig() Used Memory: 624765840 Bytes (1042284544)
2024-06-28 18:19:56,716 [INFO] MicroXplorer:468 - Change Database Path : 
2024-06-28 18:19:56,716 [INFO] MicroXplorer:498 - Change Database Version : DB.6.0.111
2024-06-28 18:19:56,716 [INFO] OpenFileManager:312 - Change cursor
2024-06-28 18:19:56,755 [INFO] RulesReader:64 - Compatibility file has been processed (297 Rules)
2024-06-28 18:19:56,774 [INFO] Mcu:2021 - Initializing MCU STM32F401CDUx STM32F401CDUx STM32F401CDU6
2024-06-28 18:19:58,422 [INFO] Context:663 - Trying to add GPIOservice into a context  which must be forbidden
2024-06-28 18:19:58,698 [INFO] ImportTextPane:194 - (OptionalMessage_ERROR) Unable to find key (Mcu.ThirdPartyNb) in loaded IOC file
2024-06-28 18:19:58,698 [INFO] ImportTextPane:194 - (OptionalMessage_ERROR) Unable to find key (Mcu.PinsNb) in loaded IOC file
2024-06-28 18:19:58,698 [INFO] ImportTextPane:194 - (OptionalMessage_ERROR) Unable to find key (Mcu.IPNb) in loaded IOC file
2024-06-28 18:19:58,720 [INFO] RtosManager:555 - Registered RTOS mode: class=CMSIS, group=RTOS, mode=CMSIS_V1, owner=FREERTOS
2024-06-28 18:19:58,720 [INFO] RtosManager:555 - Registered RTOS mode: class=CMSIS, group=RTOS2, mode=CMSIS_V2, owner=FREERTOS
2024-06-28 18:19:58,720 [INFO] RtosManager:555 - Registered RTOS mode: class=RTOS, group=Core, mode=CMSIS_V1, owner=FREERTOS
2024-06-28 18:19:58,720 [INFO] RtosManager:555 - Registered RTOS mode: class=RTOS, group=Core, mode=CMSIS_V2, owner=FREERTOS
2024-06-28 18:19:58,720 [WARN] ModelIntegratedComponent:184 - Missing modes for component STMicroelectronics:FreeRTOS:0.0.1:STMicroelectronics:RTOS:FreeRTOS:Core:::10.2.0:
2024-06-28 18:19:58,727 [WARN] ModelIntegratedComponent:63 - No mode defined for component null
2024-06-28 18:19:58,728 [WARN] ModelIntegratedComponent:63 - No mode defined for component null
2024-06-28 18:19:58,728 [WARN] ModelIntegratedComponent:63 - No mode defined for component null
2024-06-28 18:19:58,728 [WARN] ModelIntegratedComponent:63 - No mode defined for component null
2024-06-28 18:19:58,728 [WARN] ModelIntegratedComponent:63 - No mode defined for component null
2024-06-28 18:19:58,728 [WARN] ModelIntegratedComponent:63 - No mode defined for component null
2024-06-28 18:19:58,728 [WARN] ModelIntegratedComponent:63 - No mode defined for component null
2024-06-28 18:19:58,728 [WARN] ModelIntegratedComponent:63 - No mode defined for component null
2024-06-28 18:19:58,728 [WARN] ModelIntegratedComponent:63 - No mode defined for component null
2024-06-28 18:19:58,728 [WARN] ModelIntegratedComponent:63 - No mode defined for component null
2024-06-28 18:19:58,728 [WARN] ModelIntegratedComponent:63 - No mode defined for component null
2024-06-28 18:19:58,728 [WARN] ModelIntegratedComponent:63 - No mode defined for component null
2024-06-28 18:19:58,728 [WARN] ModelIntegratedComponent:63 - No mode defined for component null
2024-06-28 18:19:58,728 [WARN] ModelIntegratedComponent:63 - No mode defined for component null
2024-06-28 18:19:58,728 [WARN] ModelIntegratedComponent:63 - No mode defined for component null
2024-06-28 18:19:58,728 [WARN] ModelIntegratedComponent:63 - No mode defined for component null
2024-06-28 18:19:58,728 [WARN] ModelIntegratedComponent:63 - No mode defined for component null
2024-06-28 18:19:58,728 [WARN] ModelIntegratedComponent:63 - No mode defined for component null
2024-06-28 18:19:58,728 [WARN] ModelIntegratedComponent:63 - No mode defined for component null
2024-06-28 18:19:58,728 [WARN] ModelIntegratedComponent:63 - No mode defined for component null
2024-06-28 18:19:58,728 [WARN] ModelIntegratedComponent:63 - No mode defined for component null
2024-06-28 18:19:58,728 [WARN] ModelIntegratedComponent:63 - No mode defined for component null
2024-06-28 18:19:58,728 [WARN] ModelIntegratedComponent:63 - No mode defined for component null
2024-06-28 18:19:58,728 [WARN] ModelIntegratedComponent:63 - No mode defined for component null
2024-06-28 18:19:58,728 [WARN] ModelIntegratedComponent:63 - No mode defined for component null
2024-06-28 18:19:58,728 [WARN] ModelIntegratedComponent:63 - No mode defined for component null
2024-06-28 18:19:58,729 [WARN] ModelIntegratedComponent:63 - No mode defined for component null
2024-06-28 18:19:58,729 [WARN] ModelIntegratedComponent:63 - No mode defined for component null
2024-06-28 18:19:58,729 [WARN] ModelIntegratedComponent:63 - No mode defined for component null
2024-06-28 18:19:58,729 [WARN] ModelIntegratedComponent:63 - No mode defined for component null
2024-06-28 18:19:58,729 [WARN] ModelIntegratedComponent:63 - No mode defined for component null
2024-06-28 18:19:58,729 [WARN] ModelIntegratedComponent:63 - No mode defined for component null
2024-06-28 18:19:58,729 [WARN] ModelIntegratedComponent:63 - No mode defined for component null
2024-06-28 18:19:58,729 [WARN] ModelIntegratedComponent:63 - No mode defined for component null
2024-06-28 18:19:58,828 [INFO] ThirdPartyModel:298 - Start build external matchings
2024-06-28 18:19:59,304 [INFO] ThirdPartyModel:316 - End build external matchings
2024-06-28 18:19:59,585 [INFO] UtilMem:75 - End LoadConfig() Used Memory: 878890472 Bytes (1042284544)
2024-06-28 18:19:59,613 [WARN] ThirdParty:833 - waiting for thirdparty lock release [change project]
2024-06-28 18:19:59,613 [INFO] ThirdParty:835 - entering critical section [change project]
2024-06-28 18:19:59,613 [INFO] ThirdParty:1030 - CMSIS Pack Vendor :STMicroelectronics USBPD 4.1
2024-06-28 18:19:59,613 [INFO] ThirdParty:1030 - CMSIS Pack Vendor :STMicroelectronics X-CUBE-GNSS1 6.0.0
2024-06-28 18:19:59,613 [INFO] ThirdParty:1030 - CMSIS Pack Vendor :STMicroelectronics USB_HOST 2.0.0
2024-06-28 18:19:59,613 [INFO] ThirdParty:1030 - CMSIS Pack Vendor :STMicroelectronics FP-SNS-MOTENVWB1 1.4.0
2024-06-28 18:19:59,613 [INFO] ThirdParty:1030 - CMSIS Pack Vendor :STMicroelectronics X-CUBE-AZRTOS-F4 1.1.0
2024-06-28 18:19:59,613 [INFO] ThirdParty:1030 - CMSIS Pack Vendor :STMicroelectronics LIBJPEG 8.0.0
2024-06-28 18:19:59,613 [INFO] ThirdParty:1030 - CMSIS Pack Vendor :STMicroelectronics X-CUBE-SMBUS 2.1.0
2024-06-28 18:19:59,613 [INFO] ThirdParty:1030 - CMSIS Pack Vendor :NimaLTD I-CUBE-SPIF 2.3.1
2024-06-28 18:19:59,613 [INFO] ThirdParty:1030 - CMSIS Pack Vendor :STMicroelectronics USB_DEVICE 3.0.0
2024-06-28 18:19:59,613 [INFO] ThirdParty:1030 - CMSIS Pack Vendor :STMicroelectronics X-CUBE-TCPP 4.1.0
2024-06-28 18:19:59,613 [INFO] ThirdParty:1030 - CMSIS Pack Vendor :STMicroelectronics X-CUBE-FREERTOS 1.2.0
2024-06-28 18:19:59,613 [INFO] ThirdParty:1030 - CMSIS Pack Vendor :STMicroelectronics X-CUBE-AZRTOS-WB 2.0.0
2024-06-28 18:19:59,613 [INFO] ThirdParty:1030 - CMSIS Pack Vendor :STMicroelectronics X-CUBE-TOUCHGFX 4.23.2
2024-06-28 18:19:59,614 [INFO] ThirdParty:1030 - CMSIS Pack Vendor :STMicroelectronics X-CUBE-AZRTOS-F7 1.1.0
2024-06-28 18:19:59,614 [INFO] ThirdParty:1030 - CMSIS Pack Vendor :STMicroelectronics X-CUBE-AZRTOS-L5 2.0.0
2024-06-28 18:19:59,614 [INFO] ThirdParty:1030 - CMSIS Pack Vendor :STMicroelectronics USB_DEVICE 2.0.0
2024-06-28 18:19:59,614 [INFO] ThirdParty:1030 - CMSIS Pack Vendor :STMicroelectronics X-CUBE-NFC6 3.1.0
2024-06-28 18:19:59,614 [INFO] ThirdParty:1030 - CMSIS Pack Vendor :STMicroelectronics X-CUBE-ALGOBUILD 1.3.0
2024-06-28 18:19:59,614 [INFO] ThirdParty:1030 - CMSIS Pack Vendor :STMicroelectronics FreeRTOS 0.0.1
2024-06-28 18:19:59,614 [INFO] ThirdParty:1030 - CMSIS Pack Vendor :STMicroelectronics X-CUBE-AZRTOS-G0 1.1.0
2024-06-28 18:19:59,614 [INFO] ThirdParty:1030 - CMSIS Pack Vendor :STMicroelectronics X-CUBE-SAFEA1 1.2.2
2024-06-28 18:19:59,614 [INFO] ThirdParty:1030 - CMSIS Pack Vendor :STMicroelectronics X-CUBE-NFC4 3.0.0
2024-06-28 18:19:59,614 [INFO] ThirdParty:1030 - CMSIS Pack Vendor :STMicroelectronics X-CUBE-SUBG2 5.0.0
2024-06-28 18:19:59,614 [INFO] ThirdParty:1030 - CMSIS Pack Vendor :STMicroelectronics STM32_WPAN 1.0.0
2024-06-28 18:19:59,614 [INFO] ThirdParty:1030 - CMSIS Pack Vendor :wolfSSL I-CUBE-wolfMQTT 1.18.0
2024-06-28 18:19:59,614 [INFO] ThirdParty:1030 - CMSIS Pack Vendor :STMicroelectronics lwIP 2.0.3
2024-06-28 18:19:59,614 [INFO] ThirdParty:1030 - CMSIS Pack Vendor :STMicroelectronics FP-SNS-FLIGHT1 5.0.2
2024-06-28 18:19:59,614 [INFO] ThirdParty:1030 - CMSIS Pack Vendor :Cesanta I-CUBE-Mongoose 7.13.0
2024-06-28 18:19:59,614 [INFO] ThirdParty:1030 - CMSIS Pack Vendor :STMicroelectronics USB_HOST 1.0.0
2024-06-28 18:19:59,614 [INFO] ThirdParty:1030 - CMSIS Pack Vendor :STMicroelectronics X-CUBE-AI 9.0.0
2024-06-28 18:19:59,614 [INFO] ThirdParty:1030 - CMSIS Pack Vendor :STMicroelectronics X-CUBE-AZRTOS-G4 2.0.0
2024-06-28 18:19:59,614 [INFO] ThirdParty:1030 - CMSIS Pack Vendor :STMicroelectronics PDM2PCM 3.1.0
2024-06-28 18:19:59,614 [INFO] ThirdParty:1030 - CMSIS Pack Vendor :STMicroelectronics PDM2PCM 3.3.0
2024-06-28 18:19:59,615 [INFO] ThirdParty:1030 - CMSIS Pack Vendor :STMicroelectronics X-CUBE-DISPLAY 3.0.0
2024-06-28 18:19:59,615 [INFO] ThirdParty:1030 - CMSIS Pack Vendor :wolfSSL I-CUBE-wolfSSL 5.7.0
2024-06-28 18:19:59,615 [INFO] ThirdParty:1030 - CMSIS Pack Vendor :STMicroelectronics X-CUBE-BLE1 7.0.0
2024-06-28 18:19:59,615 [INFO] ThirdParty:1030 - CMSIS Pack Vendor :STMicroelectronics FP-ATR-SIGFOX1 3.2.0
2024-06-28 18:19:59,615 [INFO] ThirdParty:1030 - CMSIS Pack Vendor :STMicroelectronics X-CUBE-ISPU 2.0.0
2024-06-28 18:19:59,615 [INFO] ThirdParty:1030 - CMSIS Pack Vendor :STMicroelectronics X-CUBE-EEPRMA1 5.1.0
2024-06-28 18:19:59,615 [INFO] ThirdParty:1030 - CMSIS Pack Vendor :STMicroelectronics HAL Drivers 0.0.0
2024-06-28 18:19:59,615 [INFO] ThirdParty:1030 - CMSIS Pack Vendor :STMicroelectronics MBEDTLS 2.16.2
2024-06-28 18:19:59,615 [INFO] ThirdParty:1030 - CMSIS Pack Vendor :STMicroelectronics X-CUBE-ALS 1.0.2
2024-06-28 18:19:59,615 [INFO] ThirdParty:1030 - CMSIS Pack Vendor :emotas I-CUBE-CANOPEN 1.3.0
2024-06-28 18:19:59,615 [INFO] ThirdParty:1030 - CMSIS Pack Vendor :STMicroelectronics X-CUBE-MEMS1 10.0.0
2024-06-28 18:19:59,615 [INFO] ThirdParty:1030 - CMSIS Pack Vendor :STMicroelectronics X-CUBE-FREERTOS 1.1.0
2024-06-28 18:19:59,615 [INFO] ThirdParty:1030 - CMSIS Pack Vendor :STMicroelectronics X-CUBE-NFC7 1.0.1
2024-06-28 18:19:59,615 [INFO] ThirdParty:1030 - CMSIS Pack Vendor :STMicroelectronics MBEDTLS 2.14.1
2024-06-28 18:19:59,615 [INFO] ThirdParty:1030 - CMSIS Pack Vendor :STMicroelectronics X-CUBE-TOUCHGFX 4.24.0
2024-06-28 18:19:59,615 [INFO] ThirdParty:1030 - CMSIS Pack Vendor :ITTIA_DB I-CUBE-ITTIADB 8.9.0
2024-06-28 18:19:59,615 [INFO] ThirdParty:1030 - CMSIS Pack Vendor :portGmbH I-Cube-SoM-uGOAL 1.1.0
2024-06-28 18:19:59,615 [INFO] ThirdParty:1030 - CMSIS Pack Vendor :STMicroelectronics X-CUBE-ALS 1.0.1
2024-06-28 18:19:59,615 [INFO] ThirdParty:1030 - CMSIS Pack Vendor :STMicroelectronics X-CUBE-BLEMGR 3.1.0
2024-06-28 18:19:59,615 [INFO] ThirdParty:1030 - CMSIS Pack Vendor :STMicroelectronics ThreadX 1.0.0
2024-06-28 18:19:59,615 [INFO] ThirdParty:1030 - CMSIS Pack Vendor :STMicroelectronics FP-SNS-SMARTAG2 1.2.0
2024-06-28 18:19:59,616 [INFO] ThirdParty:1030 - CMSIS Pack Vendor :STMicroelectronics X-CUBE-AZRTOS-WL 2.0.0
2024-06-28 18:19:59,616 [INFO] ThirdParty:1030 - CMSIS Pack Vendor :SEGGER I-CUBE-embOS 1.3.1
2024-06-28 18:19:59,616 [INFO] ThirdParty:1030 - CMSIS Pack Vendor :STMicroelectronics X-CUBE-ALGOBUILD 1.4.0
2024-06-28 18:19:59,616 [INFO] ThirdParty:1030 - CMSIS Pack Vendor :STMicroelectronics FP-SNS-MOTENV1 5.0.0
2024-06-28 18:19:59,616 [INFO] ThirdParty:1030 - CMSIS Pack Vendor :STMicroelectronics USB_DEVICE 1.0.0
2024-06-28 18:19:59,616 [INFO] ThirdParty:1030 - CMSIS Pack Vendor :STMicroelectronics X-CUBE-AZRTOS-H7RS 1.0.0
2024-06-28 18:19:59,616 [INFO] ThirdParty:1030 - CMSIS Pack Vendor :wolfSSL I-CUBE-wolfMQTT 1.19.0
2024-06-28 18:19:59,616 [INFO] ThirdParty:1030 - CMSIS Pack Vendor :STMicroelectronics X-CUBE-AZRTOS-L4 2.0.0
2024-06-28 18:19:59,616 [INFO] ThirdParty:1030 - CMSIS Pack Vendor :STMicroelectronics ThreadX 0.0.2
2024-06-28 18:19:59,616 [INFO] ThirdParty:1030 - CMSIS Pack Vendor :WES I-CUBE-Cesium 1.3.0
2024-06-28 18:19:59,616 [INFO] ThirdParty:1030 - CMSIS Pack Vendor :STMicroelectronics FP-ATR-ASTRA1 2.0.0
2024-06-28 18:19:59,616 [INFO] ThirdParty:1030 - CMSIS Pack Vendor :STMicroelectronics lwIP 2.1.2
2024-06-28 18:19:59,616 [INFO] ThirdParty:1030 - CMSIS Pack Vendor :STMicroelectronics X-CUBE-SFXS2LP1 4.0.0
2024-06-28 18:19:59,616 [INFO] ThirdParty:1030 - CMSIS Pack Vendor :STMicroelectronics X-CUBE-BLE2 3.3.0
2024-06-28 18:19:59,616 [INFO] ThirdParty:1030 - CMSIS Pack Vendor :STMicroelectronics X-CUBE-TOF1 3.4.1
2024-06-28 18:19:59,616 [INFO] ThirdParty:1030 - CMSIS Pack Vendor :STMicroelectronics X-CUBE-AZRTOS-H7 3.2.0
2024-06-28 18:19:59,616 [INFO] ThirdParty:1030 - CMSIS Pack Vendor :Infineon AIROC-Wi-Fi-Bluetooth-STM32 1.6.0
2024-06-28 18:19:59,616 [INFO] ThirdParty:1030 - CMSIS Pack Vendor :STMicroelectronics PDM2PCM 3.2.0
2024-06-28 18:19:59,617 [INFO] ThirdParty:841 - exiting critical section [change project]
2024-06-28 18:19:59,858 [INFO] PinOutPanel:1561 - setPackage(No Configuration,No Configuration)
2024-06-28 18:19:59,859 [INFO] PinOutPanel:1561 - setPackage(STM32F401CDUx,UFQFPN48)
2024-06-28 18:20:00,101 [INFO] UtilMem:75 - Before build in PCC Used Memory: 437920352 Bytes (1042284544)
2024-06-28 18:20:00,421 [INFO] UtilMem:75 - After build in PCC Used Memory: 482486880 Bytes (1042284544)
2024-06-28 18:20:00,466 [INFO] IPUIPlugin:80 - create IPUIPlugin
2024-06-28 18:20:00,466 [INFO] IPUIPlugin:80 - create IPUIPlugin
2024-06-28 18:20:00,466 [INFO] IPUIPlugin:80 - create IPUIPlugin
2024-06-28 18:20:00,467 [INFO] IPUIPlugin:80 - create IPUIPlugin
2024-06-28 18:20:00,467 [INFO] IPUIPlugin:80 - create IPUIPlugin
2024-06-28 18:20:00,468 [INFO] IPUIPlugin:80 - create IPUIPlugin
2024-06-28 18:20:00,468 [INFO] IPUIPlugin:80 - create IPUIPlugin
2024-06-28 18:20:00,468 [INFO] IPUIPlugin:80 - create IPUIPlugin
2024-06-28 18:20:00,468 [INFO] IPUIPlugin:80 - create IPUIPlugin
2024-06-28 18:20:00,468 [INFO] IPUIPlugin:80 - create IPUIPlugin
2024-06-28 18:20:00,469 [INFO] IPUIPlugin:80 - create IPUIPlugin
2024-06-28 18:20:00,469 [INFO] IPUIPlugin:80 - create IPUIPlugin
2024-06-28 18:20:00,469 [INFO] IPUIPlugin:80 - create IPUIPlugin
2024-06-28 18:20:00,470 [INFO] IPUIPlugin:80 - create IPUIPlugin
2024-06-28 18:20:00,470 [INFO] IPUIPlugin:80 - create IPUIPlugin
2024-06-28 18:20:00,471 [INFO] IPUIPlugin:80 - create IPUIPlugin
2024-06-28 18:20:00,471 [INFO] IPUIPlugin:80 - create IPUIPlugin
2024-06-28 18:20:00,472 [INFO] IPUIPlugin:80 - create IPUIPlugin
2024-06-28 18:20:00,473 [INFO] IPUIPlugin:80 - create IPUIPlugin
2024-06-28 18:20:00,473 [INFO] IPUIPlugin:80 - create IPUIPlugin
2024-06-28 18:20:00,474 [INFO] IPUIPlugin:80 - create IPUIPlugin
2024-06-28 18:20:00,474 [INFO] IPUIPlugin:80 - create IPUIPlugin
2024-06-28 18:20:00,474 [INFO] IPUIPlugin:80 - create IPUIPlugin
2024-06-28 18:20:00,475 [INFO] IPUIPlugin:80 - create IPUIPlugin
2024-06-28 18:20:00,475 [INFO] IPUIPlugin:80 - create IPUIPlugin
2024-06-28 18:20:00,475 [INFO] IPUIPlugin:80 - create IPUIPlugin
2024-06-28 18:20:00,475 [INFO] IPUIPlugin:80 - create IPUIPlugin
2024-06-28 18:20:00,476 [INFO] IPUIPlugin:80 - create IPUIPlugin
2024-06-28 18:20:00,476 [INFO] IPUIPlugin:80 - create IPUIPlugin
2024-06-28 18:20:00,476 [INFO] IPUIPlugin:80 - create IPUIPlugin
2024-06-28 18:20:00,476 [INFO] IPUIPlugin:80 - create IPUIPlugin
2024-06-28 18:20:00,477 [INFO] IPUIPlugin:80 - create IPUIPlugin
2024-06-28 18:20:00,477 [INFO] IPUIPlugin:80 - create IPUIPlugin
2024-06-28 18:20:00,477 [INFO] IPUIPlugin:80 - create IPUIPlugin
2024-06-28 18:20:00,478 [INFO] IPUIPlugin:80 - create IPUIPlugin
2024-06-28 18:20:00,478 [INFO] IPUIPlugin:80 - create IPUIPlugin
2024-06-28 18:20:00,478 [INFO] IPUIPlugin:80 - create IPUIPlugin
2024-06-28 18:20:00,506 [INFO] ApiDbMcu:508 - Load IP Config File for PDM2PCM
2024-06-28 18:20:00,535 [INFO] CADModel:165 - CPN selected for project levelSTM32F401CDU6
2024-06-28 18:20:00,536 [INFO] CADModel:114 - Register for checkConnection events
2024-06-28 18:20:00,588 [INFO] OpenFileManager:343 - Restore cursor
2024-06-28 18:20:01,120 [INFO] UtilMem:75 - End SaveConfig() Used Memory: 550117984 Bytes (1042284544)
2024-06-28 18:20:01,192 [INFO] UtilMem:75 - End SaveConfig() Used Memory: 565846624 Bytes (1042284544)
2024-06-28 18:20:01,325 [INFO] BlockDiagram:2759 - set Specific Code input for plugin: NVIC
2024-06-28 18:20:01,325 [INFO] BlockDiagram:2759 - set Specific Code input for plugin: RCC
2024-06-28 18:20:01,327 [INFO] CodeGenerator:807 - code generatio: config db path: C:\ST\STM32CubeIDE_1.15.0\STM32CubeIDE\plugins\com.st.stm32cube.common.mx_6.11.1.202404110753\\db\
2024-06-28 18:20:01,430 [INFO] CodeEngine:255 - oldGeneratedFile, C:\Work\Stm32\f401_empty\MXTmpFiles\license.tmp_save
2024-06-28 18:20:01,584 [INFO] CodeEngine:279 - Generated code: C:\Work\Stm32\f401_empty\MXTmpFiles\license.tmp
2024-06-28 18:20:01,607 [INFO] CodeEngine:255 - oldGeneratedFile, C:\Work\Stm32\f401_empty\Core\Src\stm32f4xx_it.c_save
2024-06-28 18:20:01,956 [INFO] CodeEngine:279 - Generated code: C:\Work\Stm32\f401_empty\Core\Src\stm32f4xx_it.c
2024-06-28 18:20:01,965 [INFO] CodeEngine:255 - oldGeneratedFile, C:\Work\Stm32\f401_empty\Core\Inc\stm32f4xx_it.h_save
2024-06-28 18:20:02,091 [INFO] CodeEngine:279 - Generated code: C:\Work\Stm32\f401_empty\Core\Inc\stm32f4xx_it.h
2024-06-28 18:20:02,162 [INFO] CodeEngine:255 - oldGeneratedFile, C:\Work\Stm32\f401_empty\Core\Src\stm32f4xx_hal_msp.c_save
2024-06-28 18:20:02,417 [INFO] CodeEngine:279 - Generated code: C:\Work\Stm32\f401_empty\Core\Src\stm32f4xx_hal_msp.c
2024-06-28 18:20:02,427 [INFO] CodeEngine:255 - oldGeneratedFile, C:\Work\Stm32\f401_empty\MXTmpFiles\system.tmp_save
2024-06-28 18:20:02,560 [INFO] CodeEngine:279 - Generated code: C:\Work\Stm32\f401_empty\MXTmpFiles\system.tmp
2024-06-28 18:20:02,576 [INFO] CodeEngine:311 - oldGeneratedFile, C:\Work\Stm32\f401_empty\Core\Inc\stm32f4xx_hal_conf.h_save
2024-06-28 18:20:02,776 [INFO] CodeEngine:335 - Generated code: C:\Work\Stm32\f401_empty\Core\Inc\stm32f4xx_hal_conf.h
2024-06-28 18:20:02,851 [INFO] CodeEngine:255 - oldGeneratedFile, C:\Work\Stm32\f401_empty\Core\Inc\main.h_save
2024-06-28 18:20:03,035 [INFO] CodeEngine:279 - Generated code: C:\Work\Stm32\f401_empty\Core\Inc\main.h
2024-06-28 18:20:03,045 [INFO] CodeEngine:255 - oldGeneratedFile, C:\Work\Stm32\f401_empty\Core\Src\main.c_save
2024-06-28 18:20:03,263 [INFO] CodeEngine:279 - Generated code: C:\Work\Stm32\f401_empty\Core\Src\main.c
2024-06-28 18:20:03,974 [INFO] ProjectBuilder:3163 - Time for Copy HAL[1] : 324mS.
2024-06-28 18:20:03,982 [INFO] ProjectBuilder:4736 - Project Generator version: 4.3.0-B58
2024-06-28 18:20:04,126 [INFO] ConfigFileManager:1503 - The Die is : DIE433
2024-06-28 18:20:04,146 [INFO] ApiDbMcu:508 - Load IP Config File for FATFS
2024-06-28 18:20:04,212 [INFO] ApiDbMcu:508 - Load IP Config File for FREERTOS
2024-06-28 18:20:04,226 [INFO] ApiDbMcu:508 - Load IP Config File for LIBJPEG
2024-06-28 18:20:04,249 [INFO] ApiDbMcu:508 - Load IP Config File for MBEDTLS
2024-06-28 18:20:04,273 [INFO] ApiDbMcu:508 - Load IP Config File for USB_DEVICE
2024-06-28 18:20:04,290 [INFO] ApiDbMcu:508 - Load IP Config File for USB_HOST
2024-06-28 18:20:06,791 [INFO] ProjectBuilder:5002 - Time for Generating toolchain IDE Files: 2809mS.
2024-06-28 18:20:06,792 [INFO] ProjectBuilder:3034 - Time for Copy CMSIS : 1mS.
2024-06-28 18:20:06,797 [INFO] ProjectBuilder:3034 - Time for Copy CMSIS : 0mS.
2024-06-28 18:20:07,520 [INFO] McuFinderGlobals:76 - Set McuFinderConnectedMode to true
2024-06-28 18:20:07,523 [INFO] ApiDb:448 - Save user favorites file C:\Users\Yaroslav Ludchak/.stm32cubeide/favorites.mcus.txt: 0 item(s)
2024-06-28 18:20:07,523 [INFO] ApiDb:452 - User favorites MCUs=[]
2024-06-28 18:20:17,217 [INFO] Gpio:277 - dependency for GPIO [RCC]
2024-06-28 18:20:20,272 [INFO] Gpio:277 - dependency for GPIO [RCC]
2024-06-28 18:22:32,110 [INFO] Gpio:277 - dependency for GPIO [RCC, SPI1, SYS]
2024-06-28 18:22:54,752 [INFO] Gpio:277 - dependency for GPIO [RCC, SPI1, SYS]
2024-06-28 18:23:16,033 [INFO] Gpio:277 - dependency for GPIO [RCC, SPI1, SYS]
2024-06-28 18:23:20,718 [INFO] Gpio:277 - dependency for GPIO [RCC, SPI1, SYS]
2024-06-28 18:23:31,735 [INFO] Gpio:277 - dependency for GPIO [RCC, SPI1, SYS]
2024-06-28 18:23:45,537 [INFO] UtilMem:75 - End SaveConfig() Used Memory: 948826280 Bytes (1017118720)
2024-06-28 18:23:46,292 [INFO] UtilMem:75 - End SaveConfig() Used Memory: 978712744 Bytes (1017118720)
2024-06-28 18:23:47,255 [INFO] UtilMem:75 - End SaveConfig() Used Memory: 311772600 Bytes (1020264448)
2024-06-28 18:23:47,414 [INFO] BlockDiagram:2759 - set Specific Code input for plugin: SPI
2024-06-28 18:23:47,414 [INFO] BlockDiagram:2759 - set Specific Code input for plugin: NVIC
2024-06-28 18:23:47,414 [INFO] BlockDiagram:2759 - set Specific Code input for plugin: SYS
2024-06-28 18:23:47,414 [INFO] BlockDiagram:2759 - set Specific Code input for plugin: GPIO
2024-06-28 18:23:47,414 [INFO] BlockDiagram:2759 - set Specific Code input for plugin: RCC
2024-06-28 18:23:47,415 [INFO] CodeGenerator:807 - code generatio: config db path: C:\ST\STM32CubeIDE_1.15.0\STM32CubeIDE\plugins\com.st.stm32cube.common.mx_6.11.1.202404110753\\db\
2024-06-28 18:23:47,545 [INFO] CodeEngine:255 - oldGeneratedFile, C:\Work\Stm32\f401_empty\MXTmpFiles\license.tmp_save
2024-06-28 18:23:47,704 [INFO] CodeEngine:279 - Generated code: C:\Work\Stm32\f401_empty\MXTmpFiles\license.tmp
2024-06-28 18:23:47,735 [INFO] CodeEngine:255 - oldGeneratedFile, C:\Work\Stm32\f401_empty\MXTmpFiles\gpio.tmp_save
2024-06-28 18:23:47,861 [INFO] CodeEngine:279 - Generated code: C:\Work\Stm32\f401_empty\MXTmpFiles\gpio.tmp
2024-06-28 18:23:47,921 [INFO] CodeEngine:255 - oldGeneratedFile, C:\Work\Stm32\f401_empty\Core\Src\stm32f4xx_it.c_save
2024-06-28 18:23:48,043 [INFO] CodeEngine:279 - Generated code: C:\Work\Stm32\f401_empty\Core\Src\stm32f4xx_it.c
2024-06-28 18:23:48,051 [INFO] CodeEngine:255 - oldGeneratedFile, C:\Work\Stm32\f401_empty\Core\Inc\stm32f4xx_it.h_save
2024-06-28 18:23:48,132 [INFO] CodeEngine:279 - Generated code: C:\Work\Stm32\f401_empty\Core\Inc\stm32f4xx_it.h
2024-06-28 18:23:48,161 [INFO] CodeEngine:255 - oldGeneratedFile, C:\Work\Stm32\f401_empty\Core\Src\stm32f4xx_hal_msp.c_save
2024-06-28 18:23:48,286 [INFO] CodeEngine:279 - Generated code: C:\Work\Stm32\f401_empty\Core\Src\stm32f4xx_hal_msp.c
2024-06-28 18:23:48,292 [INFO] CodeEngine:255 - oldGeneratedFile, C:\Work\Stm32\f401_empty\MXTmpFiles\system.tmp_save
2024-06-28 18:23:48,358 [INFO] CodeEngine:279 - Generated code: C:\Work\Stm32\f401_empty\MXTmpFiles\system.tmp
2024-06-28 18:23:48,390 [INFO] CodeEngine:311 - oldGeneratedFile, C:\Work\Stm32\f401_empty\Core\Inc\stm32f4xx_hal_conf.h_save
2024-06-28 18:23:48,622 [INFO] CodeEngine:335 - Generated code: C:\Work\Stm32\f401_empty\Core\Inc\stm32f4xx_hal_conf.h
2024-06-28 18:23:48,735 [INFO] CodeEngine:255 - oldGeneratedFile, C:\Work\Stm32\f401_empty\Core\Inc\main.h_save
2024-06-28 18:23:48,909 [INFO] CodeEngine:279 - Generated code: C:\Work\Stm32\f401_empty\Core\Inc\main.h
2024-06-28 18:23:48,939 [INFO] CodeEngine:255 - oldGeneratedFile, C:\Work\Stm32\f401_empty\Core\Src\main.c_save
2024-06-28 18:23:49,222 [INFO] CodeEngine:279 - Generated code: C:\Work\Stm32\f401_empty\Core\Src\main.c
2024-06-28 18:23:49,807 [INFO] ProjectBuilder:3163 - Time for Copy HAL[1] : 312mS.
2024-06-28 18:23:49,815 [INFO] ProjectBuilder:4736 - Project Generator version: 4.3.0-B58
2024-06-28 18:23:49,930 [INFO] ConfigFileManager:1503 - The Die is : DIE433
2024-06-28 18:23:50,772 [INFO] ProjectBuilder:5002 - Time for Generating toolchain IDE Files: 958mS.
2024-06-28 18:23:50,773 [INFO] ProjectBuilder:3034 - Time for Copy CMSIS : 1mS.
2024-06-28 18:23:50,777 [INFO] ProjectBuilder:3034 - Time for Copy CMSIS : 0mS.
