2024-07-04 20:47:59,622 [WARN] IP:2120 - I2C_Coeff_DF not found: check if there is a RefParameter without a condition.
2024-07-04 20:47:59,639 [WARN] IP:2120 - Analog_Filter not found: check if there is a RefParameter without a condition.
2024-07-04 20:47:59,640 [WARN] IP:2120 - I2C_Coeff_DF not found: check if there is a RefParameter without a condition.
2024-07-04 20:47:59,640 [WARN] IP:2120 - Analog_Filter not found: check if there is a RefParameter without a condition.
2024-07-04 20:47:59,706 [WARN] IP:2120 - I2C_Coeff_DF not found: check if there is a RefParameter without a condition.
2024-07-04 20:47:59,706 [WARN] IP:2120 - Analog_Filter not found: check if there is a RefParameter without a condition.
2024-07-04 20:47:59,714 [WARN] IP:2120 - I2C_Coeff_DF not found: check if there is a RefParameter without a condition.
2024-07-04 20:47:59,714 [WARN] IP:2120 - Analog_Filter not found: check if there is a RefParameter without a condition.
2024-07-04 20:48:03,193 [WARN] IP:2120 - I2C_Coeff_DF not found: check if there is a RefParameter without a condition.
2024-07-04 20:48:03,193 [WARN] IP:2120 - Analog_Filter not found: check if there is a RefParameter without a condition.
2024-07-04 20:48:03,193 [WARN] IP:2120 - I2C_Coeff_DF not found: check if there is a RefParameter without a condition.
2024-07-04 20:48:03,193 [WARN] IP:2120 - Analog_Filter not found: check if there is a RefParameter without a condition.
2024-07-04 20:48:03,219 [INFO] NvicIntPanel:101 - NVIC parent = com.st.microxplorer.plugins.ip.nvic.MultiNvicIntPanel[,0,0,0x0,invalid,layout=javax.swing.BoxLayout,alignmentX=0.0,alignmentY=0.0,border=,flags=9,maximumSize=,minimumSize=,preferredSize=]
2024-07-04 20:48:03,243 [WARN] IP:2120 - I2C_Coeff_DF not found: check if there is a RefParameter without a condition.
2024-07-04 20:48:03,243 [WARN] IP:2120 - Analog_Filter not found: check if there is a RefParameter without a condition.
2024-07-04 20:48:03,249 [WARN] IP:2120 - I2C_Coeff_DF not found: check if there is a RefParameter without a condition.
2024-07-04 20:48:03,249 [WARN] IP:2120 - Analog_Filter not found: check if there is a RefParameter without a condition.
2024-07-04 20:53:32,943 [INFO] UtilMem:75 - End SaveConfig() Used Memory: 712305864 Bytes (979369984)
2024-07-04 20:53:36,208 [INFO] UtilMem:75 - End SaveConfig() Used Memory: 736189400 Bytes (979369984)
2024-07-04 20:53:36,476 [INFO] UtilMem:75 - End SaveConfig() Used Memory: 761588936 Bytes (979369984)
2024-07-04 20:53:36,600 [INFO] BlockDiagram:2759 - set Specific Code input for plugin: SPI
2024-07-04 20:53:36,601 [INFO] BlockDiagram:2759 - set Specific Code input for plugin: NVIC
2024-07-04 20:53:36,601 [INFO] BlockDiagram:2759 - set Specific Code input for plugin: SYS
2024-07-04 20:53:36,601 [INFO] BlockDiagram:2759 - set Specific Code input for plugin: GPIO
2024-07-04 20:53:36,601 [INFO] BlockDiagram:2759 - set Specific Code input for plugin: RCC
2024-07-04 20:53:36,601 [INFO] BlockDiagram:2759 - set Specific Code input for plugin: I2C
2024-07-04 20:53:36,602 [INFO] CodeGenerator:807 - code generatio: config db path: C:\ST\STM32CubeIDE_1.15.0\STM32CubeIDE\plugins\com.st.stm32cube.common.mx_6.11.1.202404110753\\db\
2024-07-04 20:53:36,604 [WARN] IP:2120 - I2C_Coeff_DF not found: check if there is a RefParameter without a condition.
2024-07-04 20:53:36,604 [WARN] IP:2120 - Analog_Filter not found: check if there is a RefParameter without a condition.
2024-07-04 20:53:36,747 [INFO] CodeEngine:255 - oldGeneratedFile, C:\Work\Stm32\test_spi_f401\MXTmpFiles\license.tmp_save
2024-07-04 20:53:36,859 [INFO] CodeEngine:279 - Generated code: C:\Work\Stm32\test_spi_f401\MXTmpFiles\license.tmp
2024-07-04 20:53:36,903 [INFO] CodeEngine:255 - oldGeneratedFile, C:\Work\Stm32\test_spi_f401\MXTmpFiles\gpio.tmp_save
2024-07-04 20:53:37,036 [INFO] CodeEngine:279 - Generated code: C:\Work\Stm32\test_spi_f401\MXTmpFiles\gpio.tmp
2024-07-04 20:53:37,201 [INFO] CodeEngine:255 - oldGeneratedFile, C:\Work\Stm32\test_spi_f401\Core\Src\stm32f4xx_it.c_save
2024-07-04 20:53:37,398 [INFO] CodeEngine:279 - Generated code: C:\Work\Stm32\test_spi_f401\Core\Src\stm32f4xx_it.c
2024-07-04 20:53:37,429 [INFO] CodeEngine:255 - oldGeneratedFile, C:\Work\Stm32\test_spi_f401\Core\Inc\stm32f4xx_it.h_save
2024-07-04 20:53:37,538 [INFO] CodeEngine:279 - Generated code: C:\Work\Stm32\test_spi_f401\Core\Inc\stm32f4xx_it.h
2024-07-04 20:53:37,580 [INFO] CodeEngine:255 - oldGeneratedFile, C:\Work\Stm32\test_spi_f401\Core\Src\stm32f4xx_hal_msp.c_save
2024-07-04 20:53:37,715 [INFO] CodeEngine:279 - Generated code: C:\Work\Stm32\test_spi_f401\Core\Src\stm32f4xx_hal_msp.c
2024-07-04 20:53:37,731 [INFO] CodeEngine:255 - oldGeneratedFile, C:\Work\Stm32\test_spi_f401\MXTmpFiles\system.tmp_save
2024-07-04 20:53:37,819 [INFO] CodeEngine:279 - Generated code: C:\Work\Stm32\test_spi_f401\MXTmpFiles\system.tmp
2024-07-04 20:53:37,856 [INFO] CodeEngine:311 - oldGeneratedFile, C:\Work\Stm32\test_spi_f401\Core\Inc\stm32f4xx_hal_conf.h_save
2024-07-04 20:53:37,974 [INFO] CodeEngine:335 - Generated code: C:\Work\Stm32\test_spi_f401\Core\Inc\stm32f4xx_hal_conf.h
2024-07-04 20:53:38,045 [INFO] CodeEngine:255 - oldGeneratedFile, C:\Work\Stm32\test_spi_f401\Core\Inc\main.h_save
2024-07-04 20:53:38,162 [INFO] CodeEngine:279 - Generated code: C:\Work\Stm32\test_spi_f401\Core\Inc\main.h
2024-07-04 20:53:38,193 [INFO] CodeEngine:255 - oldGeneratedFile, C:\Work\Stm32\test_spi_f401\Core\Src\main.c_save
2024-07-04 20:53:38,348 [INFO] CodeEngine:279 - Generated code: C:\Work\Stm32\test_spi_f401\Core\Src\main.c
2024-07-04 20:53:38,979 [INFO] ProjectBuilder:3163 - Time for Copy HAL[1] : 391mS.
2024-07-04 20:53:38,983 [INFO] ProjectBuilder:4736 - Project Generator version: 4.3.0-B58
2024-07-04 20:53:39,088 [INFO] ConfigFileManager:1503 - The Die is : DIE433
2024-07-04 20:53:40,082 [INFO] ProjectBuilder:5002 - Time for Generating toolchain IDE Files: 1099mS.
2024-07-04 20:53:40,084 [INFO] ProjectBuilder:3034 - Time for Copy CMSIS : 0mS.
2024-07-04 20:53:40,088 [INFO] ProjectBuilder:3034 - Time for Copy CMSIS : 0mS.
