2024-04-25 18:56:04,073 [INFO] Activator:176 - 


2024-04-25 18:56:04,088 [INFO] Activator:177 - !SESSION log4j initialized
2024-04-25 18:56:15,247 [INFO] LogOutputStream:77 - [STDOUT_REDIRECT] 
2024-04-25 18:56:18,696 [INFO] ApplicationProperties:184 - Using Application install path: C:\ST\STM32CubeIDE_1.15.0\STM32CubeIDE\plugins\com.st.stm32cube.common.mx_6.11.0.202403141607
2024-04-25 18:56:18,727 [INFO] DbMcusXml:78 - Set database path to: C:\ST\STM32CubeIDE_1.15.0\STM32CubeIDE\plugins\com.st.stm32cube.common.mx_6.11.0.202403141607\\db\/mcu/
2024-04-25 18:56:18,728 [INFO] ApiDb:274 - Set plugin database path to: C:\ST\STM32CubeIDE_1.15.0\STM32CubeIDE\plugins\com.st.stm32cube.common.mx_6.11.0.202403141607\\db\/plugins/boardmanager/
2024-04-25 18:56:18,729 [WARN] ApiDb:259 - Overriding images path with different value:  => C:\ST\STM32CubeIDE_1.15.0\STM32CubeIDE\plugins\com.st.stm32cube.common.mx_6.11.0.202403141607\\db\/plugins/mcufinder/images/
2024-04-25 18:56:18,745 [INFO] ApiDb:250 - Set database path to: C:\Users\Yaroslav Ludchak\.stmcufinder\plugins\mcufinder//mcu/
2024-04-25 18:56:18,747 [INFO] DbMcusAds:125 - Set database path to: C:\Users\Yaroslav Ludchak\.stmcufinder\plugins\mcufinder//mcu/
2024-04-25 18:56:18,750 [INFO] CrossReferenceDbSqlite:203 - Set database path to: C:\Users\Yaroslav Ludchak\.stmcufinder\plugins\mcufinder//mcu/cs/
2024-04-25 18:56:19,036 [INFO] RulesReader:64 - Compatibility file has been processed (297 Rules)
2024-04-25 18:56:19,244 [INFO] DbMcusXml:78 - Set database path to: C:\ST\STM32CubeIDE_1.15.0\STM32CubeIDE\plugins\com.st.stm32cube.common.mx_6.11.0.202403141607\\db\/mcu/
2024-04-25 18:56:19,245 [INFO] ApiDb:274 - Set plugin database path to: C:\ST\STM32CubeIDE_1.15.0\STM32CubeIDE\plugins\com.st.stm32cube.common.mx_6.11.0.202403141607\\db\/plugins/boardmanager/
2024-04-25 18:56:19,245 [INFO] ApiDb:261 - Set plugin images path to: C:\ST\STM32CubeIDE_1.15.0\STM32CubeIDE\plugins\com.st.stm32cube.common.mx_6.11.0.202403141607\\db\/plugins/mcufinder/images/
2024-04-25 18:56:19,246 [WARN] DbFile:41 - Overriding database path with different value: C:\Users\Yaroslav Ludchak\.stmcufinder\plugins\mcufinder/ => C:\Users\Yaroslav Ludchak\.stmcufinder\plugins\mcufinder
2024-04-25 18:56:19,246 [INFO] ApiDb:250 - Set database path to: C:\Users\Yaroslav Ludchak\.stmcufinder\plugins\mcufinder//mcu/
2024-04-25 18:56:19,246 [WARN] DbFile:41 - Overriding database path with different value: C:\Users\Yaroslav Ludchak\.stmcufinder\plugins\mcufinder/ => C:\Users\Yaroslav Ludchak\.stmcufinder\plugins\mcufinder
2024-04-25 18:56:19,247 [INFO] DbMcusAds:125 - Set database path to: C:\Users\Yaroslav Ludchak\.stmcufinder\plugins\mcufinder//mcu/
2024-04-25 18:56:19,247 [WARN] DbFile:41 - Overriding database path with different value: C:\Users\Yaroslav Ludchak\.stmcufinder\plugins\mcufinder/ => C:\Users\Yaroslav Ludchak\.stmcufinder\plugins\mcufinder
2024-04-25 18:56:19,247 [WARN] DbFile:41 - Overriding database path with different value: C:\Users\Yaroslav Ludchak\.stmcufinder\plugins\mcufinder/ => C:\Users\Yaroslav Ludchak\.stmcufinder\plugins\mcufinder
2024-04-25 18:56:19,247 [INFO] CrossReferenceDbSqlite:203 - Set database path to: C:\Users\Yaroslav Ludchak\.stmcufinder\plugins\mcufinder//mcu/cs/
2024-04-25 18:56:19,404 [INFO] MainPanel:264 - HeapMemory: 268435456
2024-04-25 18:56:19,566 [INFO] DbMcusXml:78 - Set database path to: C:\ST\STM32CubeIDE_1.15.0\STM32CubeIDE\plugins\com.st.stm32cube.common.mx_6.11.0.202403141607\\db\/mcu/
2024-04-25 18:56:19,566 [INFO] ApiDb:274 - Set plugin database path to: C:\ST\STM32CubeIDE_1.15.0\STM32CubeIDE\plugins\com.st.stm32cube.common.mx_6.11.0.202403141607\\db\/plugins/boardmanager/
2024-04-25 18:56:19,566 [INFO] ApiDb:261 - Set plugin images path to: C:\ST\STM32CubeIDE_1.15.0\STM32CubeIDE\plugins\com.st.stm32cube.common.mx_6.11.0.202403141607\\db\/plugins/mcufinder/images/
2024-04-25 18:56:19,567 [WARN] DbFile:41 - Overriding database path with different value: C:\Users\Yaroslav Ludchak\.stmcufinder\plugins\mcufinder/ => C:\Users\Yaroslav Ludchak\.stmcufinder\plugins\mcufinder
2024-04-25 18:56:19,567 [INFO] ApiDb:250 - Set database path to: C:\Users\Yaroslav Ludchak\.stmcufinder\plugins\mcufinder//mcu/
2024-04-25 18:56:19,567 [WARN] DbFile:41 - Overriding database path with different value: C:\Users\Yaroslav Ludchak\.stmcufinder\plugins\mcufinder/ => C:\Users\Yaroslav Ludchak\.stmcufinder\plugins\mcufinder
2024-04-25 18:56:19,567 [INFO] DbMcusAds:125 - Set database path to: C:\Users\Yaroslav Ludchak\.stmcufinder\plugins\mcufinder//mcu/
2024-04-25 18:56:19,567 [WARN] DbFile:41 - Overriding database path with different value: C:\Users\Yaroslav Ludchak\.stmcufinder\plugins\mcufinder/ => C:\Users\Yaroslav Ludchak\.stmcufinder\plugins\mcufinder
2024-04-25 18:56:19,568 [WARN] DbFile:41 - Overriding database path with different value: C:\Users\Yaroslav Ludchak\.stmcufinder\plugins\mcufinder/ => C:\Users\Yaroslav Ludchak\.stmcufinder\plugins\mcufinder
2024-04-25 18:56:19,568 [INFO] CrossReferenceDbSqlite:203 - Set database path to: C:\Users\Yaroslav Ludchak\.stmcufinder\plugins\mcufinder//mcu/cs/
2024-04-25 18:56:19,597 [INFO] ApplicationProperties:184 - Using Application install path: C:\ST\STM32CubeIDE_1.15.0\STM32CubeIDE\plugins\com.st.stm32cube.common.mx_6.11.0.202403141607
2024-04-25 18:56:19,600 [INFO] PluginManage:196 - Search for loadable plugins [exclusion list=, ]
2024-04-25 18:56:19,602 [INFO] PluginManage:310 - Check plugin analytics
2024-04-25 18:56:19,954 [INFO] AnalyticsPlugin:253 - Accepted Software Licenses: 
2024-04-25 18:56:19,955 [INFO] AnalyticsPlugin:255 - Accepted CMSIS Pack Licenses: 
2024-04-25 18:56:19,955 [INFO] AnalyticsPlugin:257 - Accepted Firmware Licenses: 
2024-04-25 18:56:19,961 [INFO] PluginManage:359 - Loaded plugin analytics (category:tool,tabindex:-1)
2024-04-25 18:56:19,962 [INFO] PluginManage:310 - Check plugin cadmodel
2024-04-25 18:56:19,992 [INFO] CADModel:105 - Init CAD model plugin
2024-04-25 18:56:19,993 [INFO] PluginManage:359 - Loaded plugin cadmodel (category:power,tabindex:5)
2024-04-25 18:56:19,994 [INFO] PluginManage:310 - Check plugin clock
2024-04-25 18:56:20,035 [INFO] PluginManage:359 - Loaded plugin clock (category:base,tabindex:2)
2024-04-25 18:56:20,035 [INFO] PluginManage:310 - Check plugin ddr
2024-04-25 18:56:20,041 [INFO] PluginManage:359 - Loaded plugin ddr (category:tool,tabindex:6)
2024-04-25 18:56:20,041 [INFO] PluginManage:310 - Check plugin filemanager
2024-04-25 18:56:20,499 [INFO] PluginManage:359 - Loaded plugin filemanager (category:base,tabindex:10)
2024-04-25 18:56:20,499 [INFO] PluginManage:310 - Check plugin ipmanager
2024-04-25 18:56:20,511 [INFO] PluginManage:359 - Loaded plugin ipmanager (category:base,tabindex:5)
2024-04-25 18:56:20,511 [INFO] PluginManage:310 - Check plugin lpbam
2024-04-25 18:56:20,538 [INFO] PluginManage:359 - Loaded plugin lpbam (category:base,tabindex:0)
2024-04-25 18:56:20,538 [INFO] PluginManage:310 - Check plugin memorymap
2024-04-25 18:56:20,576 [INFO] PluginManage:359 - Loaded plugin memorymap (category:base,tabindex:4)
2024-04-25 18:56:20,576 [INFO] PluginManage:310 - Check plugin pinoutandconfiguration
2024-04-25 18:56:20,601 [INFO] PluginManage:359 - Loaded plugin pinoutandconfiguration (category:base,tabindex:1)
2024-04-25 18:56:20,601 [INFO] PluginManage:310 - Check plugin pinoutconfig
2024-04-25 18:56:20,774 [WARN] SupportedApi:132 - Cannot load RTOS API schema: s4s-elt-must-match.1: The content of 'definitions' must match (annotation?, (simpleType | complexType)?, (unique | key | keyref)*)). A problem was found starting at: attribute.
2024-04-25 18:56:21,033 [INFO] PluginManage:359 - Loaded plugin pinoutconfig (category:base,tabindex:0)
2024-04-25 18:56:21,033 [INFO] PluginManage:310 - Check plugin power
2024-04-25 18:56:21,073 [INFO] PluginManage:359 - Loaded plugin power (category:power,tabindex:4)
2024-04-25 18:56:21,073 [INFO] PluginManage:310 - Check plugin projectmanager
2024-04-25 18:56:21,106 [INFO] PluginManage:359 - Loaded plugin projectmanager (category:projectmanager,tabindex:3)
2024-04-25 18:56:21,107 [INFO] PluginManage:310 - Check plugin thirdparty
2024-04-25 18:56:21,667 [INFO] PluginManage:359 - Loaded plugin thirdparty (category:base,tabindex:-1)
2024-04-25 18:56:21,667 [INFO] PluginManage:310 - Check plugin tools
2024-04-25 18:56:21,668 [WARN] IntegrityCheckThread:84 - waiting for thirdparty lock release [integrity check]
2024-04-25 18:56:21,669 [INFO] IntegrityCheckThread:86 - entering critical section [integrity check]
2024-04-25 18:56:21,670 [INFO] ThirdPartyUpdaterWithRetryManager:70 - Updater plugin not ready yet. [1/15]
2024-04-25 18:56:21,744 [INFO] PluginManage:359 - Loaded plugin tools (category:base,tabindex:7)
2024-04-25 18:56:21,744 [INFO] PluginManage:310 - Check plugin tutovideos
2024-04-25 18:56:22,068 [INFO] PluginManage:359 - Loaded plugin tutovideos (category:base,tabindex:-1)
2024-04-25 18:56:22,068 [INFO] PluginManage:310 - Check plugin updater
2024-04-25 18:56:22,086 [INFO] PluginManage:359 - Loaded plugin updater (category:base,tabindex:12)
2024-04-25 18:56:22,087 [INFO] PluginManage:310 - Check plugin userauth
2024-04-25 18:56:22,096 [INFO] UserAuth:114 - Init User Auth plugin
2024-04-25 18:56:22,097 [INFO] PluginManage:359 - Loaded plugin userauth (category:base,tabindex:14)
2024-04-25 18:56:22,098 [INFO] PluginManage:283 - PluginManage : Loaded plugins [17]
2024-04-25 18:56:22,487 [INFO] PinOutPanel:1561 - setPackage(No Configuration,No Configuration)
2024-04-25 18:56:22,644 [INFO] CADModel:165 - CPN selected for project level
2024-04-25 18:56:22,645 [INFO] CADModel:114 - Register for checkConnection events
2024-04-25 18:56:22,694 [INFO] IPUIPlugin:80 - create IPUIPlugin
2024-04-25 18:56:22,695 [INFO] PluginManager:220 - loadIPPluginJar : add adc
2024-04-25 18:56:22,767 [INFO] IPUIPlugin:80 - create IPUIPlugin
2024-04-25 18:56:22,767 [INFO] PluginManager:220 - loadIPPluginJar : add aes
2024-04-25 18:56:22,838 [INFO] IPUIPlugin:80 - create IPUIPlugin
2024-04-25 18:56:22,838 [INFO] PluginManager:220 - loadIPPluginJar : add can
2024-04-25 18:56:22,877 [INFO] IPUIPlugin:80 - create IPUIPlugin
2024-04-25 18:56:22,878 [INFO] PluginManager:220 - loadIPPluginJar : add comp
2024-04-25 18:56:22,932 [INFO] IPUIPlugin:80 - create IPUIPlugin
2024-04-25 18:56:22,932 [INFO] PluginManager:220 - loadIPPluginJar : add cryp
2024-04-25 18:56:22,984 [INFO] IPUIPlugin:80 - create IPUIPlugin
2024-04-25 18:56:22,984 [INFO] PluginManager:220 - loadIPPluginJar : add dfsdm
2024-04-25 18:56:23,009 [INFO] IPUIPlugin:80 - create IPUIPlugin
2024-04-25 18:56:23,010 [INFO] PluginManager:220 - loadIPPluginJar : add dma
2024-04-25 18:56:23,080 [INFO] IPUIPlugin:80 - create IPUIPlugin
2024-04-25 18:56:23,081 [INFO] PluginManager:220 - loadIPPluginJar : add dma3
2024-04-25 18:56:23,162 [INFO] IPUIPlugin:80 - create IPUIPlugin
2024-04-25 18:56:23,163 [INFO] PluginManager:220 - loadIPPluginJar : add extmemmanager
2024-04-25 18:56:23,193 [INFO] IPUIPlugin:80 - create IPUIPlugin
2024-04-25 18:56:23,194 [INFO] PluginManager:220 - loadIPPluginJar : add fatfs
2024-04-25 18:56:23,265 [INFO] IPUIPlugin:80 - create IPUIPlugin
2024-04-25 18:56:23,265 [INFO] PluginManager:220 - loadIPPluginJar : add fmc
2024-04-25 18:56:23,287 [INFO] IPUIPlugin:80 - create IPUIPlugin
2024-04-25 18:56:23,287 [INFO] PluginManager:220 - loadIPPluginJar : add freertos
2024-04-25 18:56:23,322 [INFO] IPUIPlugin:80 - create IPUIPlugin
2024-04-25 18:56:23,322 [INFO] PluginManager:220 - loadIPPluginJar : add genericplugin
2024-04-25 18:56:23,480 [INFO] IPUIPlugin:80 - create IPUIPlugin
2024-04-25 18:56:23,480 [INFO] PluginManager:220 - loadIPPluginJar : add gfxmmu
2024-04-25 18:56:23,679 [INFO] IPUIPlugin:80 - create IPUIPlugin
2024-04-25 18:56:23,679 [INFO] PluginManager:220 - loadIPPluginJar : add gic
2024-04-25 18:56:23,700 [INFO] IPUIPlugin:80 - create IPUIPlugin
2024-04-25 18:56:23,700 [INFO] PluginManager:220 - loadIPPluginJar : add gpio
2024-04-25 18:56:23,838 [INFO] IPUIPlugin:80 - create IPUIPlugin
2024-04-25 18:56:23,839 [INFO] PluginManager:220 - loadIPPluginJar : add gtzc
2024-04-25 18:56:23,892 [INFO] IPUIPlugin:80 - create IPUIPlugin
2024-04-25 18:56:23,893 [INFO] PluginManager:220 - loadIPPluginJar : add hash
2024-04-25 18:56:23,984 [INFO] IPUIPlugin:80 - create IPUIPlugin
2024-04-25 18:56:23,984 [INFO] PluginManager:220 - loadIPPluginJar : add i2c
2024-04-25 18:56:24,052 [INFO] IPUIPlugin:80 - create IPUIPlugin
2024-04-25 18:56:24,052 [INFO] PluginManager:220 - loadIPPluginJar : add i2s
2024-04-25 18:56:24,114 [INFO] IPUIPlugin:80 - create IPUIPlugin
2024-04-25 18:56:24,114 [INFO] PluginManager:220 - loadIPPluginJar : add i3c
2024-04-25 18:56:24,259 [INFO] IPUIPlugin:80 - create IPUIPlugin
2024-04-25 18:56:24,259 [INFO] PluginManager:220 - loadIPPluginJar : add ipddr
2024-04-25 18:56:24,432 [INFO] IPUIPlugin:80 - create IPUIPlugin
2024-04-25 18:56:24,433 [INFO] PluginManager:220 - loadIPPluginJar : add linkedlist
2024-04-25 18:56:24,485 [INFO] IPUIPlugin:80 - create IPUIPlugin
2024-04-25 18:56:24,485 [INFO] PluginManager:220 - loadIPPluginJar : add lorawan
2024-04-25 18:56:24,537 [INFO] IPUIPlugin:80 - create IPUIPlugin
2024-04-25 18:56:24,538 [INFO] PluginManager:220 - loadIPPluginJar : add ltdc
2024-04-25 18:56:24,565 [INFO] IPUIPlugin:80 - create IPUIPlugin
2024-04-25 18:56:24,565 [INFO] PluginManager:220 - loadIPPluginJar : add mdma
2024-04-25 18:56:24,582 [INFO] IPUIPlugin:80 - create IPUIPlugin
2024-04-25 18:56:24,582 [INFO] PluginManager:220 - loadIPPluginJar : add nvic
2024-04-25 18:56:24,640 [INFO] IPUIPlugin:80 - create IPUIPlugin
2024-04-25 18:56:24,641 [INFO] PluginManager:220 - loadIPPluginJar : add opamp
2024-04-25 18:56:24,674 [INFO] ThirdPartyUpdaterWithRetryManager:70 - Updater plugin not ready yet. [2/15]
2024-04-25 18:56:24,778 [INFO] IPUIPlugin:80 - create IPUIPlugin
2024-04-25 18:56:24,778 [INFO] PluginManager:220 - loadIPPluginJar : add openamp
2024-04-25 18:56:24,844 [INFO] IPUIPlugin:80 - create IPUIPlugin
2024-04-25 18:56:24,844 [INFO] PluginManager:220 - loadIPPluginJar : add pdm2pcm
2024-04-25 18:56:24,866 [INFO] IPUIPlugin:80 - create IPUIPlugin
2024-04-25 18:56:24,870 [INFO] PluginManager:220 - loadIPPluginJar : add plateformsettings
2024-04-25 18:56:24,902 [INFO] IPUIPlugin:80 - create IPUIPlugin
2024-04-25 18:56:24,902 [INFO] PluginManager:220 - loadIPPluginJar : add quadspi
2024-04-25 18:56:24,920 [INFO] IPUIPlugin:80 - create IPUIPlugin
2024-04-25 18:56:24,921 [INFO] PluginManager:220 - loadIPPluginJar : add resmgrutility
2024-04-25 18:56:24,996 [INFO] IPUIPlugin:80 - create IPUIPlugin
2024-04-25 18:56:24,996 [INFO] PluginManager:220 - loadIPPluginJar : add sai
2024-04-25 18:56:25,064 [INFO] IPUIPlugin:80 - create IPUIPlugin
2024-04-25 18:56:25,064 [INFO] PluginManager:220 - loadIPPluginJar : add spi
2024-04-25 18:56:25,192 [INFO] IPUIPlugin:80 - create IPUIPlugin
2024-04-25 18:56:25,192 [INFO] PluginManager:220 - loadIPPluginJar : add stm32_wpan
2024-04-25 18:56:25,230 [INFO] IPUIPlugin:80 - create IPUIPlugin
2024-04-25 18:56:25,231 [INFO] PluginManager:220 - loadIPPluginJar : add tim
2024-04-25 18:56:25,328 [INFO] IPUIPlugin:80 - create IPUIPlugin
2024-04-25 18:56:25,328 [INFO] PluginManager:220 - loadIPPluginJar : add touchsensing
2024-04-25 18:56:25,363 [INFO] IPUIPlugin:80 - create IPUIPlugin
2024-04-25 18:56:25,364 [INFO] PluginManager:220 - loadIPPluginJar : add tracer_emb
2024-04-25 18:56:25,403 [INFO] IPUIPlugin:80 - create IPUIPlugin
2024-04-25 18:56:25,403 [INFO] PluginManager:220 - loadIPPluginJar : add ts
2024-04-25 18:56:25,437 [INFO] IPUIPlugin:80 - create IPUIPlugin
2024-04-25 18:56:25,437 [INFO] PluginManager:220 - loadIPPluginJar : add tsc
2024-04-25 18:56:25,470 [INFO] IPUIPlugin:80 - create IPUIPlugin
2024-04-25 18:56:25,471 [INFO] PluginManager:220 - loadIPPluginJar : add ucpd
2024-04-25 18:56:25,541 [INFO] IPUIPlugin:80 - create IPUIPlugin
2024-04-25 18:56:25,541 [INFO] PluginManager:220 - loadIPPluginJar : add usart
2024-04-25 18:56:25,617 [INFO] IPUIPlugin:80 - create IPUIPlugin
2024-04-25 18:56:25,618 [INFO] PluginManager:220 - loadIPPluginJar : add usbx
2024-04-25 18:56:25,793 [INFO] CADModel:165 - CPN selected for project level
2024-04-25 18:56:25,793 [INFO] CADModel:114 - Register for checkConnection events
2024-04-25 18:56:25,794 [FATAL] Updater:308 - Updater called before beeing initialized
2024-04-25 18:56:25,794 [ERROR] CADModel:125 - Updater not yet initialized, retry later 
2024-04-25 18:56:26,101 [INFO] CADModel:165 - CPN selected for project level
2024-04-25 18:56:26,101 [INFO] CADModel:114 - Register for checkConnection events
2024-04-25 18:56:26,101 [FATAL] Updater:308 - Updater called before beeing initialized
2024-04-25 18:56:26,101 [ERROR] CADModel:125 - Updater not yet initialized, retry later 
2024-04-25 18:56:26,107 [FATAL] Updater:308 - Updater called before beeing initialized
2024-04-25 18:56:26,306 [FATAL] Updater:308 - Updater called before beeing initialized
2024-04-25 18:56:26,325 [INFO] DbMcusAds:53 - JSON generation date=Wed Nov 29 12:52:27 EET 2023 (1701255147349)
2024-04-25 18:56:26,325 [FATAL] Updater:308 - Updater called before beeing initialized
2024-04-25 18:56:26,442 [WARN] DetailPanel:346 - Failed to get advertising image, set to default
2024-04-25 18:56:26,613 [FATAL] Updater:308 - Updater called before beeing initialized
2024-04-25 18:56:26,616 [FATAL] Updater:308 - Updater called before beeing initialized
2024-04-25 18:56:26,616 [FATAL] Updater:308 - Updater called before beeing initialized
2024-04-25 18:56:26,618 [WARN] DetailPanel:346 - Failed to get advertising image, set to default
2024-04-25 18:56:26,619 [FATAL] Updater:308 - Updater called before beeing initialized
2024-04-25 18:56:26,721 [ERROR] Updater:1120 - MainUpdater not yet initialized. External WinMGr cannot be set.
2024-04-25 18:56:26,736 [INFO] Updater:1056 - Updater Version found : 6.11.0
2024-04-25 18:56:26,765 [INFO] ApplicationProperties:184 - Using Application install path: C:\ST\STM32CubeIDE_1.15.0\STM32CubeIDE\plugins\com.st.stm32cube.common.mx_6.11.0.202403141607
2024-04-25 18:56:27,208 [INFO] MainUpdater:2873 - connection check result : 10
2024-04-25 18:56:27,209 [INFO] MainUpdater:290 - Updater Check For Update Now.
2024-04-25 18:56:27,209 [INFO] MicroXplorer:498 - Change Database Version : DB.6.0.110
2024-04-25 18:56:27,236 [INFO] McuFinderGlobals:63 - Set McuFinder mode to 2 (CubeIDE integrated)
2024-04-25 18:56:27,261 [INFO] UserAuth:415 - Internet connection configuration mode: 1
2024-04-25 18:56:27,313 [INFO] JxBrowserEngine:152 - Initiate JxBrowser Engine with user profile folder
2024-04-25 18:56:27,552 [INFO] CheckServerUpdateThread:120 - End of CheckServer Thread
2024-04-25 18:56:28,114 [WARN] PackLoader:240 - Cannot read IP mode file for STMicroelectronics.FP-SNS-MOTENVWB1.1.4.0
2024-04-25 18:56:28,149 [WARN] PackLoader:240 - Cannot read IP mode file for STMicroelectronics.X-CUBE-SMBUS.2.1.0
2024-04-25 18:56:28,176 [WARN] PackLoader:240 - Cannot read IP mode file for STMicroelectronics.X-CUBE-TOUCHGFX.4.23.2
2024-04-25 18:56:28,271 [WARN] PackLoader:240 - Cannot read IP mode file for STMicroelectronics.X-CUBE-AZRTOS-F7.1.1.0
2024-04-25 18:56:28,308 [WARN] PackLoader:240 - Cannot read IP mode file for STMicroelectronics.FP-SNS-FLIGHT1.5.0.2
2024-04-25 18:56:28,342 [WARN] PackLoader:240 - Cannot read IP mode file for STMicroelectronics.X-CUBE-DISPLAY.3.0.0
2024-04-25 18:56:28,387 [WARN] PackLoader:240 - Cannot read IP mode file for STMicroelectronics.X-CUBE-BLE1.7.0.0
2024-04-25 18:56:28,417 [WARN] PackLoader:240 - Cannot read IP mode file for emotas.I-CUBE-CANOPEN.1.3.0
2024-04-25 18:56:28,569 [WARN] PackLoader:240 - Cannot read IP mode file for STMicroelectronics.X-CUBE-BLEMGR.3.1.0
2024-04-25 18:56:28,604 [WARN] PackLoader:240 - Cannot read IP mode file for STMicroelectronics.FP-SNS-SMARTAG2.1.2.0
2024-04-25 18:56:28,641 [INFO] LogOutputStream:77 - [STDOUT_REDIRECT] 1 : Invalid condition id : UX_CORESTACK_Condition cause : null
2024-04-25 18:56:28,642 [INFO] LogOutputStream:77 - [STDOUT_REDIRECT] 1 : Invalid condition id : UX_CORESTACK_Condition cause : null
2024-04-25 18:56:28,645 [INFO] LogOutputStream:77 - [STDOUT_REDIRECT] 1 : Invalid condition id : UX_CORESTACK_Condition cause : null
2024-04-25 18:56:28,647 [INFO] LogOutputStream:77 - [STDOUT_REDIRECT] 1 : Invalid condition id : UX_CORESTACK_Condition cause : null
2024-04-25 18:56:28,649 [INFO] LogOutputStream:77 - [STDOUT_REDIRECT] 1 : Invalid condition id : UX_CORESTACK_Condition cause : null
2024-04-25 18:56:28,657 [WARN] PackLoader:240 - Cannot read IP mode file for STMicroelectronics.X-CUBE-AZRTOS-WL.2.0.0
2024-04-25 18:56:28,683 [WARN] PackLoader:240 - Cannot read IP mode file for STMicroelectronics.FP-SNS-MOTENV1.5.0.0
2024-04-25 18:56:28,715 [WARN] PackLoader:240 - Cannot read IP mode file for WES.I-CUBE-Cesium.1.3.0
2024-04-25 18:56:28,738 [WARN] PackLoader:240 - Cannot read IP mode file for STMicroelectronics.X-CUBE-BLE2.3.3.0
2024-04-25 18:56:28,763 [WARN] PackLoader:240 - Cannot read IP mode file for STMicroelectronics.X-CUBE-TCPP.4.1.0
2024-04-25 18:56:28,792 [WARN] PackLoader:240 - Cannot read IP mode file for STMicroelectronics.X-CUBE-ALGOBUILD.1.3.0
2024-04-25 18:56:28,854 [WARN] PackLoader:240 - Cannot read IP mode file for STMicroelectronics.X-CUBE-AZRTOS-G0.1.1.0
2024-04-25 18:56:28,893 [WARN] PackLoader:240 - Cannot read IP mode file for STMicroelectronics.X-CUBE-SAFEA1.1.2.2
2024-04-25 18:56:28,933 [WARN] PackLoader:240 - Cannot read IP mode file for STMicroelectronics.X-CUBE-NFC4.3.0.0
2024-04-25 18:56:28,961 [WARN] PackLoader:240 - Cannot read IP mode file for wolfSSL.I-CUBE-wolfSSL.5.7.0
2024-04-25 18:56:28,986 [WARN] PackLoader:240 - Cannot read IP mode file for STMicroelectronics.FP-ATR-SIGFOX1.3.2.0
2024-04-25 18:56:29,012 [WARN] PackLoader:240 - Cannot read IP mode file for STMicroelectronics.X-CUBE-EEPRMA1.5.1.0
2024-04-25 18:56:29,045 [WARN] PackLoader:240 - Cannot read IP mode file for ITTIA_DB.I-CUBE-ITTIADB.8.9.0
2024-04-25 18:56:29,132 [WARN] PackLoader:240 - Cannot read IP mode file for SEGGER.I-CUBE-embOS.1.3.1
2024-04-25 18:56:29,239 [WARN] PackLoader:240 - Cannot read IP mode file for STMicroelectronics.X-CUBE-GNSS1.6.0.0
2024-04-25 18:56:29,301 [WARN] PackLoader:240 - Cannot read IP mode file for STMicroelectronics.X-CUBE-AZRTOS-F4.1.1.0
2024-04-25 18:56:29,364 [WARN] PackLoader:240 - Cannot read IP mode file for STMicroelectronics.X-CUBE-AZRTOS-L5.2.0.0
2024-04-25 18:56:29,401 [WARN] PackLoader:240 - Cannot read IP mode file for STMicroelectronics.X-CUBE-NFC6.3.1.0
2024-04-25 18:56:29,428 [WARN] PackLoader:240 - Cannot read IP mode file for STMicroelectronics.X-CUBE-AI.9.0.0
2024-04-25 18:56:29,456 [WARN] PackLoader:240 - Cannot read IP mode file for STMicroelectronics.X-CUBE-NFC7.1.0.1
2024-04-25 18:56:29,524 [WARN] ConditionMgr:438 - getConditionDescription Invalid condition id : LAN8742 Phy interface Condition cause : null
2024-04-25 18:56:29,526 [WARN] PackLoader:240 - Cannot read IP mode file for STMicroelectronics.X-CUBE-AZRTOS-L4.2.0.0
2024-04-25 18:56:29,528 [WARN] ConditionMgr:1039 - genDependencies : Invalid condition id : LAN8742 Phy interface Condition cause : null
2024-04-25 18:56:29,529 [WARN] ConditionMgr:1039 - genDependencies : Invalid condition id : LAN8742 Phy interface Condition cause : null
2024-04-25 18:56:29,530 [WARN] ConditionMgr:1039 - genDependencies : Invalid condition id : LAN8742 Phy interface Condition cause : null
2024-04-25 18:56:29,561 [WARN] PackLoader:240 - Cannot read IP mode file for STMicroelectronics.X-CUBE-SFXS2LP1.4.0.0
2024-04-25 18:56:29,612 [WARN] ConditionMgr:438 - getConditionDescription Invalid condition id : UX DEVICE CLASS RTOS Condition cause : null
2024-04-25 18:56:29,612 [WARN] ConditionMgr:438 - getConditionDescription Invalid condition id : UX DEVICE CLASS RTOS Condition cause : null
2024-04-25 18:56:29,617 [WARN] PackLoader:240 - Cannot read IP mode file for STMicroelectronics.X-CUBE-AZRTOS-WB.2.0.0
2024-04-25 18:56:29,618 [WARN] ConditionMgr:1039 - genDependencies : Invalid condition id : UX DEVICE CLASS RTOS Condition cause : null
2024-04-25 18:56:29,619 [WARN] ConditionMgr:1039 - genDependencies : Invalid condition id : UX DEVICE CLASS RTOS Condition cause : null
2024-04-25 18:56:29,620 [WARN] ConditionMgr:1039 - genDependencies : Invalid condition id : UX DEVICE CLASS RTOS Condition cause : null
2024-04-25 18:56:29,620 [WARN] ConditionMgr:1039 - genDependencies : Invalid condition id : UX DEVICE CLASS RTOS Condition cause : null
2024-04-25 18:56:29,621 [WARN] ConditionMgr:1039 - genDependencies : Invalid condition id : UX DEVICE CLASS RTOS Condition cause : null
2024-04-25 18:56:29,659 [WARN] PackLoader:240 - Cannot read IP mode file for STMicroelectronics.X-CUBE-SUBG2.5.0.0
2024-04-25 18:56:29,723 [WARN] PackLoader:240 - Cannot read IP mode file for STMicroelectronics.X-CUBE-AZRTOS-G4.2.0.0
2024-04-25 18:56:29,751 [WARN] PackLoader:240 - Cannot read IP mode file for STMicroelectronics.X-CUBE-ISPU.2.0.0
2024-04-25 18:56:29,899 [WARN] PackLoader:240 - Cannot read IP mode file for STMicroelectronics.X-CUBE-MEMS1.10.0.0
2024-04-25 18:56:30,221 [WARN] PackLoader:240 - Cannot read IP mode file for STMicroelectronics.X-CUBE-FREERTOS.1.1.0
2024-04-25 18:56:30,246 [WARN] PackLoader:240 - Cannot read IP mode file for portGmbH.I-Cube-SoM-uGOAL.1.1.0
2024-04-25 18:56:30,270 [WARN] PackLoader:240 - Cannot read IP mode file for STMicroelectronics.X-CUBE-ALS.1.0.1
2024-04-25 18:56:30,327 [WARN] PackLoader:240 - Cannot read IP mode file for STMicroelectronics.X-CUBE-AZRTOS-H7RS.1.0.0
2024-04-25 18:56:30,351 [WARN] PackLoader:240 - Cannot read IP mode file for STMicroelectronics.FP-ATR-ASTRA1.2.0.0
2024-04-25 18:56:30,397 [WARN] PackLoader:240 - Cannot read IP mode file for STMicroelectronics.X-CUBE-TOF1.3.4.1
2024-04-25 18:56:30,501 [WARN] PackLoader:240 - Cannot read IP mode file for STMicroelectronics.X-CUBE-AZRTOS-H7.3.2.0
2024-04-25 18:56:30,558 [WARN] PackLoader:240 - Cannot read IP mode file for Infineon.AIROC-Wi-Fi-Bluetooth-STM32.1.6.0
2024-04-25 18:56:30,569 [INFO] ThirdParty:978 - Integrity check success = true
2024-04-25 18:56:30,569 [INFO] IntegrityCheckThread:100 - exiting critical section [integrity check]
2024-04-25 18:56:30,569 [INFO] IntegrityCheckThread:103 - End integrity checks thread
2024-04-25 18:56:36,549 [INFO] WebApp:161 - Instantiating new browser for Auth
2024-04-25 18:56:37,461 [INFO] WebApp:779 - Register for checkConnection events
2024-04-25 18:56:37,461 [INFO] WebApp:414 - Apply proxy settings
2024-04-25 18:56:37,462 [INFO] WebApp:499 - Chromium requires no authentication
2024-04-25 18:56:37,471 [INFO] WebApp:442 - Direct internet connection detected
2024-04-25 18:56:37,727 [INFO] WebApp:192 - Starting web application
2024-04-25 18:56:37,727 [INFO] WebApp:544 - Web application path used C:\ST\STM32CubeIDE_1.15.0\STM32CubeIDE\plugins\com.st.stm32cube.common.mx_6.11.0.202403141607\db\plugins\mcufinder\reactClient1\index.html
2024-04-25 18:56:47,194 [INFO] McuFinderGlobals:63 - Set McuFinder mode to 2 (CubeIDE integrated)
2024-04-25 18:56:47,228 [INFO] MainUpdater:2873 - connection check result : 10
2024-04-25 18:56:48,693 [INFO] ApiDb:581 - Connected to CubeFinder SQLite database (C:\Users\Yaroslav Ludchak\.stmcufinder\plugins\mcufinder\mcu\cube-finder-db.db)
2024-04-25 18:56:48,843 [INFO] ApiDb:668 - CubeFinder database Data Model version=2.1
2024-04-25 18:56:48,843 [INFO] ApiDb:669 - CubeFinder database Configuration version=3.0.39
2024-04-25 18:56:48,843 [INFO] ApiDb:670 - CubeFinder database generation date=2024-03-25 (1711369621)
2024-04-25 18:56:48,844 [INFO] ApiDb:671 - CubeFinder database FW Pack versions=[FP-ATR-ASTRA1_V2.0.0, FP-SNS-FLIGHT1_V5.0.1, FP-SNS-FLIGHT1_V5.0.2, FP-SNS-MOTENV1_V4.3.1, FP-SNS-MOTENV1_V4.3.2, FP-SNS-MOTENVWB1_V1.3.1, FP-SNS-SMARTAG2_V1.2.0, STM32Cube_FW_C0_V1.1.0, STM32Cube_FW_F4_V1.28.0, STM32Cube_FW_F7_V1.17.0, STM32Cube_FW_G0_V1.6.2, STM32Cube_FW_G4_V1.5.2, STM32Cube_FW_H5_V0.5.1, STM32Cube_FW_H5_V1.1.1, STM32Cube_FW_H5_V1.2.0, STM32Cube_FW_H5_V1.2.0RC4, STM32Cube_FW_H7RS_V1.0.0, STM32Cube_FW_H7RS_V1.0.0RC4, STM32Cube_FW_H7_V1.11.0, STM32Cube_FW_L0_V1.12.2, STM32Cube_FW_L5_V1.5.1, STM32Cube_FW_U0_V1.0.0, STM32Cube_FW_U0_V1.0.0RC1, STM32Cube_FW_U5_V1.3.0RC4, STM32Cube_FW_U5_V1.5.0, STM32Cube_FW_U5_V1.5.0RC1, STM32Cube_FW_WBA_V1.0.0RC1, STM32Cube_FW_WBA_V1.2.0, STM32Cube_FW_WBA_V1.2.0RC2, STM32Cube_FW_WBA_V1.3.0, STM32Cube_FW_WBA_V1.3.0RC1, STM32Cube_FW_WB_V1.15.0RC1, STM32Cube_FW_WB_V1.16.0, STM32Cube_FW_WB_V1.16.0RC2, STM32Cube_FW_WB_V1.18.0, STM32Cube_FW_WB_V1.19.0, STM32Cube_FW_WL_V1.3.0, X-CUBE-ALGOBUILD_V1.3.0, X-CUBE-ALS_V1.0.1, X-CUBE-AZRTOS-F4_V1.1.0, X-CUBE-AZRTOS-F7_V1.1.0, X-CUBE-AZRTOS-G0_V1.1.0, X-CUBE-AZRTOS-G4_V2.0.0, X-CUBE-AZRTOS-H7_V3.2.0, X-CUBE-AZRTOS-L4_V1.0.0, X-CUBE-AZRTOS-L4_V2.0.0, X-CUBE-AZRTOS-L5_V1.1.0, X-CUBE-AZRTOS-WB_V2.0.0, X-CUBE-AZRTOS-WL_V2.0.0, X-CUBE-BLE1_V7.0.0, X-CUBE-BLE2_V3.3.0, X-CUBE-BLEMGR_V3.1.0, X-CUBE-EEPRMA1_V4.1.0, X-CUBE-EEPRMA1_V5.1.0, X-CUBE-FREERTOS_V1.1.0, X-CUBE-GNSS1_V6.0.0, X-CUBE-MEMS1_V10.0.0, X-CUBE-MEMS1_V9.1.0, X-CUBE-MEMS1_V9.4.0, X-CUBE-MEMS1_V9.6.0, X-CUBE-NFC4_V3.0.0, X-CUBE-NFC7_V1.0.1, X-CUBE-SFXS2LP1_V4.0.0, X-CUBE-SUBG2_V5.0.0, X-CUBE-TOF1_V3.4.0]
2024-04-25 18:56:49,150 [INFO] DbBoardsSqlite:226 - include board P-NUCLEO-WB55-NUCLEO as a kit item of type 'Nucleo-64'
2024-04-25 18:56:49,151 [INFO] DbBoardsSqlite:226 - include board P-NUCLEO-WB55-USBDONGLE as a kit item of type 'Nucleo USB Dongle'
2024-04-25 18:56:49,152 [INFO] DbBoardsSqlite:226 - include board STEVAL-IDP005V1 as a kit item of type 'Evaluation Board'
2024-04-25 18:56:49,153 [INFO] DbBoardsSqlite:226 - include board STEVAL-IDP005V2 as a kit item of type 'Evaluation Board'
2024-04-25 18:56:49,929 [INFO] ApiDb:240 - Found 483 in-development CPN: [B-G473E-ZEST1S, B-WB1M-WPAN1, B-WL5M-SUBG1, NUCLEO-C031C6, NUCLEO-H503RB, NUCLEO-H533RE, NUCLEO-H563ZI, NUCLEO-H7S3L8, NUCLEO-U031R8, NUCLEO-U083RC, NUCLEO-U545RE-Q, NUCLEO-U5A5ZJ-Q, NUCLEO-WBA52CG, NUCLEO-WBA55CG, STEVAL-PROTEUS1, STEVAL-SMARTAG2, STEVAL-STWINBX1, STM320518-EVAL, STM32C0116-DK, STM32C011D6Y3TR, STM32C011D6Y6TR, STM32C011F4P3, STM32C011F4P6, STM32C011F4U3, STM32C011F4U6TR, STM32C011F6P3, STM32C011F6P6, STM32C011F6U3, STM32C011F6U6TR, STM32C011J4M3, STM32C011J4M6, STM32C011J6M3, STM32C011J6M6, STM32C0316-DK, STM32C031C4T3, STM32C031C4T6, STM32C031C4U3, STM32C031C4U6, STM32C031C6T3, STM32C031C6T6, STM32C031C6U3, STM32C031C6U6, STM32C031F4P3, STM32C031F4P6, STM32C031F6P3, STM32C031F6P6, STM32C031G4U3, STM32C031G4U6, STM32C031G6U3, STM32C031G6U6, STM32C031K4T3, STM32C031K4T6, STM32C031K4U3, STM32C031K4U6, STM32C031K6T3, STM32C031K6T6, STM32C031K6U3, STM32C031K6U6, STM32G071K8TXN, STM32G071K8UXN, STM32G081GBU6N, STM32G081KBT6N, STM32G081KBUXN, STM32G0B1CCT6N, STM32G0B1KCT6, STM32G0B1NEY6TR, STM32G0B1RCT6N, STM32G0C1CCT6, STM32G0C1CCT6N, STM32G0C1CCU6N, STM32G0C1CET6N, STM32G0C1CEU6N, STM32G0C1KCT6, STM32G0C1NEY6TR, STM32G0C1RCI6N, STM32G0C1RCT6N, STM32G0C1REI6N, STM32G0C1RET6N, STM32G0C1VCI6, STM32G0C1VEI6, STM32G471CCT6, STM32G471CCU6, STM32G471CET3, STM32G471CET6, STM32G471CEU3, STM32G471CEU6, STM32G471MCT6, STM32G471MET3, STM32G471MET6, STM32G471MEY6TR, STM32G471QCT6, STM32G471QET3, STM32G471RCT6, STM32G471RET3, STM32G471RET6, STM32G471VCH6, STM32G471VCI6, STM32G471VCT6, STM32G471VEH3, STM32G471VEH6, STM32G471VEI3, STM32G471VEI6, STM32G471VET3, STM32G471VET6, STM32G474CCT6, STM32H503CBT6, STM32H503CBU6, STM32H503EBY6TR, STM32H503KBU6, STM32H503RBT6, STM32H523CCT6, STM32H523CCU6, STM32H523CET6, STM32H523CEU6, STM32H523HEY6TR, STM32H523RCT6, STM32H523RET6, STM32H523VCI6, STM32H523VCT6, STM32H523VEI6, STM32H523VET6, STM32H523ZCJ6, STM32H523ZCT6, STM32H523ZEJ6, STM32H523ZET6, STM32H533CET6, STM32H533CEU6, STM32H533HEY6TR, STM32H533RET6, STM32H533VEI6, STM32H533VET6, STM32H533ZEJ6, STM32H533ZET6, STM32H562AGI6, STM32H562AII6, STM32H562IGK6, STM32H562IGT6, STM32H562IIK6, STM32H562IIT6, STM32H562RGT6, STM32H562RGV6, STM32H562RIT6, STM32H562RIV6, STM32H562VGT6, STM32H562VIT6, STM32H562ZGT6, STM32H562ZIT6, STM32H563AGI6, STM32H563AII3Q, STM32H563AII6, STM32H563IGK6, STM32H563IGT6, STM32H563IIK3Q, STM32H563IIK6, STM32H563IIT3Q, STM32H563IIT6, STM32H563MIY3QTR, STM32H563RGT6, STM32H563RGV6, STM32H563RIT6, STM32H563RIV6, STM32H563VGT6, STM32H563VIT3Q, STM32H563VIT6, STM32H563ZGT6, STM32H563ZIT3Q, STM32H563ZIT6, STM32H573AII3Q, STM32H573AII6, STM32H573I-DK, STM32H573IIK3Q, STM32H573IIK6, STM32H573IIT3Q, STM32H573IIT6, STM32H573MIY3QTR, STM32H573RIT6, STM32H573RIV6, STM32H573VIT3Q, STM32H573VIT6, STM32H573ZIT3Q, STM32H573ZIT6, STM32H7R3A8I6, STM32H7R3I8K6, STM32H7R3I8T6, STM32H7R3L8H6, STM32H7R3L8H6H, STM32H7R3R8V6, STM32H7R3V8H6, STM32H7R3V8T6, STM32H7R3V8Y6, STM32H7R3Z8J6, STM32H7R3Z8T6, STM32H7R7A8I6, STM32H7R7I8K6, STM32H7R7I8T6, STM32H7R7L8H6, STM32H7R7L8H6H, STM32H7R7Z8J6, STM32H7S3A8I6, STM32H7S3I8K6, STM32H7S3I8T6, STM32H7S3L8H6, STM32H7S3L8H6H, STM32H7S3R8V6, STM32H7S3V8H6, STM32H7S3V8T6, STM32H7S3V8Y6, STM32H7S3Z8J6, STM32H7S3Z8T6, STM32H7S78-DK, STM32H7S7A8I6, STM32H7S7I8K6, STM32H7S7I8T6, STM32H7S7L8H6, STM32H7S7L8H6H, STM32H7S7Z8J6, STM32L4R5QGI6STR, STM32MP131AAE3, STM32MP131AAF3, STM32MP131AAG3, STM32MP131CAE3, STM32MP131CAF3, STM32MP131CAG3, STM32MP131DAE7, STM32MP131DAF7, STM32MP131DAG7, STM32MP131FAE7, STM32MP131FAF7, STM32MP131FAG7, STM32MP133AAE3, STM32MP133AAF3, STM32MP133AAG3, STM32MP133CAE3, STM32MP133CAF3, STM32MP133CAG3, STM32MP133DAE7, STM32MP133DAF7, STM32MP133DAG7, STM32MP133FAE7, STM32MP133FAF7, STM32MP133FAG7, STM32MP135AAE3, STM32MP135AAF3, STM32MP135AAG3, STM32MP135CAE3, STM32MP135CAF3, STM32MP135CAG3, STM32MP135DAE7, STM32MP135DAF7, STM32MP135DAG7, STM32MP135F-DK, STM32MP135FAE7, STM32MP135FAF7, STM32MP135FAF7T, STM32MP135FAF7U, STM32MP135FAG7, STM32U031C6T6, STM32U031C6U6, STM32U031C8T6, STM32U031C8U6, STM32U031F4P6, STM32U031F6P6, STM32U031F8P6, STM32U031G6Y6TR, STM32U031G8Y6TR, STM32U031K4U6, STM32U031K6U6, STM32U031K8U6, STM32U031R6I6, STM32U031R6T6, STM32U031R8I6, STM32U031R8T6, STM32U073C8T6, STM32U073C8U6, STM32U073CBT6, STM32U073CBU6, STM32U073CCT6, STM32U073CCU6, STM32U073H8Y6TR, STM32U073HBY6TR, STM32U073HCY6TR, STM32U073K8U6, STM32U073KBU6, STM32U073KCU6, STM32U073M8I6, STM32U073M8T6, STM32U073MBI6, STM32U073MBT6, STM32U073MCI6, STM32U073MCT6, STM32U073R8I6, STM32U073R8T6, STM32U073RBI6, STM32U073RBT6, STM32U073RCI6, STM32U073RCT6, STM32U083C-DK, STM32U083CCT6, STM32U083CCU6, STM32U083HCY6TR, STM32U083KCU6, STM32U083MCI6, STM32U083MCT6, STM32U083RCI6, STM32U083RCT6, STM32U535CBT6, STM32U535CBT6Q, STM32U535CBU6, STM32U535CBU6Q, STM32U535CCT6, STM32U535CCT6Q, STM32U535CCU6, STM32U535CCU6Q, STM32U535CET6, STM32U535CET6Q, STM32U535CEU6, STM32U535CEU6Q, STM32U535JEY6QTR, STM32U535NCY6QTR, STM32U535NEY6QTR, STM32U535RBI6, STM32U535RBI6Q, STM32U535RBT6, STM32U535RBT6Q, STM32U535RCI6, STM32U535RCI6Q, STM32U535RCT6, STM32U535RCT6Q, STM32U535REI6, STM32U535REI6Q, STM32U535RET6, STM32U535RET6Q, STM32U535VCI6, STM32U535VCI6Q, STM32U535VCT6, STM32U535VCT6Q, STM32U535VEI6, STM32U535VEI6Q, STM32U535VET6, STM32U535VET6Q, STM32U545CET6, STM32U545CET6Q, STM32U545CEU6, STM32U545CEU6Q, STM32U545JEY6QTR, STM32U545NEY6QTR, STM32U545REI6, STM32U545REI6Q, STM32U545RET6, STM32U545RET6Q, STM32U545VEI6, STM32U545VEI6Q, STM32U545VET6, STM32U545VET6Q, STM32U595AIH6, STM32U595AIH6Q, STM32U595AJH6, STM32U595AJH6Q, STM32U595QII6, STM32U595QII6Q, STM32U595QJI6, STM32U595QJI6Q, STM32U595RIT6, STM32U595RIT6Q, STM32U595RJT6, STM32U595RJT6Q, STM32U595VIT6, STM32U595VIT6Q, STM32U595VJT6, STM32U595VJT6Q, STM32U595ZIT6, STM32U595ZIT6Q, STM32U595ZIY6QTR, STM32U595ZJT6, STM32U595ZJT6Q, STM32U595ZJY6QTR, STM32U599BJY6QTR, STM32U599NIH6Q, STM32U599NJH6Q, STM32U599VIT6Q, STM32U599VJT6, STM32U599VJT6Q, STM32U599ZIT6Q, STM32U599ZIY6QTR, STM32U599ZJT6Q, STM32U599ZJY6QTR, STM32U5A5AJH6, STM32U5A5AJH6Q, STM32U5A5QII3Q , STM32U5A5QJI6, STM32U5A5QJI6Q, STM32U5A5RJT6, STM32U5A5RJT6Q, STM32U5A5VJT6, STM32U5A5VJT6Q, STM32U5A5ZJT6, STM32U5A5ZJT6Q, STM32U5A5ZJY6QTR, STM32U5A9BJY6QTR, STM32U5A9J-DK, STM32U5A9NJH6Q, STM32U5A9VJT6Q, STM32U5A9ZJT6Q, STM32U5A9ZJY6QTR, STM32U5F7VIT6, STM32U5F7VIT6Q, STM32U5F7VJT6, STM32U5F7VJT6Q, STM32U5F9BJY6QTR, STM32U5F9NJH6Q, STM32U5F9VIT6Q, STM32U5F9VJT6Q, STM32U5F9ZIJ6QTR, STM32U5F9ZIT6Q, STM32U5F9ZJJ6QTR, STM32U5F9ZJT6Q, STM32U5G7VJT6, STM32U5G7VJT6Q, STM32U5G9BJY6QTR, STM32U5G9J-DK1, STM32U5G9J-DK2, STM32U5G9NJH6Q, STM32U5G9VJT6Q, STM32U5G9ZJJ6QTR, STM32U5G9ZJT6Q, STM32WB1MMCH6, STM32WBA50KEU6, STM32WBA50KEU6TR, STM32WBA50KGU6, STM32WBA50KGU6TR, STM32WBA52CEU6, STM32WBA52CEU6TR, STM32WBA52CEU7, STM32WBA52CEU7TR, STM32WBA52CGU6, STM32WBA52CGU6TR, STM32WBA52CGU6U, STM32WBA52CGU7, STM32WBA52CGU7TR, STM32WBA52KEU6, STM32WBA52KEU6TR, STM32WBA52KGU6, STM32WBA52KGU6TR, STM32WBA54CEU6, STM32WBA54CEU6TR, STM32WBA54CEU7, STM32WBA54CEU7TR, STM32WBA54CGU6, STM32WBA54CGU6TR, STM32WBA54CGU7, STM32WBA54CGU7TR, STM32WBA54KEU6, STM32WBA54KEU6TR, STM32WBA54KEU7, STM32WBA54KEU7TR, STM32WBA54KGU6, STM32WBA54KGU6TR, STM32WBA54KGU7, STM32WBA54KGU7TR, STM32WBA55CEU6, STM32WBA55CEU6TR, STM32WBA55CEU7, STM32WBA55CEU7TR, STM32WBA55CGU6, STM32WBA55CGU6TR, STM32WBA55CGU6U, STM32WBA55CGU7, STM32WBA55CGU7TR, STM32WBA55G-DK1, STM32WBA55HEF6, STM32WBA55HEF7, STM32WBA55HGF6, STM32WBA55HGF7, STM32WBA55UEI6, STM32WBA55UEI6TR, STM32WBA55UEI7, STM32WBA55UEI7TR, STM32WBA55UGI6, STM32WBA55UGI6TR, STM32WBA55UGI7, STM32WBA55UGI7TR, STM32WL5MOCH6, STM32WL5MOCH6TR]
2024-04-25 18:56:50,202 [INFO] BoardInfo:889 - No configuration file found for board P-NUCLEO-WB55
2024-04-25 18:56:50,202 [INFO] DbBoards:161 - Kit is not supported: P-NUCLEO-WB55
2024-04-25 18:56:50,211 [INFO] BoardInfo:889 - No configuration file found for board STEVAL-BFA001V1B
2024-04-25 18:56:50,212 [INFO] DbBoards:161 - Kit is not supported: STEVAL-BFA001V1B
2024-04-25 18:56:50,214 [INFO] BoardInfo:889 - No configuration file found for board STEVAL-BFA001V2B
2024-04-25 18:56:50,214 [INFO] DbBoards:161 - Kit is not supported: STEVAL-BFA001V2B
2024-04-25 18:56:50,492 [INFO] DbBoards:168 - Found 199 boards, 196 are supported
2024-04-25 18:56:50,493 [INFO] DbBoards:169 - Found 199 boards, 8 of them is supported for  Bsp
2024-04-25 18:56:50,498 [INFO] ApiDb:668 - CubeFinder database Data Model version=2.1
2024-04-25 18:56:50,498 [INFO] ApiDb:669 - CubeFinder database Configuration version=3.0.39
2024-04-25 18:56:50,498 [INFO] ApiDb:670 - CubeFinder database generation date=2024-03-25 (1711369621)
2024-04-25 18:56:50,498 [INFO] ApiDb:671 - CubeFinder database FW Pack versions=[FP-ATR-ASTRA1_V2.0.0, FP-SNS-FLIGHT1_V5.0.1, FP-SNS-FLIGHT1_V5.0.2, FP-SNS-MOTENV1_V4.3.1, FP-SNS-MOTENV1_V4.3.2, FP-SNS-MOTENVWB1_V1.3.1, FP-SNS-SMARTAG2_V1.2.0, STM32Cube_FW_C0_V1.1.0, STM32Cube_FW_F4_V1.28.0, STM32Cube_FW_F7_V1.17.0, STM32Cube_FW_G0_V1.6.2, STM32Cube_FW_G4_V1.5.2, STM32Cube_FW_H5_V0.5.1, STM32Cube_FW_H5_V1.1.1, STM32Cube_FW_H5_V1.2.0, STM32Cube_FW_H5_V1.2.0RC4, STM32Cube_FW_H7RS_V1.0.0, STM32Cube_FW_H7RS_V1.0.0RC4, STM32Cube_FW_H7_V1.11.0, STM32Cube_FW_L0_V1.12.2, STM32Cube_FW_L5_V1.5.1, STM32Cube_FW_U0_V1.0.0, STM32Cube_FW_U0_V1.0.0RC1, STM32Cube_FW_U5_V1.3.0RC4, STM32Cube_FW_U5_V1.5.0, STM32Cube_FW_U5_V1.5.0RC1, STM32Cube_FW_WBA_V1.0.0RC1, STM32Cube_FW_WBA_V1.2.0, STM32Cube_FW_WBA_V1.2.0RC2, STM32Cube_FW_WBA_V1.3.0, STM32Cube_FW_WBA_V1.3.0RC1, STM32Cube_FW_WB_V1.15.0RC1, STM32Cube_FW_WB_V1.16.0, STM32Cube_FW_WB_V1.16.0RC2, STM32Cube_FW_WB_V1.18.0, STM32Cube_FW_WB_V1.19.0, STM32Cube_FW_WL_V1.3.0, X-CUBE-ALGOBUILD_V1.3.0, X-CUBE-ALS_V1.0.1, X-CUBE-AZRTOS-F4_V1.1.0, X-CUBE-AZRTOS-F7_V1.1.0, X-CUBE-AZRTOS-G0_V1.1.0, X-CUBE-AZRTOS-G4_V2.0.0, X-CUBE-AZRTOS-H7_V3.2.0, X-CUBE-AZRTOS-L4_V1.0.0, X-CUBE-AZRTOS-L4_V2.0.0, X-CUBE-AZRTOS-L5_V1.1.0, X-CUBE-AZRTOS-WB_V2.0.0, X-CUBE-AZRTOS-WL_V2.0.0, X-CUBE-BLE1_V7.0.0, X-CUBE-BLE2_V3.3.0, X-CUBE-BLEMGR_V3.1.0, X-CUBE-EEPRMA1_V4.1.0, X-CUBE-EEPRMA1_V5.1.0, X-CUBE-FREERTOS_V1.1.0, X-CUBE-GNSS1_V6.0.0, X-CUBE-MEMS1_V10.0.0, X-CUBE-MEMS1_V9.1.0, X-CUBE-MEMS1_V9.4.0, X-CUBE-MEMS1_V9.6.0, X-CUBE-NFC4_V3.0.0, X-CUBE-NFC7_V1.0.1, X-CUBE-SFXS2LP1_V4.0.0, X-CUBE-SUBG2_V5.0.0, X-CUBE-TOF1_V3.4.0]
2024-04-25 18:56:53,141 [INFO] ApiDb:240 - Found 483 in-development CPN: [B-G473E-ZEST1S, B-WB1M-WPAN1, B-WL5M-SUBG1, NUCLEO-C031C6, NUCLEO-H503RB, NUCLEO-H533RE, NUCLEO-H563ZI, NUCLEO-H7S3L8, NUCLEO-U031R8, NUCLEO-U083RC, NUCLEO-U545RE-Q, NUCLEO-U5A5ZJ-Q, NUCLEO-WBA52CG, NUCLEO-WBA55CG, STEVAL-PROTEUS1, STEVAL-SMARTAG2, STEVAL-STWINBX1, STM320518-EVAL, STM32C0116-DK, STM32C011D6Y3TR, STM32C011D6Y6TR, STM32C011F4P3, STM32C011F4P6, STM32C011F4U3, STM32C011F4U6TR, STM32C011F6P3, STM32C011F6P6, STM32C011F6U3, STM32C011F6U6TR, STM32C011J4M3, STM32C011J4M6, STM32C011J6M3, STM32C011J6M6, STM32C0316-DK, STM32C031C4T3, STM32C031C4T6, STM32C031C4U3, STM32C031C4U6, STM32C031C6T3, STM32C031C6T6, STM32C031C6U3, STM32C031C6U6, STM32C031F4P3, STM32C031F4P6, STM32C031F6P3, STM32C031F6P6, STM32C031G4U3, STM32C031G4U6, STM32C031G6U3, STM32C031G6U6, STM32C031K4T3, STM32C031K4T6, STM32C031K4U3, STM32C031K4U6, STM32C031K6T3, STM32C031K6T6, STM32C031K6U3, STM32C031K6U6, STM32G071K8TXN, STM32G071K8UXN, STM32G081GBU6N, STM32G081KBT6N, STM32G081KBUXN, STM32G0B1CCT6N, STM32G0B1KCT6, STM32G0B1NEY6TR, STM32G0B1RCT6N, STM32G0C1CCT6, STM32G0C1CCT6N, STM32G0C1CCU6N, STM32G0C1CET6N, STM32G0C1CEU6N, STM32G0C1KCT6, STM32G0C1NEY6TR, STM32G0C1RCI6N, STM32G0C1RCT6N, STM32G0C1REI6N, STM32G0C1RET6N, STM32G0C1VCI6, STM32G0C1VEI6, STM32G471CCT6, STM32G471CCU6, STM32G471CET3, STM32G471CET6, STM32G471CEU3, STM32G471CEU6, STM32G471MCT6, STM32G471MET3, STM32G471MET6, STM32G471MEY6TR, STM32G471QCT6, STM32G471QET3, STM32G471RCT6, STM32G471RET3, STM32G471RET6, STM32G471VCH6, STM32G471VCI6, STM32G471VCT6, STM32G471VEH3, STM32G471VEH6, STM32G471VEI3, STM32G471VEI6, STM32G471VET3, STM32G471VET6, STM32G474CCT6, STM32H503CBT6, STM32H503CBU6, STM32H503EBY6TR, STM32H503KBU6, STM32H503RBT6, STM32H523CCT6, STM32H523CCU6, STM32H523CET6, STM32H523CEU6, STM32H523HEY6TR, STM32H523RCT6, STM32H523RET6, STM32H523VCI6, STM32H523VCT6, STM32H523VEI6, STM32H523VET6, STM32H523ZCJ6, STM32H523ZCT6, STM32H523ZEJ6, STM32H523ZET6, STM32H533CET6, STM32H533CEU6, STM32H533HEY6TR, STM32H533RET6, STM32H533VEI6, STM32H533VET6, STM32H533ZEJ6, STM32H533ZET6, STM32H562AGI6, STM32H562AII6, STM32H562IGK6, STM32H562IGT6, STM32H562IIK6, STM32H562IIT6, STM32H562RGT6, STM32H562RGV6, STM32H562RIT6, STM32H562RIV6, STM32H562VGT6, STM32H562VIT6, STM32H562ZGT6, STM32H562ZIT6, STM32H563AGI6, STM32H563AII3Q, STM32H563AII6, STM32H563IGK6, STM32H563IGT6, STM32H563IIK3Q, STM32H563IIK6, STM32H563IIT3Q, STM32H563IIT6, STM32H563MIY3QTR, STM32H563RGT6, STM32H563RGV6, STM32H563RIT6, STM32H563RIV6, STM32H563VGT6, STM32H563VIT3Q, STM32H563VIT6, STM32H563ZGT6, STM32H563ZIT3Q, STM32H563ZIT6, STM32H573AII3Q, STM32H573AII6, STM32H573I-DK, STM32H573IIK3Q, STM32H573IIK6, STM32H573IIT3Q, STM32H573IIT6, STM32H573MIY3QTR, STM32H573RIT6, STM32H573RIV6, STM32H573VIT3Q, STM32H573VIT6, STM32H573ZIT3Q, STM32H573ZIT6, STM32H7R3A8I6, STM32H7R3I8K6, STM32H7R3I8T6, STM32H7R3L8H6, STM32H7R3L8H6H, STM32H7R3R8V6, STM32H7R3V8H6, STM32H7R3V8T6, STM32H7R3V8Y6, STM32H7R3Z8J6, STM32H7R3Z8T6, STM32H7R7A8I6, STM32H7R7I8K6, STM32H7R7I8T6, STM32H7R7L8H6, STM32H7R7L8H6H, STM32H7R7Z8J6, STM32H7S3A8I6, STM32H7S3I8K6, STM32H7S3I8T6, STM32H7S3L8H6, STM32H7S3L8H6H, STM32H7S3R8V6, STM32H7S3V8H6, STM32H7S3V8T6, STM32H7S3V8Y6, STM32H7S3Z8J6, STM32H7S3Z8T6, STM32H7S78-DK, STM32H7S7A8I6, STM32H7S7I8K6, STM32H7S7I8T6, STM32H7S7L8H6, STM32H7S7L8H6H, STM32H7S7Z8J6, STM32L4R5QGI6STR, STM32MP131AAE3, STM32MP131AAF3, STM32MP131AAG3, STM32MP131CAE3, STM32MP131CAF3, STM32MP131CAG3, STM32MP131DAE7, STM32MP131DAF7, STM32MP131DAG7, STM32MP131FAE7, STM32MP131FAF7, STM32MP131FAG7, STM32MP133AAE3, STM32MP133AAF3, STM32MP133AAG3, STM32MP133CAE3, STM32MP133CAF3, STM32MP133CAG3, STM32MP133DAE7, STM32MP133DAF7, STM32MP133DAG7, STM32MP133FAE7, STM32MP133FAF7, STM32MP133FAG7, STM32MP135AAE3, STM32MP135AAF3, STM32MP135AAG3, STM32MP135CAE3, STM32MP135CAF3, STM32MP135CAG3, STM32MP135DAE7, STM32MP135DAF7, STM32MP135DAG7, STM32MP135F-DK, STM32MP135FAE7, STM32MP135FAF7, STM32MP135FAF7T, STM32MP135FAF7U, STM32MP135FAG7, STM32U031C6T6, STM32U031C6U6, STM32U031C8T6, STM32U031C8U6, STM32U031F4P6, STM32U031F6P6, STM32U031F8P6, STM32U031G6Y6TR, STM32U031G8Y6TR, STM32U031K4U6, STM32U031K6U6, STM32U031K8U6, STM32U031R6I6, STM32U031R6T6, STM32U031R8I6, STM32U031R8T6, STM32U073C8T6, STM32U073C8U6, STM32U073CBT6, STM32U073CBU6, STM32U073CCT6, STM32U073CCU6, STM32U073H8Y6TR, STM32U073HBY6TR, STM32U073HCY6TR, STM32U073K8U6, STM32U073KBU6, STM32U073KCU6, STM32U073M8I6, STM32U073M8T6, STM32U073MBI6, STM32U073MBT6, STM32U073MCI6, STM32U073MCT6, STM32U073R8I6, STM32U073R8T6, STM32U073RBI6, STM32U073RBT6, STM32U073RCI6, STM32U073RCT6, STM32U083C-DK, STM32U083CCT6, STM32U083CCU6, STM32U083HCY6TR, STM32U083KCU6, STM32U083MCI6, STM32U083MCT6, STM32U083RCI6, STM32U083RCT6, STM32U535CBT6, STM32U535CBT6Q, STM32U535CBU6, STM32U535CBU6Q, STM32U535CCT6, STM32U535CCT6Q, STM32U535CCU6, STM32U535CCU6Q, STM32U535CET6, STM32U535CET6Q, STM32U535CEU6, STM32U535CEU6Q, STM32U535JEY6QTR, STM32U535NCY6QTR, STM32U535NEY6QTR, STM32U535RBI6, STM32U535RBI6Q, STM32U535RBT6, STM32U535RBT6Q, STM32U535RCI6, STM32U535RCI6Q, STM32U535RCT6, STM32U535RCT6Q, STM32U535REI6, STM32U535REI6Q, STM32U535RET6, STM32U535RET6Q, STM32U535VCI6, STM32U535VCI6Q, STM32U535VCT6, STM32U535VCT6Q, STM32U535VEI6, STM32U535VEI6Q, STM32U535VET6, STM32U535VET6Q, STM32U545CET6, STM32U545CET6Q, STM32U545CEU6, STM32U545CEU6Q, STM32U545JEY6QTR, STM32U545NEY6QTR, STM32U545REI6, STM32U545REI6Q, STM32U545RET6, STM32U545RET6Q, STM32U545VEI6, STM32U545VEI6Q, STM32U545VET6, STM32U545VET6Q, STM32U595AIH6, STM32U595AIH6Q, STM32U595AJH6, STM32U595AJH6Q, STM32U595QII6, STM32U595QII6Q, STM32U595QJI6, STM32U595QJI6Q, STM32U595RIT6, STM32U595RIT6Q, STM32U595RJT6, STM32U595RJT6Q, STM32U595VIT6, STM32U595VIT6Q, STM32U595VJT6, STM32U595VJT6Q, STM32U595ZIT6, STM32U595ZIT6Q, STM32U595ZIY6QTR, STM32U595ZJT6, STM32U595ZJT6Q, STM32U595ZJY6QTR, STM32U599BJY6QTR, STM32U599NIH6Q, STM32U599NJH6Q, STM32U599VIT6Q, STM32U599VJT6, STM32U599VJT6Q, STM32U599ZIT6Q, STM32U599ZIY6QTR, STM32U599ZJT6Q, STM32U599ZJY6QTR, STM32U5A5AJH6, STM32U5A5AJH6Q, STM32U5A5QII3Q , STM32U5A5QJI6, STM32U5A5QJI6Q, STM32U5A5RJT6, STM32U5A5RJT6Q, STM32U5A5VJT6, STM32U5A5VJT6Q, STM32U5A5ZJT6, STM32U5A5ZJT6Q, STM32U5A5ZJY6QTR, STM32U5A9BJY6QTR, STM32U5A9J-DK, STM32U5A9NJH6Q, STM32U5A9VJT6Q, STM32U5A9ZJT6Q, STM32U5A9ZJY6QTR, STM32U5F7VIT6, STM32U5F7VIT6Q, STM32U5F7VJT6, STM32U5F7VJT6Q, STM32U5F9BJY6QTR, STM32U5F9NJH6Q, STM32U5F9VIT6Q, STM32U5F9VJT6Q, STM32U5F9ZIJ6QTR, STM32U5F9ZIT6Q, STM32U5F9ZJJ6QTR, STM32U5F9ZJT6Q, STM32U5G7VJT6, STM32U5G7VJT6Q, STM32U5G9BJY6QTR, STM32U5G9J-DK1, STM32U5G9J-DK2, STM32U5G9NJH6Q, STM32U5G9VJT6Q, STM32U5G9ZJJ6QTR, STM32U5G9ZJT6Q, STM32WB1MMCH6, STM32WBA50KEU6, STM32WBA50KEU6TR, STM32WBA50KGU6, STM32WBA50KGU6TR, STM32WBA52CEU6, STM32WBA52CEU6TR, STM32WBA52CEU7, STM32WBA52CEU7TR, STM32WBA52CGU6, STM32WBA52CGU6TR, STM32WBA52CGU6U, STM32WBA52CGU7, STM32WBA52CGU7TR, STM32WBA52KEU6, STM32WBA52KEU6TR, STM32WBA52KGU6, STM32WBA52KGU6TR, STM32WBA54CEU6, STM32WBA54CEU6TR, STM32WBA54CEU7, STM32WBA54CEU7TR, STM32WBA54CGU6, STM32WBA54CGU6TR, STM32WBA54CGU7, STM32WBA54CGU7TR, STM32WBA54KEU6, STM32WBA54KEU6TR, STM32WBA54KEU7, STM32WBA54KEU7TR, STM32WBA54KGU6, STM32WBA54KGU6TR, STM32WBA54KGU7, STM32WBA54KGU7TR, STM32WBA55CEU6, STM32WBA55CEU6TR, STM32WBA55CEU7, STM32WBA55CEU7TR, STM32WBA55CGU6, STM32WBA55CGU6TR, STM32WBA55CGU6U, STM32WBA55CGU7, STM32WBA55CGU7TR, STM32WBA55G-DK1, STM32WBA55HEF6, STM32WBA55HEF7, STM32WBA55HGF6, STM32WBA55HGF7, STM32WBA55UEI6, STM32WBA55UEI6TR, STM32WBA55UEI7, STM32WBA55UEI7TR, STM32WBA55UGI6, STM32WBA55UGI6TR, STM32WBA55UGI7, STM32WBA55UGI7TR, STM32WL5MOCH6, STM32WL5MOCH6TR]
2024-04-25 18:56:53,151 [INFO] DbMcus:218 - Found 4094 MCUs, 4094 are supported
2024-04-25 18:56:53,153 [INFO] ApiDb:423 - Load user favorites file C:\Users\Yaroslav Ludchak/.stm32cubeide/favorites.mcus.txt: 0 item(s)
2024-04-25 18:56:53,153 [INFO] ApiDb:427 - User favorites MCUs=[]
2024-04-25 18:56:53,154 [INFO] DbMcus:224 - Set 0 / 0 favorites MCUs
2024-04-25 18:56:53,780 [INFO] ApiDb:423 - Load user favorites file C:\Users\Yaroslav Ludchak/.stm32cubeide/favorites.boards.txt: 0 item(s)
2024-04-25 18:56:53,781 [INFO] ApiDb:427 - User favorites Boards=[]
2024-04-25 18:56:53,781 [INFO] DbBoards:198 - Set 0 / 0 favorites Boards
2024-04-25 18:56:53,781 [INFO] McuFinderGlobals:76 - Set McuFinderConnectedMode to true
2024-04-25 18:56:53,791 [INFO] MultiScanPanel:200 - Auto-refresh data requested => check proxy status ongoing
2024-04-25 18:56:53,795 [INFO] FinderPluginLoader:95 - Searching for filters in installed packs
2024-04-25 18:56:55,808 [INFO] LoadUrlFilesThread:185 - End of LoadServerUrlFiles without Thread
2024-04-25 18:56:55,851 [INFO] DetailPanel:341 - Set advertising image to C:/Users/Yaroslav Ludchak/STM32Cube/Repository/\en.prom-stm32wl3-mcu-finder.jpg
2024-04-25 18:57:43,414 [INFO] MainUpdater:2873 - connection check result : 10
2024-04-25 18:57:43,415 [INFO] MainUpdater:2873 - connection check result : 10
2024-04-25 18:57:43,454 [INFO] MicroXplorer:468 - Change Database Path : 
2024-04-25 18:57:43,455 [INFO] MicroXplorer:498 - Change Database Version : DB.6.0.110
2024-04-25 18:57:43,470 [WARN] ThirdParty:871 - waiting for thirdparty lock release [close project]
2024-04-25 18:57:43,470 [INFO] ThirdParty:873 - entering critical section [close project]
2024-04-25 18:57:43,471 [INFO] ThirdParty:883 - exiting critical section [close project]
2024-04-25 18:57:43,475 [INFO] PinOutPanel:1561 - setPackage(No Configuration,No Configuration)
2024-04-25 18:57:43,484 [INFO] UtilMem:75 - Begin LoadConfig() Used Memory: 551023424 Bytes (774897664)
2024-04-25 18:57:43,487 [INFO] MicroXplorer:468 - Change Database Path : 
2024-04-25 18:57:43,488 [INFO] MicroXplorer:498 - Change Database Version : DB.6.0.110
2024-04-25 18:57:43,489 [INFO] OpenFileManager:312 - Change cursor
2024-04-25 18:57:43,652 [INFO] Mcu:2021 - Initializing MCU STM32F103C6Tx STM32F103C6Tx STM32F103C6T6A
2024-04-25 18:57:45,793 [INFO] Context:663 - Trying to add GPIOservice into a context  which must be forbidden
2024-04-25 18:57:46,166 [INFO] ImportTextPane:194 - (OptionalMessage_ERROR) Unable to find key (Mcu.ThirdPartyNb) in loaded IOC file
2024-04-25 18:57:46,166 [INFO] ImportTextPane:194 - (OptionalMessage_ERROR) Unable to find key (Mcu.PinsNb) in loaded IOC file
2024-04-25 18:57:46,167 [INFO] ImportTextPane:194 - (OptionalMessage_ERROR) Unable to find key (Mcu.IPNb) in loaded IOC file
2024-04-25 18:57:46,293 [INFO] RtosManager:555 - Registered RTOS mode: class=CMSIS, group=RTOS, mode=CMSIS_V1, owner=FREERTOS
2024-04-25 18:57:46,293 [INFO] RtosManager:555 - Registered RTOS mode: class=CMSIS, group=RTOS2, mode=CMSIS_V2, owner=FREERTOS
2024-04-25 18:57:46,293 [INFO] RtosManager:555 - Registered RTOS mode: class=RTOS, group=Core, mode=CMSIS_V1, owner=FREERTOS
2024-04-25 18:57:46,293 [INFO] RtosManager:555 - Registered RTOS mode: class=RTOS, group=Core, mode=CMSIS_V2, owner=FREERTOS
2024-04-25 18:57:46,294 [WARN] ModelIntegratedComponent:184 - Missing modes for component STMicroelectronics:FreeRTOS:0.0.1:STMicroelectronics:RTOS:FreeRTOS:Core:::10.2.0:
2024-04-25 18:57:46,319 [WARN] ModelIntegratedComponent:63 - No mode defined for component null
2024-04-25 18:57:46,319 [WARN] ModelIntegratedComponent:63 - No mode defined for component null
2024-04-25 18:57:46,319 [WARN] ModelIntegratedComponent:63 - No mode defined for component null
2024-04-25 18:57:46,319 [WARN] ModelIntegratedComponent:63 - No mode defined for component null
2024-04-25 18:57:46,319 [WARN] ModelIntegratedComponent:63 - No mode defined for component null
2024-04-25 18:57:46,319 [WARN] ModelIntegratedComponent:63 - No mode defined for component null
2024-04-25 18:57:46,320 [WARN] ModelIntegratedComponent:63 - No mode defined for component null
2024-04-25 18:57:46,320 [WARN] ModelIntegratedComponent:63 - No mode defined for component null
2024-04-25 18:57:46,320 [WARN] ModelIntegratedComponent:63 - No mode defined for component null
2024-04-25 18:57:46,320 [WARN] ModelIntegratedComponent:63 - No mode defined for component null
2024-04-25 18:57:46,320 [WARN] ModelIntegratedComponent:63 - No mode defined for component null
2024-04-25 18:57:46,320 [WARN] ModelIntegratedComponent:63 - No mode defined for component null
2024-04-25 18:57:46,320 [WARN] ModelIntegratedComponent:63 - No mode defined for component null
2024-04-25 18:57:46,320 [WARN] ModelIntegratedComponent:63 - No mode defined for component null
2024-04-25 18:57:46,320 [WARN] ModelIntegratedComponent:63 - No mode defined for component null
2024-04-25 18:57:46,320 [WARN] ModelIntegratedComponent:63 - No mode defined for component null
2024-04-25 18:57:46,320 [WARN] ModelIntegratedComponent:63 - No mode defined for component null
2024-04-25 18:57:46,320 [WARN] ModelIntegratedComponent:63 - No mode defined for component null
2024-04-25 18:57:46,320 [WARN] ModelIntegratedComponent:63 - No mode defined for component null
2024-04-25 18:57:46,321 [WARN] ModelIntegratedComponent:63 - No mode defined for component null
2024-04-25 18:57:46,321 [WARN] ModelIntegratedComponent:63 - No mode defined for component null
2024-04-25 18:57:46,321 [WARN] ModelIntegratedComponent:63 - No mode defined for component null
2024-04-25 18:57:46,321 [WARN] ModelIntegratedComponent:63 - No mode defined for component null
2024-04-25 18:57:46,321 [WARN] ModelIntegratedComponent:63 - No mode defined for component null
2024-04-25 18:57:46,321 [WARN] ModelIntegratedComponent:63 - No mode defined for component null
2024-04-25 18:57:46,321 [WARN] ModelIntegratedComponent:63 - No mode defined for component null
2024-04-25 18:57:46,321 [WARN] ModelIntegratedComponent:63 - No mode defined for component null
2024-04-25 18:57:46,321 [WARN] ModelIntegratedComponent:63 - No mode defined for component null
2024-04-25 18:57:46,321 [WARN] ModelIntegratedComponent:63 - No mode defined for component null
2024-04-25 18:57:46,322 [WARN] ModelIntegratedComponent:63 - No mode defined for component null
2024-04-25 18:57:46,322 [WARN] ModelIntegratedComponent:63 - No mode defined for component null
2024-04-25 18:57:46,322 [WARN] ModelIntegratedComponent:63 - No mode defined for component null
2024-04-25 18:57:46,322 [WARN] ModelIntegratedComponent:63 - No mode defined for component null
2024-04-25 18:57:46,323 [WARN] ModelIntegratedComponent:63 - No mode defined for component null
2024-04-25 18:57:46,596 [INFO] ThirdPartyModel:298 - Start build external matchings
2024-04-25 18:57:47,398 [INFO] ThirdPartyModel:316 - End build external matchings
2024-04-25 18:57:47,648 [INFO] UtilMem:75 - End LoadConfig() Used Memory: 676323080 Bytes (1073741824)
2024-04-25 18:57:47,688 [WARN] ThirdParty:833 - waiting for thirdparty lock release [change project]
2024-04-25 18:57:47,689 [INFO] ThirdParty:835 - entering critical section [change project]
2024-04-25 18:57:47,690 [INFO] ThirdParty:1030 - CMSIS Pack Vendor :STMicroelectronics USBPD 4.1
2024-04-25 18:57:47,690 [INFO] ThirdParty:1030 - CMSIS Pack Vendor :STMicroelectronics X-CUBE-GNSS1 6.0.0
2024-04-25 18:57:47,690 [INFO] ThirdParty:1030 - CMSIS Pack Vendor :STMicroelectronics USB_HOST 2.0.0
2024-04-25 18:57:47,690 [INFO] ThirdParty:1030 - CMSIS Pack Vendor :STMicroelectronics FP-SNS-MOTENVWB1 1.4.0
2024-04-25 18:57:47,691 [INFO] ThirdParty:1030 - CMSIS Pack Vendor :STMicroelectronics X-CUBE-AZRTOS-F4 1.1.0
2024-04-25 18:57:47,691 [INFO] ThirdParty:1030 - CMSIS Pack Vendor :STMicroelectronics LIBJPEG 8.0.0
2024-04-25 18:57:47,691 [INFO] ThirdParty:1030 - CMSIS Pack Vendor :STMicroelectronics X-CUBE-SMBUS 2.1.0
2024-04-25 18:57:47,691 [INFO] ThirdParty:1030 - CMSIS Pack Vendor :STMicroelectronics USB_DEVICE 3.0.0
2024-04-25 18:57:47,691 [INFO] ThirdParty:1030 - CMSIS Pack Vendor :STMicroelectronics X-CUBE-TCPP 4.1.0
2024-04-25 18:57:47,691 [INFO] ThirdParty:1030 - CMSIS Pack Vendor :STMicroelectronics X-CUBE-AZRTOS-WB 2.0.0
2024-04-25 18:57:47,691 [INFO] ThirdParty:1030 - CMSIS Pack Vendor :STMicroelectronics X-CUBE-TOUCHGFX 4.23.2
2024-04-25 18:57:47,691 [INFO] ThirdParty:1030 - CMSIS Pack Vendor :STMicroelectronics X-CUBE-AZRTOS-F7 1.1.0
2024-04-25 18:57:47,692 [INFO] ThirdParty:1030 - CMSIS Pack Vendor :STMicroelectronics X-CUBE-AZRTOS-L5 2.0.0
2024-04-25 18:57:47,692 [INFO] ThirdParty:1030 - CMSIS Pack Vendor :STMicroelectronics USB_DEVICE 2.0.0
2024-04-25 18:57:47,692 [INFO] ThirdParty:1030 - CMSIS Pack Vendor :STMicroelectronics X-CUBE-NFC6 3.1.0
2024-04-25 18:57:47,692 [INFO] ThirdParty:1030 - CMSIS Pack Vendor :STMicroelectronics X-CUBE-ALGOBUILD 1.3.0
2024-04-25 18:57:47,692 [INFO] ThirdParty:1030 - CMSIS Pack Vendor :STMicroelectronics FreeRTOS 0.0.1
2024-04-25 18:57:47,692 [INFO] ThirdParty:1030 - CMSIS Pack Vendor :STMicroelectronics X-CUBE-AZRTOS-G0 1.1.0
2024-04-25 18:57:47,692 [INFO] ThirdParty:1030 - CMSIS Pack Vendor :STMicroelectronics X-CUBE-SAFEA1 1.2.2
2024-04-25 18:57:47,692 [INFO] ThirdParty:1030 - CMSIS Pack Vendor :STMicroelectronics X-CUBE-NFC4 3.0.0
2024-04-25 18:57:47,692 [INFO] ThirdParty:1030 - CMSIS Pack Vendor :STMicroelectronics X-CUBE-SUBG2 5.0.0
2024-04-25 18:57:47,693 [INFO] ThirdParty:1030 - CMSIS Pack Vendor :STMicroelectronics STM32_WPAN 1.0.0
2024-04-25 18:57:47,693 [INFO] ThirdParty:1030 - CMSIS Pack Vendor :STMicroelectronics lwIP 2.0.3
2024-04-25 18:57:47,693 [INFO] ThirdParty:1030 - CMSIS Pack Vendor :STMicroelectronics FP-SNS-FLIGHT1 5.0.2
2024-04-25 18:57:47,693 [INFO] ThirdParty:1030 - CMSIS Pack Vendor :STMicroelectronics USB_HOST 1.0.0
2024-04-25 18:57:47,693 [INFO] ThirdParty:1030 - CMSIS Pack Vendor :STMicroelectronics X-CUBE-AI 9.0.0
2024-04-25 18:57:47,693 [INFO] ThirdParty:1030 - CMSIS Pack Vendor :STMicroelectronics X-CUBE-AZRTOS-G4 2.0.0
2024-04-25 18:57:47,693 [INFO] ThirdParty:1030 - CMSIS Pack Vendor :STMicroelectronics PDM2PCM 3.1.0
2024-04-25 18:57:47,693 [INFO] ThirdParty:1030 - CMSIS Pack Vendor :STMicroelectronics PDM2PCM 3.3.0
2024-04-25 18:57:47,694 [INFO] ThirdParty:1030 - CMSIS Pack Vendor :STMicroelectronics X-CUBE-DISPLAY 3.0.0
2024-04-25 18:57:47,694 [INFO] ThirdParty:1030 - CMSIS Pack Vendor :wolfSSL I-CUBE-wolfSSL 5.7.0
2024-04-25 18:57:47,694 [INFO] ThirdParty:1030 - CMSIS Pack Vendor :STMicroelectronics X-CUBE-BLE1 7.0.0
2024-04-25 18:57:47,694 [INFO] ThirdParty:1030 - CMSIS Pack Vendor :STMicroelectronics FP-ATR-SIGFOX1 3.2.0
2024-04-25 18:57:47,694 [INFO] ThirdParty:1030 - CMSIS Pack Vendor :STMicroelectronics X-CUBE-ISPU 2.0.0
2024-04-25 18:57:47,694 [INFO] ThirdParty:1030 - CMSIS Pack Vendor :STMicroelectronics X-CUBE-EEPRMA1 5.1.0
2024-04-25 18:57:47,694 [INFO] ThirdParty:1030 - CMSIS Pack Vendor :STMicroelectronics HAL Drivers 0.0.0
2024-04-25 18:57:47,694 [INFO] ThirdParty:1030 - CMSIS Pack Vendor :STMicroelectronics MBEDTLS 2.16.2
2024-04-25 18:57:47,694 [INFO] ThirdParty:1030 - CMSIS Pack Vendor :emotas I-CUBE-CANOPEN 1.3.0
2024-04-25 18:57:47,694 [INFO] ThirdParty:1030 - CMSIS Pack Vendor :STMicroelectronics X-CUBE-MEMS1 10.0.0
2024-04-25 18:57:47,694 [INFO] ThirdParty:1030 - CMSIS Pack Vendor :STMicroelectronics X-CUBE-FREERTOS 1.1.0
2024-04-25 18:57:47,694 [INFO] ThirdParty:1030 - CMSIS Pack Vendor :STMicroelectronics X-CUBE-NFC7 1.0.1
2024-04-25 18:57:47,695 [INFO] ThirdParty:1030 - CMSIS Pack Vendor :STMicroelectronics MBEDTLS 2.14.1
2024-04-25 18:57:47,695 [INFO] ThirdParty:1030 - CMSIS Pack Vendor :ITTIA_DB I-CUBE-ITTIADB 8.9.0
2024-04-25 18:57:47,695 [INFO] ThirdParty:1030 - CMSIS Pack Vendor :portGmbH I-Cube-SoM-uGOAL 1.1.0
2024-04-25 18:57:47,695 [INFO] ThirdParty:1030 - CMSIS Pack Vendor :STMicroelectronics X-CUBE-ALS 1.0.1
2024-04-25 18:57:47,695 [INFO] ThirdParty:1030 - CMSIS Pack Vendor :STMicroelectronics X-CUBE-BLEMGR 3.1.0
2024-04-25 18:57:47,695 [INFO] ThirdParty:1030 - CMSIS Pack Vendor :STMicroelectronics ThreadX 1.0.0
2024-04-25 18:57:47,695 [INFO] ThirdParty:1030 - CMSIS Pack Vendor :STMicroelectronics FP-SNS-SMARTAG2 1.2.0
2024-04-25 18:57:47,695 [INFO] ThirdParty:1030 - CMSIS Pack Vendor :STMicroelectronics X-CUBE-AZRTOS-WL 2.0.0
2024-04-25 18:57:47,695 [INFO] ThirdParty:1030 - CMSIS Pack Vendor :SEGGER I-CUBE-embOS 1.3.1
2024-04-25 18:57:47,696 [INFO] ThirdParty:1030 - CMSIS Pack Vendor :STMicroelectronics FP-SNS-MOTENV1 5.0.0
2024-04-25 18:57:47,696 [INFO] ThirdParty:1030 - CMSIS Pack Vendor :STMicroelectronics USB_DEVICE 1.0.0
2024-04-25 18:57:47,696 [INFO] ThirdParty:1030 - CMSIS Pack Vendor :STMicroelectronics X-CUBE-AZRTOS-H7RS 1.0.0
2024-04-25 18:57:47,696 [INFO] ThirdParty:1030 - CMSIS Pack Vendor :STMicroelectronics X-CUBE-AZRTOS-L4 2.0.0
2024-04-25 18:57:47,696 [INFO] ThirdParty:1030 - CMSIS Pack Vendor :STMicroelectronics ThreadX 0.0.2
2024-04-25 18:57:47,696 [INFO] ThirdParty:1030 - CMSIS Pack Vendor :WES I-CUBE-Cesium 1.3.0
2024-04-25 18:57:47,696 [INFO] ThirdParty:1030 - CMSIS Pack Vendor :STMicroelectronics FP-ATR-ASTRA1 2.0.0
2024-04-25 18:57:47,696 [INFO] ThirdParty:1030 - CMSIS Pack Vendor :STMicroelectronics lwIP 2.1.2
2024-04-25 18:57:47,696 [INFO] ThirdParty:1030 - CMSIS Pack Vendor :STMicroelectronics X-CUBE-SFXS2LP1 4.0.0
2024-04-25 18:57:47,697 [INFO] ThirdParty:1030 - CMSIS Pack Vendor :STMicroelectronics X-CUBE-BLE2 3.3.0
2024-04-25 18:57:47,697 [INFO] ThirdParty:1030 - CMSIS Pack Vendor :STMicroelectronics X-CUBE-TOF1 3.4.1
2024-04-25 18:57:47,697 [INFO] ThirdParty:1030 - CMSIS Pack Vendor :STMicroelectronics X-CUBE-AZRTOS-H7 3.2.0
2024-04-25 18:57:47,697 [INFO] ThirdParty:1030 - CMSIS Pack Vendor :Infineon AIROC-Wi-Fi-Bluetooth-STM32 1.6.0
2024-04-25 18:57:47,697 [INFO] ThirdParty:1030 - CMSIS Pack Vendor :STMicroelectronics PDM2PCM 3.2.0
2024-04-25 18:57:47,697 [INFO] ThirdParty:841 - exiting critical section [change project]
2024-04-25 18:57:48,118 [INFO] PinOutPanel:1561 - setPackage(No Configuration,No Configuration)
2024-04-25 18:57:48,120 [INFO] PinOutPanel:1561 - setPackage(STM32F103C6Tx,LQFP48)
2024-04-25 18:57:48,975 [INFO] UtilMem:75 - Before build in PCC Used Memory: 815920296 Bytes (1073741824)
2024-04-25 18:57:50,343 [INFO] UtilMem:75 - After build in PCC Used Memory: 499631024 Bytes (1073741824)
2024-04-25 18:57:50,414 [INFO] IPUIPlugin:80 - create IPUIPlugin
2024-04-25 18:57:50,415 [INFO] IPUIPlugin:80 - create IPUIPlugin
2024-04-25 18:57:50,415 [INFO] IPUIPlugin:80 - create IPUIPlugin
2024-04-25 18:57:50,416 [INFO] IPUIPlugin:80 - create IPUIPlugin
2024-04-25 18:57:50,417 [INFO] IPUIPlugin:80 - create IPUIPlugin
2024-04-25 18:57:50,417 [INFO] IPUIPlugin:80 - create IPUIPlugin
2024-04-25 18:57:50,417 [INFO] IPUIPlugin:80 - create IPUIPlugin
2024-04-25 18:57:50,417 [INFO] IPUIPlugin:80 - create IPUIPlugin
2024-04-25 18:57:50,418 [INFO] IPUIPlugin:80 - create IPUIPlugin
2024-04-25 18:57:50,418 [INFO] IPUIPlugin:80 - create IPUIPlugin
2024-04-25 18:57:50,419 [INFO] IPUIPlugin:80 - create IPUIPlugin
2024-04-25 18:57:50,419 [INFO] IPUIPlugin:80 - create IPUIPlugin
2024-04-25 18:57:50,422 [INFO] IPUIPlugin:80 - create IPUIPlugin
2024-04-25 18:57:50,423 [INFO] IPUIPlugin:80 - create IPUIPlugin
2024-04-25 18:57:50,423 [INFO] IPUIPlugin:80 - create IPUIPlugin
2024-04-25 18:57:50,424 [INFO] IPUIPlugin:80 - create IPUIPlugin
2024-04-25 18:57:50,425 [INFO] IPUIPlugin:80 - create IPUIPlugin
2024-04-25 18:57:50,425 [INFO] IPUIPlugin:80 - create IPUIPlugin
2024-04-25 18:57:50,426 [INFO] IPUIPlugin:80 - create IPUIPlugin
2024-04-25 18:57:50,427 [INFO] IPUIPlugin:80 - create IPUIPlugin
2024-04-25 18:57:50,428 [INFO] IPUIPlugin:80 - create IPUIPlugin
2024-04-25 18:57:50,429 [INFO] IPUIPlugin:80 - create IPUIPlugin
2024-04-25 18:57:50,429 [INFO] IPUIPlugin:80 - create IPUIPlugin
2024-04-25 18:57:50,831 [INFO] CADModel:165 - CPN selected for project levelSTM32F103C6T6A
2024-04-25 18:57:50,831 [INFO] CADModel:114 - Register for checkConnection events
2024-04-25 18:57:50,887 [INFO] OpenFileManager:343 - Restore cursor
2024-04-25 18:57:52,343 [INFO] UtilMem:75 - End SaveConfig() Used Memory: 802175024 Bytes (1073741824)
2024-04-25 18:57:52,432 [INFO] UtilMem:75 - End SaveConfig() Used Memory: 836778384 Bytes (1073741824)
2024-04-25 18:57:53,262 [INFO] BlockDiagram:2759 - set Specific Code input for plugin: NVIC
2024-04-25 18:57:53,262 [INFO] BlockDiagram:2759 - set Specific Code input for plugin: RCC
2024-04-25 18:57:53,265 [INFO] CodeGenerator:807 - code generatio: config db path: C:\ST\STM32CubeIDE_1.15.0\STM32CubeIDE\plugins\com.st.stm32cube.common.mx_6.11.0.202403141607\\db\
2024-04-25 18:57:53,753 [INFO] CodeEngine:255 - oldGeneratedFile, C:\Work\Stm32\led_pin_13\MXTmpFiles\license.tmp_save
2024-04-25 18:57:54,697 [INFO] CodeEngine:279 - Generated code: C:\Work\Stm32\led_pin_13\MXTmpFiles\license.tmp
2024-04-25 18:57:54,766 [INFO] CodeEngine:255 - oldGeneratedFile, C:\Work\Stm32\led_pin_13\Core\Src\stm32f1xx_it.c_save
2024-04-25 18:57:55,240 [INFO] CodeEngine:279 - Generated code: C:\Work\Stm32\led_pin_13\Core\Src\stm32f1xx_it.c
2024-04-25 18:57:55,266 [INFO] CodeEngine:255 - oldGeneratedFile, C:\Work\Stm32\led_pin_13\Core\Inc\stm32f1xx_it.h_save
2024-04-25 18:57:55,563 [INFO] CodeEngine:279 - Generated code: C:\Work\Stm32\led_pin_13\Core\Inc\stm32f1xx_it.h
2024-04-25 18:57:55,887 [INFO] CodeEngine:255 - oldGeneratedFile, C:\Work\Stm32\led_pin_13\Core\Src\stm32f1xx_hal_msp.c_save
2024-04-25 18:57:56,274 [INFO] CodeEngine:279 - Generated code: C:\Work\Stm32\led_pin_13\Core\Src\stm32f1xx_hal_msp.c
2024-04-25 18:57:56,298 [INFO] CodeEngine:255 - oldGeneratedFile, C:\Work\Stm32\led_pin_13\MXTmpFiles\system.tmp_save
2024-04-25 18:57:56,472 [INFO] CodeEngine:279 - Generated code: C:\Work\Stm32\led_pin_13\MXTmpFiles\system.tmp
2024-04-25 18:57:56,513 [INFO] CodeEngine:311 - oldGeneratedFile, C:\Work\Stm32\led_pin_13\Core\Inc\stm32f1xx_hal_conf.h_save
2024-04-25 18:57:56,734 [INFO] CodeEngine:335 - Generated code: C:\Work\Stm32\led_pin_13\Core\Inc\stm32f1xx_hal_conf.h
2024-04-25 18:57:56,847 [INFO] CodeEngine:255 - oldGeneratedFile, C:\Work\Stm32\led_pin_13\Core\Inc\main.h_save
2024-04-25 18:57:57,116 [INFO] CodeEngine:279 - Generated code: C:\Work\Stm32\led_pin_13\Core\Inc\main.h
2024-04-25 18:57:57,149 [INFO] CodeEngine:255 - oldGeneratedFile, C:\Work\Stm32\led_pin_13\Core\Src\main.c_save
2024-04-25 18:57:57,495 [INFO] CodeEngine:279 - Generated code: C:\Work\Stm32\led_pin_13\Core\Src\main.c
2024-04-25 18:57:58,143 [INFO] ProjectBuilder:3163 - Time for Copy HAL[1] : 255mS.
2024-04-25 18:57:58,154 [INFO] ProjectBuilder:4736 - Project Generator version: 4.3.0-B58
2024-04-25 18:57:58,319 [INFO] ConfigFileManager:1503 - The Die is : DIE412
2024-04-25 18:57:58,352 [INFO] ApiDbMcu:508 - Load IP Config File for FATFS
2024-04-25 18:57:58,383 [INFO] ApiDbMcu:508 - Load IP Config File for FREERTOS
2024-04-25 18:57:58,411 [INFO] ApiDbMcu:508 - Load IP Config File for USB_DEVICE
2024-04-25 18:57:59,689 [INFO] LogOutputStream:77 - [STDOUT_REDIRECT] 
2024-04-25 18:58:05,686 [INFO] ProjectBuilder:5002 - Time for Generating toolchain IDE Files: 7531mS.
2024-04-25 18:58:05,688 [INFO] ProjectBuilder:3034 - Time for Copy CMSIS : 2mS.
2024-04-25 18:58:05,694 [INFO] ProjectBuilder:3034 - Time for Copy CMSIS : 0mS.
2024-04-25 18:58:07,627 [INFO] McuFinderGlobals:76 - Set McuFinderConnectedMode to true
2024-04-25 18:58:07,633 [INFO] ApiDb:448 - Save user favorites file C:\Users\Yaroslav Ludchak/.stm32cubeide/favorites.mcus.txt: 0 item(s)
2024-04-25 18:58:07,634 [INFO] ApiDb:452 - User favorites MCUs=[]
2024-04-25 18:58:22,911 [INFO] UtilMem:75 - End SaveConfig() Used Memory: 824478936 Bytes (1073741824)
2024-04-25 18:58:24,008 [INFO] UtilMem:75 - End SaveConfig() Used Memory: 841616768 Bytes (1073741824)
2024-04-25 18:58:26,253 [INFO] UtilMem:75 - End SaveConfig() Used Memory: 901275368 Bytes (1073741824)
2024-04-25 18:58:26,669 [INFO] BlockDiagram:2759 - set Specific Code input for plugin: NVIC
2024-04-25 18:58:26,669 [INFO] BlockDiagram:2759 - set Specific Code input for plugin: GPIO
2024-04-25 18:58:26,669 [INFO] BlockDiagram:2759 - set Specific Code input for plugin: RCC
2024-04-25 18:58:26,671 [INFO] CodeGenerator:807 - code generatio: config db path: C:\ST\STM32CubeIDE_1.15.0\STM32CubeIDE\plugins\com.st.stm32cube.common.mx_6.11.0.202403141607\\db\
2024-04-25 18:58:26,798 [INFO] CodeEngine:255 - oldGeneratedFile, C:\Work\Stm32\led_pin_13\MXTmpFiles\license.tmp_save
2024-04-25 18:58:27,058 [INFO] CodeEngine:279 - Generated code: C:\Work\Stm32\led_pin_13\MXTmpFiles\license.tmp
2024-04-25 18:58:27,206 [INFO] CodeEngine:255 - oldGeneratedFile, C:\Work\Stm32\led_pin_13\MXTmpFiles\gpio.tmp_save
2024-04-25 18:58:27,594 [INFO] CodeEngine:279 - Generated code: C:\Work\Stm32\led_pin_13\MXTmpFiles\gpio.tmp
2024-04-25 18:58:27,740 [INFO] CodeEngine:255 - oldGeneratedFile, C:\Work\Stm32\led_pin_13\Core\Src\stm32f1xx_it.c_save
2024-04-25 18:58:28,024 [INFO] CodeEngine:279 - Generated code: C:\Work\Stm32\led_pin_13\Core\Src\stm32f1xx_it.c
2024-04-25 18:58:28,045 [INFO] CodeEngine:255 - oldGeneratedFile, C:\Work\Stm32\led_pin_13\Core\Inc\stm32f1xx_it.h_save
2024-04-25 18:58:28,205 [INFO] CodeEngine:279 - Generated code: C:\Work\Stm32\led_pin_13\Core\Inc\stm32f1xx_it.h
2024-04-25 18:58:28,250 [INFO] CodeEngine:255 - oldGeneratedFile, C:\Work\Stm32\led_pin_13\Core\Src\stm32f1xx_hal_msp.c_save
2024-04-25 18:58:28,455 [INFO] CodeEngine:279 - Generated code: C:\Work\Stm32\led_pin_13\Core\Src\stm32f1xx_hal_msp.c
2024-04-25 18:58:28,464 [INFO] CodeEngine:255 - oldGeneratedFile, C:\Work\Stm32\led_pin_13\MXTmpFiles\system.tmp_save
2024-04-25 18:58:28,594 [INFO] CodeEngine:279 - Generated code: C:\Work\Stm32\led_pin_13\MXTmpFiles\system.tmp
2024-04-25 18:58:28,628 [INFO] CodeEngine:311 - oldGeneratedFile, C:\Work\Stm32\led_pin_13\Core\Inc\stm32f1xx_hal_conf.h_save
2024-04-25 18:58:28,803 [INFO] CodeEngine:335 - Generated code: C:\Work\Stm32\led_pin_13\Core\Inc\stm32f1xx_hal_conf.h
2024-04-25 18:58:28,873 [INFO] CodeEngine:255 - oldGeneratedFile, C:\Work\Stm32\led_pin_13\Core\Inc\main.h_save
2024-04-25 18:58:29,003 [INFO] CodeEngine:279 - Generated code: C:\Work\Stm32\led_pin_13\Core\Inc\main.h
2024-04-25 18:58:29,023 [INFO] CodeEngine:255 - oldGeneratedFile, C:\Work\Stm32\led_pin_13\Core\Src\main.c_save
2024-04-25 18:58:29,218 [INFO] CodeEngine:279 - Generated code: C:\Work\Stm32\led_pin_13\Core\Src\main.c
2024-04-25 18:58:29,701 [INFO] ProjectBuilder:3163 - Time for Copy HAL[1] : 239mS.
2024-04-25 18:58:29,708 [INFO] ProjectBuilder:4736 - Project Generator version: 4.3.0-B58
2024-04-25 18:58:29,825 [INFO] ConfigFileManager:1503 - The Die is : DIE412
2024-04-25 18:58:31,899 [INFO] ProjectBuilder:5002 - Time for Generating toolchain IDE Files: 2190mS.
2024-04-25 18:58:31,900 [INFO] ProjectBuilder:3034 - Time for Copy CMSIS : 1mS.
2024-04-25 18:58:31,905 [INFO] ProjectBuilder:3034 - Time for Copy CMSIS : 0mS.
2024-04-25 19:19:53,926 [ERROR] ConfigurationRetriever:142 - IOException on connection: sw-center.st.com
2024-04-25 19:19:53,929 [ERROR] ConfigurationRetriever:142 - IOException on connection: sw-center.st.com
2024-04-25 19:19:53,930 [ERROR] ConfigurationRetriever:142 - IOException on connection: sw-center.st.com
2024-04-25 21:29:19,611 [INFO] WebApp:354 - JxBrowser engine has been closed 
