2024-06-26 19:26:27,039 [INFO] NvicIntPanel:101 - NVIC parent = com.st.microxplorer.plugins.ip.nvic.MultiNvicIntPanel[,0,0,0x0,invalid,layout=javax.swing.BoxLayout,alignmentX=0.0,alignmentY=0.0,border=,flags=9,maximumSize=,minimumSize=,preferredSize=]
2024-06-26 19:26:27,274 [INFO] NvicIntPanel:101 - NVIC parent = com.st.microxplorer.plugins.ip.nvic.MultiNvicIntPanel[,0,0,0x0,invalid,layout=javax.swing.BoxLayout,alignmentX=0.0,alignmentY=0.0,border=,flags=9,maximumSize=,minimumSize=,preferredSize=]
2024-06-26 19:26:29,031 [INFO] NvicIntPanel:101 - NVIC parent = com.st.microxplorer.plugins.ip.nvic.MultiNvicIntPanel[,0,0,0x0,invalid,layout=javax.swing.BoxLayout,alignmentX=0.0,alignmentY=0.0,border=,flags=9,maximumSize=,minimumSize=,preferredSize=]
2024-06-26 19:26:29,165 [INFO] NvicIntPanel:101 - NVIC parent = com.st.microxplorer.plugins.ip.nvic.MultiNvicIntPanel[,0,0,0x0,invalid,layout=javax.swing.BoxLayout,alignmentX=0.0,alignmentY=0.0,border=,flags=9,maximumSize=,minimumSize=,preferredSize=]
2024-06-26 19:26:32,533 [INFO] NvicIntPanel:101 - NVIC parent = com.st.microxplorer.plugins.ip.nvic.MultiNvicIntPanel[,0,0,0x0,invalid,layout=javax.swing.BoxLayout,alignmentX=0.0,alignmentY=0.0,border=,flags=9,maximumSize=,minimumSize=,preferredSize=]
2024-06-26 19:26:32,710 [INFO] NvicIntPanel:101 - NVIC parent = com.st.microxplorer.plugins.ip.nvic.MultiNvicIntPanel[,0,0,0x0,invalid,layout=javax.swing.BoxLayout,alignmentX=0.0,alignmentY=0.0,border=,flags=9,maximumSize=,minimumSize=,preferredSize=]
2024-06-26 19:28:36,795 [INFO] Gpio:277 - dependency for GPIO [RCC, SPI2, SYS]
2024-06-26 19:31:27,111 [INFO] UtilMem:75 - End SaveConfig() Used Memory: 318308544 Bytes (597688320)
2024-06-26 19:31:28,178 [INFO] UtilMem:75 - End SaveConfig() Used Memory: 453669240 Bytes (597688320)
2024-06-26 19:31:30,779 [INFO] UtilMem:75 - End SaveConfig() Used Memory: 494932528 Bytes (597688320)
2024-06-26 19:31:31,817 [INFO] BlockDiagram:2759 - set Specific Code input for plugin: SPI
2024-06-26 19:31:31,818 [INFO] BlockDiagram:2759 - set Specific Code input for plugin: NVIC
2024-06-26 19:31:31,819 [INFO] BlockDiagram:2759 - set Specific Code input for plugin: SYS
2024-06-26 19:31:31,820 [INFO] BlockDiagram:2759 - set Specific Code input for plugin: GPIO
2024-06-26 19:31:31,820 [INFO] BlockDiagram:2759 - set Specific Code input for plugin: RCC
2024-06-26 19:31:31,825 [INFO] CodeGenerator:807 - code generatio: config db path: C:\ST\STM32CubeIDE_1.15.0\STM32CubeIDE\plugins\com.st.stm32cube.common.mx_6.11.1.202404110753\\db\
2024-06-26 19:31:32,150 [INFO] CodeEngine:255 - oldGeneratedFile, C:\Work\Stm32\Test_At24cXX\MXTmpFiles\license.tmp_save
2024-06-26 19:31:32,997 [INFO] CodeEngine:279 - Generated code: C:\Work\Stm32\Test_At24cXX\MXTmpFiles\license.tmp
2024-06-26 19:31:33,335 [INFO] CodeEngine:255 - oldGeneratedFile, C:\Work\Stm32\Test_At24cXX\MXTmpFiles\gpio.tmp_save
2024-06-26 19:31:33,703 [INFO] CodeEngine:279 - Generated code: C:\Work\Stm32\Test_At24cXX\MXTmpFiles\gpio.tmp
2024-06-26 19:31:33,968 [INFO] CodeEngine:255 - oldGeneratedFile, C:\Work\Stm32\Test_At24cXX\Core\Src\stm32f1xx_it.c_save
2024-06-26 19:31:34,314 [INFO] CodeEngine:279 - Generated code: C:\Work\Stm32\Test_At24cXX\Core\Src\stm32f1xx_it.c
2024-06-26 19:31:34,368 [INFO] CodeEngine:255 - oldGeneratedFile, C:\Work\Stm32\Test_At24cXX\Core\Inc\stm32f1xx_it.h_save
2024-06-26 19:31:34,602 [INFO] CodeEngine:279 - Generated code: C:\Work\Stm32\Test_At24cXX\Core\Inc\stm32f1xx_it.h
2024-06-26 19:31:34,704 [INFO] CodeEngine:255 - oldGeneratedFile, C:\Work\Stm32\Test_At24cXX\Core\Src\stm32f1xx_hal_msp.c_save
2024-06-26 19:31:35,060 [INFO] CodeEngine:279 - Generated code: C:\Work\Stm32\Test_At24cXX\Core\Src\stm32f1xx_hal_msp.c
2024-06-26 19:31:35,092 [INFO] CodeEngine:255 - oldGeneratedFile, C:\Work\Stm32\Test_At24cXX\MXTmpFiles\system.tmp_save
2024-06-26 19:31:35,293 [INFO] CodeEngine:279 - Generated code: C:\Work\Stm32\Test_At24cXX\MXTmpFiles\system.tmp
2024-06-26 19:31:35,382 [INFO] CodeEngine:311 - oldGeneratedFile, C:\Work\Stm32\Test_At24cXX\Core\Inc\stm32f1xx_hal_conf.h_save
2024-06-26 19:31:35,633 [INFO] CodeEngine:335 - Generated code: C:\Work\Stm32\Test_At24cXX\Core\Inc\stm32f1xx_hal_conf.h
2024-06-26 19:31:35,802 [INFO] CodeEngine:255 - oldGeneratedFile, C:\Work\Stm32\Test_At24cXX\Core\Inc\main.h_save
2024-06-26 19:31:36,061 [INFO] CodeEngine:279 - Generated code: C:\Work\Stm32\Test_At24cXX\Core\Inc\main.h
2024-06-26 19:31:36,108 [INFO] CodeEngine:255 - oldGeneratedFile, C:\Work\Stm32\Test_At24cXX\Core\Src\main.c_save
2024-06-26 19:31:36,483 [INFO] CodeEngine:279 - Generated code: C:\Work\Stm32\Test_At24cXX\Core\Src\main.c
2024-06-26 19:31:37,398 [INFO] ProjectBuilder:3163 - Time for Copy HAL[1] : 568mS.
2024-06-26 19:31:37,417 [INFO] ProjectBuilder:4736 - Project Generator version: 4.3.0-B58
2024-06-26 19:31:37,611 [INFO] ConfigFileManager:1503 - The Die is : DIE410
2024-06-26 19:31:37,653 [INFO] ApiDbMcu:508 - Load IP Config File for FATFS
2024-06-26 19:31:37,693 [INFO] ApiDbMcu:508 - Load IP Config File for FREERTOS
2024-06-26 19:31:37,724 [INFO] ApiDbMcu:508 - Load IP Config File for USB_DEVICE
