2024-06-04 19:55:45,121 [INFO] LogOutputStream:77 - [STDOUT_REDIRECT] 
2024-06-04 19:55:47,892 [INFO] ProjectBuilder:5002 - Time for Generating toolchain IDE Files: 3916mS.
2024-06-04 19:55:47,916 [INFO] ProjectBuilder:3034 - Time for Copy CMSIS : 23mS.
2024-06-04 19:55:47,931 [INFO] ProjectBuilder:3034 - Time for Copy CMSIS : 1mS.
2024-06-04 20:12:36,870 [INFO] MainUpdater:2873 - connection check result : 10
2024-06-04 20:12:36,871 [INFO] MainUpdater:2873 - connection check result : 10
2024-06-04 20:12:36,888 [INFO] MicroXplorer:468 - Change Database Path : 
2024-06-04 20:12:36,888 [INFO] MicroXplorer:498 - Change Database Version : DB.6.0.111
2024-06-04 20:12:36,902 [ERROR] ProjectManagerView:394 - 
java.lang.NullPointerException: Cannot invoke "javax.swing.JTextField.getText()" because the return value of "java.util.List.get(int)" is null
	at com.st.microxplorer.plugins.projectmanager.gui.ProjectChoiceTab$10.caretUpdate(ProjectChoiceTab.java:2504) ~[filemanager.jar:?]
	at javax.swing.text.JTextComponent.fireCaretUpdate(JTextComponent.java:412) ~[?:?]
	at javax.swing.text.JTextComponent$MutableCaretEvent.fire(JTextComponent.java:4491) ~[?:?]
	at javax.swing.text.JTextComponent$MutableCaretEvent.stateChanged(JTextComponent.java:4513) ~[?:?]
	at javax.swing.text.DefaultCaret.fireStateChanged(DefaultCaret.java:842) ~[?:?]
	at javax.swing.text.DefaultCaret.changeCaretPosition(DefaultCaret.java:1313) ~[?:?]
	at javax.swing.text.DefaultCaret.handleSetDot(DefaultCaret.java:1212) ~[?:?]
	at javax.swing.text.DefaultCaret.setDot(DefaultCaret.java:1193) ~[?:?]
	at javax.swing.text.DefaultCaret$Handler.insertUpdate(DefaultCaret.java:1789) ~[?:?]
	at javax.swing.text.AbstractDocument.fireInsertUpdate(AbstractDocument.java:226) ~[?:?]
	at javax.swing.text.AbstractDocument.handleInsertString(AbstractDocument.java:780) ~[?:?]
	at javax.swing.text.AbstractDocument.insertString(AbstractDocument.java:739) ~[?:?]
	at javax.swing.text.PlainDocument.insertString(PlainDocument.java:131) ~[?:?]
	at javax.swing.text.AbstractDocument.replace(AbstractDocument.java:698) ~[?:?]
	at javax.swing.text.JTextComponent.setText(JTextComponent.java:1729) ~[?:?]
	at com.st.microxplorer.plugins.projectmanager.gui.ProjectChoiceTab.createHeapStackFields(ProjectChoiceTab.java:944) ~[filemanager.jar:?]
	at com.st.microxplorer.plugins.projectmanager.gui.ProjectChoiceTab.buildLinkSettingsPanel(ProjectChoiceTab.java:3475) ~[filemanager.jar:?]
	at com.st.microxplorer.plugins.projectmanager.gui.ProjectChoiceTab.defineWindowsFields(ProjectChoiceTab.java:1816) ~[filemanager.jar:?]
	at com.st.microxplorer.plugins.projectmanager.gui.ProjectChoiceTab.updateSettings(ProjectChoiceTab.java:544) ~[filemanager.jar:?]
	at com.st.microxplorer.plugins.projectmanager.gui.ProjectSettingsPanel.UpdateDialog(ProjectSettingsPanel.java:245) ~[filemanager.jar:?]
	at com.st.microxplorer.plugins.projectmanager.ProjectManagerView.propertyChange(ProjectManagerView.java:391) ~[filemanager.jar:?]
	at java.beans.PropertyChangeSupport.fire(PropertyChangeSupport.java:343) ~[?:?]
	at java.beans.PropertyChangeSupport.firePropertyChange(PropertyChangeSupport.java:335) ~[?:?]
	at java.beans.PropertyChangeSupport.firePropertyChange(PropertyChangeSupport.java:268) ~[?:?]
	at com.st.microxplorer.util.MXPropertyChangeSupport.firePropertyChange(MXPropertyChangeSupport.java:54) ~[STM32CubeMX.jar:?]
	at com.st.microxplorer.mxsystem.MxSystem.closeConfig(MxSystem.java:900) ~[STM32CubeMX.jar:?]
	at com.st.microxplorer.maingui.MainPanel.closeConfig(MainPanel.java:776) ~[STM32CubeMX.jar:?]
	at com.st.microxplorer.plugins.filemanager.engine.OpenFileManager.loadConfigurationFile(OpenFileManager.java:245) ~[filemanager.jar:?]
	at com.st.microxplorer.plugins.filemanager.engine.MainFileManager.userLoadConfig(MainFileManager.java:315) ~[filemanager.jar:?]
	at com.st.microxplorer.plugins.filemanager.engine.MainFileManager.userLoadConfig(MainFileManager.java:293) ~[filemanager.jar:?]
	at com.st.microxplorer.plugins.filemanager.FileManagerView.getSpecificTask(FileManagerView.java:247) ~[filemanager.jar:?]
	at com.st.stm32cube.common.mx.editor.CubeMxEditor.getMxTabbedPaneInstance(CubeMxEditor.java:1198) ~[com.st.stm32cube.common.mx_6.11.1.202404110753/:?]
	at com.st.stm32cube.common.mx.editor.CubeMxEditor$12$1.createSwingComponent(CubeMxEditor.java:1068) ~[com.st.stm32cube.common.mx_6.11.1.202404110753/:?]
	at com.st.stm32cube.common.mx.oss.core.awtswtbridge.EmbeddedSwingComposite.doComponentCreation(EmbeddedSwingComposite.java:492) ~[com.st.stm32cube.common.mx.oss_6.11.1.202404110753/:?]
	at com.st.stm32cube.common.mx.oss.core.awtswtbridge.EmbeddedSwingComposite$4.run(EmbeddedSwingComposite.java:291) ~[com.st.stm32cube.common.mx.oss_6.11.1.202404110753/:?]
	at com.st.stm32cube.common.mx.oss.core.awtswtbridge.AwtEnvironment$2.run(AwtEnvironment.java:166) ~[com.st.stm32cube.common.mx.oss_6.11.1.202404110753/:?]
	at java.awt.event.InvocationEvent.dispatch(InvocationEvent.java:318) ~[?:?]
	at java.awt.EventQueue.dispatchEventImpl(EventQueue.java:773) ~[?:?]
	at java.awt.EventQueue$4.run(EventQueue.java:720) ~[?:?]
	at java.awt.EventQueue$4.run(EventQueue.java:714) ~[?:?]
	at java.security.AccessController.doPrivileged(AccessController.java:399) ~[?:?]
	at java.security.ProtectionDomain$JavaSecurityAccessImpl.doIntersectionPrivilege(ProtectionDomain.java:86) ~[?:?]
	at java.awt.EventQueue.dispatchEvent(EventQueue.java:742) ~[?:?]
	at java.awt.EventDispatchThread.pumpOneEventForFilters(EventDispatchThread.java:203) ~[?:?]
	at java.awt.EventDispatchThread.pumpEventsForFilter(EventDispatchThread.java:124) ~[?:?]
	at java.awt.EventDispatchThread.pumpEventsForHierarchy(EventDispatchThread.java:113) ~[?:?]
	at java.awt.EventDispatchThread.pumpEvents(EventDispatchThread.java:109) ~[?:?]
	at java.awt.EventDispatchThread.pumpEvents(EventDispatchThread.java:101) ~[?:?]
	at java.awt.EventDispatchThread.run(EventDispatchThread.java:90) ~[?:?]
2024-06-04 20:12:36,918 [WARN] ThirdParty:871 - waiting for thirdparty lock release [close project]
2024-06-04 20:12:36,918 [INFO] ThirdParty:873 - entering critical section [close project]
2024-06-04 20:12:36,918 [INFO] ThirdParty:883 - exiting critical section [close project]
2024-06-04 20:12:36,920 [INFO] PinOutPanel:1561 - setPackage(No Configuration,No Configuration)
2024-06-04 20:12:36,930 [INFO] UtilMem:75 - Begin LoadConfig() Used Memory: 591789744 Bytes (783286272)
2024-06-04 20:12:36,931 [INFO] MicroXplorer:468 - Change Database Path : 
2024-06-04 20:12:36,931 [INFO] MicroXplorer:498 - Change Database Version : DB.6.0.111
2024-06-04 20:12:36,931 [INFO] OpenFileManager:312 - Change cursor
2024-06-04 20:12:36,973 [INFO] RulesReader:64 - Compatibility file has been processed (297 Rules)
2024-06-04 20:12:36,990 [INFO] Mcu:2021 - Initializing MCU STM32F103C(4-6)Tx STM32F103C6Tx STM32F103C6T6A
2024-06-04 20:12:37,791 [INFO] Context:663 - Trying to add GPIOservice into a context  which must be forbidden
2024-06-04 20:12:37,957 [INFO] RtosManager:555 - Registered RTOS mode: class=CMSIS, group=RTOS, mode=CMSIS_V1, owner=FREERTOS
2024-06-04 20:12:37,957 [INFO] RtosManager:555 - Registered RTOS mode: class=CMSIS, group=RTOS2, mode=CMSIS_V2, owner=FREERTOS
2024-06-04 20:12:37,957 [INFO] RtosManager:555 - Registered RTOS mode: class=RTOS, group=Core, mode=CMSIS_V1, owner=FREERTOS
2024-06-04 20:12:37,957 [INFO] RtosManager:555 - Registered RTOS mode: class=RTOS, group=Core, mode=CMSIS_V2, owner=FREERTOS
2024-06-04 20:12:37,957 [WARN] ModelIntegratedComponent:184 - Missing modes for component STMicroelectronics:FreeRTOS:0.0.1:STMicroelectronics:RTOS:FreeRTOS:Core:::10.2.0:
2024-06-04 20:12:37,965 [WARN] ModelIntegratedComponent:63 - No mode defined for component null
2024-06-04 20:12:37,966 [WARN] ModelIntegratedComponent:63 - No mode defined for component null
2024-06-04 20:12:37,966 [WARN] ModelIntegratedComponent:63 - No mode defined for component null
2024-06-04 20:12:37,966 [WARN] ModelIntegratedComponent:63 - No mode defined for component null
2024-06-04 20:12:37,966 [WARN] ModelIntegratedComponent:63 - No mode defined for component null
2024-06-04 20:12:37,966 [WARN] ModelIntegratedComponent:63 - No mode defined for component null
2024-06-04 20:12:37,966 [WARN] ModelIntegratedComponent:63 - No mode defined for component null
2024-06-04 20:12:37,966 [WARN] ModelIntegratedComponent:63 - No mode defined for component null
2024-06-04 20:12:37,966 [WARN] ModelIntegratedComponent:63 - No mode defined for component null
2024-06-04 20:12:37,966 [WARN] ModelIntegratedComponent:63 - No mode defined for component null
2024-06-04 20:12:37,966 [WARN] ModelIntegratedComponent:63 - No mode defined for component null
2024-06-04 20:12:37,966 [WARN] ModelIntegratedComponent:63 - No mode defined for component null
2024-06-04 20:12:37,967 [WARN] ModelIntegratedComponent:63 - No mode defined for component null
2024-06-04 20:12:37,967 [WARN] ModelIntegratedComponent:63 - No mode defined for component null
2024-06-04 20:12:37,967 [WARN] ModelIntegratedComponent:63 - No mode defined for component null
2024-06-04 20:12:37,967 [WARN] ModelIntegratedComponent:63 - No mode defined for component null
2024-06-04 20:12:37,967 [WARN] ModelIntegratedComponent:63 - No mode defined for component null
2024-06-04 20:12:37,967 [WARN] ModelIntegratedComponent:63 - No mode defined for component null
2024-06-04 20:12:37,967 [WARN] ModelIntegratedComponent:63 - No mode defined for component null
2024-06-04 20:12:37,967 [WARN] ModelIntegratedComponent:63 - No mode defined for component null
2024-06-04 20:12:37,968 [WARN] ModelIntegratedComponent:63 - No mode defined for component null
2024-06-04 20:12:37,968 [WARN] ModelIntegratedComponent:63 - No mode defined for component null
2024-06-04 20:12:37,968 [WARN] ModelIntegratedComponent:63 - No mode defined for component null
2024-06-04 20:12:37,968 [WARN] ModelIntegratedComponent:63 - No mode defined for component null
2024-06-04 20:12:37,968 [WARN] ModelIntegratedComponent:63 - No mode defined for component null
2024-06-04 20:12:37,968 [WARN] ModelIntegratedComponent:63 - No mode defined for component null
2024-06-04 20:12:37,968 [WARN] ModelIntegratedComponent:63 - No mode defined for component null
2024-06-04 20:12:37,968 [WARN] ModelIntegratedComponent:63 - No mode defined for component null
2024-06-04 20:12:37,969 [WARN] ModelIntegratedComponent:63 - No mode defined for component null
2024-06-04 20:12:37,969 [WARN] ModelIntegratedComponent:63 - No mode defined for component null
2024-06-04 20:12:37,969 [WARN] ModelIntegratedComponent:63 - No mode defined for component null
2024-06-04 20:12:37,969 [WARN] ModelIntegratedComponent:63 - No mode defined for component null
2024-06-04 20:12:37,969 [WARN] ModelIntegratedComponent:63 - No mode defined for component null
2024-06-04 20:12:37,969 [WARN] ModelIntegratedComponent:63 - No mode defined for component null
2024-06-04 20:12:38,071 [INFO] ThirdPartyModel:298 - Start build external matchings
2024-06-04 20:12:38,444 [INFO] ThirdPartyModel:316 - End build external matchings
2024-06-04 20:12:38,459 [INFO] ImportTextPane:194 - (OptionalMessage_ERROR) IP (RCC) : Parameter (ADCFreqValue) has invalid value (36000000)
2024-06-04 20:12:38,459 [INFO] ImportTextPane:194 - (OptionalMessage_ERROR) IP (RCC) : Invalid parameter (FamilyName)
2024-06-04 20:12:38,459 [INFO] ImportTextPane:194 - (OptionalMessage_ERROR) IP (RCC) : Parameter (MCOFreq_Value) has invalid value (72000000)
2024-06-04 20:12:38,460 [INFO] ImportTextPane:194 - (OptionalMessage_ERROR) IP (RCC) : Parameter (USBFreq_Value) has invalid value (72000000)
2024-06-04 20:12:38,702 [INFO] UtilMem:75 - End LoadConfig() Used Memory: 631153416 Bytes (783286272)
2024-06-04 20:12:39,045 [WARN] ThirdParty:833 - waiting for thirdparty lock release [change project]
2024-06-04 20:12:39,045 [INFO] ThirdParty:835 - entering critical section [change project]
2024-06-04 20:12:39,045 [INFO] ThirdParty:1030 - CMSIS Pack Vendor :STMicroelectronics USBPD 4.1
2024-06-04 20:12:39,045 [INFO] ThirdParty:1030 - CMSIS Pack Vendor :STMicroelectronics X-CUBE-GNSS1 6.0.0
2024-06-04 20:12:39,045 [INFO] ThirdParty:1030 - CMSIS Pack Vendor :STMicroelectronics USB_HOST 2.0.0
2024-06-04 20:12:39,045 [INFO] ThirdParty:1030 - CMSIS Pack Vendor :STMicroelectronics FP-SNS-MOTENVWB1 1.4.0
2024-06-04 20:12:39,045 [INFO] ThirdParty:1030 - CMSIS Pack Vendor :STMicroelectronics X-CUBE-AZRTOS-F4 1.1.0
2024-06-04 20:12:39,045 [INFO] ThirdParty:1030 - CMSIS Pack Vendor :STMicroelectronics LIBJPEG 8.0.0
2024-06-04 20:12:39,045 [INFO] ThirdParty:1030 - CMSIS Pack Vendor :STMicroelectronics X-CUBE-SMBUS 2.1.0
2024-06-04 20:12:39,045 [INFO] ThirdParty:1030 - CMSIS Pack Vendor :STMicroelectronics USB_DEVICE 3.0.0
2024-06-04 20:12:39,045 [INFO] ThirdParty:1030 - CMSIS Pack Vendor :STMicroelectronics X-CUBE-TCPP 4.1.0
2024-06-04 20:12:39,046 [INFO] ThirdParty:1030 - CMSIS Pack Vendor :STMicroelectronics X-CUBE-FREERTOS 1.2.0
2024-06-04 20:12:39,046 [INFO] ThirdParty:1030 - CMSIS Pack Vendor :STMicroelectronics X-CUBE-AZRTOS-WB 2.0.0
2024-06-04 20:12:39,046 [INFO] ThirdParty:1030 - CMSIS Pack Vendor :STMicroelectronics X-CUBE-TOUCHGFX 4.23.2
2024-06-04 20:12:39,046 [INFO] ThirdParty:1030 - CMSIS Pack Vendor :STMicroelectronics X-CUBE-AZRTOS-F7 1.1.0
2024-06-04 20:12:39,046 [INFO] ThirdParty:1030 - CMSIS Pack Vendor :STMicroelectronics X-CUBE-AZRTOS-L5 2.0.0
2024-06-04 20:12:39,046 [INFO] ThirdParty:1030 - CMSIS Pack Vendor :STMicroelectronics USB_DEVICE 2.0.0
2024-06-04 20:12:39,046 [INFO] ThirdParty:1030 - CMSIS Pack Vendor :STMicroelectronics X-CUBE-NFC6 3.1.0
2024-06-04 20:12:39,046 [INFO] ThirdParty:1030 - CMSIS Pack Vendor :STMicroelectronics X-CUBE-ALGOBUILD 1.3.0
2024-06-04 20:12:39,046 [INFO] ThirdParty:1030 - CMSIS Pack Vendor :STMicroelectronics FreeRTOS 0.0.1
2024-06-04 20:12:39,046 [INFO] ThirdParty:1030 - CMSIS Pack Vendor :STMicroelectronics X-CUBE-AZRTOS-G0 1.1.0
2024-06-04 20:12:39,046 [INFO] ThirdParty:1030 - CMSIS Pack Vendor :STMicroelectronics X-CUBE-SAFEA1 1.2.2
2024-06-04 20:12:39,046 [INFO] ThirdParty:1030 - CMSIS Pack Vendor :STMicroelectronics X-CUBE-NFC4 3.0.0
2024-06-04 20:12:39,046 [INFO] ThirdParty:1030 - CMSIS Pack Vendor :STMicroelectronics X-CUBE-SUBG2 5.0.0
2024-06-04 20:12:39,046 [INFO] ThirdParty:1030 - CMSIS Pack Vendor :STMicroelectronics STM32_WPAN 1.0.0
2024-06-04 20:12:39,047 [INFO] ThirdParty:1030 - CMSIS Pack Vendor :wolfSSL I-CUBE-wolfMQTT 1.18.0
2024-06-04 20:12:39,047 [INFO] ThirdParty:1030 - CMSIS Pack Vendor :STMicroelectronics lwIP 2.0.3
2024-06-04 20:12:39,047 [INFO] ThirdParty:1030 - CMSIS Pack Vendor :STMicroelectronics FP-SNS-FLIGHT1 5.0.2
2024-06-04 20:12:39,047 [INFO] ThirdParty:1030 - CMSIS Pack Vendor :STMicroelectronics USB_HOST 1.0.0
2024-06-04 20:12:39,047 [INFO] ThirdParty:1030 - CMSIS Pack Vendor :STMicroelectronics X-CUBE-AI 9.0.0
2024-06-04 20:12:39,047 [INFO] ThirdParty:1030 - CMSIS Pack Vendor :STMicroelectronics X-CUBE-AZRTOS-G4 2.0.0
2024-06-04 20:12:39,047 [INFO] ThirdParty:1030 - CMSIS Pack Vendor :STMicroelectronics PDM2PCM 3.1.0
2024-06-04 20:12:39,048 [INFO] ThirdParty:1030 - CMSIS Pack Vendor :STMicroelectronics PDM2PCM 3.3.0
2024-06-04 20:12:39,048 [INFO] ThirdParty:1030 - CMSIS Pack Vendor :STMicroelectronics X-CUBE-DISPLAY 3.0.0
2024-06-04 20:12:39,048 [INFO] ThirdParty:1030 - CMSIS Pack Vendor :wolfSSL I-CUBE-wolfSSL 5.7.0
2024-06-04 20:12:39,048 [INFO] ThirdParty:1030 - CMSIS Pack Vendor :STMicroelectronics X-CUBE-BLE1 7.0.0
2024-06-04 20:12:39,048 [INFO] ThirdParty:1030 - CMSIS Pack Vendor :STMicroelectronics FP-ATR-SIGFOX1 3.2.0
2024-06-04 20:12:39,048 [INFO] ThirdParty:1030 - CMSIS Pack Vendor :STMicroelectronics X-CUBE-ISPU 2.0.0
2024-06-04 20:12:39,048 [INFO] ThirdParty:1030 - CMSIS Pack Vendor :STMicroelectronics X-CUBE-EEPRMA1 5.1.0
2024-06-04 20:12:39,049 [INFO] ThirdParty:1030 - CMSIS Pack Vendor :STMicroelectronics HAL Drivers 0.0.0
2024-06-04 20:12:39,049 [INFO] ThirdParty:1030 - CMSIS Pack Vendor :STMicroelectronics MBEDTLS 2.16.2
2024-06-04 20:12:39,049 [INFO] ThirdParty:1030 - CMSIS Pack Vendor :STMicroelectronics X-CUBE-ALS 1.0.2
2024-06-04 20:12:39,049 [INFO] ThirdParty:1030 - CMSIS Pack Vendor :emotas I-CUBE-CANOPEN 1.3.0
2024-06-04 20:12:39,049 [INFO] ThirdParty:1030 - CMSIS Pack Vendor :STMicroelectronics X-CUBE-MEMS1 10.0.0
2024-06-04 20:12:39,049 [INFO] ThirdParty:1030 - CMSIS Pack Vendor :STMicroelectronics X-CUBE-FREERTOS 1.1.0
2024-06-04 20:12:39,049 [INFO] ThirdParty:1030 - CMSIS Pack Vendor :STMicroelectronics X-CUBE-NFC7 1.0.1
2024-06-04 20:12:39,049 [INFO] ThirdParty:1030 - CMSIS Pack Vendor :STMicroelectronics MBEDTLS 2.14.1
2024-06-04 20:12:39,049 [INFO] ThirdParty:1030 - CMSIS Pack Vendor :ITTIA_DB I-CUBE-ITTIADB 8.9.0
2024-06-04 20:12:39,049 [INFO] ThirdParty:1030 - CMSIS Pack Vendor :portGmbH I-Cube-SoM-uGOAL 1.1.0
2024-06-04 20:12:39,049 [INFO] ThirdParty:1030 - CMSIS Pack Vendor :STMicroelectronics X-CUBE-ALS 1.0.1
2024-06-04 20:12:39,049 [INFO] ThirdParty:1030 - CMSIS Pack Vendor :STMicroelectronics X-CUBE-BLEMGR 3.1.0
2024-06-04 20:12:39,049 [INFO] ThirdParty:1030 - CMSIS Pack Vendor :STMicroelectronics ThreadX 1.0.0
2024-06-04 20:12:39,049 [INFO] ThirdParty:1030 - CMSIS Pack Vendor :STMicroelectronics FP-SNS-SMARTAG2 1.2.0
2024-06-04 20:12:39,050 [INFO] ThirdParty:1030 - CMSIS Pack Vendor :STMicroelectronics X-CUBE-AZRTOS-WL 2.0.0
2024-06-04 20:12:39,050 [INFO] ThirdParty:1030 - CMSIS Pack Vendor :SEGGER I-CUBE-embOS 1.3.1
2024-06-04 20:12:39,050 [INFO] ThirdParty:1030 - CMSIS Pack Vendor :STMicroelectronics X-CUBE-ALGOBUILD 1.4.0
2024-06-04 20:12:39,050 [INFO] ThirdParty:1030 - CMSIS Pack Vendor :STMicroelectronics FP-SNS-MOTENV1 5.0.0
2024-06-04 20:12:39,050 [INFO] ThirdParty:1030 - CMSIS Pack Vendor :STMicroelectronics USB_DEVICE 1.0.0
2024-06-04 20:12:39,050 [INFO] ThirdParty:1030 - CMSIS Pack Vendor :STMicroelectronics X-CUBE-AZRTOS-H7RS 1.0.0
2024-06-04 20:12:39,050 [INFO] ThirdParty:1030 - CMSIS Pack Vendor :STMicroelectronics X-CUBE-AZRTOS-L4 2.0.0
2024-06-04 20:12:39,050 [INFO] ThirdParty:1030 - CMSIS Pack Vendor :STMicroelectronics ThreadX 0.0.2
2024-06-04 20:12:39,050 [INFO] ThirdParty:1030 - CMSIS Pack Vendor :WES I-CUBE-Cesium 1.3.0
2024-06-04 20:12:39,050 [INFO] ThirdParty:1030 - CMSIS Pack Vendor :STMicroelectronics FP-ATR-ASTRA1 2.0.0
2024-06-04 20:12:39,050 [INFO] ThirdParty:1030 - CMSIS Pack Vendor :STMicroelectronics lwIP 2.1.2
2024-06-04 20:12:39,050 [INFO] ThirdParty:1030 - CMSIS Pack Vendor :STMicroelectronics X-CUBE-SFXS2LP1 4.0.0
2024-06-04 20:12:39,050 [INFO] ThirdParty:1030 - CMSIS Pack Vendor :STMicroelectronics X-CUBE-BLE2 3.3.0
2024-06-04 20:12:39,050 [INFO] ThirdParty:1030 - CMSIS Pack Vendor :STMicroelectronics X-CUBE-TOF1 3.4.1
2024-06-04 20:12:39,051 [INFO] ThirdParty:1030 - CMSIS Pack Vendor :STMicroelectronics X-CUBE-AZRTOS-H7 3.2.0
2024-06-04 20:12:39,051 [INFO] ThirdParty:1030 - CMSIS Pack Vendor :Infineon AIROC-Wi-Fi-Bluetooth-STM32 1.6.0
2024-06-04 20:12:39,051 [INFO] ThirdParty:1030 - CMSIS Pack Vendor :STMicroelectronics PDM2PCM 3.2.0
2024-06-04 20:12:39,051 [INFO] ThirdParty:841 - exiting critical section [change project]
2024-06-04 20:12:39,270 [INFO] PinOutPanel:1561 - setPackage(No Configuration,No Configuration)
2024-06-04 20:12:39,272 [INFO] PinOutPanel:1561 - setPackage(STM32F103C6Tx,LQFP48)
2024-06-04 20:12:39,619 [INFO] UtilMem:75 - Before build in PCC Used Memory: 318856000 Bytes (783286272)
2024-06-04 20:12:40,055 [INFO] UtilMem:75 - After build in PCC Used Memory: 362369856 Bytes (783286272)
2024-06-04 20:12:40,096 [INFO] IPUIPlugin:80 - create IPUIPlugin
2024-06-04 20:12:40,096 [INFO] IPUIPlugin:80 - create IPUIPlugin
2024-06-04 20:12:40,096 [INFO] IPUIPlugin:80 - create IPUIPlugin
2024-06-04 20:12:40,097 [INFO] IPUIPlugin:80 - create IPUIPlugin
2024-06-04 20:12:40,097 [INFO] IPUIPlugin:80 - create IPUIPlugin
2024-06-04 20:12:40,097 [INFO] IPUIPlugin:80 - create IPUIPlugin
2024-06-04 20:12:40,097 [INFO] IPUIPlugin:80 - create IPUIPlugin
2024-06-04 20:12:40,098 [INFO] IPUIPlugin:80 - create IPUIPlugin
2024-06-04 20:12:40,098 [INFO] IPUIPlugin:80 - create IPUIPlugin
2024-06-04 20:12:40,098 [INFO] IPUIPlugin:80 - create IPUIPlugin
2024-06-04 20:12:40,098 [INFO] IPUIPlugin:80 - create IPUIPlugin
2024-06-04 20:12:40,098 [INFO] IPUIPlugin:80 - create IPUIPlugin
2024-06-04 20:12:40,098 [INFO] IPUIPlugin:80 - create IPUIPlugin
2024-06-04 20:12:40,099 [INFO] IPUIPlugin:80 - create IPUIPlugin
2024-06-04 20:12:40,099 [INFO] IPUIPlugin:80 - create IPUIPlugin
2024-06-04 20:12:40,099 [INFO] IPUIPlugin:80 - create IPUIPlugin
2024-06-04 20:12:40,099 [INFO] IPUIPlugin:80 - create IPUIPlugin
2024-06-04 20:12:40,099 [INFO] IPUIPlugin:80 - create IPUIPlugin
2024-06-04 20:12:40,100 [INFO] IPUIPlugin:80 - create IPUIPlugin
2024-06-04 20:12:40,100 [INFO] IPUIPlugin:80 - create IPUIPlugin
2024-06-04 20:12:40,100 [INFO] IPUIPlugin:80 - create IPUIPlugin
2024-06-04 20:12:40,100 [INFO] IPUIPlugin:80 - create IPUIPlugin
2024-06-04 20:12:40,101 [INFO] IPUIPlugin:80 - create IPUIPlugin
2024-06-04 20:12:40,153 [INFO] CADModel:165 - CPN selected for project levelSTM32F103C6T6A
2024-06-04 20:12:40,153 [INFO] CADModel:114 - Register for checkConnection events
2024-06-04 20:12:40,215 [INFO] OpenFileManager:343 - Restore cursor
2024-06-04 20:12:50,810 [INFO] Gpio:277 - dependency for GPIO [RCC, SPI1, SYS, USART2]
2024-06-04 20:35:32,301 [INFO] MainUpdater:2873 - connection check result : 10
2024-06-04 20:35:32,301 [INFO] MainUpdater:2873 - connection check result : 10
2024-06-04 20:35:32,315 [INFO] MicroXplorer:468 - Change Database Path : 
2024-06-04 20:35:32,315 [INFO] MicroXplorer:498 - Change Database Version : DB.6.0.111
2024-06-04 20:35:32,326 [ERROR] ProjectManagerView:394 - 
java.lang.NullPointerException: Cannot invoke "javax.swing.JTextField.getText()" because the return value of "java.util.List.get(int)" is null
	at com.st.microxplorer.plugins.projectmanager.gui.ProjectChoiceTab$10.caretUpdate(ProjectChoiceTab.java:2504) ~[filemanager.jar:?]
	at javax.swing.text.JTextComponent.fireCaretUpdate(JTextComponent.java:412) ~[?:?]
	at javax.swing.text.JTextComponent$MutableCaretEvent.fire(JTextComponent.java:4491) ~[?:?]
	at javax.swing.text.JTextComponent$MutableCaretEvent.stateChanged(JTextComponent.java:4513) ~[?:?]
	at javax.swing.text.DefaultCaret.fireStateChanged(DefaultCaret.java:842) ~[?:?]
	at javax.swing.text.DefaultCaret.changeCaretPosition(DefaultCaret.java:1313) ~[?:?]
	at javax.swing.text.DefaultCaret.handleSetDot(DefaultCaret.java:1212) ~[?:?]
	at javax.swing.text.DefaultCaret.setDot(DefaultCaret.java:1193) ~[?:?]
	at javax.swing.text.DefaultCaret$Handler.insertUpdate(DefaultCaret.java:1789) ~[?:?]
	at javax.swing.text.AbstractDocument.fireInsertUpdate(AbstractDocument.java:226) ~[?:?]
	at javax.swing.text.AbstractDocument.handleInsertString(AbstractDocument.java:780) ~[?:?]
	at javax.swing.text.AbstractDocument.insertString(AbstractDocument.java:739) ~[?:?]
	at javax.swing.text.PlainDocument.insertString(PlainDocument.java:131) ~[?:?]
	at javax.swing.text.AbstractDocument.replace(AbstractDocument.java:698) ~[?:?]
	at javax.swing.text.JTextComponent.setText(JTextComponent.java:1729) ~[?:?]
	at com.st.microxplorer.plugins.projectmanager.gui.ProjectChoiceTab.createHeapStackFields(ProjectChoiceTab.java:944) ~[filemanager.jar:?]
	at com.st.microxplorer.plugins.projectmanager.gui.ProjectChoiceTab.buildLinkSettingsPanel(ProjectChoiceTab.java:3475) ~[filemanager.jar:?]
	at com.st.microxplorer.plugins.projectmanager.gui.ProjectChoiceTab.defineWindowsFields(ProjectChoiceTab.java:1816) ~[filemanager.jar:?]
	at com.st.microxplorer.plugins.projectmanager.gui.ProjectChoiceTab.updateSettings(ProjectChoiceTab.java:544) ~[filemanager.jar:?]
	at com.st.microxplorer.plugins.projectmanager.gui.ProjectSettingsPanel.UpdateDialog(ProjectSettingsPanel.java:245) ~[filemanager.jar:?]
	at com.st.microxplorer.plugins.projectmanager.ProjectManagerView.propertyChange(ProjectManagerView.java:391) ~[filemanager.jar:?]
	at java.beans.PropertyChangeSupport.fire(PropertyChangeSupport.java:343) ~[?:?]
	at java.beans.PropertyChangeSupport.firePropertyChange(PropertyChangeSupport.java:335) ~[?:?]
	at java.beans.PropertyChangeSupport.firePropertyChange(PropertyChangeSupport.java:268) ~[?:?]
	at com.st.microxplorer.util.MXPropertyChangeSupport.firePropertyChange(MXPropertyChangeSupport.java:54) ~[STM32CubeMX.jar:?]
	at com.st.microxplorer.mxsystem.MxSystem.closeConfig(MxSystem.java:900) ~[STM32CubeMX.jar:?]
	at com.st.microxplorer.maingui.MainPanel.closeConfig(MainPanel.java:776) ~[STM32CubeMX.jar:?]
	at com.st.microxplorer.plugins.filemanager.engine.OpenFileManager.loadConfigurationFile(OpenFileManager.java:245) ~[filemanager.jar:?]
	at com.st.microxplorer.plugins.filemanager.engine.MainFileManager.userLoadConfig(MainFileManager.java:315) ~[filemanager.jar:?]
	at com.st.microxplorer.plugins.filemanager.engine.MainFileManager.userLoadConfig(MainFileManager.java:293) ~[filemanager.jar:?]
	at com.st.microxplorer.plugins.filemanager.FileManagerView.getSpecificTask(FileManagerView.java:247) ~[filemanager.jar:?]
	at com.st.stm32cube.common.mx.editor.CubeMxEditor.getMxTabbedPaneInstance(CubeMxEditor.java:1198) ~[com.st.stm32cube.common.mx_6.11.1.202404110753/:?]
	at com.st.stm32cube.common.mx.editor.CubeMxEditor$12$1.createSwingComponent(CubeMxEditor.java:1068) ~[com.st.stm32cube.common.mx_6.11.1.202404110753/:?]
	at com.st.stm32cube.common.mx.oss.core.awtswtbridge.EmbeddedSwingComposite.doComponentCreation(EmbeddedSwingComposite.java:492) ~[com.st.stm32cube.common.mx.oss_6.11.1.202404110753/:?]
	at com.st.stm32cube.common.mx.oss.core.awtswtbridge.EmbeddedSwingComposite$4.run(EmbeddedSwingComposite.java:291) ~[com.st.stm32cube.common.mx.oss_6.11.1.202404110753/:?]
	at com.st.stm32cube.common.mx.oss.core.awtswtbridge.AwtEnvironment$2.run(AwtEnvironment.java:166) ~[com.st.stm32cube.common.mx.oss_6.11.1.202404110753/:?]
	at java.awt.event.InvocationEvent.dispatch(InvocationEvent.java:318) ~[?:?]
	at java.awt.EventQueue.dispatchEventImpl(EventQueue.java:773) ~[?:?]
	at java.awt.EventQueue$4.run(EventQueue.java:720) ~[?:?]
	at java.awt.EventQueue$4.run(EventQueue.java:714) ~[?:?]
	at java.security.AccessController.doPrivileged(AccessController.java:399) ~[?:?]
	at java.security.ProtectionDomain$JavaSecurityAccessImpl.doIntersectionPrivilege(ProtectionDomain.java:86) ~[?:?]
	at java.awt.EventQueue.dispatchEvent(EventQueue.java:742) ~[?:?]
	at java.awt.EventDispatchThread.pumpOneEventForFilters(EventDispatchThread.java:203) ~[?:?]
	at java.awt.EventDispatchThread.pumpEventsForFilter(EventDispatchThread.java:124) ~[?:?]
	at java.awt.EventDispatchThread.pumpEventsForHierarchy(EventDispatchThread.java:113) ~[?:?]
	at java.awt.EventDispatchThread.pumpEvents(EventDispatchThread.java:109) ~[?:?]
	at java.awt.EventDispatchThread.pumpEvents(EventDispatchThread.java:101) ~[?:?]
	at java.awt.EventDispatchThread.run(EventDispatchThread.java:90) ~[?:?]
2024-06-04 20:35:32,327 [WARN] ThirdParty:871 - waiting for thirdparty lock release [close project]
2024-06-04 20:35:32,327 [INFO] ThirdParty:873 - entering critical section [close project]
2024-06-04 20:35:32,327 [INFO] ThirdParty:883 - exiting critical section [close project]
2024-06-04 20:35:32,328 [INFO] PinOutPanel:1561 - setPackage(No Configuration,No Configuration)
2024-06-04 20:35:32,330 [INFO] UtilMem:75 - Begin LoadConfig() Used Memory: 528245248 Bytes (783286272)
2024-06-04 20:35:32,331 [INFO] MicroXplorer:468 - Change Database Path : 
2024-06-04 20:35:32,331 [INFO] MicroXplorer:498 - Change Database Version : DB.6.0.111
2024-06-04 20:35:32,331 [INFO] OpenFileManager:312 - Change cursor
2024-06-04 20:35:32,338 [INFO] Mcu:2021 - Initializing MCU STM32F103C(8-B)Tx STM32F103C8Tx STM32F103C8T6
2024-06-04 20:35:33,124 [INFO] Context:663 - Trying to add GPIOservice into a context  which must be forbidden
2024-06-04 20:35:33,270 [INFO] RtosManager:555 - Registered RTOS mode: class=CMSIS, group=RTOS, mode=CMSIS_V1, owner=FREERTOS
2024-06-04 20:35:33,270 [INFO] RtosManager:555 - Registered RTOS mode: class=CMSIS, group=RTOS2, mode=CMSIS_V2, owner=FREERTOS
2024-06-04 20:35:33,271 [INFO] RtosManager:555 - Registered RTOS mode: class=RTOS, group=Core, mode=CMSIS_V1, owner=FREERTOS
2024-06-04 20:35:33,271 [INFO] RtosManager:555 - Registered RTOS mode: class=RTOS, group=Core, mode=CMSIS_V2, owner=FREERTOS
2024-06-04 20:35:33,271 [WARN] ModelIntegratedComponent:184 - Missing modes for component STMicroelectronics:FreeRTOS:0.0.1:STMicroelectronics:RTOS:FreeRTOS:Core:::10.2.0:
2024-06-04 20:35:33,278 [WARN] ModelIntegratedComponent:63 - No mode defined for component null
2024-06-04 20:35:33,278 [WARN] ModelIntegratedComponent:63 - No mode defined for component null
2024-06-04 20:35:33,278 [WARN] ModelIntegratedComponent:63 - No mode defined for component null
2024-06-04 20:35:33,278 [WARN] ModelIntegratedComponent:63 - No mode defined for component null
2024-06-04 20:35:33,278 [WARN] ModelIntegratedComponent:63 - No mode defined for component null
2024-06-04 20:35:33,278 [WARN] ModelIntegratedComponent:63 - No mode defined for component null
2024-06-04 20:35:33,278 [WARN] ModelIntegratedComponent:63 - No mode defined for component null
2024-06-04 20:35:33,278 [WARN] ModelIntegratedComponent:63 - No mode defined for component null
2024-06-04 20:35:33,278 [WARN] ModelIntegratedComponent:63 - No mode defined for component null
2024-06-04 20:35:33,278 [WARN] ModelIntegratedComponent:63 - No mode defined for component null
2024-06-04 20:35:33,278 [WARN] ModelIntegratedComponent:63 - No mode defined for component null
2024-06-04 20:35:33,278 [WARN] ModelIntegratedComponent:63 - No mode defined for component null
2024-06-04 20:35:33,278 [WARN] ModelIntegratedComponent:63 - No mode defined for component null
2024-06-04 20:35:33,278 [WARN] ModelIntegratedComponent:63 - No mode defined for component null
2024-06-04 20:35:33,279 [WARN] ModelIntegratedComponent:63 - No mode defined for component null
2024-06-04 20:35:33,279 [WARN] ModelIntegratedComponent:63 - No mode defined for component null
2024-06-04 20:35:33,279 [WARN] ModelIntegratedComponent:63 - No mode defined for component null
2024-06-04 20:35:33,279 [WARN] ModelIntegratedComponent:63 - No mode defined for component null
2024-06-04 20:35:33,279 [WARN] ModelIntegratedComponent:63 - No mode defined for component null
2024-06-04 20:35:33,279 [WARN] ModelIntegratedComponent:63 - No mode defined for component null
2024-06-04 20:35:33,279 [WARN] ModelIntegratedComponent:63 - No mode defined for component null
2024-06-04 20:35:33,279 [WARN] ModelIntegratedComponent:63 - No mode defined for component null
2024-06-04 20:35:33,279 [WARN] ModelIntegratedComponent:63 - No mode defined for component null
2024-06-04 20:35:33,279 [WARN] ModelIntegratedComponent:63 - No mode defined for component null
2024-06-04 20:35:33,279 [WARN] ModelIntegratedComponent:63 - No mode defined for component null
2024-06-04 20:35:33,279 [WARN] ModelIntegratedComponent:63 - No mode defined for component null
2024-06-04 20:35:33,279 [WARN] ModelIntegratedComponent:63 - No mode defined for component null
2024-06-04 20:35:33,279 [WARN] ModelIntegratedComponent:63 - No mode defined for component null
2024-06-04 20:35:33,279 [WARN] ModelIntegratedComponent:63 - No mode defined for component null
2024-06-04 20:35:33,279 [WARN] ModelIntegratedComponent:63 - No mode defined for component null
2024-06-04 20:35:33,279 [WARN] ModelIntegratedComponent:63 - No mode defined for component null
2024-06-04 20:35:33,279 [WARN] ModelIntegratedComponent:63 - No mode defined for component null
2024-06-04 20:35:33,279 [WARN] ModelIntegratedComponent:63 - No mode defined for component null
2024-06-04 20:35:33,279 [WARN] ModelIntegratedComponent:63 - No mode defined for component null
2024-06-04 20:35:33,371 [INFO] ThirdPartyModel:298 - Start build external matchings
2024-06-04 20:35:33,645 [INFO] ThirdPartyModel:316 - End build external matchings
2024-06-04 20:35:33,653 [INFO] RtosManager:919 - Current active RTOS is FREERTOS [Cortex-M3NS]
2024-06-04 20:35:33,658 [INFO] ImportTextPane:194 - (OptionalMessage_ERROR) IP (RCC) : Parameter (ADCFreqValue) has invalid value (36000000)
2024-06-04 20:35:33,658 [INFO] ImportTextPane:194 - (OptionalMessage_ERROR) IP (RCC) : Invalid parameter (FamilyName)
2024-06-04 20:35:33,658 [INFO] ImportTextPane:194 - (OptionalMessage_ERROR) IP (RCC) : Parameter (MCOFreq_Value) has invalid value (72000000)
2024-06-04 20:35:33,659 [INFO] ImportTextPane:194 - (OptionalMessage_ERROR) IP (RCC) : Parameter (USBFreq_Value) has invalid value (72000000)
2024-06-04 20:35:33,894 [INFO] UtilMem:75 - End LoadConfig() Used Memory: 315843448 Bytes (783286272)
2024-06-04 20:35:33,945 [WARN] ThirdParty:833 - waiting for thirdparty lock release [change project]
2024-06-04 20:35:33,946 [INFO] ThirdParty:835 - entering critical section [change project]
2024-06-04 20:35:33,946 [INFO] ThirdParty:1030 - CMSIS Pack Vendor :STMicroelectronics USBPD 4.1
2024-06-04 20:35:33,946 [INFO] ThirdParty:1030 - CMSIS Pack Vendor :STMicroelectronics X-CUBE-GNSS1 6.0.0
2024-06-04 20:35:33,946 [INFO] ThirdParty:1030 - CMSIS Pack Vendor :STMicroelectronics USB_HOST 2.0.0
2024-06-04 20:35:33,946 [INFO] ThirdParty:1030 - CMSIS Pack Vendor :STMicroelectronics FP-SNS-MOTENVWB1 1.4.0
2024-06-04 20:35:33,946 [INFO] ThirdParty:1030 - CMSIS Pack Vendor :STMicroelectronics X-CUBE-AZRTOS-F4 1.1.0
2024-06-04 20:35:33,946 [INFO] ThirdParty:1030 - CMSIS Pack Vendor :STMicroelectronics LIBJPEG 8.0.0
2024-06-04 20:35:33,946 [INFO] ThirdParty:1030 - CMSIS Pack Vendor :STMicroelectronics X-CUBE-SMBUS 2.1.0
2024-06-04 20:35:33,946 [INFO] ThirdParty:1030 - CMSIS Pack Vendor :STMicroelectronics USB_DEVICE 3.0.0
2024-06-04 20:35:33,946 [INFO] ThirdParty:1030 - CMSIS Pack Vendor :STMicroelectronics X-CUBE-TCPP 4.1.0
2024-06-04 20:35:33,946 [INFO] ThirdParty:1030 - CMSIS Pack Vendor :STMicroelectronics X-CUBE-FREERTOS 1.2.0
2024-06-04 20:35:33,946 [INFO] ThirdParty:1030 - CMSIS Pack Vendor :STMicroelectronics X-CUBE-AZRTOS-WB 2.0.0
2024-06-04 20:35:33,946 [INFO] ThirdParty:1030 - CMSIS Pack Vendor :STMicroelectronics X-CUBE-TOUCHGFX 4.23.2
2024-06-04 20:35:33,946 [INFO] ThirdParty:1030 - CMSIS Pack Vendor :STMicroelectronics X-CUBE-AZRTOS-F7 1.1.0
2024-06-04 20:35:33,947 [INFO] ThirdParty:1030 - CMSIS Pack Vendor :STMicroelectronics X-CUBE-AZRTOS-L5 2.0.0
2024-06-04 20:35:33,947 [INFO] ThirdParty:1030 - CMSIS Pack Vendor :STMicroelectronics USB_DEVICE 2.0.0
2024-06-04 20:35:33,947 [INFO] ThirdParty:1030 - CMSIS Pack Vendor :STMicroelectronics X-CUBE-NFC6 3.1.0
2024-06-04 20:35:33,947 [INFO] ThirdParty:1030 - CMSIS Pack Vendor :STMicroelectronics X-CUBE-ALGOBUILD 1.3.0
2024-06-04 20:35:33,947 [INFO] ThirdParty:1030 - CMSIS Pack Vendor :STMicroelectronics FreeRTOS 0.0.1
2024-06-04 20:35:33,947 [INFO] ThirdParty:1030 - CMSIS Pack Vendor :STMicroelectronics X-CUBE-AZRTOS-G0 1.1.0
2024-06-04 20:35:33,947 [INFO] ThirdParty:1030 - CMSIS Pack Vendor :STMicroelectronics X-CUBE-SAFEA1 1.2.2
2024-06-04 20:35:33,947 [INFO] ThirdParty:1030 - CMSIS Pack Vendor :STMicroelectronics X-CUBE-NFC4 3.0.0
2024-06-04 20:35:33,947 [INFO] ThirdParty:1030 - CMSIS Pack Vendor :STMicroelectronics X-CUBE-SUBG2 5.0.0
2024-06-04 20:35:33,947 [INFO] ThirdParty:1030 - CMSIS Pack Vendor :STMicroelectronics STM32_WPAN 1.0.0
2024-06-04 20:35:33,947 [INFO] ThirdParty:1030 - CMSIS Pack Vendor :wolfSSL I-CUBE-wolfMQTT 1.18.0
2024-06-04 20:35:33,947 [INFO] ThirdParty:1030 - CMSIS Pack Vendor :STMicroelectronics lwIP 2.0.3
2024-06-04 20:35:33,947 [INFO] ThirdParty:1030 - CMSIS Pack Vendor :STMicroelectronics FP-SNS-FLIGHT1 5.0.2
2024-06-04 20:35:33,947 [INFO] ThirdParty:1030 - CMSIS Pack Vendor :STMicroelectronics USB_HOST 1.0.0
2024-06-04 20:35:33,947 [INFO] ThirdParty:1030 - CMSIS Pack Vendor :STMicroelectronics X-CUBE-AI 9.0.0
2024-06-04 20:35:33,947 [INFO] ThirdParty:1030 - CMSIS Pack Vendor :STMicroelectronics X-CUBE-AZRTOS-G4 2.0.0
2024-06-04 20:35:33,947 [INFO] ThirdParty:1030 - CMSIS Pack Vendor :STMicroelectronics PDM2PCM 3.1.0
2024-06-04 20:35:33,947 [INFO] ThirdParty:1030 - CMSIS Pack Vendor :STMicroelectronics PDM2PCM 3.3.0
2024-06-04 20:35:33,947 [INFO] ThirdParty:1030 - CMSIS Pack Vendor :STMicroelectronics X-CUBE-DISPLAY 3.0.0
2024-06-04 20:35:33,948 [INFO] ThirdParty:1030 - CMSIS Pack Vendor :wolfSSL I-CUBE-wolfSSL 5.7.0
2024-06-04 20:35:33,948 [INFO] ThirdParty:1030 - CMSIS Pack Vendor :STMicroelectronics X-CUBE-BLE1 7.0.0
2024-06-04 20:35:33,948 [INFO] ThirdParty:1030 - CMSIS Pack Vendor :STMicroelectronics FP-ATR-SIGFOX1 3.2.0
2024-06-04 20:35:33,948 [INFO] ThirdParty:1030 - CMSIS Pack Vendor :STMicroelectronics X-CUBE-ISPU 2.0.0
2024-06-04 20:35:33,948 [INFO] ThirdParty:1030 - CMSIS Pack Vendor :STMicroelectronics X-CUBE-EEPRMA1 5.1.0
2024-06-04 20:35:33,948 [INFO] ThirdParty:1030 - CMSIS Pack Vendor :STMicroelectronics HAL Drivers 0.0.0
2024-06-04 20:35:33,948 [INFO] ThirdParty:1030 - CMSIS Pack Vendor :STMicroelectronics MBEDTLS 2.16.2
2024-06-04 20:35:33,948 [INFO] ThirdParty:1030 - CMSIS Pack Vendor :STMicroelectronics X-CUBE-ALS 1.0.2
2024-06-04 20:35:33,948 [INFO] ThirdParty:1030 - CMSIS Pack Vendor :emotas I-CUBE-CANOPEN 1.3.0
2024-06-04 20:35:33,948 [INFO] ThirdParty:1030 - CMSIS Pack Vendor :STMicroelectronics X-CUBE-MEMS1 10.0.0
2024-06-04 20:35:33,948 [INFO] ThirdParty:1030 - CMSIS Pack Vendor :STMicroelectronics X-CUBE-FREERTOS 1.1.0
2024-06-04 20:35:33,948 [INFO] ThirdParty:1030 - CMSIS Pack Vendor :STMicroelectronics X-CUBE-NFC7 1.0.1
2024-06-04 20:35:33,948 [INFO] ThirdParty:1030 - CMSIS Pack Vendor :STMicroelectronics MBEDTLS 2.14.1
2024-06-04 20:35:33,948 [INFO] ThirdParty:1030 - CMSIS Pack Vendor :ITTIA_DB I-CUBE-ITTIADB 8.9.0
2024-06-04 20:35:33,948 [INFO] ThirdParty:1030 - CMSIS Pack Vendor :portGmbH I-Cube-SoM-uGOAL 1.1.0
2024-06-04 20:35:33,948 [INFO] ThirdParty:1030 - CMSIS Pack Vendor :STMicroelectronics X-CUBE-ALS 1.0.1
2024-06-04 20:35:33,948 [INFO] ThirdParty:1030 - CMSIS Pack Vendor :STMicroelectronics X-CUBE-BLEMGR 3.1.0
2024-06-04 20:35:33,948 [INFO] ThirdParty:1030 - CMSIS Pack Vendor :STMicroelectronics ThreadX 1.0.0
2024-06-04 20:35:33,948 [INFO] ThirdParty:1030 - CMSIS Pack Vendor :STMicroelectronics FP-SNS-SMARTAG2 1.2.0
2024-06-04 20:35:33,948 [INFO] ThirdParty:1030 - CMSIS Pack Vendor :STMicroelectronics X-CUBE-AZRTOS-WL 2.0.0
2024-06-04 20:35:33,948 [INFO] ThirdParty:1030 - CMSIS Pack Vendor :SEGGER I-CUBE-embOS 1.3.1
2024-06-04 20:35:33,948 [INFO] ThirdParty:1030 - CMSIS Pack Vendor :STMicroelectronics X-CUBE-ALGOBUILD 1.4.0
2024-06-04 20:35:33,948 [INFO] ThirdParty:1030 - CMSIS Pack Vendor :STMicroelectronics FP-SNS-MOTENV1 5.0.0
2024-06-04 20:35:33,948 [INFO] ThirdParty:1030 - CMSIS Pack Vendor :STMicroelectronics USB_DEVICE 1.0.0
2024-06-04 20:35:33,948 [INFO] ThirdParty:1030 - CMSIS Pack Vendor :STMicroelectronics X-CUBE-AZRTOS-H7RS 1.0.0
2024-06-04 20:35:33,949 [INFO] ThirdParty:1030 - CMSIS Pack Vendor :STMicroelectronics X-CUBE-AZRTOS-L4 2.0.0
2024-06-04 20:35:33,949 [INFO] ThirdParty:1030 - CMSIS Pack Vendor :STMicroelectronics ThreadX 0.0.2
2024-06-04 20:35:33,949 [INFO] ThirdParty:1030 - CMSIS Pack Vendor :WES I-CUBE-Cesium 1.3.0
2024-06-04 20:35:33,949 [INFO] ThirdParty:1030 - CMSIS Pack Vendor :STMicroelectronics FP-ATR-ASTRA1 2.0.0
2024-06-04 20:35:33,949 [INFO] ThirdParty:1030 - CMSIS Pack Vendor :STMicroelectronics lwIP 2.1.2
2024-06-04 20:35:33,949 [INFO] ThirdParty:1030 - CMSIS Pack Vendor :STMicroelectronics X-CUBE-SFXS2LP1 4.0.0
2024-06-04 20:35:33,949 [INFO] ThirdParty:1030 - CMSIS Pack Vendor :STMicroelectronics X-CUBE-BLE2 3.3.0
2024-06-04 20:35:33,949 [INFO] ThirdParty:1030 - CMSIS Pack Vendor :STMicroelectronics X-CUBE-TOF1 3.4.1
2024-06-04 20:35:33,949 [INFO] ThirdParty:1030 - CMSIS Pack Vendor :STMicroelectronics X-CUBE-AZRTOS-H7 3.2.0
2024-06-04 20:35:33,949 [INFO] ThirdParty:1030 - CMSIS Pack Vendor :Infineon AIROC-Wi-Fi-Bluetooth-STM32 1.6.0
2024-06-04 20:35:33,949 [INFO] ThirdParty:1030 - CMSIS Pack Vendor :STMicroelectronics PDM2PCM 3.2.0
2024-06-04 20:35:33,949 [INFO] ThirdParty:841 - exiting critical section [change project]
2024-06-04 20:35:34,142 [INFO] PinOutPanel:1561 - setPackage(No Configuration,No Configuration)
2024-06-04 20:35:34,143 [INFO] PinOutPanel:1561 - setPackage(STM32F103C8Tx,LQFP48)
2024-06-04 20:35:34,441 [INFO] UtilMem:75 - Before build in PCC Used Memory: 328388944 Bytes (783286272)
2024-06-04 20:35:34,790 [INFO] UtilMem:75 - After build in PCC Used Memory: 371380560 Bytes (783286272)
2024-06-04 20:35:34,795 [INFO] ApiDbMcu:508 - Load IP Config File for FREERTOS
2024-06-04 20:35:34,828 [INFO] IPUIPlugin:80 - create IPUIPlugin
2024-06-04 20:35:34,828 [INFO] IPUIPlugin:80 - create IPUIPlugin
2024-06-04 20:35:34,829 [INFO] IPUIPlugin:80 - create IPUIPlugin
2024-06-04 20:35:34,829 [INFO] IPUIPlugin:80 - create IPUIPlugin
2024-06-04 20:35:34,829 [INFO] IPUIPlugin:80 - create IPUIPlugin
2024-06-04 20:35:34,829 [INFO] IPUIPlugin:80 - create IPUIPlugin
2024-06-04 20:35:34,829 [INFO] IPUIPlugin:80 - create IPUIPlugin
2024-06-04 20:35:34,830 [INFO] IPUIPlugin:80 - create IPUIPlugin
2024-06-04 20:35:34,830 [INFO] IPUIPlugin:80 - create IPUIPlugin
2024-06-04 20:35:34,830 [INFO] IPUIPlugin:80 - create IPUIPlugin
2024-06-04 20:35:34,831 [INFO] IPUIPlugin:80 - create IPUIPlugin
2024-06-04 20:35:34,831 [INFO] IPUIPlugin:80 - create IPUIPlugin
2024-06-04 20:35:34,832 [INFO] IPUIPlugin:80 - create IPUIPlugin
2024-06-04 20:35:34,833 [INFO] IPUIPlugin:80 - create IPUIPlugin
2024-06-04 20:35:34,833 [INFO] IPUIPlugin:80 - create IPUIPlugin
2024-06-04 20:35:34,833 [INFO] IPUIPlugin:80 - create IPUIPlugin
2024-06-04 20:35:34,833 [INFO] IPUIPlugin:80 - create IPUIPlugin
2024-06-04 20:35:34,834 [INFO] IPUIPlugin:80 - create IPUIPlugin
2024-06-04 20:35:34,834 [INFO] IPUIPlugin:80 - create IPUIPlugin
2024-06-04 20:35:34,834 [INFO] IPUIPlugin:80 - create IPUIPlugin
2024-06-04 20:35:34,835 [INFO] IPUIPlugin:80 - create IPUIPlugin
2024-06-04 20:35:34,835 [INFO] IPUIPlugin:80 - create IPUIPlugin
2024-06-04 20:35:34,836 [INFO] IPUIPlugin:80 - create IPUIPlugin
2024-06-04 20:35:34,837 [INFO] IPUIPlugin:80 - create IPUIPlugin
2024-06-04 20:35:34,837 [INFO] IPUIPlugin:80 - create IPUIPlugin
2024-06-04 20:35:34,838 [INFO] IPUIPlugin:80 - create IPUIPlugin
2024-06-04 20:35:34,839 [INFO] IPUIPlugin:80 - create IPUIPlugin
2024-06-04 20:35:34,852 [WARN] FreeRTOS:1023 - Null or empty value: should not occur! (nothing added to the table)
2024-06-04 20:35:34,909 [INFO] CADModel:165 - CPN selected for project levelSTM32F103C8T6
2024-06-04 20:35:34,909 [INFO] CADModel:114 - Register for checkConnection events
2024-06-04 20:35:34,911 [INFO] RtosManager:697 - Active RTOS found at IOC load: FREERTOS [Cortex-M3NS]
2024-06-04 20:35:34,971 [INFO] OpenFileManager:343 - Restore cursor
2024-06-04 20:35:40,058 [ERROR] RtosPanel:558 - Can not restore the selected Tab for FREERTOS(A reason can be that the tab is no more available.)
2024-06-04 20:35:45,482 [INFO] TasksAndQueuesTab:757 - Dynamic
2024-06-04 20:35:45,482 [WARN] TasksAndQueuesTab:763 - 128 128
2024-06-04 20:35:45,482 [WARN] TasksAndQueuesTab:775 - max value is: 768.0
2024-06-04 20:35:45,482 [INFO] TasksAndQueuesTab:757 - Dynamic
2024-06-04 20:35:45,482 [WARN] TasksAndQueuesTab:763 - 128 128
2024-06-04 20:35:45,482 [WARN] TasksAndQueuesTab:775 - max value is: 768.0
2024-06-04 20:35:45,482 [INFO] TasksAndQueuesTab:757 - Dynamic
2024-06-04 20:35:45,482 [WARN] TasksAndQueuesTab:763 - 128 128
2024-06-04 20:35:45,482 [WARN] TasksAndQueuesTab:775 - max value is: 768.0
2024-06-04 20:35:45,482 [INFO] TasksAndQueuesTab:757 - Dynamic
2024-06-04 20:35:45,482 [WARN] TasksAndQueuesTab:763 - 128 128
2024-06-04 20:35:45,482 [WARN] TasksAndQueuesTab:775 - max value is: 768.0
2024-06-04 20:35:48,230 [INFO] EditThreadDialog:704 - RAM SIZE (in KB): 20
2024-06-04 20:35:48,231 [INFO] EditThreadDialog:706 - RAM SIZE (in words): 5120
2024-06-04 20:36:02,161 [INFO] TasksAndQueuesTab:757 - Dynamic
2024-06-04 20:36:02,161 [WARN] TasksAndQueuesTab:763 - 128 128
2024-06-04 20:36:02,161 [WARN] TasksAndQueuesTab:775 - max value is: 768.0
2024-06-04 20:36:02,161 [INFO] TasksAndQueuesTab:757 - Dynamic
2024-06-04 20:36:02,161 [WARN] TasksAndQueuesTab:763 - 128 128
2024-06-04 20:36:02,161 [WARN] TasksAndQueuesTab:775 - max value is: 768.0
2024-06-04 20:36:02,161 [INFO] TasksAndQueuesTab:757 - Dynamic
2024-06-04 20:36:02,161 [WARN] TasksAndQueuesTab:763 - 128 128
2024-06-04 20:36:02,161 [WARN] TasksAndQueuesTab:775 - max value is: 768.0
2024-06-04 20:36:02,161 [INFO] TasksAndQueuesTab:757 - Dynamic
2024-06-04 20:36:02,161 [WARN] TasksAndQueuesTab:763 - 128 128
2024-06-04 20:36:02,161 [WARN] TasksAndQueuesTab:775 - max value is: 768.0
2024-06-04 20:36:05,290 [INFO] UtilMem:75 - End SaveConfig() Used Memory: 530781120 Bytes (783286272)
2024-06-04 20:36:06,399 [INFO] UtilMem:75 - End SaveConfig() Used Memory: 545918240 Bytes (783286272)
2024-06-04 20:36:07,161 [INFO] UtilMem:75 - End SaveConfig() Used Memory: 610929712 Bytes (783286272)
2024-06-04 20:36:08,625 [INFO] BlockDiagram:2759 - set Specific Code input for plugin: SPI
2024-06-04 20:36:08,625 [INFO] BlockDiagram:2759 - set Specific Code input for plugin: NVIC
2024-06-04 20:36:08,625 [INFO] BlockDiagram:2759 - set Specific Code input for plugin: FREERTOS
2024-06-04 20:36:08,625 [INFO] BlockDiagram:2759 - set Specific Code input for plugin: USART
2024-06-04 20:36:08,625 [INFO] BlockDiagram:2759 - set Specific Code input for plugin: SYS
2024-06-04 20:36:08,625 [INFO] BlockDiagram:2759 - set Specific Code input for plugin: GPIO
2024-06-04 20:36:08,625 [INFO] BlockDiagram:2759 - set Specific Code input for plugin: RCC
2024-06-04 20:36:08,627 [INFO] CodeGenerator:807 - code generatio: config db path: C:\ST\STM32CubeIDE_1.15.0\STM32CubeIDE\plugins\com.st.stm32cube.common.mx_6.11.1.202404110753\\db\
2024-06-04 20:36:08,731 [INFO] CodeEngine:255 - oldGeneratedFile, C:\Work\Stm32\RX_c8\MXTmpFiles\license.tmp_save
2024-06-04 20:36:08,907 [INFO] CodeEngine:279 - Generated code: C:\Work\Stm32\RX_c8\MXTmpFiles\license.tmp
2024-06-04 20:36:08,959 [INFO] CodeEngine:255 - oldGeneratedFile, C:\Work\Stm32\RX_c8\MXTmpFiles\gpio.tmp_save
2024-06-04 20:36:09,108 [INFO] CodeEngine:279 - Generated code: C:\Work\Stm32\RX_c8\MXTmpFiles\gpio.tmp
2024-06-04 20:36:09,227 [INFO] Middleware:1439 - No code input for Bsp Dependency
2024-06-04 20:36:09,240 [INFO] CodeEngine:255 - oldGeneratedFile, C:\Work\Stm32\RX_c8\MXTmpFiles\rtos_inc.tmp_save
2024-06-04 20:36:09,377 [INFO] CodeEngine:279 - Generated code: C:\Work\Stm32\RX_c8\MXTmpFiles\rtos_inc.tmp
2024-06-04 20:36:09,383 [INFO] CodeEngine:255 - oldGeneratedFile, C:\Work\Stm32\RX_c8\MXTmpFiles\rtos_kernelInit.tmp_save
2024-06-04 20:36:09,488 [INFO] CodeEngine:279 - Generated code: C:\Work\Stm32\RX_c8\MXTmpFiles\rtos_kernelInit.tmp
2024-06-04 20:36:09,494 [INFO] CodeEngine:255 - oldGeneratedFile, C:\Work\Stm32\RX_c8\MXTmpFiles\rtos_kernelStart.tmp_save
2024-06-04 20:36:09,575 [INFO] CodeEngine:279 - Generated code: C:\Work\Stm32\RX_c8\MXTmpFiles\rtos_kernelStart.tmp
2024-06-04 20:36:09,581 [INFO] CodeEngine:255 - oldGeneratedFile, C:\Work\Stm32\RX_c8\MXTmpFiles\rtos_typedefs.tmp_save
2024-06-04 20:36:09,658 [INFO] CodeEngine:279 - Generated code: C:\Work\Stm32\RX_c8\MXTmpFiles\rtos_typedefs.tmp
2024-06-04 20:36:09,663 [INFO] CodeEngine:255 - oldGeneratedFile, C:\Work\Stm32\RX_c8\MXTmpFiles\rtos_vars.tmp_save
2024-06-04 20:36:09,770 [INFO] CodeEngine:279 - Generated code: C:\Work\Stm32\RX_c8\MXTmpFiles\rtos_vars.tmp
2024-06-04 20:36:09,776 [INFO] CodeEngine:255 - oldGeneratedFile, C:\Work\Stm32\RX_c8\MXTmpFiles\rtos_pfp.tmp_save
2024-06-04 20:36:09,858 [INFO] CodeEngine:279 - Generated code: C:\Work\Stm32\RX_c8\MXTmpFiles\rtos_pfp.tmp
2024-06-04 20:36:09,864 [INFO] CodeEngine:255 - oldGeneratedFile, C:\Work\Stm32\RX_c8\MXTmpFiles\rtos_obj_creat.tmp_save
2024-06-04 20:36:09,955 [INFO] CodeEngine:279 - Generated code: C:\Work\Stm32\RX_c8\MXTmpFiles\rtos_obj_creat.tmp
2024-06-04 20:36:09,960 [INFO] CodeEngine:255 - oldGeneratedFile, C:\Work\Stm32\RX_c8\MXTmpFiles\rtos_default_thread.tmp_save
2024-06-04 20:36:10,034 [INFO] CodeEngine:279 - Generated code: C:\Work\Stm32\RX_c8\MXTmpFiles\rtos_default_thread.tmp
2024-06-04 20:36:10,039 [INFO] CodeEngine:255 - oldGeneratedFile, C:\Work\Stm32\RX_c8\MXTmpFiles\rtos_threads.tmp_save
2024-06-04 20:36:10,135 [INFO] CodeEngine:279 - Generated code: C:\Work\Stm32\RX_c8\MXTmpFiles\rtos_threads.tmp
2024-06-04 20:36:10,149 [INFO] Middleware:1439 - No code input for Bsp Dependency
2024-06-04 20:36:10,164 [INFO] CodeEngine:255 - oldGeneratedFile, C:\Work\Stm32\RX_c8\MXTmpFiles\rtos_inc.tmp_save
2024-06-04 20:36:10,257 [INFO] CodeEngine:279 - Generated code: C:\Work\Stm32\RX_c8\MXTmpFiles\rtos_inc.tmp
2024-06-04 20:36:10,264 [INFO] CodeEngine:255 - oldGeneratedFile, C:\Work\Stm32\RX_c8\MXTmpFiles\rtos_kernelInit.tmp_save
2024-06-04 20:36:10,338 [INFO] CodeEngine:279 - Generated code: C:\Work\Stm32\RX_c8\MXTmpFiles\rtos_kernelInit.tmp
2024-06-04 20:36:10,347 [INFO] CodeEngine:255 - oldGeneratedFile, C:\Work\Stm32\RX_c8\MXTmpFiles\rtos_kernelStart.tmp_save
2024-06-04 20:36:10,423 [INFO] CodeEngine:279 - Generated code: C:\Work\Stm32\RX_c8\MXTmpFiles\rtos_kernelStart.tmp
2024-06-04 20:36:10,432 [INFO] CodeEngine:255 - oldGeneratedFile, C:\Work\Stm32\RX_c8\MXTmpFiles\rtos_typedefs.tmp_save
2024-06-04 20:36:10,508 [INFO] CodeEngine:279 - Generated code: C:\Work\Stm32\RX_c8\MXTmpFiles\rtos_typedefs.tmp
2024-06-04 20:36:10,527 [INFO] CodeEngine:255 - oldGeneratedFile, C:\Work\Stm32\RX_c8\MXTmpFiles\rtos_vars.tmp_save
2024-06-04 20:36:10,610 [INFO] CodeEngine:279 - Generated code: C:\Work\Stm32\RX_c8\MXTmpFiles\rtos_vars.tmp
2024-06-04 20:36:10,619 [INFO] CodeEngine:255 - oldGeneratedFile, C:\Work\Stm32\RX_c8\MXTmpFiles\rtos_pfp.tmp_save
2024-06-04 20:36:10,699 [INFO] CodeEngine:279 - Generated code: C:\Work\Stm32\RX_c8\MXTmpFiles\rtos_pfp.tmp
2024-06-04 20:36:10,718 [INFO] CodeEngine:255 - oldGeneratedFile, C:\Work\Stm32\RX_c8\MXTmpFiles\rtos_obj_creat.tmp_save
2024-06-04 20:36:10,796 [INFO] CodeEngine:279 - Generated code: C:\Work\Stm32\RX_c8\MXTmpFiles\rtos_obj_creat.tmp
2024-06-04 20:36:10,806 [INFO] CodeEngine:255 - oldGeneratedFile, C:\Work\Stm32\RX_c8\MXTmpFiles\rtos_default_thread.tmp_save
2024-06-04 20:36:10,880 [INFO] CodeEngine:279 - Generated code: C:\Work\Stm32\RX_c8\MXTmpFiles\rtos_default_thread.tmp
2024-06-04 20:36:10,890 [INFO] CodeEngine:255 - oldGeneratedFile, C:\Work\Stm32\RX_c8\MXTmpFiles\rtos_threads.tmp_save
2024-06-04 20:36:10,967 [INFO] CodeEngine:279 - Generated code: C:\Work\Stm32\RX_c8\MXTmpFiles\rtos_threads.tmp
2024-06-04 20:36:10,989 [INFO] CodeEngine:255 - oldGeneratedFile, C:\Work\Stm32\RX_c8\Core\Inc\FreeRTOSConfig.h_save
2024-06-04 20:36:11,157 [INFO] CodeEngine:279 - Generated code: C:\Work\Stm32\RX_c8\Core\Inc\FreeRTOSConfig.h
2024-06-04 20:36:11,185 [INFO] CodeEngine:255 - oldGeneratedFile, C:\Work\Stm32\RX_c8\Core\Src\freertos.c_save
2024-06-04 20:36:11,298 [INFO] CodeEngine:279 - Generated code: C:\Work\Stm32\RX_c8\Core\Src\freertos.c
2024-06-04 20:36:11,333 [INFO] CodeEngine:255 - oldGeneratedFile, C:\Work\Stm32\RX_c8\Core\Src\stm32f1xx_it.c_save
2024-06-04 20:36:11,585 [INFO] CodeEngine:279 - Generated code: C:\Work\Stm32\RX_c8\Core\Src\stm32f1xx_it.c
2024-06-04 20:36:11,596 [INFO] CodeEngine:255 - oldGeneratedFile, C:\Work\Stm32\RX_c8\Core\Inc\stm32f1xx_it.h_save
2024-06-04 20:36:11,720 [INFO] CodeEngine:279 - Generated code: C:\Work\Stm32\RX_c8\Core\Inc\stm32f1xx_it.h
2024-06-04 20:36:11,757 [INFO] CodeEngine:255 - oldGeneratedFile, C:\Work\Stm32\RX_c8\Core\Src\stm32f1xx_hal_msp.c_save
2024-06-04 20:36:11,958 [INFO] CodeEngine:279 - Generated code: C:\Work\Stm32\RX_c8\Core\Src\stm32f1xx_hal_msp.c
2024-06-04 20:36:11,964 [INFO] CodeEngine:255 - oldGeneratedFile, C:\Work\Stm32\RX_c8\MXTmpFiles\system.tmp_save
2024-06-04 20:36:12,056 [INFO] CodeEngine:279 - Generated code: C:\Work\Stm32\RX_c8\MXTmpFiles\system.tmp
2024-06-04 20:36:12,073 [INFO] CodeEngine:255 - oldGeneratedFile, C:\Work\Stm32\RX_c8\Core\Src\stm32f1xx_hal_timebase_tim.c_save
2024-06-04 20:36:12,160 [INFO] CodeEngine:279 - Generated code: C:\Work\Stm32\RX_c8\Core\Src\stm32f1xx_hal_timebase_tim.c
2024-06-04 20:36:12,184 [INFO] CodeEngine:311 - oldGeneratedFile, C:\Work\Stm32\RX_c8\Core\Inc\stm32f1xx_hal_conf.h_save
2024-06-04 20:36:12,303 [INFO] CodeEngine:335 - Generated code: C:\Work\Stm32\RX_c8\Core\Inc\stm32f1xx_hal_conf.h
2024-06-04 20:36:12,359 [INFO] CodeEngine:255 - oldGeneratedFile, C:\Work\Stm32\RX_c8\Core\Inc\main.h_save
2024-06-04 20:36:12,468 [INFO] CodeEngine:279 - Generated code: C:\Work\Stm32\RX_c8\Core\Inc\main.h
2024-06-04 20:36:12,490 [INFO] CodeEngine:255 - oldGeneratedFile, C:\Work\Stm32\RX_c8\Core\Src\main.c_save
2024-06-04 20:36:12,684 [INFO] CodeEngine:279 - Generated code: C:\Work\Stm32\RX_c8\Core\Src\main.c
2024-06-04 20:36:13,208 [INFO] ProjectBuilder:3163 - Time for Copy HAL[1] : 313mS.
2024-06-04 20:36:13,214 [INFO] ProjectBuilder:4736 - Project Generator version: 4.3.0-B58
2024-06-04 20:36:13,306 [INFO] ConfigFileManager:1503 - The Die is : DIE410
2024-06-04 20:36:13,308 [INFO] ApiDbMcu:508 - Load IP Config File for FATFS
2024-06-04 20:36:13,313 [INFO] ApiDbMcu:508 - Load IP Config File for USB_DEVICE
2024-06-04 20:36:14,648 [INFO] ProjectBuilder:5002 - Time for Generating toolchain IDE Files: 1433mS.
2024-06-04 20:36:14,649 [INFO] ProjectBuilder:3034 - Time for Copy CMSIS : 1mS.
2024-06-04 20:36:14,664 [INFO] ProjectBuilder:3034 - Time for Copy CMSIS : 0mS.
2024-06-04 20:48:39,441 [INFO] EditThreadDialog:704 - RAM SIZE (in KB): 20
2024-06-04 20:48:39,441 [INFO] EditThreadDialog:706 - RAM SIZE (in words): 5120
2024-06-04 20:48:46,480 [INFO] TasksAndQueuesTab:757 - Dynamic
2024-06-04 20:48:46,480 [WARN] TasksAndQueuesTab:763 - 128 128
2024-06-04 20:48:46,480 [WARN] TasksAndQueuesTab:775 - max value is: 768.0
2024-06-04 20:48:46,480 [INFO] TasksAndQueuesTab:757 - Dynamic
2024-06-04 20:48:46,480 [WARN] TasksAndQueuesTab:763 - 128 128
2024-06-04 20:48:46,480 [WARN] TasksAndQueuesTab:775 - max value is: 768.0
2024-06-04 20:48:46,480 [INFO] TasksAndQueuesTab:757 - Dynamic
2024-06-04 20:48:46,480 [WARN] TasksAndQueuesTab:763 - 128 128
2024-06-04 20:48:46,480 [WARN] TasksAndQueuesTab:775 - max value is: 768.0
2024-06-04 20:48:46,480 [INFO] TasksAndQueuesTab:757 - Dynamic
2024-06-04 20:48:46,480 [WARN] TasksAndQueuesTab:763 - 128 128
2024-06-04 20:48:46,480 [WARN] TasksAndQueuesTab:775 - max value is: 768.0
2024-06-04 20:48:47,604 [INFO] UtilMem:75 - End SaveConfig() Used Memory: 394602256 Bytes (783286272)
2024-06-04 20:48:48,188 [INFO] UtilMem:75 - End SaveConfig() Used Memory: 410330896 Bytes (783286272)
2024-06-04 20:48:48,922 [INFO] UtilMem:75 - End SaveConfig() Used Memory: 472428392 Bytes (783286272)
2024-06-04 20:48:50,079 [INFO] BlockDiagram:2759 - set Specific Code input for plugin: SPI
2024-06-04 20:48:50,079 [INFO] BlockDiagram:2759 - set Specific Code input for plugin: NVIC
2024-06-04 20:48:50,079 [INFO] BlockDiagram:2759 - set Specific Code input for plugin: FREERTOS
2024-06-04 20:48:50,079 [INFO] BlockDiagram:2759 - set Specific Code input for plugin: USART
2024-06-04 20:48:50,079 [INFO] BlockDiagram:2759 - set Specific Code input for plugin: SYS
2024-06-04 20:48:50,079 [INFO] BlockDiagram:2759 - set Specific Code input for plugin: GPIO
2024-06-04 20:48:50,079 [INFO] BlockDiagram:2759 - set Specific Code input for plugin: RCC
2024-06-04 20:48:50,080 [INFO] CodeGenerator:807 - code generatio: config db path: C:\ST\STM32CubeIDE_1.15.0\STM32CubeIDE\plugins\com.st.stm32cube.common.mx_6.11.1.202404110753\\db\
2024-06-04 20:48:50,176 [INFO] CodeEngine:255 - oldGeneratedFile, C:\Work\Stm32\RX_c8\MXTmpFiles\license.tmp_save
2024-06-04 20:48:50,330 [INFO] CodeEngine:279 - Generated code: C:\Work\Stm32\RX_c8\MXTmpFiles\license.tmp
2024-06-04 20:48:50,362 [INFO] CodeEngine:255 - oldGeneratedFile, C:\Work\Stm32\RX_c8\MXTmpFiles\gpio.tmp_save
2024-06-04 20:48:50,491 [INFO] CodeEngine:279 - Generated code: C:\Work\Stm32\RX_c8\MXTmpFiles\gpio.tmp
2024-06-04 20:48:50,603 [INFO] Middleware:1439 - No code input for Bsp Dependency
2024-06-04 20:48:50,615 [INFO] CodeEngine:255 - oldGeneratedFile, C:\Work\Stm32\RX_c8\MXTmpFiles\rtos_inc.tmp_save
2024-06-04 20:48:50,714 [INFO] CodeEngine:279 - Generated code: C:\Work\Stm32\RX_c8\MXTmpFiles\rtos_inc.tmp
2024-06-04 20:48:50,718 [INFO] CodeEngine:255 - oldGeneratedFile, C:\Work\Stm32\RX_c8\MXTmpFiles\rtos_kernelInit.tmp_save
2024-06-04 20:48:50,793 [INFO] CodeEngine:279 - Generated code: C:\Work\Stm32\RX_c8\MXTmpFiles\rtos_kernelInit.tmp
2024-06-04 20:48:50,800 [INFO] CodeEngine:255 - oldGeneratedFile, C:\Work\Stm32\RX_c8\MXTmpFiles\rtos_kernelStart.tmp_save
2024-06-04 20:48:50,884 [INFO] CodeEngine:279 - Generated code: C:\Work\Stm32\RX_c8\MXTmpFiles\rtos_kernelStart.tmp
2024-06-04 20:48:50,892 [INFO] CodeEngine:255 - oldGeneratedFile, C:\Work\Stm32\RX_c8\MXTmpFiles\rtos_typedefs.tmp_save
2024-06-04 20:48:50,966 [INFO] CodeEngine:279 - Generated code: C:\Work\Stm32\RX_c8\MXTmpFiles\rtos_typedefs.tmp
2024-06-04 20:48:50,973 [INFO] CodeEngine:255 - oldGeneratedFile, C:\Work\Stm32\RX_c8\MXTmpFiles\rtos_vars.tmp_save
2024-06-04 20:48:51,078 [INFO] CodeEngine:279 - Generated code: C:\Work\Stm32\RX_c8\MXTmpFiles\rtos_vars.tmp
2024-06-04 20:48:51,084 [INFO] CodeEngine:255 - oldGeneratedFile, C:\Work\Stm32\RX_c8\MXTmpFiles\rtos_pfp.tmp_save
2024-06-04 20:48:51,163 [INFO] CodeEngine:279 - Generated code: C:\Work\Stm32\RX_c8\MXTmpFiles\rtos_pfp.tmp
2024-06-04 20:48:51,170 [INFO] CodeEngine:255 - oldGeneratedFile, C:\Work\Stm32\RX_c8\MXTmpFiles\rtos_obj_creat.tmp_save
2024-06-04 20:48:51,256 [INFO] CodeEngine:279 - Generated code: C:\Work\Stm32\RX_c8\MXTmpFiles\rtos_obj_creat.tmp
2024-06-04 20:48:51,261 [INFO] CodeEngine:255 - oldGeneratedFile, C:\Work\Stm32\RX_c8\MXTmpFiles\rtos_default_thread.tmp_save
2024-06-04 20:48:51,340 [INFO] CodeEngine:279 - Generated code: C:\Work\Stm32\RX_c8\MXTmpFiles\rtos_default_thread.tmp
2024-06-04 20:48:51,345 [INFO] CodeEngine:255 - oldGeneratedFile, C:\Work\Stm32\RX_c8\MXTmpFiles\rtos_threads.tmp_save
2024-06-04 20:48:51,445 [INFO] CodeEngine:279 - Generated code: C:\Work\Stm32\RX_c8\MXTmpFiles\rtos_threads.tmp
2024-06-04 20:48:51,460 [INFO] Middleware:1439 - No code input for Bsp Dependency
2024-06-04 20:48:51,471 [INFO] CodeEngine:255 - oldGeneratedFile, C:\Work\Stm32\RX_c8\MXTmpFiles\rtos_inc.tmp_save
2024-06-04 20:48:51,567 [INFO] CodeEngine:279 - Generated code: C:\Work\Stm32\RX_c8\MXTmpFiles\rtos_inc.tmp
2024-06-04 20:48:51,574 [INFO] CodeEngine:255 - oldGeneratedFile, C:\Work\Stm32\RX_c8\MXTmpFiles\rtos_kernelInit.tmp_save
2024-06-04 20:48:51,647 [INFO] CodeEngine:279 - Generated code: C:\Work\Stm32\RX_c8\MXTmpFiles\rtos_kernelInit.tmp
2024-06-04 20:48:51,656 [INFO] CodeEngine:255 - oldGeneratedFile, C:\Work\Stm32\RX_c8\MXTmpFiles\rtos_kernelStart.tmp_save
2024-06-04 20:48:51,748 [INFO] CodeEngine:279 - Generated code: C:\Work\Stm32\RX_c8\MXTmpFiles\rtos_kernelStart.tmp
2024-06-04 20:48:51,756 [INFO] CodeEngine:255 - oldGeneratedFile, C:\Work\Stm32\RX_c8\MXTmpFiles\rtos_typedefs.tmp_save
2024-06-04 20:48:51,826 [INFO] CodeEngine:279 - Generated code: C:\Work\Stm32\RX_c8\MXTmpFiles\rtos_typedefs.tmp
2024-06-04 20:48:51,844 [INFO] CodeEngine:255 - oldGeneratedFile, C:\Work\Stm32\RX_c8\MXTmpFiles\rtos_vars.tmp_save
2024-06-04 20:48:51,926 [INFO] CodeEngine:279 - Generated code: C:\Work\Stm32\RX_c8\MXTmpFiles\rtos_vars.tmp
2024-06-04 20:48:51,935 [INFO] CodeEngine:255 - oldGeneratedFile, C:\Work\Stm32\RX_c8\MXTmpFiles\rtos_pfp.tmp_save
2024-06-04 20:48:52,029 [INFO] CodeEngine:279 - Generated code: C:\Work\Stm32\RX_c8\MXTmpFiles\rtos_pfp.tmp
2024-06-04 20:48:52,055 [INFO] CodeEngine:255 - oldGeneratedFile, C:\Work\Stm32\RX_c8\MXTmpFiles\rtos_obj_creat.tmp_save
2024-06-04 20:48:52,130 [INFO] CodeEngine:279 - Generated code: C:\Work\Stm32\RX_c8\MXTmpFiles\rtos_obj_creat.tmp
2024-06-04 20:48:52,138 [INFO] CodeEngine:255 - oldGeneratedFile, C:\Work\Stm32\RX_c8\MXTmpFiles\rtos_default_thread.tmp_save
2024-06-04 20:48:52,212 [INFO] CodeEngine:279 - Generated code: C:\Work\Stm32\RX_c8\MXTmpFiles\rtos_default_thread.tmp
2024-06-04 20:48:52,222 [INFO] CodeEngine:255 - oldGeneratedFile, C:\Work\Stm32\RX_c8\MXTmpFiles\rtos_threads.tmp_save
2024-06-04 20:48:52,298 [INFO] CodeEngine:279 - Generated code: C:\Work\Stm32\RX_c8\MXTmpFiles\rtos_threads.tmp
2024-06-04 20:48:52,318 [INFO] CodeEngine:255 - oldGeneratedFile, C:\Work\Stm32\RX_c8\Core\Inc\FreeRTOSConfig.h_save
2024-06-04 20:48:52,412 [INFO] CodeEngine:279 - Generated code: C:\Work\Stm32\RX_c8\Core\Inc\FreeRTOSConfig.h
2024-06-04 20:48:52,433 [INFO] CodeEngine:255 - oldGeneratedFile, C:\Work\Stm32\RX_c8\Core\Src\freertos.c_save
2024-06-04 20:48:52,519 [INFO] CodeEngine:279 - Generated code: C:\Work\Stm32\RX_c8\Core\Src\freertos.c
2024-06-04 20:48:52,550 [INFO] CodeEngine:255 - oldGeneratedFile, C:\Work\Stm32\RX_c8\Core\Src\stm32f1xx_it.c_save
2024-06-04 20:48:52,651 [INFO] CodeEngine:279 - Generated code: C:\Work\Stm32\RX_c8\Core\Src\stm32f1xx_it.c
2024-06-04 20:48:52,659 [INFO] CodeEngine:255 - oldGeneratedFile, C:\Work\Stm32\RX_c8\Core\Inc\stm32f1xx_it.h_save
2024-06-04 20:48:52,738 [INFO] CodeEngine:279 - Generated code: C:\Work\Stm32\RX_c8\Core\Inc\stm32f1xx_it.h
2024-06-04 20:48:52,769 [INFO] CodeEngine:255 - oldGeneratedFile, C:\Work\Stm32\RX_c8\Core\Src\stm32f1xx_hal_msp.c_save
2024-06-04 20:48:52,885 [INFO] CodeEngine:279 - Generated code: C:\Work\Stm32\RX_c8\Core\Src\stm32f1xx_hal_msp.c
2024-06-04 20:48:52,891 [INFO] CodeEngine:255 - oldGeneratedFile, C:\Work\Stm32\RX_c8\MXTmpFiles\system.tmp_save
2024-06-04 20:48:52,975 [INFO] CodeEngine:279 - Generated code: C:\Work\Stm32\RX_c8\MXTmpFiles\system.tmp
2024-06-04 20:48:52,993 [INFO] CodeEngine:255 - oldGeneratedFile, C:\Work\Stm32\RX_c8\Core\Src\stm32f1xx_hal_timebase_tim.c_save
2024-06-04 20:48:53,103 [INFO] CodeEngine:279 - Generated code: C:\Work\Stm32\RX_c8\Core\Src\stm32f1xx_hal_timebase_tim.c
2024-06-04 20:48:53,151 [INFO] CodeEngine:311 - oldGeneratedFile, C:\Work\Stm32\RX_c8\Core\Inc\stm32f1xx_hal_conf.h_save
2024-06-04 20:48:53,301 [INFO] CodeEngine:335 - Generated code: C:\Work\Stm32\RX_c8\Core\Inc\stm32f1xx_hal_conf.h
2024-06-04 20:48:53,355 [INFO] CodeEngine:255 - oldGeneratedFile, C:\Work\Stm32\RX_c8\Core\Inc\main.h_save
2024-06-04 20:48:53,451 [INFO] CodeEngine:279 - Generated code: C:\Work\Stm32\RX_c8\Core\Inc\main.h
2024-06-04 20:48:53,471 [INFO] CodeEngine:255 - oldGeneratedFile, C:\Work\Stm32\RX_c8\Core\Src\main.c_save
2024-06-04 20:48:53,658 [INFO] CodeEngine:279 - Generated code: C:\Work\Stm32\RX_c8\Core\Src\main.c
2024-06-04 20:48:54,263 [INFO] ProjectBuilder:3163 - Time for Copy HAL[1] : 329mS.
2024-06-04 20:48:54,270 [INFO] ProjectBuilder:4736 - Project Generator version: 4.3.0-B58
2024-06-04 20:48:54,367 [INFO] ConfigFileManager:1503 - The Die is : DIE410
2024-06-04 20:48:55,584 [INFO] ProjectBuilder:5002 - Time for Generating toolchain IDE Files: 1315mS.
2024-06-04 20:48:55,585 [INFO] ProjectBuilder:3034 - Time for Copy CMSIS : 1mS.
2024-06-04 20:48:55,597 [INFO] ProjectBuilder:3034 - Time for Copy CMSIS : 0mS.
