2024-07-08 20:17:18,992 [WARN] IP:2120 - I2C_Coeff_DF not found: check if there is a RefParameter without a condition.
2024-07-08 20:17:19,052 [WARN] IP:2120 - Analog_Filter not found: check if there is a RefParameter without a condition.
2024-07-08 20:17:22,113 [WARN] IP:2120 - I2C_Coeff_DF not found: check if there is a RefParameter without a condition.
2024-07-08 20:17:22,114 [WARN] IP:2120 - Analog_Filter not found: check if there is a RefParameter without a condition.
2024-07-08 20:17:22,115 [WARN] IP:2120 - I2C_Coeff_DF not found: check if there is a RefParameter without a condition.
2024-07-08 20:17:22,116 [WARN] IP:2120 - Analog_Filter not found: check if there is a RefParameter without a condition.
2024-07-08 20:17:22,199 [INFO] NvicIntPanel:101 - NVIC parent = com.st.microxplorer.plugins.ip.nvic.MultiNvicIntPanel[,0,0,0x0,invalid,layout=javax.swing.BoxLayout,alignmentX=0.0,alignmentY=0.0,border=,flags=9,maximumSize=,minimumSize=,preferredSize=]
2024-07-08 20:17:22,280 [WARN] IP:2120 - I2C_Coeff_DF not found: check if there is a RefParameter without a condition.
2024-07-08 20:17:22,281 [WARN] IP:2120 - Analog_Filter not found: check if there is a RefParameter without a condition.
2024-07-08 20:17:22,309 [WARN] IP:2120 - I2C_Coeff_DF not found: check if there is a RefParameter without a condition.
2024-07-08 20:17:22,310 [WARN] IP:2120 - Analog_Filter not found: check if there is a RefParameter without a condition.
2024-07-08 20:18:53,184 [WARN] IP:2120 - I2C_Coeff_DF not found: check if there is a RefParameter without a condition.
2024-07-08 20:18:53,184 [WARN] IP:2120 - Analog_Filter not found: check if there is a RefParameter without a condition.
2024-07-08 20:18:53,185 [WARN] IP:2120 - I2C_Coeff_DF not found: check if there is a RefParameter without a condition.
2024-07-08 20:18:53,186 [WARN] IP:2120 - Analog_Filter not found: check if there is a RefParameter without a condition.
2024-07-08 20:19:03,978 [INFO] UtilMem:75 - End SaveConfig() Used Memory: 1040880136 Bytes (1073741824)
2024-07-08 20:19:05,956 [INFO] UtilMem:75 - End SaveConfig() Used Memory: 1060280840 Bytes (1073741824)
2024-07-08 20:19:07,936 [INFO] UtilMem:75 - End SaveConfig() Used Memory: 777152936 Bytes (1073741824)
2024-07-08 20:19:08,724 [INFO] BlockDiagram:2759 - set Specific Code input for plugin: NVIC
2024-07-08 20:19:08,725 [INFO] BlockDiagram:2759 - set Specific Code input for plugin: USART
2024-07-08 20:19:08,725 [INFO] BlockDiagram:2759 - set Specific Code input for plugin: SYS
2024-07-08 20:19:08,726 [INFO] BlockDiagram:2759 - set Specific Code input for plugin: GPIO
2024-07-08 20:19:08,726 [INFO] BlockDiagram:2759 - set Specific Code input for plugin: RCC
2024-07-08 20:19:08,726 [INFO] BlockDiagram:2759 - set Specific Code input for plugin: I2C
2024-07-08 20:19:08,730 [INFO] CodeGenerator:807 - code generatio: config db path: C:\ST\STM32CubeIDE_1.15.0\STM32CubeIDE\plugins\com.st.stm32cube.common.mx_6.11.1.202404110753\\db\
2024-07-08 20:19:08,733 [WARN] IP:2120 - I2C_Coeff_DF not found: check if there is a RefParameter without a condition.
2024-07-08 20:19:08,734 [WARN] IP:2120 - Analog_Filter not found: check if there is a RefParameter without a condition.
2024-07-08 20:19:09,221 [INFO] CodeEngine:255 - oldGeneratedFile, C:\Work\Stm32\test_spi_f401\MXTmpFiles\license.tmp_save
2024-07-08 20:19:09,557 [INFO] CodeEngine:279 - Generated code: C:\Work\Stm32\test_spi_f401\MXTmpFiles\license.tmp
2024-07-08 20:19:09,674 [INFO] CodeEngine:255 - oldGeneratedFile, C:\Work\Stm32\test_spi_f401\MXTmpFiles\gpio.tmp_save
2024-07-08 20:19:09,904 [INFO] CodeEngine:279 - Generated code: C:\Work\Stm32\test_spi_f401\MXTmpFiles\gpio.tmp
2024-07-08 20:19:10,216 [INFO] CodeEngine:255 - oldGeneratedFile, C:\Work\Stm32\test_spi_f401\Core\Src\stm32f4xx_it.c_save
2024-07-08 20:19:10,645 [INFO] CodeEngine:279 - Generated code: C:\Work\Stm32\test_spi_f401\Core\Src\stm32f4xx_it.c
2024-07-08 20:19:10,719 [INFO] CodeEngine:255 - oldGeneratedFile, C:\Work\Stm32\test_spi_f401\Core\Inc\stm32f4xx_it.h_save
2024-07-08 20:19:10,939 [INFO] CodeEngine:279 - Generated code: C:\Work\Stm32\test_spi_f401\Core\Inc\stm32f4xx_it.h
2024-07-08 20:19:11,026 [INFO] CodeEngine:255 - oldGeneratedFile, C:\Work\Stm32\test_spi_f401\Core\Src\stm32f4xx_hal_msp.c_save
2024-07-08 20:19:11,358 [INFO] CodeEngine:279 - Generated code: C:\Work\Stm32\test_spi_f401\Core\Src\stm32f4xx_hal_msp.c
2024-07-08 20:19:11,389 [INFO] CodeEngine:255 - oldGeneratedFile, C:\Work\Stm32\test_spi_f401\MXTmpFiles\system.tmp_save
2024-07-08 20:19:11,591 [INFO] CodeEngine:279 - Generated code: C:\Work\Stm32\test_spi_f401\MXTmpFiles\system.tmp
2024-07-08 20:19:11,705 [INFO] CodeEngine:311 - oldGeneratedFile, C:\Work\Stm32\test_spi_f401\Core\Inc\stm32f4xx_hal_conf.h_save
2024-07-08 20:19:11,989 [INFO] CodeEngine:335 - Generated code: C:\Work\Stm32\test_spi_f401\Core\Inc\stm32f4xx_hal_conf.h
2024-07-08 20:19:12,134 [INFO] CodeEngine:255 - oldGeneratedFile, C:\Work\Stm32\test_spi_f401\Core\Inc\main.h_save
2024-07-08 20:19:12,405 [INFO] CodeEngine:279 - Generated code: C:\Work\Stm32\test_spi_f401\Core\Inc\main.h
2024-07-08 20:19:12,473 [INFO] CodeEngine:255 - oldGeneratedFile, C:\Work\Stm32\test_spi_f401\Core\Src\main.c_save
2024-07-08 20:19:12,889 [INFO] CodeEngine:279 - Generated code: C:\Work\Stm32\test_spi_f401\Core\Src\main.c
2024-07-08 20:19:14,518 [INFO] ProjectBuilder:3163 - Time for Copy HAL[1] : 1116mS.
2024-07-08 20:19:14,531 [INFO] ProjectBuilder:4736 - Project Generator version: 4.3.0-B58
2024-07-08 20:19:14,734 [INFO] ConfigFileManager:1503 - The Die is : DIE433
2024-07-08 20:19:19,165 [INFO] ProjectBuilder:5002 - Time for Generating toolchain IDE Files: 4635mS.
2024-07-08 20:19:19,168 [INFO] ProjectBuilder:3034 - Time for Copy CMSIS : 1mS.
2024-07-08 20:19:19,179 [INFO] ProjectBuilder:3034 - Time for Copy CMSIS : 1mS.
2024-07-08 21:48:05,490 [WARN] IP:2120 - I2C_Coeff_DF not found: check if there is a RefParameter without a condition.
2024-07-08 21:48:05,490 [WARN] IP:2120 - Analog_Filter not found: check if there is a RefParameter without a condition.
2024-07-08 21:48:07,929 [WARN] IP:2120 - I2C_Coeff_DF not found: check if there is a RefParameter without a condition.
2024-07-08 21:48:07,929 [WARN] IP:2120 - Analog_Filter not found: check if there is a RefParameter without a condition.
2024-07-08 21:48:07,929 [WARN] IP:2120 - I2C_Coeff_DF not found: check if there is a RefParameter without a condition.
2024-07-08 21:48:07,930 [WARN] IP:2120 - Analog_Filter not found: check if there is a RefParameter without a condition.
2024-07-08 21:48:07,962 [INFO] NvicIntPanel:101 - NVIC parent = com.st.microxplorer.plugins.ip.nvic.MultiNvicIntPanel[,0,0,0x0,invalid,layout=javax.swing.BoxLayout,alignmentX=0.0,alignmentY=0.0,border=,flags=9,maximumSize=,minimumSize=,preferredSize=]
2024-07-08 21:48:08,000 [WARN] IP:2120 - I2C_Coeff_DF not found: check if there is a RefParameter without a condition.
2024-07-08 21:48:08,000 [WARN] IP:2120 - Analog_Filter not found: check if there is a RefParameter without a condition.
2024-07-08 21:48:08,011 [WARN] IP:2120 - I2C_Coeff_DF not found: check if there is a RefParameter without a condition.
2024-07-08 21:48:08,012 [WARN] IP:2120 - Analog_Filter not found: check if there is a RefParameter without a condition.
2024-07-08 21:48:14,866 [INFO] UtilMem:75 - End SaveConfig() Used Memory: 911288864 Bytes (1073741824)
2024-07-08 21:48:15,622 [INFO] UtilMem:75 - End SaveConfig() Used Memory: 735539104 Bytes (1073741824)
2024-07-08 21:48:16,272 [INFO] UtilMem:75 - End SaveConfig() Used Memory: 781760976 Bytes (1073741824)
2024-07-08 21:48:16,586 [INFO] BlockDiagram:2759 - set Specific Code input for plugin: NVIC
2024-07-08 21:48:16,587 [INFO] BlockDiagram:2759 - set Specific Code input for plugin: USART
2024-07-08 21:48:16,587 [INFO] BlockDiagram:2759 - set Specific Code input for plugin: SYS
2024-07-08 21:48:16,587 [INFO] BlockDiagram:2759 - set Specific Code input for plugin: GPIO
2024-07-08 21:48:16,587 [INFO] BlockDiagram:2759 - set Specific Code input for plugin: RCC
2024-07-08 21:48:16,587 [INFO] BlockDiagram:2759 - set Specific Code input for plugin: I2C
2024-07-08 21:48:16,588 [INFO] CodeGenerator:807 - code generatio: config db path: C:\ST\STM32CubeIDE_1.15.0\STM32CubeIDE\plugins\com.st.stm32cube.common.mx_6.11.1.202404110753\\db\
2024-07-08 21:48:16,590 [WARN] IP:2120 - I2C_Coeff_DF not found: check if there is a RefParameter without a condition.
2024-07-08 21:48:16,590 [WARN] IP:2120 - Analog_Filter not found: check if there is a RefParameter without a condition.
2024-07-08 21:48:16,761 [INFO] CodeEngine:255 - oldGeneratedFile, C:\Work\Stm32\test_spi_f401\MXTmpFiles\license.tmp_save
2024-07-08 21:48:16,904 [INFO] CodeEngine:279 - Generated code: C:\Work\Stm32\test_spi_f401\MXTmpFiles\license.tmp
2024-07-08 21:48:16,963 [INFO] CodeEngine:255 - oldGeneratedFile, C:\Work\Stm32\test_spi_f401\MXTmpFiles\gpio.tmp_save
2024-07-08 21:48:17,104 [INFO] CodeEngine:279 - Generated code: C:\Work\Stm32\test_spi_f401\MXTmpFiles\gpio.tmp
2024-07-08 21:48:17,303 [INFO] CodeEngine:255 - oldGeneratedFile, C:\Work\Stm32\test_spi_f401\Core\Src\stm32f4xx_it.c_save
2024-07-08 21:48:17,565 [INFO] CodeEngine:279 - Generated code: C:\Work\Stm32\test_spi_f401\Core\Src\stm32f4xx_it.c
2024-07-08 21:48:17,596 [INFO] CodeEngine:255 - oldGeneratedFile, C:\Work\Stm32\test_spi_f401\Core\Inc\stm32f4xx_it.h_save
2024-07-08 21:48:17,713 [INFO] CodeEngine:279 - Generated code: C:\Work\Stm32\test_spi_f401\Core\Inc\stm32f4xx_it.h
2024-07-08 21:48:17,757 [INFO] CodeEngine:255 - oldGeneratedFile, C:\Work\Stm32\test_spi_f401\Core\Src\stm32f4xx_hal_msp.c_save
2024-07-08 21:48:17,934 [INFO] CodeEngine:279 - Generated code: C:\Work\Stm32\test_spi_f401\Core\Src\stm32f4xx_hal_msp.c
2024-07-08 21:48:17,952 [INFO] CodeEngine:255 - oldGeneratedFile, C:\Work\Stm32\test_spi_f401\MXTmpFiles\system.tmp_save
2024-07-08 21:48:18,049 [INFO] CodeEngine:279 - Generated code: C:\Work\Stm32\test_spi_f401\MXTmpFiles\system.tmp
2024-07-08 21:48:18,087 [INFO] CodeEngine:311 - oldGeneratedFile, C:\Work\Stm32\test_spi_f401\Core\Inc\stm32f4xx_hal_conf.h_save
2024-07-08 21:48:18,229 [INFO] CodeEngine:335 - Generated code: C:\Work\Stm32\test_spi_f401\Core\Inc\stm32f4xx_hal_conf.h
2024-07-08 21:48:18,301 [INFO] CodeEngine:255 - oldGeneratedFile, C:\Work\Stm32\test_spi_f401\Core\Inc\main.h_save
2024-07-08 21:48:18,427 [INFO] CodeEngine:279 - Generated code: C:\Work\Stm32\test_spi_f401\Core\Inc\main.h
2024-07-08 21:48:18,460 [INFO] CodeEngine:255 - oldGeneratedFile, C:\Work\Stm32\test_spi_f401\Core\Src\main.c_save
2024-07-08 21:48:18,635 [INFO] CodeEngine:279 - Generated code: C:\Work\Stm32\test_spi_f401\Core\Src\main.c
2024-07-08 21:48:19,263 [INFO] ProjectBuilder:3163 - Time for Copy HAL[1] : 352mS.
2024-07-08 21:48:19,269 [INFO] ProjectBuilder:4736 - Project Generator version: 4.3.0-B58
2024-07-08 21:48:19,404 [INFO] ConfigFileManager:1503 - The Die is : DIE433
2024-07-08 21:48:20,705 [INFO] ProjectBuilder:5002 - Time for Generating toolchain IDE Files: 1436mS.
2024-07-08 21:48:20,706 [INFO] ProjectBuilder:3034 - Time for Copy CMSIS : 0mS.
2024-07-08 21:48:20,712 [INFO] ProjectBuilder:3034 - Time for Copy CMSIS : 0mS.
