2024-05-06 11:14:30,368 [INFO] MainUpdater:2873 - connection check result : 10
2024-05-06 11:14:30,388 [INFO] MainUpdater:2873 - connection check result : 10
2024-05-06 11:14:30,422 [INFO] MicroXplorer:468 - Change Database Path : 
2024-05-06 11:14:30,423 [INFO] MicroXplorer:498 - Change Database Version : DB.6.0.111
2024-05-06 11:14:30,454 [ERROR] ProjectManagerView:394 - 
java.lang.NullPointerException: Cannot invoke "javax.swing.JTextField.getText()" because the return value of "java.util.List.get(int)" is null
	at com.st.microxplorer.plugins.projectmanager.gui.ProjectChoiceTab$10.caretUpdate(ProjectChoiceTab.java:2504) ~[filemanager.jar:?]
	at javax.swing.text.JTextComponent.fireCaretUpdate(JTextComponent.java:412) ~[?:?]
	at javax.swing.text.JTextComponent$MutableCaretEvent.fire(JTextComponent.java:4491) ~[?:?]
	at javax.swing.text.JTextComponent$MutableCaretEvent.stateChanged(JTextComponent.java:4513) ~[?:?]
	at javax.swing.text.DefaultCaret.fireStateChanged(DefaultCaret.java:842) ~[?:?]
	at javax.swing.text.DefaultCaret.changeCaretPosition(DefaultCaret.java:1313) ~[?:?]
	at javax.swing.text.DefaultCaret.handleSetDot(DefaultCaret.java:1212) ~[?:?]
	at javax.swing.text.DefaultCaret.setDot(DefaultCaret.java:1193) ~[?:?]
	at javax.swing.text.DefaultCaret$Handler.insertUpdate(DefaultCaret.java:1789) ~[?:?]
	at javax.swing.text.AbstractDocument.fireInsertUpdate(AbstractDocument.java:226) ~[?:?]
	at javax.swing.text.AbstractDocument.handleInsertString(AbstractDocument.java:780) ~[?:?]
	at javax.swing.text.AbstractDocument.insertString(AbstractDocument.java:739) ~[?:?]
	at javax.swing.text.PlainDocument.insertString(PlainDocument.java:131) ~[?:?]
	at javax.swing.text.AbstractDocument.replace(AbstractDocument.java:698) ~[?:?]
	at javax.swing.text.JTextComponent.setText(JTextComponent.java:1729) ~[?:?]
	at com.st.microxplorer.plugins.projectmanager.gui.ProjectChoiceTab.createHeapStackFields(ProjectChoiceTab.java:944) ~[filemanager.jar:?]
	at com.st.microxplorer.plugins.projectmanager.gui.ProjectChoiceTab.buildLinkSettingsPanel(ProjectChoiceTab.java:3475) ~[filemanager.jar:?]
	at com.st.microxplorer.plugins.projectmanager.gui.ProjectChoiceTab.defineWindowsFields(ProjectChoiceTab.java:1816) ~[filemanager.jar:?]
	at com.st.microxplorer.plugins.projectmanager.gui.ProjectChoiceTab.updateSettings(ProjectChoiceTab.java:544) ~[filemanager.jar:?]
	at com.st.microxplorer.plugins.projectmanager.gui.ProjectSettingsPanel.UpdateDialog(ProjectSettingsPanel.java:245) ~[filemanager.jar:?]
	at com.st.microxplorer.plugins.projectmanager.ProjectManagerView.propertyChange(ProjectManagerView.java:391) ~[filemanager.jar:?]
	at java.beans.PropertyChangeSupport.fire(PropertyChangeSupport.java:343) ~[?:?]
	at java.beans.PropertyChangeSupport.firePropertyChange(PropertyChangeSupport.java:335) ~[?:?]
	at java.beans.PropertyChangeSupport.firePropertyChange(PropertyChangeSupport.java:268) ~[?:?]
	at com.st.microxplorer.util.MXPropertyChangeSupport.firePropertyChange(MXPropertyChangeSupport.java:54) ~[STM32CubeMX.jar:?]
	at com.st.microxplorer.mxsystem.MxSystem.closeConfig(MxSystem.java:900) ~[STM32CubeMX.jar:?]
	at com.st.microxplorer.maingui.MainPanel.closeConfig(MainPanel.java:776) ~[STM32CubeMX.jar:?]
	at com.st.microxplorer.plugins.filemanager.engine.OpenFileManager.loadConfigurationFile(OpenFileManager.java:245) ~[filemanager.jar:?]
	at com.st.microxplorer.plugins.filemanager.engine.MainFileManager.userLoadConfig(MainFileManager.java:315) ~[filemanager.jar:?]
	at com.st.microxplorer.plugins.filemanager.engine.MainFileManager.userLoadConfig(MainFileManager.java:293) ~[filemanager.jar:?]
	at com.st.microxplorer.plugins.filemanager.FileManagerView.getSpecificTask(FileManagerView.java:247) ~[filemanager.jar:?]
	at com.st.stm32cube.common.mx.editor.CubeMxEditor.getMxTabbedPaneInstance(CubeMxEditor.java:1198) ~[com.st.stm32cube.common.mx_6.11.1.202404110753/:?]
	at com.st.stm32cube.common.mx.editor.CubeMxEditor$12$1.createSwingComponent(CubeMxEditor.java:1068) ~[com.st.stm32cube.common.mx_6.11.1.202404110753/:?]
	at com.st.stm32cube.common.mx.oss.core.awtswtbridge.EmbeddedSwingComposite.doComponentCreation(EmbeddedSwingComposite.java:492) ~[com.st.stm32cube.common.mx.oss_6.11.1.202404110753/:?]
	at com.st.stm32cube.common.mx.oss.core.awtswtbridge.EmbeddedSwingComposite$4.run(EmbeddedSwingComposite.java:291) ~[com.st.stm32cube.common.mx.oss_6.11.1.202404110753/:?]
	at com.st.stm32cube.common.mx.oss.core.awtswtbridge.AwtEnvironment$2.run(AwtEnvironment.java:166) ~[com.st.stm32cube.common.mx.oss_6.11.1.202404110753/:?]
	at java.awt.event.InvocationEvent.dispatch(InvocationEvent.java:318) ~[?:?]
	at java.awt.EventQueue.dispatchEventImpl(EventQueue.java:773) ~[?:?]
	at java.awt.EventQueue$4.run(EventQueue.java:720) ~[?:?]
	at java.awt.EventQueue$4.run(EventQueue.java:714) ~[?:?]
	at java.security.AccessController.doPrivileged(AccessController.java:399) ~[?:?]
	at java.security.ProtectionDomain$JavaSecurityAccessImpl.doIntersectionPrivilege(ProtectionDomain.java:86) ~[?:?]
	at java.awt.EventQueue.dispatchEvent(EventQueue.java:742) ~[?:?]
	at java.awt.EventDispatchThread.pumpOneEventForFilters(EventDispatchThread.java:203) ~[?:?]
	at java.awt.EventDispatchThread.pumpEventsForFilter(EventDispatchThread.java:124) ~[?:?]
	at java.awt.EventDispatchThread.pumpEventsForHierarchy(EventDispatchThread.java:113) ~[?:?]
	at java.awt.EventDispatchThread.pumpEvents(EventDispatchThread.java:109) ~[?:?]
	at java.awt.EventDispatchThread.pumpEvents(EventDispatchThread.java:101) ~[?:?]
	at java.awt.EventDispatchThread.run(EventDispatchThread.java:90) ~[?:?]
2024-05-06 11:14:30,456 [WARN] ThirdParty:871 - waiting for thirdparty lock release [close project]
2024-05-06 11:14:30,456 [INFO] ThirdParty:873 - entering critical section [close project]
2024-05-06 11:14:30,456 [INFO] ThirdParty:883 - exiting critical section [close project]
2024-05-06 11:14:30,459 [INFO] PinOutPanel:1561 - setPackage(No Configuration,No Configuration)
2024-05-06 11:14:30,464 [INFO] UtilMem:75 - Begin LoadConfig() Used Memory: 429924264 Bytes (972029952)
2024-05-06 11:14:30,465 [INFO] MicroXplorer:468 - Change Database Path : 
2024-05-06 11:14:30,465 [INFO] MicroXplorer:498 - Change Database Version : DB.6.0.111
2024-05-06 11:14:30,466 [INFO] OpenFileManager:312 - Change cursor
2024-05-06 11:14:30,506 [INFO] RulesReader:64 - Compatibility file has been processed (297 Rules)
2024-05-06 11:14:30,525 [INFO] Mcu:2021 - Initializing MCU STM32F103C(4-6)Tx STM32F103C6Tx STM32F103C6T6A
2024-05-06 11:14:31,301 [INFO] Context:663 - Trying to add GPIOservice into a context  which must be forbidden
2024-05-06 11:14:31,531 [INFO] RtosManager:555 - Registered RTOS mode: class=CMSIS, group=RTOS, mode=CMSIS_V1, owner=FREERTOS
2024-05-06 11:14:31,531 [INFO] RtosManager:555 - Registered RTOS mode: class=CMSIS, group=RTOS2, mode=CMSIS_V2, owner=FREERTOS
2024-05-06 11:14:31,531 [INFO] RtosManager:555 - Registered RTOS mode: class=RTOS, group=Core, mode=CMSIS_V1, owner=FREERTOS
2024-05-06 11:14:31,531 [INFO] RtosManager:555 - Registered RTOS mode: class=RTOS, group=Core, mode=CMSIS_V2, owner=FREERTOS
2024-05-06 11:14:31,531 [WARN] ModelIntegratedComponent:184 - Missing modes for component STMicroelectronics:FreeRTOS:0.0.1:STMicroelectronics:RTOS:FreeRTOS:Core:::10.2.0:
2024-05-06 11:14:31,540 [WARN] ModelIntegratedComponent:63 - No mode defined for component null
2024-05-06 11:14:31,540 [WARN] ModelIntegratedComponent:63 - No mode defined for component null
2024-05-06 11:14:31,540 [WARN] ModelIntegratedComponent:63 - No mode defined for component null
2024-05-06 11:14:31,540 [WARN] ModelIntegratedComponent:63 - No mode defined for component null
2024-05-06 11:14:31,540 [WARN] ModelIntegratedComponent:63 - No mode defined for component null
2024-05-06 11:14:31,540 [WARN] ModelIntegratedComponent:63 - No mode defined for component null
2024-05-06 11:14:31,540 [WARN] ModelIntegratedComponent:63 - No mode defined for component null
2024-05-06 11:14:31,540 [WARN] ModelIntegratedComponent:63 - No mode defined for component null
2024-05-06 11:14:31,540 [WARN] ModelIntegratedComponent:63 - No mode defined for component null
2024-05-06 11:14:31,540 [WARN] ModelIntegratedComponent:63 - No mode defined for component null
2024-05-06 11:14:31,540 [WARN] ModelIntegratedComponent:63 - No mode defined for component null
2024-05-06 11:14:31,540 [WARN] ModelIntegratedComponent:63 - No mode defined for component null
2024-05-06 11:14:31,541 [WARN] ModelIntegratedComponent:63 - No mode defined for component null
2024-05-06 11:14:31,541 [WARN] ModelIntegratedComponent:63 - No mode defined for component null
2024-05-06 11:14:31,541 [WARN] ModelIntegratedComponent:63 - No mode defined for component null
2024-05-06 11:14:31,541 [WARN] ModelIntegratedComponent:63 - No mode defined for component null
2024-05-06 11:14:31,541 [WARN] ModelIntegratedComponent:63 - No mode defined for component null
2024-05-06 11:14:31,541 [WARN] ModelIntegratedComponent:63 - No mode defined for component null
2024-05-06 11:14:31,541 [WARN] ModelIntegratedComponent:63 - No mode defined for component null
2024-05-06 11:14:31,541 [WARN] ModelIntegratedComponent:63 - No mode defined for component null
2024-05-06 11:14:31,541 [WARN] ModelIntegratedComponent:63 - No mode defined for component null
2024-05-06 11:14:31,541 [WARN] ModelIntegratedComponent:63 - No mode defined for component null
2024-05-06 11:14:31,541 [WARN] ModelIntegratedComponent:63 - No mode defined for component null
2024-05-06 11:14:31,541 [WARN] ModelIntegratedComponent:63 - No mode defined for component null
2024-05-06 11:14:31,541 [WARN] ModelIntegratedComponent:63 - No mode defined for component null
2024-05-06 11:14:31,541 [WARN] ModelIntegratedComponent:63 - No mode defined for component null
2024-05-06 11:14:31,541 [WARN] ModelIntegratedComponent:63 - No mode defined for component null
2024-05-06 11:14:31,541 [WARN] ModelIntegratedComponent:63 - No mode defined for component null
2024-05-06 11:14:31,541 [WARN] ModelIntegratedComponent:63 - No mode defined for component null
2024-05-06 11:14:31,541 [WARN] ModelIntegratedComponent:63 - No mode defined for component null
2024-05-06 11:14:31,541 [WARN] ModelIntegratedComponent:63 - No mode defined for component null
2024-05-06 11:14:31,541 [WARN] ModelIntegratedComponent:63 - No mode defined for component null
2024-05-06 11:14:31,542 [WARN] ModelIntegratedComponent:63 - No mode defined for component null
2024-05-06 11:14:31,542 [WARN] ModelIntegratedComponent:63 - No mode defined for component null
2024-05-06 11:14:31,644 [INFO] ThirdPartyModel:298 - Start build external matchings
2024-05-06 11:14:31,948 [INFO] ThirdPartyModel:316 - End build external matchings
2024-05-06 11:14:31,964 [INFO] ImportTextPane:194 - (OptionalMessage_ERROR) IP (RCC) : Parameter (ADCFreqValue) has invalid value (36000000)
2024-05-06 11:14:31,964 [INFO] ImportTextPane:194 - (OptionalMessage_ERROR) IP (RCC) : Invalid parameter (FamilyName)
2024-05-06 11:14:31,964 [INFO] ImportTextPane:194 - (OptionalMessage_ERROR) IP (RCC) : Parameter (MCOFreq_Value) has invalid value (72000000)
2024-05-06 11:14:31,965 [INFO] ImportTextPane:194 - (OptionalMessage_ERROR) IP (RCC) : Parameter (USBFreq_Value) has invalid value (72000000)
2024-05-06 11:14:32,155 [INFO] UtilMem:75 - End LoadConfig() Used Memory: 397707704 Bytes (972029952)
2024-05-06 11:14:32,487 [WARN] ThirdParty:833 - waiting for thirdparty lock release [change project]
2024-05-06 11:14:32,487 [INFO] ThirdParty:835 - entering critical section [change project]
2024-05-06 11:14:32,487 [INFO] ThirdParty:1030 - CMSIS Pack Vendor :STMicroelectronics USBPD 4.1
2024-05-06 11:14:32,487 [INFO] ThirdParty:1030 - CMSIS Pack Vendor :STMicroelectronics X-CUBE-GNSS1 6.0.0
2024-05-06 11:14:32,487 [INFO] ThirdParty:1030 - CMSIS Pack Vendor :STMicroelectronics USB_HOST 2.0.0
2024-05-06 11:14:32,487 [INFO] ThirdParty:1030 - CMSIS Pack Vendor :STMicroelectronics FP-SNS-MOTENVWB1 1.4.0
2024-05-06 11:14:32,487 [INFO] ThirdParty:1030 - CMSIS Pack Vendor :STMicroelectronics X-CUBE-AZRTOS-F4 1.1.0
2024-05-06 11:14:32,487 [INFO] ThirdParty:1030 - CMSIS Pack Vendor :STMicroelectronics LIBJPEG 8.0.0
2024-05-06 11:14:32,487 [INFO] ThirdParty:1030 - CMSIS Pack Vendor :STMicroelectronics X-CUBE-SMBUS 2.1.0
2024-05-06 11:14:32,487 [INFO] ThirdParty:1030 - CMSIS Pack Vendor :STMicroelectronics USB_DEVICE 3.0.0
2024-05-06 11:14:32,487 [INFO] ThirdParty:1030 - CMSIS Pack Vendor :STMicroelectronics X-CUBE-TCPP 4.1.0
2024-05-06 11:14:32,487 [INFO] ThirdParty:1030 - CMSIS Pack Vendor :STMicroelectronics X-CUBE-FREERTOS 1.2.0
2024-05-06 11:14:32,487 [INFO] ThirdParty:1030 - CMSIS Pack Vendor :STMicroelectronics X-CUBE-AZRTOS-WB 2.0.0
2024-05-06 11:14:32,487 [INFO] ThirdParty:1030 - CMSIS Pack Vendor :STMicroelectronics X-CUBE-TOUCHGFX 4.23.2
2024-05-06 11:14:32,488 [INFO] ThirdParty:1030 - CMSIS Pack Vendor :STMicroelectronics X-CUBE-AZRTOS-F7 1.1.0
2024-05-06 11:14:32,488 [INFO] ThirdParty:1030 - CMSIS Pack Vendor :STMicroelectronics X-CUBE-AZRTOS-L5 2.0.0
2024-05-06 11:14:32,488 [INFO] ThirdParty:1030 - CMSIS Pack Vendor :STMicroelectronics USB_DEVICE 2.0.0
2024-05-06 11:14:32,488 [INFO] ThirdParty:1030 - CMSIS Pack Vendor :STMicroelectronics X-CUBE-NFC6 3.1.0
2024-05-06 11:14:32,488 [INFO] ThirdParty:1030 - CMSIS Pack Vendor :STMicroelectronics X-CUBE-ALGOBUILD 1.3.0
2024-05-06 11:14:32,488 [INFO] ThirdParty:1030 - CMSIS Pack Vendor :STMicroelectronics FreeRTOS 0.0.1
2024-05-06 11:14:32,488 [INFO] ThirdParty:1030 - CMSIS Pack Vendor :STMicroelectronics X-CUBE-AZRTOS-G0 1.1.0
2024-05-06 11:14:32,488 [INFO] ThirdParty:1030 - CMSIS Pack Vendor :STMicroelectronics X-CUBE-SAFEA1 1.2.2
2024-05-06 11:14:32,488 [INFO] ThirdParty:1030 - CMSIS Pack Vendor :STMicroelectronics X-CUBE-NFC4 3.0.0
2024-05-06 11:14:32,488 [INFO] ThirdParty:1030 - CMSIS Pack Vendor :STMicroelectronics X-CUBE-SUBG2 5.0.0
2024-05-06 11:14:32,488 [INFO] ThirdParty:1030 - CMSIS Pack Vendor :STMicroelectronics STM32_WPAN 1.0.0
2024-05-06 11:14:32,488 [INFO] ThirdParty:1030 - CMSIS Pack Vendor :STMicroelectronics lwIP 2.0.3
2024-05-06 11:14:32,488 [INFO] ThirdParty:1030 - CMSIS Pack Vendor :STMicroelectronics FP-SNS-FLIGHT1 5.0.2
2024-05-06 11:14:32,488 [INFO] ThirdParty:1030 - CMSIS Pack Vendor :STMicroelectronics USB_HOST 1.0.0
2024-05-06 11:14:32,488 [INFO] ThirdParty:1030 - CMSIS Pack Vendor :STMicroelectronics X-CUBE-AI 9.0.0
2024-05-06 11:14:32,488 [INFO] ThirdParty:1030 - CMSIS Pack Vendor :STMicroelectronics X-CUBE-AZRTOS-G4 2.0.0
2024-05-06 11:14:32,488 [INFO] ThirdParty:1030 - CMSIS Pack Vendor :STMicroelectronics PDM2PCM 3.1.0
2024-05-06 11:14:32,488 [INFO] ThirdParty:1030 - CMSIS Pack Vendor :STMicroelectronics PDM2PCM 3.3.0
2024-05-06 11:14:32,488 [INFO] ThirdParty:1030 - CMSIS Pack Vendor :STMicroelectronics X-CUBE-DISPLAY 3.0.0
2024-05-06 11:14:32,488 [INFO] ThirdParty:1030 - CMSIS Pack Vendor :wolfSSL I-CUBE-wolfSSL 5.7.0
2024-05-06 11:14:32,488 [INFO] ThirdParty:1030 - CMSIS Pack Vendor :STMicroelectronics X-CUBE-BLE1 7.0.0
2024-05-06 11:14:32,488 [INFO] ThirdParty:1030 - CMSIS Pack Vendor :STMicroelectronics FP-ATR-SIGFOX1 3.2.0
2024-05-06 11:14:32,488 [INFO] ThirdParty:1030 - CMSIS Pack Vendor :STMicroelectronics X-CUBE-ISPU 2.0.0
2024-05-06 11:14:32,488 [INFO] ThirdParty:1030 - CMSIS Pack Vendor :STMicroelectronics X-CUBE-EEPRMA1 5.1.0
2024-05-06 11:14:32,488 [INFO] ThirdParty:1030 - CMSIS Pack Vendor :STMicroelectronics HAL Drivers 0.0.0
2024-05-06 11:14:32,488 [INFO] ThirdParty:1030 - CMSIS Pack Vendor :STMicroelectronics MBEDTLS 2.16.2
2024-05-06 11:14:32,488 [INFO] ThirdParty:1030 - CMSIS Pack Vendor :emotas I-CUBE-CANOPEN 1.3.0
2024-05-06 11:14:32,488 [INFO] ThirdParty:1030 - CMSIS Pack Vendor :STMicroelectronics X-CUBE-MEMS1 10.0.0
2024-05-06 11:14:32,488 [INFO] ThirdParty:1030 - CMSIS Pack Vendor :STMicroelectronics X-CUBE-FREERTOS 1.1.0
2024-05-06 11:14:32,489 [INFO] ThirdParty:1030 - CMSIS Pack Vendor :STMicroelectronics X-CUBE-NFC7 1.0.1
2024-05-06 11:14:32,489 [INFO] ThirdParty:1030 - CMSIS Pack Vendor :STMicroelectronics MBEDTLS 2.14.1
2024-05-06 11:14:32,489 [INFO] ThirdParty:1030 - CMSIS Pack Vendor :ITTIA_DB I-CUBE-ITTIADB 8.9.0
2024-05-06 11:14:32,489 [INFO] ThirdParty:1030 - CMSIS Pack Vendor :portGmbH I-Cube-SoM-uGOAL 1.1.0
2024-05-06 11:14:32,489 [INFO] ThirdParty:1030 - CMSIS Pack Vendor :STMicroelectronics X-CUBE-ALS 1.0.1
2024-05-06 11:14:32,489 [INFO] ThirdParty:1030 - CMSIS Pack Vendor :STMicroelectronics X-CUBE-BLEMGR 3.1.0
2024-05-06 11:14:32,489 [INFO] ThirdParty:1030 - CMSIS Pack Vendor :STMicroelectronics ThreadX 1.0.0
2024-05-06 11:14:32,489 [INFO] ThirdParty:1030 - CMSIS Pack Vendor :STMicroelectronics FP-SNS-SMARTAG2 1.2.0
2024-05-06 11:14:32,489 [INFO] ThirdParty:1030 - CMSIS Pack Vendor :STMicroelectronics X-CUBE-AZRTOS-WL 2.0.0
2024-05-06 11:14:32,489 [INFO] ThirdParty:1030 - CMSIS Pack Vendor :SEGGER I-CUBE-embOS 1.3.1
2024-05-06 11:14:32,489 [INFO] ThirdParty:1030 - CMSIS Pack Vendor :STMicroelectronics FP-SNS-MOTENV1 5.0.0
2024-05-06 11:14:32,489 [INFO] ThirdParty:1030 - CMSIS Pack Vendor :STMicroelectronics USB_DEVICE 1.0.0
2024-05-06 11:14:32,489 [INFO] ThirdParty:1030 - CMSIS Pack Vendor :STMicroelectronics X-CUBE-AZRTOS-H7RS 1.0.0
2024-05-06 11:14:32,489 [INFO] ThirdParty:1030 - CMSIS Pack Vendor :STMicroelectronics X-CUBE-AZRTOS-L4 2.0.0
2024-05-06 11:14:32,489 [INFO] ThirdParty:1030 - CMSIS Pack Vendor :STMicroelectronics ThreadX 0.0.2
2024-05-06 11:14:32,489 [INFO] ThirdParty:1030 - CMSIS Pack Vendor :WES I-CUBE-Cesium 1.3.0
2024-05-06 11:14:32,489 [INFO] ThirdParty:1030 - CMSIS Pack Vendor :STMicroelectronics FP-ATR-ASTRA1 2.0.0
2024-05-06 11:14:32,489 [INFO] ThirdParty:1030 - CMSIS Pack Vendor :STMicroelectronics lwIP 2.1.2
2024-05-06 11:14:32,489 [INFO] ThirdParty:1030 - CMSIS Pack Vendor :STMicroelectronics X-CUBE-SFXS2LP1 4.0.0
2024-05-06 11:14:32,489 [INFO] ThirdParty:1030 - CMSIS Pack Vendor :STMicroelectronics X-CUBE-BLE2 3.3.0
2024-05-06 11:14:32,489 [INFO] ThirdParty:1030 - CMSIS Pack Vendor :STMicroelectronics X-CUBE-TOF1 3.4.1
2024-05-06 11:14:32,489 [INFO] ThirdParty:1030 - CMSIS Pack Vendor :STMicroelectronics X-CUBE-AZRTOS-H7 3.2.0
2024-05-06 11:14:32,489 [INFO] ThirdParty:1030 - CMSIS Pack Vendor :Infineon AIROC-Wi-Fi-Bluetooth-STM32 1.6.0
2024-05-06 11:14:32,489 [INFO] ThirdParty:1030 - CMSIS Pack Vendor :STMicroelectronics PDM2PCM 3.2.0
2024-05-06 11:14:32,490 [INFO] ThirdParty:841 - exiting critical section [change project]
2024-05-06 11:14:32,609 [INFO] PinOutPanel:1561 - setPackage(No Configuration,No Configuration)
2024-05-06 11:14:32,610 [INFO] PinOutPanel:1561 - setPackage(STM32F103C6Tx,LQFP48)
2024-05-06 11:14:32,933 [INFO] UtilMem:75 - Before build in PCC Used Memory: 337932312 Bytes (972029952)
2024-05-06 11:14:33,316 [INFO] UtilMem:75 - After build in PCC Used Memory: 377251864 Bytes (972029952)
2024-05-06 11:14:33,350 [INFO] IPUIPlugin:80 - create IPUIPlugin
2024-05-06 11:14:33,350 [INFO] IPUIPlugin:80 - create IPUIPlugin
2024-05-06 11:14:33,350 [INFO] IPUIPlugin:80 - create IPUIPlugin
2024-05-06 11:14:33,350 [INFO] IPUIPlugin:80 - create IPUIPlugin
2024-05-06 11:14:33,351 [INFO] IPUIPlugin:80 - create IPUIPlugin
2024-05-06 11:14:33,351 [INFO] IPUIPlugin:80 - create IPUIPlugin
2024-05-06 11:14:33,351 [INFO] IPUIPlugin:80 - create IPUIPlugin
2024-05-06 11:14:33,351 [INFO] IPUIPlugin:80 - create IPUIPlugin
2024-05-06 11:14:33,352 [INFO] IPUIPlugin:80 - create IPUIPlugin
2024-05-06 11:14:33,352 [INFO] IPUIPlugin:80 - create IPUIPlugin
2024-05-06 11:14:33,352 [INFO] IPUIPlugin:80 - create IPUIPlugin
2024-05-06 11:14:33,353 [INFO] IPUIPlugin:80 - create IPUIPlugin
2024-05-06 11:14:33,353 [INFO] IPUIPlugin:80 - create IPUIPlugin
2024-05-06 11:14:33,353 [INFO] IPUIPlugin:80 - create IPUIPlugin
2024-05-06 11:14:33,354 [INFO] IPUIPlugin:80 - create IPUIPlugin
2024-05-06 11:14:33,354 [INFO] IPUIPlugin:80 - create IPUIPlugin
2024-05-06 11:14:33,354 [INFO] IPUIPlugin:80 - create IPUIPlugin
2024-05-06 11:14:33,355 [INFO] IPUIPlugin:80 - create IPUIPlugin
2024-05-06 11:14:33,355 [INFO] IPUIPlugin:80 - create IPUIPlugin
2024-05-06 11:14:33,356 [INFO] IPUIPlugin:80 - create IPUIPlugin
2024-05-06 11:14:33,356 [INFO] IPUIPlugin:80 - create IPUIPlugin
2024-05-06 11:14:33,356 [INFO] IPUIPlugin:80 - create IPUIPlugin
2024-05-06 11:14:33,357 [INFO] IPUIPlugin:80 - create IPUIPlugin
2024-05-06 11:14:33,423 [INFO] CADModel:165 - CPN selected for project levelSTM32F103C6T6A
2024-05-06 11:14:33,424 [INFO] CADModel:114 - Register for checkConnection events
2024-05-06 11:14:33,496 [INFO] OpenFileManager:343 - Restore cursor
2024-05-06 11:18:05,947 [INFO] MainUpdater:2873 - connection check result : 10
2024-05-06 11:18:05,947 [INFO] MainUpdater:2873 - connection check result : 10
2024-05-06 11:18:05,969 [INFO] MicroXplorer:468 - Change Database Path : 
2024-05-06 11:18:05,969 [INFO] MicroXplorer:498 - Change Database Version : DB.6.0.111
2024-05-06 11:18:05,986 [ERROR] ProjectManagerView:394 - 
java.lang.NullPointerException: Cannot invoke "javax.swing.JTextField.getText()" because the return value of "java.util.List.get(int)" is null
	at com.st.microxplorer.plugins.projectmanager.gui.ProjectChoiceTab$10.caretUpdate(ProjectChoiceTab.java:2504) ~[filemanager.jar:?]
	at javax.swing.text.JTextComponent.fireCaretUpdate(JTextComponent.java:412) ~[?:?]
	at javax.swing.text.JTextComponent$MutableCaretEvent.fire(JTextComponent.java:4491) ~[?:?]
	at javax.swing.text.JTextComponent$MutableCaretEvent.stateChanged(JTextComponent.java:4513) ~[?:?]
	at javax.swing.text.DefaultCaret.fireStateChanged(DefaultCaret.java:842) ~[?:?]
	at javax.swing.text.DefaultCaret.changeCaretPosition(DefaultCaret.java:1313) ~[?:?]
	at javax.swing.text.DefaultCaret.handleSetDot(DefaultCaret.java:1212) ~[?:?]
	at javax.swing.text.DefaultCaret.setDot(DefaultCaret.java:1193) ~[?:?]
	at javax.swing.text.DefaultCaret$Handler.insertUpdate(DefaultCaret.java:1789) ~[?:?]
	at javax.swing.text.AbstractDocument.fireInsertUpdate(AbstractDocument.java:226) ~[?:?]
	at javax.swing.text.AbstractDocument.handleInsertString(AbstractDocument.java:780) ~[?:?]
	at javax.swing.text.AbstractDocument.insertString(AbstractDocument.java:739) ~[?:?]
	at javax.swing.text.PlainDocument.insertString(PlainDocument.java:131) ~[?:?]
	at javax.swing.text.AbstractDocument.replace(AbstractDocument.java:698) ~[?:?]
	at javax.swing.text.JTextComponent.setText(JTextComponent.java:1729) ~[?:?]
	at com.st.microxplorer.plugins.projectmanager.gui.ProjectChoiceTab.createHeapStackFields(ProjectChoiceTab.java:944) ~[filemanager.jar:?]
	at com.st.microxplorer.plugins.projectmanager.gui.ProjectChoiceTab.buildLinkSettingsPanel(ProjectChoiceTab.java:3475) ~[filemanager.jar:?]
	at com.st.microxplorer.plugins.projectmanager.gui.ProjectChoiceTab.defineWindowsFields(ProjectChoiceTab.java:1816) ~[filemanager.jar:?]
	at com.st.microxplorer.plugins.projectmanager.gui.ProjectChoiceTab.updateSettings(ProjectChoiceTab.java:544) ~[filemanager.jar:?]
	at com.st.microxplorer.plugins.projectmanager.gui.ProjectSettingsPanel.UpdateDialog(ProjectSettingsPanel.java:245) ~[filemanager.jar:?]
	at com.st.microxplorer.plugins.projectmanager.ProjectManagerView.propertyChange(ProjectManagerView.java:391) ~[filemanager.jar:?]
	at java.beans.PropertyChangeSupport.fire(PropertyChangeSupport.java:343) ~[?:?]
	at java.beans.PropertyChangeSupport.firePropertyChange(PropertyChangeSupport.java:335) ~[?:?]
	at java.beans.PropertyChangeSupport.firePropertyChange(PropertyChangeSupport.java:268) ~[?:?]
	at com.st.microxplorer.util.MXPropertyChangeSupport.firePropertyChange(MXPropertyChangeSupport.java:54) ~[STM32CubeMX.jar:?]
	at com.st.microxplorer.mxsystem.MxSystem.closeConfig(MxSystem.java:900) ~[STM32CubeMX.jar:?]
	at com.st.microxplorer.maingui.MainPanel.closeConfig(MainPanel.java:776) ~[STM32CubeMX.jar:?]
	at com.st.microxplorer.plugins.filemanager.engine.OpenFileManager.loadConfigurationFile(OpenFileManager.java:245) ~[filemanager.jar:?]
	at com.st.microxplorer.plugins.filemanager.engine.MainFileManager.userLoadConfig(MainFileManager.java:315) ~[filemanager.jar:?]
	at com.st.microxplorer.plugins.filemanager.engine.MainFileManager.userLoadConfig(MainFileManager.java:293) ~[filemanager.jar:?]
	at com.st.microxplorer.plugins.filemanager.FileManagerView.getSpecificTask(FileManagerView.java:247) ~[filemanager.jar:?]
	at com.st.stm32cube.common.mx.editor.CubeMxEditor.getMxTabbedPaneInstance(CubeMxEditor.java:1198) ~[com.st.stm32cube.common.mx_6.11.1.202404110753/:?]
	at com.st.stm32cube.common.mx.editor.CubeMxEditor$12$1.createSwingComponent(CubeMxEditor.java:1068) ~[com.st.stm32cube.common.mx_6.11.1.202404110753/:?]
	at com.st.stm32cube.common.mx.oss.core.awtswtbridge.EmbeddedSwingComposite.doComponentCreation(EmbeddedSwingComposite.java:492) ~[com.st.stm32cube.common.mx.oss_6.11.1.202404110753/:?]
	at com.st.stm32cube.common.mx.oss.core.awtswtbridge.EmbeddedSwingComposite$4.run(EmbeddedSwingComposite.java:291) ~[com.st.stm32cube.common.mx.oss_6.11.1.202404110753/:?]
	at com.st.stm32cube.common.mx.oss.core.awtswtbridge.AwtEnvironment$2.run(AwtEnvironment.java:166) ~[com.st.stm32cube.common.mx.oss_6.11.1.202404110753/:?]
	at java.awt.event.InvocationEvent.dispatch(InvocationEvent.java:318) ~[?:?]
	at java.awt.EventQueue.dispatchEventImpl(EventQueue.java:773) ~[?:?]
	at java.awt.EventQueue$4.run(EventQueue.java:720) ~[?:?]
	at java.awt.EventQueue$4.run(EventQueue.java:714) ~[?:?]
	at java.security.AccessController.doPrivileged(AccessController.java:399) ~[?:?]
	at java.security.ProtectionDomain$JavaSecurityAccessImpl.doIntersectionPrivilege(ProtectionDomain.java:86) ~[?:?]
	at java.awt.EventQueue.dispatchEvent(EventQueue.java:742) ~[?:?]
	at java.awt.EventDispatchThread.pumpOneEventForFilters(EventDispatchThread.java:203) ~[?:?]
	at java.awt.EventDispatchThread.pumpEventsForFilter(EventDispatchThread.java:124) ~[?:?]
	at java.awt.EventDispatchThread.pumpEventsForHierarchy(EventDispatchThread.java:113) ~[?:?]
	at java.awt.EventDispatchThread.pumpEvents(EventDispatchThread.java:109) ~[?:?]
	at java.awt.EventDispatchThread.pumpEvents(EventDispatchThread.java:101) ~[?:?]
	at java.awt.EventDispatchThread.run(EventDispatchThread.java:90) ~[?:?]
2024-05-06 11:18:05,988 [WARN] ThirdParty:871 - waiting for thirdparty lock release [close project]
2024-05-06 11:18:05,988 [INFO] ThirdParty:873 - entering critical section [close project]
2024-05-06 11:18:05,988 [INFO] ThirdParty:883 - exiting critical section [close project]
2024-05-06 11:18:05,989 [INFO] PinOutPanel:1561 - setPackage(No Configuration,No Configuration)
2024-05-06 11:18:05,991 [INFO] UtilMem:75 - Begin LoadConfig() Used Memory: 334192848 Bytes (972029952)
2024-05-06 11:18:05,991 [INFO] MicroXplorer:468 - Change Database Path : 
2024-05-06 11:18:05,991 [INFO] MicroXplorer:498 - Change Database Version : DB.6.0.111
2024-05-06 11:18:05,991 [INFO] OpenFileManager:312 - Change cursor
2024-05-06 11:18:06,009 [INFO] Mcu:2021 - Initializing MCU STM32F103C(8-B)Tx STM32F103C8Tx STM32F103C8T6
2024-05-06 11:18:06,723 [INFO] Context:663 - Trying to add GPIOservice into a context  which must be forbidden
2024-05-06 11:18:06,888 [INFO] RtosManager:555 - Registered RTOS mode: class=CMSIS, group=RTOS, mode=CMSIS_V1, owner=FREERTOS
2024-05-06 11:18:06,888 [INFO] RtosManager:555 - Registered RTOS mode: class=CMSIS, group=RTOS2, mode=CMSIS_V2, owner=FREERTOS
2024-05-06 11:18:06,888 [INFO] RtosManager:555 - Registered RTOS mode: class=RTOS, group=Core, mode=CMSIS_V1, owner=FREERTOS
2024-05-06 11:18:06,888 [INFO] RtosManager:555 - Registered RTOS mode: class=RTOS, group=Core, mode=CMSIS_V2, owner=FREERTOS
2024-05-06 11:18:06,888 [WARN] ModelIntegratedComponent:184 - Missing modes for component STMicroelectronics:FreeRTOS:0.0.1:STMicroelectronics:RTOS:FreeRTOS:Core:::10.2.0:
2024-05-06 11:18:06,894 [WARN] ModelIntegratedComponent:63 - No mode defined for component null
2024-05-06 11:18:06,894 [WARN] ModelIntegratedComponent:63 - No mode defined for component null
2024-05-06 11:18:06,894 [WARN] ModelIntegratedComponent:63 - No mode defined for component null
2024-05-06 11:18:06,894 [WARN] ModelIntegratedComponent:63 - No mode defined for component null
2024-05-06 11:18:06,894 [WARN] ModelIntegratedComponent:63 - No mode defined for component null
2024-05-06 11:18:06,894 [WARN] ModelIntegratedComponent:63 - No mode defined for component null
2024-05-06 11:18:06,894 [WARN] ModelIntegratedComponent:63 - No mode defined for component null
2024-05-06 11:18:06,894 [WARN] ModelIntegratedComponent:63 - No mode defined for component null
2024-05-06 11:18:06,894 [WARN] ModelIntegratedComponent:63 - No mode defined for component null
2024-05-06 11:18:06,894 [WARN] ModelIntegratedComponent:63 - No mode defined for component null
2024-05-06 11:18:06,894 [WARN] ModelIntegratedComponent:63 - No mode defined for component null
2024-05-06 11:18:06,894 [WARN] ModelIntegratedComponent:63 - No mode defined for component null
2024-05-06 11:18:06,894 [WARN] ModelIntegratedComponent:63 - No mode defined for component null
2024-05-06 11:18:06,895 [WARN] ModelIntegratedComponent:63 - No mode defined for component null
2024-05-06 11:18:06,895 [WARN] ModelIntegratedComponent:63 - No mode defined for component null
2024-05-06 11:18:06,895 [WARN] ModelIntegratedComponent:63 - No mode defined for component null
2024-05-06 11:18:06,895 [WARN] ModelIntegratedComponent:63 - No mode defined for component null
2024-05-06 11:18:06,895 [WARN] ModelIntegratedComponent:63 - No mode defined for component null
2024-05-06 11:18:06,895 [WARN] ModelIntegratedComponent:63 - No mode defined for component null
2024-05-06 11:18:06,895 [WARN] ModelIntegratedComponent:63 - No mode defined for component null
2024-05-06 11:18:06,895 [WARN] ModelIntegratedComponent:63 - No mode defined for component null
2024-05-06 11:18:06,895 [WARN] ModelIntegratedComponent:63 - No mode defined for component null
2024-05-06 11:18:06,895 [WARN] ModelIntegratedComponent:63 - No mode defined for component null
2024-05-06 11:18:06,895 [WARN] ModelIntegratedComponent:63 - No mode defined for component null
2024-05-06 11:18:06,895 [WARN] ModelIntegratedComponent:63 - No mode defined for component null
2024-05-06 11:18:06,895 [WARN] ModelIntegratedComponent:63 - No mode defined for component null
2024-05-06 11:18:06,895 [WARN] ModelIntegratedComponent:63 - No mode defined for component null
2024-05-06 11:18:06,895 [WARN] ModelIntegratedComponent:63 - No mode defined for component null
2024-05-06 11:18:06,895 [WARN] ModelIntegratedComponent:63 - No mode defined for component null
2024-05-06 11:18:06,895 [WARN] ModelIntegratedComponent:63 - No mode defined for component null
2024-05-06 11:18:06,895 [WARN] ModelIntegratedComponent:63 - No mode defined for component null
2024-05-06 11:18:06,895 [WARN] ModelIntegratedComponent:63 - No mode defined for component null
2024-05-06 11:18:06,895 [WARN] ModelIntegratedComponent:63 - No mode defined for component null
2024-05-06 11:18:06,895 [WARN] ModelIntegratedComponent:63 - No mode defined for component null
2024-05-06 11:18:06,976 [INFO] ThirdPartyModel:298 - Start build external matchings
2024-05-06 11:18:07,239 [INFO] ThirdPartyModel:316 - End build external matchings
2024-05-06 11:18:07,248 [INFO] ImportTextPane:194 - (OptionalMessage_ERROR) IP (RCC) : Parameter (ADCFreqValue) has invalid value (36000000)
2024-05-06 11:18:07,248 [INFO] ImportTextPane:194 - (OptionalMessage_ERROR) IP (RCC) : Invalid parameter (FamilyName)
2024-05-06 11:18:07,248 [INFO] ImportTextPane:194 - (OptionalMessage_ERROR) IP (RCC) : Parameter (MCOFreq_Value) has invalid value (72000000)
2024-05-06 11:18:07,249 [INFO] ImportTextPane:194 - (OptionalMessage_ERROR) IP (RCC) : Parameter (USBFreq_Value) has invalid value (72000000)
2024-05-06 11:18:07,446 [INFO] UtilMem:75 - End LoadConfig() Used Memory: 406742568 Bytes (972029952)
2024-05-06 11:18:07,495 [WARN] ThirdParty:833 - waiting for thirdparty lock release [change project]
2024-05-06 11:18:07,495 [INFO] ThirdParty:835 - entering critical section [change project]
2024-05-06 11:18:07,495 [INFO] ThirdParty:1030 - CMSIS Pack Vendor :STMicroelectronics USBPD 4.1
2024-05-06 11:18:07,495 [INFO] ThirdParty:1030 - CMSIS Pack Vendor :STMicroelectronics X-CUBE-GNSS1 6.0.0
2024-05-06 11:18:07,496 [INFO] ThirdParty:1030 - CMSIS Pack Vendor :STMicroelectronics USB_HOST 2.0.0
2024-05-06 11:18:07,496 [INFO] ThirdParty:1030 - CMSIS Pack Vendor :STMicroelectronics FP-SNS-MOTENVWB1 1.4.0
2024-05-06 11:18:07,496 [INFO] ThirdParty:1030 - CMSIS Pack Vendor :STMicroelectronics X-CUBE-AZRTOS-F4 1.1.0
2024-05-06 11:18:07,496 [INFO] ThirdParty:1030 - CMSIS Pack Vendor :STMicroelectronics LIBJPEG 8.0.0
2024-05-06 11:18:07,496 [INFO] ThirdParty:1030 - CMSIS Pack Vendor :STMicroelectronics X-CUBE-SMBUS 2.1.0
2024-05-06 11:18:07,497 [INFO] ThirdParty:1030 - CMSIS Pack Vendor :STMicroelectronics USB_DEVICE 3.0.0
2024-05-06 11:18:07,497 [INFO] ThirdParty:1030 - CMSIS Pack Vendor :STMicroelectronics X-CUBE-TCPP 4.1.0
2024-05-06 11:18:07,497 [INFO] ThirdParty:1030 - CMSIS Pack Vendor :STMicroelectronics X-CUBE-FREERTOS 1.2.0
2024-05-06 11:18:07,497 [INFO] ThirdParty:1030 - CMSIS Pack Vendor :STMicroelectronics X-CUBE-AZRTOS-WB 2.0.0
2024-05-06 11:18:07,497 [INFO] ThirdParty:1030 - CMSIS Pack Vendor :STMicroelectronics X-CUBE-TOUCHGFX 4.23.2
2024-05-06 11:18:07,497 [INFO] ThirdParty:1030 - CMSIS Pack Vendor :STMicroelectronics X-CUBE-AZRTOS-F7 1.1.0
2024-05-06 11:18:07,497 [INFO] ThirdParty:1030 - CMSIS Pack Vendor :STMicroelectronics X-CUBE-AZRTOS-L5 2.0.0
2024-05-06 11:18:07,497 [INFO] ThirdParty:1030 - CMSIS Pack Vendor :STMicroelectronics USB_DEVICE 2.0.0
2024-05-06 11:18:07,497 [INFO] ThirdParty:1030 - CMSIS Pack Vendor :STMicroelectronics X-CUBE-NFC6 3.1.0
2024-05-06 11:18:07,497 [INFO] ThirdParty:1030 - CMSIS Pack Vendor :STMicroelectronics X-CUBE-ALGOBUILD 1.3.0
2024-05-06 11:18:07,497 [INFO] ThirdParty:1030 - CMSIS Pack Vendor :STMicroelectronics FreeRTOS 0.0.1
2024-05-06 11:18:07,497 [INFO] ThirdParty:1030 - CMSIS Pack Vendor :STMicroelectronics X-CUBE-AZRTOS-G0 1.1.0
2024-05-06 11:18:07,498 [INFO] ThirdParty:1030 - CMSIS Pack Vendor :STMicroelectronics X-CUBE-SAFEA1 1.2.2
2024-05-06 11:18:07,498 [INFO] ThirdParty:1030 - CMSIS Pack Vendor :STMicroelectronics X-CUBE-NFC4 3.0.0
2024-05-06 11:18:07,498 [INFO] ThirdParty:1030 - CMSIS Pack Vendor :STMicroelectronics X-CUBE-SUBG2 5.0.0
2024-05-06 11:18:07,498 [INFO] ThirdParty:1030 - CMSIS Pack Vendor :STMicroelectronics STM32_WPAN 1.0.0
2024-05-06 11:18:07,498 [INFO] ThirdParty:1030 - CMSIS Pack Vendor :STMicroelectronics lwIP 2.0.3
2024-05-06 11:18:07,498 [INFO] ThirdParty:1030 - CMSIS Pack Vendor :STMicroelectronics FP-SNS-FLIGHT1 5.0.2
2024-05-06 11:18:07,498 [INFO] ThirdParty:1030 - CMSIS Pack Vendor :STMicroelectronics USB_HOST 1.0.0
2024-05-06 11:18:07,498 [INFO] ThirdParty:1030 - CMSIS Pack Vendor :STMicroelectronics X-CUBE-AI 9.0.0
2024-05-06 11:18:07,498 [INFO] ThirdParty:1030 - CMSIS Pack Vendor :STMicroelectronics X-CUBE-AZRTOS-G4 2.0.0
2024-05-06 11:18:07,498 [INFO] ThirdParty:1030 - CMSIS Pack Vendor :STMicroelectronics PDM2PCM 3.1.0
2024-05-06 11:18:07,498 [INFO] ThirdParty:1030 - CMSIS Pack Vendor :STMicroelectronics PDM2PCM 3.3.0
2024-05-06 11:18:07,498 [INFO] ThirdParty:1030 - CMSIS Pack Vendor :STMicroelectronics X-CUBE-DISPLAY 3.0.0
2024-05-06 11:18:07,498 [INFO] ThirdParty:1030 - CMSIS Pack Vendor :wolfSSL I-CUBE-wolfSSL 5.7.0
2024-05-06 11:18:07,498 [INFO] ThirdParty:1030 - CMSIS Pack Vendor :STMicroelectronics X-CUBE-BLE1 7.0.0
2024-05-06 11:18:07,498 [INFO] ThirdParty:1030 - CMSIS Pack Vendor :STMicroelectronics FP-ATR-SIGFOX1 3.2.0
2024-05-06 11:18:07,498 [INFO] ThirdParty:1030 - CMSIS Pack Vendor :STMicroelectronics X-CUBE-ISPU 2.0.0
2024-05-06 11:18:07,498 [INFO] ThirdParty:1030 - CMSIS Pack Vendor :STMicroelectronics X-CUBE-EEPRMA1 5.1.0
2024-05-06 11:18:07,498 [INFO] ThirdParty:1030 - CMSIS Pack Vendor :STMicroelectronics HAL Drivers 0.0.0
2024-05-06 11:18:07,498 [INFO] ThirdParty:1030 - CMSIS Pack Vendor :STMicroelectronics MBEDTLS 2.16.2
2024-05-06 11:18:07,498 [INFO] ThirdParty:1030 - CMSIS Pack Vendor :emotas I-CUBE-CANOPEN 1.3.0
2024-05-06 11:18:07,498 [INFO] ThirdParty:1030 - CMSIS Pack Vendor :STMicroelectronics X-CUBE-MEMS1 10.0.0
2024-05-06 11:18:07,499 [INFO] ThirdParty:1030 - CMSIS Pack Vendor :STMicroelectronics X-CUBE-FREERTOS 1.1.0
2024-05-06 11:18:07,499 [INFO] ThirdParty:1030 - CMSIS Pack Vendor :STMicroelectronics X-CUBE-NFC7 1.0.1
2024-05-06 11:18:07,499 [INFO] ThirdParty:1030 - CMSIS Pack Vendor :STMicroelectronics MBEDTLS 2.14.1
2024-05-06 11:18:07,499 [INFO] ThirdParty:1030 - CMSIS Pack Vendor :ITTIA_DB I-CUBE-ITTIADB 8.9.0
2024-05-06 11:18:07,499 [INFO] ThirdParty:1030 - CMSIS Pack Vendor :portGmbH I-Cube-SoM-uGOAL 1.1.0
2024-05-06 11:18:07,499 [INFO] ThirdParty:1030 - CMSIS Pack Vendor :STMicroelectronics X-CUBE-ALS 1.0.1
2024-05-06 11:18:07,499 [INFO] ThirdParty:1030 - CMSIS Pack Vendor :STMicroelectronics X-CUBE-BLEMGR 3.1.0
2024-05-06 11:18:07,499 [INFO] ThirdParty:1030 - CMSIS Pack Vendor :STMicroelectronics ThreadX 1.0.0
2024-05-06 11:18:07,499 [INFO] ThirdParty:1030 - CMSIS Pack Vendor :STMicroelectronics FP-SNS-SMARTAG2 1.2.0
2024-05-06 11:18:07,499 [INFO] ThirdParty:1030 - CMSIS Pack Vendor :STMicroelectronics X-CUBE-AZRTOS-WL 2.0.0
2024-05-06 11:18:07,499 [INFO] ThirdParty:1030 - CMSIS Pack Vendor :SEGGER I-CUBE-embOS 1.3.1
2024-05-06 11:18:07,499 [INFO] ThirdParty:1030 - CMSIS Pack Vendor :STMicroelectronics FP-SNS-MOTENV1 5.0.0
2024-05-06 11:18:07,499 [INFO] ThirdParty:1030 - CMSIS Pack Vendor :STMicroelectronics USB_DEVICE 1.0.0
2024-05-06 11:18:07,499 [INFO] ThirdParty:1030 - CMSIS Pack Vendor :STMicroelectronics X-CUBE-AZRTOS-H7RS 1.0.0
2024-05-06 11:18:07,499 [INFO] ThirdParty:1030 - CMSIS Pack Vendor :STMicroelectronics X-CUBE-AZRTOS-L4 2.0.0
2024-05-06 11:18:07,499 [INFO] ThirdParty:1030 - CMSIS Pack Vendor :STMicroelectronics ThreadX 0.0.2
2024-05-06 11:18:07,499 [INFO] ThirdParty:1030 - CMSIS Pack Vendor :WES I-CUBE-Cesium 1.3.0
2024-05-06 11:18:07,499 [INFO] ThirdParty:1030 - CMSIS Pack Vendor :STMicroelectronics FP-ATR-ASTRA1 2.0.0
2024-05-06 11:18:07,499 [INFO] ThirdParty:1030 - CMSIS Pack Vendor :STMicroelectronics lwIP 2.1.2
2024-05-06 11:18:07,499 [INFO] ThirdParty:1030 - CMSIS Pack Vendor :STMicroelectronics X-CUBE-SFXS2LP1 4.0.0
2024-05-06 11:18:07,499 [INFO] ThirdParty:1030 - CMSIS Pack Vendor :STMicroelectronics X-CUBE-BLE2 3.3.0
2024-05-06 11:18:07,499 [INFO] ThirdParty:1030 - CMSIS Pack Vendor :STMicroelectronics X-CUBE-TOF1 3.4.1
2024-05-06 11:18:07,499 [INFO] ThirdParty:1030 - CMSIS Pack Vendor :STMicroelectronics X-CUBE-AZRTOS-H7 3.2.0
2024-05-06 11:18:07,499 [INFO] ThirdParty:1030 - CMSIS Pack Vendor :Infineon AIROC-Wi-Fi-Bluetooth-STM32 1.6.0
2024-05-06 11:18:07,499 [INFO] ThirdParty:1030 - CMSIS Pack Vendor :STMicroelectronics PDM2PCM 3.2.0
2024-05-06 11:18:07,500 [INFO] ThirdParty:841 - exiting critical section [change project]
2024-05-06 11:18:07,636 [INFO] PinOutPanel:1561 - setPackage(No Configuration,No Configuration)
2024-05-06 11:18:07,637 [INFO] PinOutPanel:1561 - setPackage(STM32F103C8Tx,LQFP48)
2024-05-06 11:18:07,836 [INFO] UtilMem:75 - Before build in PCC Used Memory: 508980808 Bytes (972029952)
2024-05-06 11:18:08,085 [INFO] UtilMem:75 - After build in PCC Used Memory: 550923848 Bytes (972029952)
2024-05-06 11:18:08,099 [INFO] IPUIPlugin:80 - create IPUIPlugin
2024-05-06 11:18:08,099 [INFO] IPUIPlugin:80 - create IPUIPlugin
2024-05-06 11:18:08,099 [INFO] IPUIPlugin:80 - create IPUIPlugin
2024-05-06 11:18:08,099 [INFO] IPUIPlugin:80 - create IPUIPlugin
2024-05-06 11:18:08,099 [INFO] IPUIPlugin:80 - create IPUIPlugin
2024-05-06 11:18:08,099 [INFO] IPUIPlugin:80 - create IPUIPlugin
2024-05-06 11:18:08,099 [INFO] IPUIPlugin:80 - create IPUIPlugin
2024-05-06 11:18:08,099 [INFO] IPUIPlugin:80 - create IPUIPlugin
2024-05-06 11:18:08,099 [INFO] IPUIPlugin:80 - create IPUIPlugin
2024-05-06 11:18:08,100 [INFO] IPUIPlugin:80 - create IPUIPlugin
2024-05-06 11:18:08,100 [INFO] IPUIPlugin:80 - create IPUIPlugin
2024-05-06 11:18:08,100 [INFO] IPUIPlugin:80 - create IPUIPlugin
2024-05-06 11:18:08,100 [INFO] IPUIPlugin:80 - create IPUIPlugin
2024-05-06 11:18:08,100 [INFO] IPUIPlugin:80 - create IPUIPlugin
2024-05-06 11:18:08,100 [INFO] IPUIPlugin:80 - create IPUIPlugin
2024-05-06 11:18:08,100 [INFO] IPUIPlugin:80 - create IPUIPlugin
2024-05-06 11:18:08,101 [INFO] IPUIPlugin:80 - create IPUIPlugin
2024-05-06 11:18:08,101 [INFO] IPUIPlugin:80 - create IPUIPlugin
2024-05-06 11:18:08,101 [INFO] IPUIPlugin:80 - create IPUIPlugin
2024-05-06 11:18:08,101 [INFO] IPUIPlugin:80 - create IPUIPlugin
2024-05-06 11:18:08,101 [INFO] IPUIPlugin:80 - create IPUIPlugin
2024-05-06 11:18:08,102 [INFO] IPUIPlugin:80 - create IPUIPlugin
2024-05-06 11:18:08,102 [INFO] IPUIPlugin:80 - create IPUIPlugin
2024-05-06 11:18:08,102 [INFO] IPUIPlugin:80 - create IPUIPlugin
2024-05-06 11:18:08,102 [INFO] IPUIPlugin:80 - create IPUIPlugin
2024-05-06 11:18:08,102 [INFO] IPUIPlugin:80 - create IPUIPlugin
2024-05-06 11:18:08,103 [INFO] IPUIPlugin:80 - create IPUIPlugin
2024-05-06 11:18:08,146 [INFO] CADModel:165 - CPN selected for project levelSTM32F103C8T6
2024-05-06 11:18:08,146 [INFO] CADModel:114 - Register for checkConnection events
2024-05-06 11:18:08,214 [INFO] OpenFileManager:343 - Restore cursor
2024-05-06 13:05:33,635 [INFO] MainUpdater:2873 - connection check result : 10
2024-05-06 13:05:33,636 [INFO] MainUpdater:2873 - connection check result : 10
2024-05-06 13:05:33,656 [INFO] MicroXplorer:468 - Change Database Path : 
2024-05-06 13:05:33,656 [INFO] MicroXplorer:498 - Change Database Version : DB.6.0.111
2024-05-06 13:05:33,673 [ERROR] ProjectManagerView:394 - 
java.lang.NullPointerException: Cannot invoke "javax.swing.JTextField.getText()" because the return value of "java.util.List.get(int)" is null
	at com.st.microxplorer.plugins.projectmanager.gui.ProjectChoiceTab$10.caretUpdate(ProjectChoiceTab.java:2504) ~[filemanager.jar:?]
	at javax.swing.text.JTextComponent.fireCaretUpdate(JTextComponent.java:412) ~[?:?]
	at javax.swing.text.JTextComponent$MutableCaretEvent.fire(JTextComponent.java:4491) ~[?:?]
	at javax.swing.text.JTextComponent$MutableCaretEvent.stateChanged(JTextComponent.java:4513) ~[?:?]
	at javax.swing.text.DefaultCaret.fireStateChanged(DefaultCaret.java:842) ~[?:?]
	at javax.swing.text.DefaultCaret.changeCaretPosition(DefaultCaret.java:1313) ~[?:?]
	at javax.swing.text.DefaultCaret.handleSetDot(DefaultCaret.java:1212) ~[?:?]
	at javax.swing.text.DefaultCaret.setDot(DefaultCaret.java:1193) ~[?:?]
	at javax.swing.text.DefaultCaret$Handler.insertUpdate(DefaultCaret.java:1789) ~[?:?]
	at javax.swing.text.AbstractDocument.fireInsertUpdate(AbstractDocument.java:226) ~[?:?]
	at javax.swing.text.AbstractDocument.handleInsertString(AbstractDocument.java:780) ~[?:?]
	at javax.swing.text.AbstractDocument.insertString(AbstractDocument.java:739) ~[?:?]
	at javax.swing.text.PlainDocument.insertString(PlainDocument.java:131) ~[?:?]
	at javax.swing.text.AbstractDocument.replace(AbstractDocument.java:698) ~[?:?]
	at javax.swing.text.JTextComponent.setText(JTextComponent.java:1729) ~[?:?]
	at com.st.microxplorer.plugins.projectmanager.gui.ProjectChoiceTab.createHeapStackFields(ProjectChoiceTab.java:944) ~[filemanager.jar:?]
	at com.st.microxplorer.plugins.projectmanager.gui.ProjectChoiceTab.buildLinkSettingsPanel(ProjectChoiceTab.java:3475) ~[filemanager.jar:?]
	at com.st.microxplorer.plugins.projectmanager.gui.ProjectChoiceTab.defineWindowsFields(ProjectChoiceTab.java:1816) ~[filemanager.jar:?]
	at com.st.microxplorer.plugins.projectmanager.gui.ProjectChoiceTab.updateSettings(ProjectChoiceTab.java:544) ~[filemanager.jar:?]
	at com.st.microxplorer.plugins.projectmanager.gui.ProjectSettingsPanel.UpdateDialog(ProjectSettingsPanel.java:245) ~[filemanager.jar:?]
	at com.st.microxplorer.plugins.projectmanager.ProjectManagerView.propertyChange(ProjectManagerView.java:391) ~[filemanager.jar:?]
	at java.beans.PropertyChangeSupport.fire(PropertyChangeSupport.java:343) ~[?:?]
	at java.beans.PropertyChangeSupport.firePropertyChange(PropertyChangeSupport.java:335) ~[?:?]
	at java.beans.PropertyChangeSupport.firePropertyChange(PropertyChangeSupport.java:268) ~[?:?]
	at com.st.microxplorer.util.MXPropertyChangeSupport.firePropertyChange(MXPropertyChangeSupport.java:54) ~[STM32CubeMX.jar:?]
	at com.st.microxplorer.mxsystem.MxSystem.closeConfig(MxSystem.java:900) ~[STM32CubeMX.jar:?]
	at com.st.microxplorer.maingui.MainPanel.closeConfig(MainPanel.java:776) ~[STM32CubeMX.jar:?]
	at com.st.microxplorer.plugins.filemanager.engine.OpenFileManager.loadConfigurationFile(OpenFileManager.java:245) ~[filemanager.jar:?]
	at com.st.microxplorer.plugins.filemanager.engine.MainFileManager.userLoadConfig(MainFileManager.java:315) ~[filemanager.jar:?]
	at com.st.microxplorer.plugins.filemanager.engine.MainFileManager.userLoadConfig(MainFileManager.java:293) ~[filemanager.jar:?]
	at com.st.microxplorer.plugins.filemanager.FileManagerView.getSpecificTask(FileManagerView.java:247) ~[filemanager.jar:?]
	at com.st.stm32cube.common.mx.editor.CubeMxEditor.getMxTabbedPaneInstance(CubeMxEditor.java:1198) ~[com.st.stm32cube.common.mx_6.11.1.202404110753/:?]
	at com.st.stm32cube.common.mx.editor.CubeMxEditor$12$1.createSwingComponent(CubeMxEditor.java:1068) ~[com.st.stm32cube.common.mx_6.11.1.202404110753/:?]
	at com.st.stm32cube.common.mx.oss.core.awtswtbridge.EmbeddedSwingComposite.doComponentCreation(EmbeddedSwingComposite.java:492) ~[com.st.stm32cube.common.mx.oss_6.11.1.202404110753/:?]
	at com.st.stm32cube.common.mx.oss.core.awtswtbridge.EmbeddedSwingComposite$4.run(EmbeddedSwingComposite.java:291) ~[com.st.stm32cube.common.mx.oss_6.11.1.202404110753/:?]
	at com.st.stm32cube.common.mx.oss.core.awtswtbridge.AwtEnvironment$2.run(AwtEnvironment.java:166) ~[com.st.stm32cube.common.mx.oss_6.11.1.202404110753/:?]
	at java.awt.event.InvocationEvent.dispatch(InvocationEvent.java:318) ~[?:?]
	at java.awt.EventQueue.dispatchEventImpl(EventQueue.java:773) ~[?:?]
	at java.awt.EventQueue$4.run(EventQueue.java:720) ~[?:?]
	at java.awt.EventQueue$4.run(EventQueue.java:714) ~[?:?]
	at java.security.AccessController.doPrivileged(AccessController.java:399) ~[?:?]
	at java.security.ProtectionDomain$JavaSecurityAccessImpl.doIntersectionPrivilege(ProtectionDomain.java:86) ~[?:?]
	at java.awt.EventQueue.dispatchEvent(EventQueue.java:742) ~[?:?]
	at java.awt.EventDispatchThread.pumpOneEventForFilters(EventDispatchThread.java:203) ~[?:?]
	at java.awt.EventDispatchThread.pumpEventsForFilter(EventDispatchThread.java:124) ~[?:?]
	at java.awt.EventDispatchThread.pumpEventsForHierarchy(EventDispatchThread.java:113) ~[?:?]
	at java.awt.EventDispatchThread.pumpEvents(EventDispatchThread.java:109) ~[?:?]
	at java.awt.EventDispatchThread.pumpEvents(EventDispatchThread.java:101) ~[?:?]
	at java.awt.EventDispatchThread.run(EventDispatchThread.java:90) ~[?:?]
2024-05-06 13:05:33,674 [WARN] ThirdParty:871 - waiting for thirdparty lock release [close project]
2024-05-06 13:05:33,674 [INFO] ThirdParty:873 - entering critical section [close project]
2024-05-06 13:05:33,674 [INFO] ThirdParty:883 - exiting critical section [close project]
2024-05-06 13:05:33,675 [INFO] PinOutPanel:1561 - setPackage(No Configuration,No Configuration)
2024-05-06 13:05:33,678 [INFO] UtilMem:75 - Begin LoadConfig() Used Memory: 517493376 Bytes (972029952)
2024-05-06 13:05:33,679 [INFO] MicroXplorer:468 - Change Database Path : 
2024-05-06 13:05:33,679 [INFO] MicroXplorer:498 - Change Database Version : DB.6.0.111
2024-05-06 13:05:33,679 [INFO] OpenFileManager:312 - Change cursor
2024-05-06 13:05:33,702 [INFO] Mcu:2021 - Initializing MCU STM32F103C(8-B)Tx STM32F103C8Tx STM32F103C8T6
2024-05-06 13:05:34,397 [INFO] Context:663 - Trying to add GPIOservice into a context  which must be forbidden
2024-05-06 13:05:34,583 [INFO] RtosManager:555 - Registered RTOS mode: class=CMSIS, group=RTOS, mode=CMSIS_V1, owner=FREERTOS
2024-05-06 13:05:34,583 [INFO] RtosManager:555 - Registered RTOS mode: class=CMSIS, group=RTOS2, mode=CMSIS_V2, owner=FREERTOS
2024-05-06 13:05:34,583 [INFO] RtosManager:555 - Registered RTOS mode: class=RTOS, group=Core, mode=CMSIS_V1, owner=FREERTOS
2024-05-06 13:05:34,583 [INFO] RtosManager:555 - Registered RTOS mode: class=RTOS, group=Core, mode=CMSIS_V2, owner=FREERTOS
2024-05-06 13:05:34,583 [WARN] ModelIntegratedComponent:184 - Missing modes for component STMicroelectronics:FreeRTOS:0.0.1:STMicroelectronics:RTOS:FreeRTOS:Core:::10.2.0:
2024-05-06 13:05:34,588 [WARN] ModelIntegratedComponent:63 - No mode defined for component null
2024-05-06 13:05:34,588 [WARN] ModelIntegratedComponent:63 - No mode defined for component null
2024-05-06 13:05:34,588 [WARN] ModelIntegratedComponent:63 - No mode defined for component null
2024-05-06 13:05:34,588 [WARN] ModelIntegratedComponent:63 - No mode defined for component null
2024-05-06 13:05:34,588 [WARN] ModelIntegratedComponent:63 - No mode defined for component null
2024-05-06 13:05:34,588 [WARN] ModelIntegratedComponent:63 - No mode defined for component null
2024-05-06 13:05:34,588 [WARN] ModelIntegratedComponent:63 - No mode defined for component null
2024-05-06 13:05:34,588 [WARN] ModelIntegratedComponent:63 - No mode defined for component null
2024-05-06 13:05:34,589 [WARN] ModelIntegratedComponent:63 - No mode defined for component null
2024-05-06 13:05:34,589 [WARN] ModelIntegratedComponent:63 - No mode defined for component null
2024-05-06 13:05:34,589 [WARN] ModelIntegratedComponent:63 - No mode defined for component null
2024-05-06 13:05:34,589 [WARN] ModelIntegratedComponent:63 - No mode defined for component null
2024-05-06 13:05:34,589 [WARN] ModelIntegratedComponent:63 - No mode defined for component null
2024-05-06 13:05:34,589 [WARN] ModelIntegratedComponent:63 - No mode defined for component null
2024-05-06 13:05:34,589 [WARN] ModelIntegratedComponent:63 - No mode defined for component null
2024-05-06 13:05:34,589 [WARN] ModelIntegratedComponent:63 - No mode defined for component null
2024-05-06 13:05:34,589 [WARN] ModelIntegratedComponent:63 - No mode defined for component null
2024-05-06 13:05:34,589 [WARN] ModelIntegratedComponent:63 - No mode defined for component null
2024-05-06 13:05:34,589 [WARN] ModelIntegratedComponent:63 - No mode defined for component null
2024-05-06 13:05:34,589 [WARN] ModelIntegratedComponent:63 - No mode defined for component null
2024-05-06 13:05:34,589 [WARN] ModelIntegratedComponent:63 - No mode defined for component null
2024-05-06 13:05:34,589 [WARN] ModelIntegratedComponent:63 - No mode defined for component null
2024-05-06 13:05:34,589 [WARN] ModelIntegratedComponent:63 - No mode defined for component null
2024-05-06 13:05:34,589 [WARN] ModelIntegratedComponent:63 - No mode defined for component null
2024-05-06 13:05:34,589 [WARN] ModelIntegratedComponent:63 - No mode defined for component null
2024-05-06 13:05:34,589 [WARN] ModelIntegratedComponent:63 - No mode defined for component null
2024-05-06 13:05:34,589 [WARN] ModelIntegratedComponent:63 - No mode defined for component null
2024-05-06 13:05:34,589 [WARN] ModelIntegratedComponent:63 - No mode defined for component null
2024-05-06 13:05:34,589 [WARN] ModelIntegratedComponent:63 - No mode defined for component null
2024-05-06 13:05:34,589 [WARN] ModelIntegratedComponent:63 - No mode defined for component null
2024-05-06 13:05:34,589 [WARN] ModelIntegratedComponent:63 - No mode defined for component null
2024-05-06 13:05:34,589 [WARN] ModelIntegratedComponent:63 - No mode defined for component null
2024-05-06 13:05:34,589 [WARN] ModelIntegratedComponent:63 - No mode defined for component null
2024-05-06 13:05:34,589 [WARN] ModelIntegratedComponent:63 - No mode defined for component null
2024-05-06 13:05:34,667 [INFO] ThirdPartyModel:298 - Start build external matchings
2024-05-06 13:05:34,914 [INFO] ThirdPartyModel:316 - End build external matchings
2024-05-06 13:05:34,926 [INFO] ImportTextPane:194 - (OptionalMessage_ERROR) IP (RCC) : Parameter (ADCFreqValue) has invalid value (36000000)
2024-05-06 13:05:34,926 [INFO] ImportTextPane:194 - (OptionalMessage_ERROR) IP (RCC) : Invalid parameter (FamilyName)
2024-05-06 13:05:34,926 [INFO] ImportTextPane:194 - (OptionalMessage_ERROR) IP (RCC) : Parameter (MCOFreq_Value) has invalid value (72000000)
2024-05-06 13:05:34,926 [INFO] ImportTextPane:194 - (OptionalMessage_ERROR) IP (RCC) : Parameter (USBFreq_Value) has invalid value (72000000)
2024-05-06 13:05:35,106 [INFO] UtilMem:75 - End LoadConfig() Used Memory: 427568968 Bytes (972029952)
2024-05-06 13:05:35,152 [WARN] ThirdParty:833 - waiting for thirdparty lock release [change project]
2024-05-06 13:05:35,152 [INFO] ThirdParty:835 - entering critical section [change project]
2024-05-06 13:05:35,152 [INFO] ThirdParty:1030 - CMSIS Pack Vendor :STMicroelectronics USBPD 4.1
2024-05-06 13:05:35,152 [INFO] ThirdParty:1030 - CMSIS Pack Vendor :STMicroelectronics X-CUBE-GNSS1 6.0.0
2024-05-06 13:05:35,152 [INFO] ThirdParty:1030 - CMSIS Pack Vendor :STMicroelectronics USB_HOST 2.0.0
2024-05-06 13:05:35,152 [INFO] ThirdParty:1030 - CMSIS Pack Vendor :STMicroelectronics FP-SNS-MOTENVWB1 1.4.0
2024-05-06 13:05:35,152 [INFO] ThirdParty:1030 - CMSIS Pack Vendor :STMicroelectronics X-CUBE-AZRTOS-F4 1.1.0
2024-05-06 13:05:35,152 [INFO] ThirdParty:1030 - CMSIS Pack Vendor :STMicroelectronics LIBJPEG 8.0.0
2024-05-06 13:05:35,152 [INFO] ThirdParty:1030 - CMSIS Pack Vendor :STMicroelectronics X-CUBE-SMBUS 2.1.0
2024-05-06 13:05:35,152 [INFO] ThirdParty:1030 - CMSIS Pack Vendor :STMicroelectronics USB_DEVICE 3.0.0
2024-05-06 13:05:35,152 [INFO] ThirdParty:1030 - CMSIS Pack Vendor :STMicroelectronics X-CUBE-TCPP 4.1.0
2024-05-06 13:05:35,152 [INFO] ThirdParty:1030 - CMSIS Pack Vendor :STMicroelectronics X-CUBE-FREERTOS 1.2.0
2024-05-06 13:05:35,152 [INFO] ThirdParty:1030 - CMSIS Pack Vendor :STMicroelectronics X-CUBE-AZRTOS-WB 2.0.0
2024-05-06 13:05:35,152 [INFO] ThirdParty:1030 - CMSIS Pack Vendor :STMicroelectronics X-CUBE-TOUCHGFX 4.23.2
2024-05-06 13:05:35,152 [INFO] ThirdParty:1030 - CMSIS Pack Vendor :STMicroelectronics X-CUBE-AZRTOS-F7 1.1.0
2024-05-06 13:05:35,152 [INFO] ThirdParty:1030 - CMSIS Pack Vendor :STMicroelectronics X-CUBE-AZRTOS-L5 2.0.0
2024-05-06 13:05:35,152 [INFO] ThirdParty:1030 - CMSIS Pack Vendor :STMicroelectronics USB_DEVICE 2.0.0
2024-05-06 13:05:35,152 [INFO] ThirdParty:1030 - CMSIS Pack Vendor :STMicroelectronics X-CUBE-NFC6 3.1.0
2024-05-06 13:05:35,153 [INFO] ThirdParty:1030 - CMSIS Pack Vendor :STMicroelectronics X-CUBE-ALGOBUILD 1.3.0
2024-05-06 13:05:35,153 [INFO] ThirdParty:1030 - CMSIS Pack Vendor :STMicroelectronics FreeRTOS 0.0.1
2024-05-06 13:05:35,153 [INFO] ThirdParty:1030 - CMSIS Pack Vendor :STMicroelectronics X-CUBE-AZRTOS-G0 1.1.0
2024-05-06 13:05:35,153 [INFO] ThirdParty:1030 - CMSIS Pack Vendor :STMicroelectronics X-CUBE-SAFEA1 1.2.2
2024-05-06 13:05:35,153 [INFO] ThirdParty:1030 - CMSIS Pack Vendor :STMicroelectronics X-CUBE-NFC4 3.0.0
2024-05-06 13:05:35,153 [INFO] ThirdParty:1030 - CMSIS Pack Vendor :STMicroelectronics X-CUBE-SUBG2 5.0.0
2024-05-06 13:05:35,153 [INFO] ThirdParty:1030 - CMSIS Pack Vendor :STMicroelectronics STM32_WPAN 1.0.0
2024-05-06 13:05:35,153 [INFO] ThirdParty:1030 - CMSIS Pack Vendor :STMicroelectronics lwIP 2.0.3
2024-05-06 13:05:35,153 [INFO] ThirdParty:1030 - CMSIS Pack Vendor :STMicroelectronics FP-SNS-FLIGHT1 5.0.2
2024-05-06 13:05:35,153 [INFO] ThirdParty:1030 - CMSIS Pack Vendor :STMicroelectronics USB_HOST 1.0.0
2024-05-06 13:05:35,153 [INFO] ThirdParty:1030 - CMSIS Pack Vendor :STMicroelectronics X-CUBE-AI 9.0.0
2024-05-06 13:05:35,153 [INFO] ThirdParty:1030 - CMSIS Pack Vendor :STMicroelectronics X-CUBE-AZRTOS-G4 2.0.0
2024-05-06 13:05:35,153 [INFO] ThirdParty:1030 - CMSIS Pack Vendor :STMicroelectronics PDM2PCM 3.1.0
2024-05-06 13:05:35,153 [INFO] ThirdParty:1030 - CMSIS Pack Vendor :STMicroelectronics PDM2PCM 3.3.0
2024-05-06 13:05:35,153 [INFO] ThirdParty:1030 - CMSIS Pack Vendor :STMicroelectronics X-CUBE-DISPLAY 3.0.0
2024-05-06 13:05:35,153 [INFO] ThirdParty:1030 - CMSIS Pack Vendor :wolfSSL I-CUBE-wolfSSL 5.7.0
2024-05-06 13:05:35,153 [INFO] ThirdParty:1030 - CMSIS Pack Vendor :STMicroelectronics X-CUBE-BLE1 7.0.0
2024-05-06 13:05:35,153 [INFO] ThirdParty:1030 - CMSIS Pack Vendor :STMicroelectronics FP-ATR-SIGFOX1 3.2.0
2024-05-06 13:05:35,153 [INFO] ThirdParty:1030 - CMSIS Pack Vendor :STMicroelectronics X-CUBE-ISPU 2.0.0
2024-05-06 13:05:35,153 [INFO] ThirdParty:1030 - CMSIS Pack Vendor :STMicroelectronics X-CUBE-EEPRMA1 5.1.0
2024-05-06 13:05:35,153 [INFO] ThirdParty:1030 - CMSIS Pack Vendor :STMicroelectronics HAL Drivers 0.0.0
2024-05-06 13:05:35,153 [INFO] ThirdParty:1030 - CMSIS Pack Vendor :STMicroelectronics MBEDTLS 2.16.2
2024-05-06 13:05:35,153 [INFO] ThirdParty:1030 - CMSIS Pack Vendor :emotas I-CUBE-CANOPEN 1.3.0
2024-05-06 13:05:35,153 [INFO] ThirdParty:1030 - CMSIS Pack Vendor :STMicroelectronics X-CUBE-MEMS1 10.0.0
2024-05-06 13:05:35,153 [INFO] ThirdParty:1030 - CMSIS Pack Vendor :STMicroelectronics X-CUBE-FREERTOS 1.1.0
2024-05-06 13:05:35,153 [INFO] ThirdParty:1030 - CMSIS Pack Vendor :STMicroelectronics X-CUBE-NFC7 1.0.1
2024-05-06 13:05:35,153 [INFO] ThirdParty:1030 - CMSIS Pack Vendor :STMicroelectronics MBEDTLS 2.14.1
2024-05-06 13:05:35,153 [INFO] ThirdParty:1030 - CMSIS Pack Vendor :ITTIA_DB I-CUBE-ITTIADB 8.9.0
2024-05-06 13:05:35,153 [INFO] ThirdParty:1030 - CMSIS Pack Vendor :portGmbH I-Cube-SoM-uGOAL 1.1.0
2024-05-06 13:05:35,153 [INFO] ThirdParty:1030 - CMSIS Pack Vendor :STMicroelectronics X-CUBE-ALS 1.0.1
2024-05-06 13:05:35,153 [INFO] ThirdParty:1030 - CMSIS Pack Vendor :STMicroelectronics X-CUBE-BLEMGR 3.1.0
2024-05-06 13:05:35,153 [INFO] ThirdParty:1030 - CMSIS Pack Vendor :STMicroelectronics ThreadX 1.0.0
2024-05-06 13:05:35,153 [INFO] ThirdParty:1030 - CMSIS Pack Vendor :STMicroelectronics FP-SNS-SMARTAG2 1.2.0
2024-05-06 13:05:35,153 [INFO] ThirdParty:1030 - CMSIS Pack Vendor :STMicroelectronics X-CUBE-AZRTOS-WL 2.0.0
2024-05-06 13:05:35,153 [INFO] ThirdParty:1030 - CMSIS Pack Vendor :SEGGER I-CUBE-embOS 1.3.1
2024-05-06 13:05:35,154 [INFO] ThirdParty:1030 - CMSIS Pack Vendor :STMicroelectronics FP-SNS-MOTENV1 5.0.0
2024-05-06 13:05:35,154 [INFO] ThirdParty:1030 - CMSIS Pack Vendor :STMicroelectronics USB_DEVICE 1.0.0
2024-05-06 13:05:35,154 [INFO] ThirdParty:1030 - CMSIS Pack Vendor :STMicroelectronics X-CUBE-AZRTOS-H7RS 1.0.0
2024-05-06 13:05:35,154 [INFO] ThirdParty:1030 - CMSIS Pack Vendor :STMicroelectronics X-CUBE-AZRTOS-L4 2.0.0
2024-05-06 13:05:35,154 [INFO] ThirdParty:1030 - CMSIS Pack Vendor :STMicroelectronics ThreadX 0.0.2
2024-05-06 13:05:35,154 [INFO] ThirdParty:1030 - CMSIS Pack Vendor :WES I-CUBE-Cesium 1.3.0
2024-05-06 13:05:35,154 [INFO] ThirdParty:1030 - CMSIS Pack Vendor :STMicroelectronics FP-ATR-ASTRA1 2.0.0
2024-05-06 13:05:35,154 [INFO] ThirdParty:1030 - CMSIS Pack Vendor :STMicroelectronics lwIP 2.1.2
2024-05-06 13:05:35,154 [INFO] ThirdParty:1030 - CMSIS Pack Vendor :STMicroelectronics X-CUBE-SFXS2LP1 4.0.0
2024-05-06 13:05:35,154 [INFO] ThirdParty:1030 - CMSIS Pack Vendor :STMicroelectronics X-CUBE-BLE2 3.3.0
2024-05-06 13:05:35,154 [INFO] ThirdParty:1030 - CMSIS Pack Vendor :STMicroelectronics X-CUBE-TOF1 3.4.1
2024-05-06 13:05:35,154 [INFO] ThirdParty:1030 - CMSIS Pack Vendor :STMicroelectronics X-CUBE-AZRTOS-H7 3.2.0
2024-05-06 13:05:35,154 [INFO] ThirdParty:1030 - CMSIS Pack Vendor :Infineon AIROC-Wi-Fi-Bluetooth-STM32 1.6.0
2024-05-06 13:05:35,154 [INFO] ThirdParty:1030 - CMSIS Pack Vendor :STMicroelectronics PDM2PCM 3.2.0
2024-05-06 13:05:35,154 [INFO] ThirdParty:841 - exiting critical section [change project]
2024-05-06 13:05:35,276 [INFO] PinOutPanel:1561 - setPackage(No Configuration,No Configuration)
2024-05-06 13:05:35,277 [INFO] PinOutPanel:1561 - setPackage(STM32F103C8Tx,LQFP48)
2024-05-06 13:05:35,505 [INFO] UtilMem:75 - Before build in PCC Used Memory: 351088496 Bytes (972029952)
2024-05-06 13:05:35,772 [INFO] UtilMem:75 - After build in PCC Used Memory: 391982960 Bytes (972029952)
2024-05-06 13:05:35,800 [INFO] IPUIPlugin:80 - create IPUIPlugin
2024-05-06 13:05:35,800 [INFO] IPUIPlugin:80 - create IPUIPlugin
2024-05-06 13:05:35,800 [INFO] IPUIPlugin:80 - create IPUIPlugin
2024-05-06 13:05:35,800 [INFO] IPUIPlugin:80 - create IPUIPlugin
2024-05-06 13:05:35,800 [INFO] IPUIPlugin:80 - create IPUIPlugin
2024-05-06 13:05:35,800 [INFO] IPUIPlugin:80 - create IPUIPlugin
2024-05-06 13:05:35,801 [INFO] IPUIPlugin:80 - create IPUIPlugin
2024-05-06 13:05:35,801 [INFO] IPUIPlugin:80 - create IPUIPlugin
2024-05-06 13:05:35,801 [INFO] IPUIPlugin:80 - create IPUIPlugin
2024-05-06 13:05:35,801 [INFO] IPUIPlugin:80 - create IPUIPlugin
2024-05-06 13:05:35,802 [INFO] IPUIPlugin:80 - create IPUIPlugin
2024-05-06 13:05:35,802 [INFO] IPUIPlugin:80 - create IPUIPlugin
2024-05-06 13:05:35,802 [INFO] IPUIPlugin:80 - create IPUIPlugin
2024-05-06 13:05:35,802 [INFO] IPUIPlugin:80 - create IPUIPlugin
2024-05-06 13:05:35,803 [INFO] IPUIPlugin:80 - create IPUIPlugin
2024-05-06 13:05:35,803 [INFO] IPUIPlugin:80 - create IPUIPlugin
2024-05-06 13:05:35,803 [INFO] IPUIPlugin:80 - create IPUIPlugin
2024-05-06 13:05:35,803 [INFO] IPUIPlugin:80 - create IPUIPlugin
2024-05-06 13:05:35,803 [INFO] IPUIPlugin:80 - create IPUIPlugin
2024-05-06 13:05:35,804 [INFO] IPUIPlugin:80 - create IPUIPlugin
2024-05-06 13:05:35,804 [INFO] IPUIPlugin:80 - create IPUIPlugin
2024-05-06 13:05:35,804 [INFO] IPUIPlugin:80 - create IPUIPlugin
2024-05-06 13:05:35,805 [INFO] IPUIPlugin:80 - create IPUIPlugin
2024-05-06 13:05:35,805 [INFO] IPUIPlugin:80 - create IPUIPlugin
2024-05-06 13:05:35,806 [INFO] IPUIPlugin:80 - create IPUIPlugin
2024-05-06 13:05:35,806 [INFO] IPUIPlugin:80 - create IPUIPlugin
2024-05-06 13:05:35,807 [INFO] IPUIPlugin:80 - create IPUIPlugin
2024-05-06 13:05:35,849 [INFO] CADModel:165 - CPN selected for project levelSTM32F103C8T6
2024-05-06 13:05:35,849 [INFO] CADModel:114 - Register for checkConnection events
2024-05-06 13:05:35,909 [INFO] OpenFileManager:343 - Restore cursor
2024-05-06 13:05:56,291 [INFO] Gpio:277 - dependency for GPIO [RCC, SPI1, SYS, USART2]
2024-05-06 13:06:22,908 [INFO] Gpio:277 - dependency for GPIO [RCC, SPI1, SYS, USART2]
2024-05-06 15:09:44,713 [INFO] MainUpdater:2873 - connection check result : 10
2024-05-06 15:09:44,713 [INFO] MainUpdater:2873 - connection check result : 10
2024-05-06 15:09:44,729 [INFO] MicroXplorer:468 - Change Database Path : 
2024-05-06 15:09:44,729 [INFO] MicroXplorer:498 - Change Database Version : DB.6.0.111
2024-05-06 15:09:44,737 [ERROR] ProjectManagerView:394 - 
java.lang.NullPointerException: Cannot invoke "javax.swing.JTextField.getText()" because the return value of "java.util.List.get(int)" is null
	at com.st.microxplorer.plugins.projectmanager.gui.ProjectChoiceTab$10.caretUpdate(ProjectChoiceTab.java:2504) ~[filemanager.jar:?]
	at javax.swing.text.JTextComponent.fireCaretUpdate(JTextComponent.java:412) ~[?:?]
	at javax.swing.text.JTextComponent$MutableCaretEvent.fire(JTextComponent.java:4491) ~[?:?]
	at javax.swing.text.JTextComponent$MutableCaretEvent.stateChanged(JTextComponent.java:4513) ~[?:?]
	at javax.swing.text.DefaultCaret.fireStateChanged(DefaultCaret.java:842) ~[?:?]
	at javax.swing.text.DefaultCaret.changeCaretPosition(DefaultCaret.java:1313) ~[?:?]
	at javax.swing.text.DefaultCaret.handleSetDot(DefaultCaret.java:1212) ~[?:?]
	at javax.swing.text.DefaultCaret.setDot(DefaultCaret.java:1193) ~[?:?]
	at javax.swing.text.DefaultCaret$Handler.insertUpdate(DefaultCaret.java:1789) ~[?:?]
	at javax.swing.text.AbstractDocument.fireInsertUpdate(AbstractDocument.java:226) ~[?:?]
	at javax.swing.text.AbstractDocument.handleInsertString(AbstractDocument.java:780) ~[?:?]
	at javax.swing.text.AbstractDocument.insertString(AbstractDocument.java:739) ~[?:?]
	at javax.swing.text.PlainDocument.insertString(PlainDocument.java:131) ~[?:?]
	at javax.swing.text.AbstractDocument.replace(AbstractDocument.java:698) ~[?:?]
	at javax.swing.text.JTextComponent.setText(JTextComponent.java:1729) ~[?:?]
	at com.st.microxplorer.plugins.projectmanager.gui.ProjectChoiceTab.createHeapStackFields(ProjectChoiceTab.java:944) ~[filemanager.jar:?]
	at com.st.microxplorer.plugins.projectmanager.gui.ProjectChoiceTab.buildLinkSettingsPanel(ProjectChoiceTab.java:3475) ~[filemanager.jar:?]
	at com.st.microxplorer.plugins.projectmanager.gui.ProjectChoiceTab.defineWindowsFields(ProjectChoiceTab.java:1816) ~[filemanager.jar:?]
	at com.st.microxplorer.plugins.projectmanager.gui.ProjectChoiceTab.updateSettings(ProjectChoiceTab.java:544) ~[filemanager.jar:?]
	at com.st.microxplorer.plugins.projectmanager.gui.ProjectSettingsPanel.UpdateDialog(ProjectSettingsPanel.java:245) ~[filemanager.jar:?]
	at com.st.microxplorer.plugins.projectmanager.ProjectManagerView.propertyChange(ProjectManagerView.java:391) ~[filemanager.jar:?]
	at java.beans.PropertyChangeSupport.fire(PropertyChangeSupport.java:343) ~[?:?]
	at java.beans.PropertyChangeSupport.firePropertyChange(PropertyChangeSupport.java:335) ~[?:?]
	at java.beans.PropertyChangeSupport.firePropertyChange(PropertyChangeSupport.java:268) ~[?:?]
	at com.st.microxplorer.util.MXPropertyChangeSupport.firePropertyChange(MXPropertyChangeSupport.java:54) ~[STM32CubeMX.jar:?]
	at com.st.microxplorer.mxsystem.MxSystem.closeConfig(MxSystem.java:900) ~[STM32CubeMX.jar:?]
	at com.st.microxplorer.maingui.MainPanel.closeConfig(MainPanel.java:776) ~[STM32CubeMX.jar:?]
	at com.st.microxplorer.plugins.filemanager.engine.OpenFileManager.loadConfigurationFile(OpenFileManager.java:245) ~[filemanager.jar:?]
	at com.st.microxplorer.plugins.filemanager.engine.MainFileManager.userLoadConfig(MainFileManager.java:315) ~[filemanager.jar:?]
	at com.st.microxplorer.plugins.filemanager.engine.MainFileManager.userLoadConfig(MainFileManager.java:293) ~[filemanager.jar:?]
	at com.st.microxplorer.plugins.filemanager.FileManagerView.getSpecificTask(FileManagerView.java:247) ~[filemanager.jar:?]
	at com.st.stm32cube.common.mx.editor.CubeMxEditor.getMxTabbedPaneInstance(CubeMxEditor.java:1198) ~[com.st.stm32cube.common.mx_6.11.1.202404110753/:?]
	at com.st.stm32cube.common.mx.editor.CubeMxEditor$12$1.createSwingComponent(CubeMxEditor.java:1068) ~[com.st.stm32cube.common.mx_6.11.1.202404110753/:?]
	at com.st.stm32cube.common.mx.oss.core.awtswtbridge.EmbeddedSwingComposite.doComponentCreation(EmbeddedSwingComposite.java:492) ~[com.st.stm32cube.common.mx.oss_6.11.1.202404110753/:?]
	at com.st.stm32cube.common.mx.oss.core.awtswtbridge.EmbeddedSwingComposite$4.run(EmbeddedSwingComposite.java:291) ~[com.st.stm32cube.common.mx.oss_6.11.1.202404110753/:?]
	at com.st.stm32cube.common.mx.oss.core.awtswtbridge.AwtEnvironment$2.run(AwtEnvironment.java:166) ~[com.st.stm32cube.common.mx.oss_6.11.1.202404110753/:?]
	at java.awt.event.InvocationEvent.dispatch(InvocationEvent.java:318) ~[?:?]
	at java.awt.EventQueue.dispatchEventImpl(EventQueue.java:773) ~[?:?]
	at java.awt.EventQueue$4.run(EventQueue.java:720) ~[?:?]
	at java.awt.EventQueue$4.run(EventQueue.java:714) ~[?:?]
	at java.security.AccessController.doPrivileged(AccessController.java:399) ~[?:?]
	at java.security.ProtectionDomain$JavaSecurityAccessImpl.doIntersectionPrivilege(ProtectionDomain.java:86) ~[?:?]
	at java.awt.EventQueue.dispatchEvent(EventQueue.java:742) ~[?:?]
	at java.awt.EventDispatchThread.pumpOneEventForFilters(EventDispatchThread.java:203) ~[?:?]
	at java.awt.EventDispatchThread.pumpEventsForFilter(EventDispatchThread.java:124) ~[?:?]
	at java.awt.EventDispatchThread.pumpEventsForHierarchy(EventDispatchThread.java:113) ~[?:?]
	at java.awt.EventDispatchThread.pumpEvents(EventDispatchThread.java:109) ~[?:?]
	at java.awt.EventDispatchThread.pumpEvents(EventDispatchThread.java:101) ~[?:?]
	at java.awt.EventDispatchThread.run(EventDispatchThread.java:90) ~[?:?]
2024-05-06 15:09:44,739 [WARN] ThirdParty:871 - waiting for thirdparty lock release [close project]
2024-05-06 15:09:44,739 [INFO] ThirdParty:873 - entering critical section [close project]
2024-05-06 15:09:44,739 [INFO] ThirdParty:883 - exiting critical section [close project]
2024-05-06 15:09:44,741 [INFO] PinOutPanel:1561 - setPackage(No Configuration,No Configuration)
2024-05-06 15:09:44,743 [INFO] UtilMem:75 - Begin LoadConfig() Used Memory: 405792872 Bytes (943718400)
2024-05-06 15:09:44,743 [INFO] MicroXplorer:468 - Change Database Path : 
2024-05-06 15:09:44,744 [INFO] MicroXplorer:498 - Change Database Version : DB.6.0.111
2024-05-06 15:09:44,744 [INFO] OpenFileManager:312 - Change cursor
2024-05-06 15:09:44,765 [INFO] Mcu:2021 - Initializing MCU STM32F103C(4-6)Tx STM32F103C6Tx STM32F103C6T6A
2024-05-06 15:09:45,200 [INFO] Context:663 - Trying to add GPIOservice into a context  which must be forbidden
2024-05-06 15:09:45,319 [INFO] RtosManager:555 - Registered RTOS mode: class=CMSIS, group=RTOS, mode=CMSIS_V1, owner=FREERTOS
2024-05-06 15:09:45,320 [INFO] RtosManager:555 - Registered RTOS mode: class=CMSIS, group=RTOS2, mode=CMSIS_V2, owner=FREERTOS
2024-05-06 15:09:45,320 [INFO] RtosManager:555 - Registered RTOS mode: class=RTOS, group=Core, mode=CMSIS_V1, owner=FREERTOS
2024-05-06 15:09:45,320 [INFO] RtosManager:555 - Registered RTOS mode: class=RTOS, group=Core, mode=CMSIS_V2, owner=FREERTOS
2024-05-06 15:09:45,320 [WARN] ModelIntegratedComponent:184 - Missing modes for component STMicroelectronics:FreeRTOS:0.0.1:STMicroelectronics:RTOS:FreeRTOS:Core:::10.2.0:
2024-05-06 15:09:45,329 [WARN] ModelIntegratedComponent:63 - No mode defined for component null
2024-05-06 15:09:45,330 [WARN] ModelIntegratedComponent:63 - No mode defined for component null
2024-05-06 15:09:45,330 [WARN] ModelIntegratedComponent:63 - No mode defined for component null
2024-05-06 15:09:45,330 [WARN] ModelIntegratedComponent:63 - No mode defined for component null
2024-05-06 15:09:45,330 [WARN] ModelIntegratedComponent:63 - No mode defined for component null
2024-05-06 15:09:45,330 [WARN] ModelIntegratedComponent:63 - No mode defined for component null
2024-05-06 15:09:45,330 [WARN] ModelIntegratedComponent:63 - No mode defined for component null
2024-05-06 15:09:45,330 [WARN] ModelIntegratedComponent:63 - No mode defined for component null
2024-05-06 15:09:45,330 [WARN] ModelIntegratedComponent:63 - No mode defined for component null
2024-05-06 15:09:45,330 [WARN] ModelIntegratedComponent:63 - No mode defined for component null
2024-05-06 15:09:45,330 [WARN] ModelIntegratedComponent:63 - No mode defined for component null
2024-05-06 15:09:45,330 [WARN] ModelIntegratedComponent:63 - No mode defined for component null
2024-05-06 15:09:45,330 [WARN] ModelIntegratedComponent:63 - No mode defined for component null
2024-05-06 15:09:45,330 [WARN] ModelIntegratedComponent:63 - No mode defined for component null
2024-05-06 15:09:45,331 [WARN] ModelIntegratedComponent:63 - No mode defined for component null
2024-05-06 15:09:45,331 [WARN] ModelIntegratedComponent:63 - No mode defined for component null
2024-05-06 15:09:45,331 [WARN] ModelIntegratedComponent:63 - No mode defined for component null
2024-05-06 15:09:45,331 [WARN] ModelIntegratedComponent:63 - No mode defined for component null
2024-05-06 15:09:45,331 [WARN] ModelIntegratedComponent:63 - No mode defined for component null
2024-05-06 15:09:45,331 [WARN] ModelIntegratedComponent:63 - No mode defined for component null
2024-05-06 15:09:45,331 [WARN] ModelIntegratedComponent:63 - No mode defined for component null
2024-05-06 15:09:45,331 [WARN] ModelIntegratedComponent:63 - No mode defined for component null
2024-05-06 15:09:45,331 [WARN] ModelIntegratedComponent:63 - No mode defined for component null
2024-05-06 15:09:45,331 [WARN] ModelIntegratedComponent:63 - No mode defined for component null
2024-05-06 15:09:45,331 [WARN] ModelIntegratedComponent:63 - No mode defined for component null
2024-05-06 15:09:45,331 [WARN] ModelIntegratedComponent:63 - No mode defined for component null
2024-05-06 15:09:45,331 [WARN] ModelIntegratedComponent:63 - No mode defined for component null
2024-05-06 15:09:45,331 [WARN] ModelIntegratedComponent:63 - No mode defined for component null
2024-05-06 15:09:45,331 [WARN] ModelIntegratedComponent:63 - No mode defined for component null
2024-05-06 15:09:45,331 [WARN] ModelIntegratedComponent:63 - No mode defined for component null
2024-05-06 15:09:45,331 [WARN] ModelIntegratedComponent:63 - No mode defined for component null
2024-05-06 15:09:45,331 [WARN] ModelIntegratedComponent:63 - No mode defined for component null
2024-05-06 15:09:45,331 [WARN] ModelIntegratedComponent:63 - No mode defined for component null
2024-05-06 15:09:45,331 [WARN] ModelIntegratedComponent:63 - No mode defined for component null
2024-05-06 15:09:45,422 [INFO] ThirdPartyModel:298 - Start build external matchings
2024-05-06 15:09:45,669 [INFO] ThirdPartyModel:316 - End build external matchings
2024-05-06 15:09:45,677 [INFO] ImportTextPane:194 - (OptionalMessage_ERROR) IP (RCC) : Parameter (ADCFreqValue) has invalid value (36000000)
2024-05-06 15:09:45,677 [INFO] ImportTextPane:194 - (OptionalMessage_ERROR) IP (RCC) : Invalid parameter (FamilyName)
2024-05-06 15:09:45,677 [INFO] ImportTextPane:194 - (OptionalMessage_ERROR) IP (RCC) : Parameter (MCOFreq_Value) has invalid value (72000000)
2024-05-06 15:09:45,678 [INFO] ImportTextPane:194 - (OptionalMessage_ERROR) IP (RCC) : Parameter (USBFreq_Value) has invalid value (72000000)
2024-05-06 15:09:45,894 [INFO] UtilMem:75 - End LoadConfig() Used Memory: 363414832 Bytes (943718400)
2024-05-06 15:09:45,958 [WARN] ThirdParty:833 - waiting for thirdparty lock release [change project]
2024-05-06 15:09:45,958 [INFO] ThirdParty:835 - entering critical section [change project]
2024-05-06 15:09:45,958 [INFO] ThirdParty:1030 - CMSIS Pack Vendor :STMicroelectronics USBPD 4.1
2024-05-06 15:09:45,958 [INFO] ThirdParty:1030 - CMSIS Pack Vendor :STMicroelectronics X-CUBE-GNSS1 6.0.0
2024-05-06 15:09:45,958 [INFO] ThirdParty:1030 - CMSIS Pack Vendor :STMicroelectronics USB_HOST 2.0.0
2024-05-06 15:09:45,958 [INFO] ThirdParty:1030 - CMSIS Pack Vendor :STMicroelectronics FP-SNS-MOTENVWB1 1.4.0
2024-05-06 15:09:45,958 [INFO] ThirdParty:1030 - CMSIS Pack Vendor :STMicroelectronics X-CUBE-AZRTOS-F4 1.1.0
2024-05-06 15:09:45,958 [INFO] ThirdParty:1030 - CMSIS Pack Vendor :STMicroelectronics LIBJPEG 8.0.0
2024-05-06 15:09:45,958 [INFO] ThirdParty:1030 - CMSIS Pack Vendor :STMicroelectronics X-CUBE-SMBUS 2.1.0
2024-05-06 15:09:45,958 [INFO] ThirdParty:1030 - CMSIS Pack Vendor :STMicroelectronics USB_DEVICE 3.0.0
2024-05-06 15:09:45,958 [INFO] ThirdParty:1030 - CMSIS Pack Vendor :STMicroelectronics X-CUBE-TCPP 4.1.0
2024-05-06 15:09:45,958 [INFO] ThirdParty:1030 - CMSIS Pack Vendor :STMicroelectronics X-CUBE-FREERTOS 1.2.0
2024-05-06 15:09:45,958 [INFO] ThirdParty:1030 - CMSIS Pack Vendor :STMicroelectronics X-CUBE-AZRTOS-WB 2.0.0
2024-05-06 15:09:45,958 [INFO] ThirdParty:1030 - CMSIS Pack Vendor :STMicroelectronics X-CUBE-TOUCHGFX 4.23.2
2024-05-06 15:09:45,958 [INFO] ThirdParty:1030 - CMSIS Pack Vendor :STMicroelectronics X-CUBE-AZRTOS-F7 1.1.0
2024-05-06 15:09:45,958 [INFO] ThirdParty:1030 - CMSIS Pack Vendor :STMicroelectronics X-CUBE-AZRTOS-L5 2.0.0
2024-05-06 15:09:45,959 [INFO] ThirdParty:1030 - CMSIS Pack Vendor :STMicroelectronics USB_DEVICE 2.0.0
2024-05-06 15:09:45,959 [INFO] ThirdParty:1030 - CMSIS Pack Vendor :STMicroelectronics X-CUBE-NFC6 3.1.0
2024-05-06 15:09:45,959 [INFO] ThirdParty:1030 - CMSIS Pack Vendor :STMicroelectronics X-CUBE-ALGOBUILD 1.3.0
2024-05-06 15:09:45,959 [INFO] ThirdParty:1030 - CMSIS Pack Vendor :STMicroelectronics FreeRTOS 0.0.1
2024-05-06 15:09:45,959 [INFO] ThirdParty:1030 - CMSIS Pack Vendor :STMicroelectronics X-CUBE-AZRTOS-G0 1.1.0
2024-05-06 15:09:45,959 [INFO] ThirdParty:1030 - CMSIS Pack Vendor :STMicroelectronics X-CUBE-SAFEA1 1.2.2
2024-05-06 15:09:45,959 [INFO] ThirdParty:1030 - CMSIS Pack Vendor :STMicroelectronics X-CUBE-NFC4 3.0.0
2024-05-06 15:09:45,959 [INFO] ThirdParty:1030 - CMSIS Pack Vendor :STMicroelectronics X-CUBE-SUBG2 5.0.0
2024-05-06 15:09:45,959 [INFO] ThirdParty:1030 - CMSIS Pack Vendor :STMicroelectronics STM32_WPAN 1.0.0
2024-05-06 15:09:45,959 [INFO] ThirdParty:1030 - CMSIS Pack Vendor :STMicroelectronics lwIP 2.0.3
2024-05-06 15:09:45,959 [INFO] ThirdParty:1030 - CMSIS Pack Vendor :STMicroelectronics FP-SNS-FLIGHT1 5.0.2
2024-05-06 15:09:45,959 [INFO] ThirdParty:1030 - CMSIS Pack Vendor :STMicroelectronics USB_HOST 1.0.0
2024-05-06 15:09:45,959 [INFO] ThirdParty:1030 - CMSIS Pack Vendor :STMicroelectronics X-CUBE-AI 9.0.0
2024-05-06 15:09:45,959 [INFO] ThirdParty:1030 - CMSIS Pack Vendor :STMicroelectronics X-CUBE-AZRTOS-G4 2.0.0
2024-05-06 15:09:45,959 [INFO] ThirdParty:1030 - CMSIS Pack Vendor :STMicroelectronics PDM2PCM 3.1.0
2024-05-06 15:09:45,959 [INFO] ThirdParty:1030 - CMSIS Pack Vendor :STMicroelectronics PDM2PCM 3.3.0
2024-05-06 15:09:45,959 [INFO] ThirdParty:1030 - CMSIS Pack Vendor :STMicroelectronics X-CUBE-DISPLAY 3.0.0
2024-05-06 15:09:45,959 [INFO] ThirdParty:1030 - CMSIS Pack Vendor :wolfSSL I-CUBE-wolfSSL 5.7.0
2024-05-06 15:09:45,959 [INFO] ThirdParty:1030 - CMSIS Pack Vendor :STMicroelectronics X-CUBE-BLE1 7.0.0
2024-05-06 15:09:45,959 [INFO] ThirdParty:1030 - CMSIS Pack Vendor :STMicroelectronics FP-ATR-SIGFOX1 3.2.0
2024-05-06 15:09:45,959 [INFO] ThirdParty:1030 - CMSIS Pack Vendor :STMicroelectronics X-CUBE-ISPU 2.0.0
2024-05-06 15:09:45,959 [INFO] ThirdParty:1030 - CMSIS Pack Vendor :STMicroelectronics X-CUBE-EEPRMA1 5.1.0
2024-05-06 15:09:45,959 [INFO] ThirdParty:1030 - CMSIS Pack Vendor :STMicroelectronics HAL Drivers 0.0.0
2024-05-06 15:09:45,959 [INFO] ThirdParty:1030 - CMSIS Pack Vendor :STMicroelectronics MBEDTLS 2.16.2
2024-05-06 15:09:45,959 [INFO] ThirdParty:1030 - CMSIS Pack Vendor :emotas I-CUBE-CANOPEN 1.3.0
2024-05-06 15:09:45,959 [INFO] ThirdParty:1030 - CMSIS Pack Vendor :STMicroelectronics X-CUBE-MEMS1 10.0.0
2024-05-06 15:09:45,959 [INFO] ThirdParty:1030 - CMSIS Pack Vendor :STMicroelectronics X-CUBE-FREERTOS 1.1.0
2024-05-06 15:09:45,959 [INFO] ThirdParty:1030 - CMSIS Pack Vendor :STMicroelectronics X-CUBE-NFC7 1.0.1
2024-05-06 15:09:45,959 [INFO] ThirdParty:1030 - CMSIS Pack Vendor :STMicroelectronics MBEDTLS 2.14.1
2024-05-06 15:09:45,959 [INFO] ThirdParty:1030 - CMSIS Pack Vendor :ITTIA_DB I-CUBE-ITTIADB 8.9.0
2024-05-06 15:09:45,959 [INFO] ThirdParty:1030 - CMSIS Pack Vendor :portGmbH I-Cube-SoM-uGOAL 1.1.0
2024-05-06 15:09:45,959 [INFO] ThirdParty:1030 - CMSIS Pack Vendor :STMicroelectronics X-CUBE-ALS 1.0.1
2024-05-06 15:09:45,959 [INFO] ThirdParty:1030 - CMSIS Pack Vendor :STMicroelectronics X-CUBE-BLEMGR 3.1.0
2024-05-06 15:09:45,959 [INFO] ThirdParty:1030 - CMSIS Pack Vendor :STMicroelectronics ThreadX 1.0.0
2024-05-06 15:09:45,960 [INFO] ThirdParty:1030 - CMSIS Pack Vendor :STMicroelectronics FP-SNS-SMARTAG2 1.2.0
2024-05-06 15:09:45,960 [INFO] ThirdParty:1030 - CMSIS Pack Vendor :STMicroelectronics X-CUBE-AZRTOS-WL 2.0.0
2024-05-06 15:09:45,960 [INFO] ThirdParty:1030 - CMSIS Pack Vendor :SEGGER I-CUBE-embOS 1.3.1
2024-05-06 15:09:45,960 [INFO] ThirdParty:1030 - CMSIS Pack Vendor :STMicroelectronics FP-SNS-MOTENV1 5.0.0
2024-05-06 15:09:45,960 [INFO] ThirdParty:1030 - CMSIS Pack Vendor :STMicroelectronics USB_DEVICE 1.0.0
2024-05-06 15:09:45,960 [INFO] ThirdParty:1030 - CMSIS Pack Vendor :STMicroelectronics X-CUBE-AZRTOS-H7RS 1.0.0
2024-05-06 15:09:45,960 [INFO] ThirdParty:1030 - CMSIS Pack Vendor :STMicroelectronics X-CUBE-AZRTOS-L4 2.0.0
2024-05-06 15:09:45,960 [INFO] ThirdParty:1030 - CMSIS Pack Vendor :STMicroelectronics ThreadX 0.0.2
2024-05-06 15:09:45,960 [INFO] ThirdParty:1030 - CMSIS Pack Vendor :WES I-CUBE-Cesium 1.3.0
2024-05-06 15:09:45,960 [INFO] ThirdParty:1030 - CMSIS Pack Vendor :STMicroelectronics FP-ATR-ASTRA1 2.0.0
2024-05-06 15:09:45,960 [INFO] ThirdParty:1030 - CMSIS Pack Vendor :STMicroelectronics lwIP 2.1.2
2024-05-06 15:09:45,960 [INFO] ThirdParty:1030 - CMSIS Pack Vendor :STMicroelectronics X-CUBE-SFXS2LP1 4.0.0
2024-05-06 15:09:45,960 [INFO] ThirdParty:1030 - CMSIS Pack Vendor :STMicroelectronics X-CUBE-BLE2 3.3.0
2024-05-06 15:09:45,960 [INFO] ThirdParty:1030 - CMSIS Pack Vendor :STMicroelectronics X-CUBE-TOF1 3.4.1
2024-05-06 15:09:45,960 [INFO] ThirdParty:1030 - CMSIS Pack Vendor :STMicroelectronics X-CUBE-AZRTOS-H7 3.2.0
2024-05-06 15:09:45,960 [INFO] ThirdParty:1030 - CMSIS Pack Vendor :Infineon AIROC-Wi-Fi-Bluetooth-STM32 1.6.0
2024-05-06 15:09:45,960 [INFO] ThirdParty:1030 - CMSIS Pack Vendor :STMicroelectronics PDM2PCM 3.2.0
2024-05-06 15:09:45,960 [INFO] ThirdParty:841 - exiting critical section [change project]
2024-05-06 15:09:46,103 [INFO] PinOutPanel:1561 - setPackage(No Configuration,No Configuration)
2024-05-06 15:09:46,104 [INFO] PinOutPanel:1561 - setPackage(STM32F103C6Tx,LQFP48)
2024-05-06 15:09:46,339 [INFO] UtilMem:75 - Before build in PCC Used Memory: 457526224 Bytes (943718400)
2024-05-06 15:09:46,531 [INFO] UtilMem:75 - After build in PCC Used Memory: 499477688 Bytes (943718400)
2024-05-06 15:09:46,555 [INFO] IPUIPlugin:80 - create IPUIPlugin
2024-05-06 15:09:46,555 [INFO] IPUIPlugin:80 - create IPUIPlugin
2024-05-06 15:09:46,555 [INFO] IPUIPlugin:80 - create IPUIPlugin
2024-05-06 15:09:46,555 [INFO] IPUIPlugin:80 - create IPUIPlugin
2024-05-06 15:09:46,555 [INFO] IPUIPlugin:80 - create IPUIPlugin
2024-05-06 15:09:46,555 [INFO] IPUIPlugin:80 - create IPUIPlugin
2024-05-06 15:09:46,555 [INFO] IPUIPlugin:80 - create IPUIPlugin
2024-05-06 15:09:46,555 [INFO] IPUIPlugin:80 - create IPUIPlugin
2024-05-06 15:09:46,556 [INFO] IPUIPlugin:80 - create IPUIPlugin
2024-05-06 15:09:46,556 [INFO] IPUIPlugin:80 - create IPUIPlugin
2024-05-06 15:09:46,556 [INFO] IPUIPlugin:80 - create IPUIPlugin
2024-05-06 15:09:46,556 [INFO] IPUIPlugin:80 - create IPUIPlugin
2024-05-06 15:09:46,556 [INFO] IPUIPlugin:80 - create IPUIPlugin
2024-05-06 15:09:46,556 [INFO] IPUIPlugin:80 - create IPUIPlugin
2024-05-06 15:09:46,557 [INFO] IPUIPlugin:80 - create IPUIPlugin
2024-05-06 15:09:46,557 [INFO] IPUIPlugin:80 - create IPUIPlugin
2024-05-06 15:09:46,557 [INFO] IPUIPlugin:80 - create IPUIPlugin
2024-05-06 15:09:46,557 [INFO] IPUIPlugin:80 - create IPUIPlugin
2024-05-06 15:09:46,557 [INFO] IPUIPlugin:80 - create IPUIPlugin
2024-05-06 15:09:46,558 [INFO] IPUIPlugin:80 - create IPUIPlugin
2024-05-06 15:09:46,558 [INFO] IPUIPlugin:80 - create IPUIPlugin
2024-05-06 15:09:46,558 [INFO] IPUIPlugin:80 - create IPUIPlugin
2024-05-06 15:09:46,558 [INFO] IPUIPlugin:80 - create IPUIPlugin
2024-05-06 15:09:46,595 [INFO] CADModel:165 - CPN selected for project levelSTM32F103C6T6A
2024-05-06 15:09:46,595 [INFO] CADModel:114 - Register for checkConnection events
2024-05-06 15:09:46,658 [INFO] OpenFileManager:343 - Restore cursor
2024-05-06 15:10:02,598 [INFO] Gpio:277 - dependency for GPIO [RCC, SPI1, SYS, USART2]
2024-05-06 15:10:38,577 [INFO] Gpio:277 - dependency for GPIO [RCC, SPI1, SYS, USART2]
2024-05-06 15:11:28,538 [INFO] Gpio:277 - dependency for GPIO [RCC, SPI1, SYS, USART2]
2024-05-06 15:11:55,254 [INFO] UtilMem:75 - End SaveConfig() Used Memory: 331685160 Bytes (943718400)
2024-05-06 15:11:56,661 [INFO] UtilMem:75 - End SaveConfig() Used Memory: 307681864 Bytes (943718400)
2024-05-06 15:11:57,308 [INFO] UtilMem:75 - End SaveConfig() Used Memory: 340187720 Bytes (943718400)
2024-05-06 15:11:57,478 [INFO] BlockDiagram:2759 - set Specific Code input for plugin: SPI
2024-05-06 15:11:57,478 [INFO] BlockDiagram:2759 - set Specific Code input for plugin: NVIC
2024-05-06 15:11:57,479 [INFO] BlockDiagram:2759 - set Specific Code input for plugin: USART
2024-05-06 15:11:57,479 [INFO] BlockDiagram:2759 - set Specific Code input for plugin: SYS
2024-05-06 15:11:57,479 [INFO] BlockDiagram:2759 - set Specific Code input for plugin: GPIO
2024-05-06 15:11:57,479 [INFO] BlockDiagram:2759 - set Specific Code input for plugin: RCC
2024-05-06 15:11:57,480 [INFO] CodeGenerator:807 - code generatio: config db path: C:\ST\STM32CubeIDE_1.15.0\STM32CubeIDE\plugins\com.st.stm32cube.common.mx_6.11.1.202404110753\\db\
2024-05-06 15:11:57,651 [INFO] CodeEngine:255 - oldGeneratedFile, C:\Work\Stm32\TX_c6\MXTmpFiles\license.tmp_save
2024-05-06 15:11:57,819 [INFO] CodeEngine:279 - Generated code: C:\Work\Stm32\TX_c6\MXTmpFiles\license.tmp
2024-05-06 15:11:57,914 [INFO] CodeEngine:255 - oldGeneratedFile, C:\Work\Stm32\TX_c6\MXTmpFiles\gpio.tmp_save
2024-05-06 15:11:58,018 [INFO] CodeEngine:279 - Generated code: C:\Work\Stm32\TX_c6\MXTmpFiles\gpio.tmp
2024-05-06 15:11:58,174 [INFO] CodeEngine:255 - oldGeneratedFile, C:\Work\Stm32\TX_c6\Core\Src\stm32f1xx_it.c_save
2024-05-06 15:11:58,380 [INFO] CodeEngine:279 - Generated code: C:\Work\Stm32\TX_c6\Core\Src\stm32f1xx_it.c
2024-05-06 15:11:58,411 [INFO] CodeEngine:255 - oldGeneratedFile, C:\Work\Stm32\TX_c6\Core\Inc\stm32f1xx_it.h_save
2024-05-06 15:11:58,505 [INFO] CodeEngine:279 - Generated code: C:\Work\Stm32\TX_c6\Core\Inc\stm32f1xx_it.h
2024-05-06 15:11:58,551 [INFO] CodeEngine:255 - oldGeneratedFile, C:\Work\Stm32\TX_c6\Core\Src\stm32f1xx_hal_msp.c_save
2024-05-06 15:11:58,692 [INFO] CodeEngine:279 - Generated code: C:\Work\Stm32\TX_c6\Core\Src\stm32f1xx_hal_msp.c
2024-05-06 15:11:58,708 [INFO] CodeEngine:255 - oldGeneratedFile, C:\Work\Stm32\TX_c6\MXTmpFiles\system.tmp_save
2024-05-06 15:11:58,817 [INFO] CodeEngine:279 - Generated code: C:\Work\Stm32\TX_c6\MXTmpFiles\system.tmp
2024-05-06 15:11:58,848 [INFO] CodeEngine:311 - oldGeneratedFile, C:\Work\Stm32\TX_c6\Core\Inc\stm32f1xx_hal_conf.h_save
2024-05-06 15:11:58,989 [INFO] CodeEngine:335 - Generated code: C:\Work\Stm32\TX_c6\Core\Inc\stm32f1xx_hal_conf.h
2024-05-06 15:11:59,036 [INFO] CodeEngine:255 - oldGeneratedFile, C:\Work\Stm32\TX_c6\Core\Inc\main.h_save
2024-05-06 15:11:59,176 [INFO] CodeEngine:279 - Generated code: C:\Work\Stm32\TX_c6\Core\Inc\main.h
2024-05-06 15:11:59,208 [INFO] CodeEngine:255 - oldGeneratedFile, C:\Work\Stm32\TX_c6\Core\Src\main.c_save
2024-05-06 15:11:59,364 [INFO] CodeEngine:279 - Generated code: C:\Work\Stm32\TX_c6\Core\Src\main.c
2024-05-06 15:11:59,833 [INFO] ProjectBuilder:3163 - Time for Copy HAL[1] : 266mS.
2024-05-06 15:11:59,833 [INFO] ProjectBuilder:4736 - Project Generator version: 4.3.0-B58
2024-05-06 15:11:59,942 [INFO] ConfigFileManager:1503 - The Die is : DIE412
2024-05-06 15:11:59,958 [INFO] ApiDbMcu:508 - Load IP Config File for FATFS
2024-05-06 15:11:59,973 [INFO] ApiDbMcu:508 - Load IP Config File for FREERTOS
2024-05-06 15:11:59,989 [INFO] ApiDbMcu:508 - Load IP Config File for USB_DEVICE
2024-05-06 15:12:01,718 [INFO] ProjectBuilder:5002 - Time for Generating toolchain IDE Files: 1885mS.
2024-05-06 15:12:01,719 [INFO] ProjectBuilder:3034 - Time for Copy CMSIS : 0mS.
2024-05-06 15:12:01,724 [INFO] ProjectBuilder:3034 - Time for Copy CMSIS : 0mS.
