2024-07-31 17:44:24,017 [WARN] CheckConnectionManager:291 - Warning during Server Connection :  timeout Connect to sw-center.st.com:443 [sw-center.st.com/2.21.89.80, sw-center.st.com/2.21.89.89] failed: Connect timed out
2024-07-31 17:44:27,268 [INFO] MainUpdater:2873 - connection check result : 10
2024-07-31 17:44:27,269 [INFO] MainUpdater:2873 - connection check result : 10
2024-07-31 17:44:27,296 [INFO] MicroXplorer:468 - Change Database Path : 
2024-07-31 17:44:27,297 [INFO] MicroXplorer:498 - Change Database Version : DB.6.0.111
2024-07-31 17:44:27,324 [ERROR] ProjectManagerView:394 - 
java.lang.NullPointerException: Cannot invoke "javax.swing.JTextField.getText()" because the return value of "java.util.List.get(int)" is null
	at com.st.microxplorer.plugins.projectmanager.gui.ProjectChoiceTab$10.caretUpdate(ProjectChoiceTab.java:2504) ~[filemanager.jar:?]
	at javax.swing.text.JTextComponent.fireCaretUpdate(JTextComponent.java:412) ~[?:?]
	at javax.swing.text.JTextComponent$MutableCaretEvent.fire(JTextComponent.java:4491) ~[?:?]
	at javax.swing.text.JTextComponent$MutableCaretEvent.stateChanged(JTextComponent.java:4513) ~[?:?]
	at javax.swing.text.DefaultCaret.fireStateChanged(DefaultCaret.java:842) ~[?:?]
	at javax.swing.text.DefaultCaret.changeCaretPosition(DefaultCaret.java:1313) ~[?:?]
	at javax.swing.text.DefaultCaret.handleSetDot(DefaultCaret.java:1212) ~[?:?]
	at javax.swing.text.DefaultCaret.setDot(DefaultCaret.java:1193) ~[?:?]
	at javax.swing.text.DefaultCaret$Handler.insertUpdate(DefaultCaret.java:1789) ~[?:?]
	at javax.swing.text.AbstractDocument.fireInsertUpdate(AbstractDocument.java:226) ~[?:?]
	at javax.swing.text.AbstractDocument.handleInsertString(AbstractDocument.java:780) ~[?:?]
	at javax.swing.text.AbstractDocument.insertString(AbstractDocument.java:739) ~[?:?]
	at javax.swing.text.PlainDocument.insertString(PlainDocument.java:131) ~[?:?]
	at javax.swing.text.AbstractDocument.replace(AbstractDocument.java:698) ~[?:?]
	at javax.swing.text.JTextComponent.setText(JTextComponent.java:1729) ~[?:?]
	at com.st.microxplorer.plugins.projectmanager.gui.ProjectChoiceTab.createHeapStackFields(ProjectChoiceTab.java:944) ~[filemanager.jar:?]
	at com.st.microxplorer.plugins.projectmanager.gui.ProjectChoiceTab.buildLinkSettingsPanel(ProjectChoiceTab.java:3475) ~[filemanager.jar:?]
	at com.st.microxplorer.plugins.projectmanager.gui.ProjectChoiceTab.defineWindowsFields(ProjectChoiceTab.java:1816) ~[filemanager.jar:?]
	at com.st.microxplorer.plugins.projectmanager.gui.ProjectChoiceTab.updateSettings(ProjectChoiceTab.java:544) ~[filemanager.jar:?]
	at com.st.microxplorer.plugins.projectmanager.gui.ProjectSettingsPanel.UpdateDialog(ProjectSettingsPanel.java:245) ~[filemanager.jar:?]
	at com.st.microxplorer.plugins.projectmanager.ProjectManagerView.propertyChange(ProjectManagerView.java:391) ~[filemanager.jar:?]
	at java.beans.PropertyChangeSupport.fire(PropertyChangeSupport.java:343) ~[?:?]
	at java.beans.PropertyChangeSupport.firePropertyChange(PropertyChangeSupport.java:335) ~[?:?]
	at java.beans.PropertyChangeSupport.firePropertyChange(PropertyChangeSupport.java:268) ~[?:?]
	at com.st.microxplorer.util.MXPropertyChangeSupport.firePropertyChange(MXPropertyChangeSupport.java:54) ~[STM32CubeMX.jar:?]
	at com.st.microxplorer.mxsystem.MxSystem.closeConfig(MxSystem.java:900) ~[STM32CubeMX.jar:?]
	at com.st.microxplorer.maingui.MainPanel.closeConfig(MainPanel.java:776) ~[STM32CubeMX.jar:?]
	at com.st.microxplorer.plugins.filemanager.engine.OpenFileManager.loadConfigurationFile(OpenFileManager.java:245) ~[filemanager.jar:?]
	at com.st.microxplorer.plugins.filemanager.engine.MainFileManager.userLoadConfig(MainFileManager.java:315) ~[filemanager.jar:?]
	at com.st.microxplorer.plugins.filemanager.engine.MainFileManager.userLoadConfig(MainFileManager.java:293) ~[filemanager.jar:?]
	at com.st.microxplorer.plugins.filemanager.FileManagerView.getSpecificTask(FileManagerView.java:247) ~[filemanager.jar:?]
	at com.st.stm32cube.common.mx.editor.CubeMxEditor.getMxTabbedPaneInstance(CubeMxEditor.java:1198) ~[com.st.stm32cube.common.mx_6.11.1.202404110753/:?]
	at com.st.stm32cube.common.mx.editor.CubeMxEditor$12$1.createSwingComponent(CubeMxEditor.java:1068) ~[com.st.stm32cube.common.mx_6.11.1.202404110753/:?]
	at com.st.stm32cube.common.mx.oss.core.awtswtbridge.EmbeddedSwingComposite.doComponentCreation(EmbeddedSwingComposite.java:492) ~[com.st.stm32cube.common.mx.oss_6.11.1.202404110753/:?]
	at com.st.stm32cube.common.mx.oss.core.awtswtbridge.EmbeddedSwingComposite$4.run(EmbeddedSwingComposite.java:291) ~[com.st.stm32cube.common.mx.oss_6.11.1.202404110753/:?]
	at com.st.stm32cube.common.mx.oss.core.awtswtbridge.AwtEnvironment$2.run(AwtEnvironment.java:166) ~[com.st.stm32cube.common.mx.oss_6.11.1.202404110753/:?]
	at java.awt.event.InvocationEvent.dispatch(InvocationEvent.java:318) ~[?:?]
	at java.awt.EventQueue.dispatchEventImpl(EventQueue.java:773) ~[?:?]
	at java.awt.EventQueue$4.run(EventQueue.java:720) ~[?:?]
	at java.awt.EventQueue$4.run(EventQueue.java:714) ~[?:?]
	at java.security.AccessController.doPrivileged(AccessController.java:399) ~[?:?]
	at java.security.ProtectionDomain$JavaSecurityAccessImpl.doIntersectionPrivilege(ProtectionDomain.java:86) ~[?:?]
	at java.awt.EventQueue.dispatchEvent(EventQueue.java:742) ~[?:?]
	at java.awt.EventDispatchThread.pumpOneEventForFilters(EventDispatchThread.java:203) ~[?:?]
	at java.awt.EventDispatchThread.pumpEventsForFilter(EventDispatchThread.java:124) ~[?:?]
	at java.awt.EventDispatchThread.pumpEventsForHierarchy(EventDispatchThread.java:113) ~[?:?]
	at java.awt.EventDispatchThread.pumpEvents(EventDispatchThread.java:109) ~[?:?]
	at java.awt.EventDispatchThread.pumpEvents(EventDispatchThread.java:101) ~[?:?]
	at java.awt.EventDispatchThread.run(EventDispatchThread.java:90) ~[?:?]
2024-07-31 17:44:27,326 [WARN] ThirdParty:871 - waiting for thirdparty lock release [close project]
2024-07-31 17:44:27,326 [INFO] ThirdParty:873 - entering critical section [close project]
2024-07-31 17:44:27,326 [INFO] ThirdParty:883 - exiting critical section [close project]
2024-07-31 17:44:27,327 [INFO] PinOutPanel:1561 - setPackage(No Configuration,No Configuration)
2024-07-31 17:44:27,330 [INFO] UtilMem:75 - Begin LoadConfig() Used Memory: 786187216 Bytes (1073741824)
2024-07-31 17:44:27,331 [INFO] MicroXplorer:468 - Change Database Path : 
2024-07-31 17:44:27,331 [INFO] MicroXplorer:498 - Change Database Version : DB.6.0.111
2024-07-31 17:44:27,331 [INFO] OpenFileManager:312 - Change cursor
2024-07-31 17:44:27,362 [INFO] RulesReader:64 - Compatibility file has been processed (297 Rules)
2024-07-31 17:44:27,376 [INFO] Mcu:2021 - Initializing MCU STM32F103C(8-B)Tx STM32F103C8Tx STM32F103C8T6
2024-07-31 17:44:28,225 [INFO] Context:663 - Trying to add GPIOservice into a context  which must be forbidden
2024-07-31 17:44:28,443 [INFO] RtosManager:555 - Registered RTOS mode: class=CMSIS, group=RTOS, mode=CMSIS_V1, owner=FREERTOS
2024-07-31 17:44:28,443 [INFO] RtosManager:555 - Registered RTOS mode: class=CMSIS, group=RTOS2, mode=CMSIS_V2, owner=FREERTOS
2024-07-31 17:44:28,443 [INFO] RtosManager:555 - Registered RTOS mode: class=RTOS, group=Core, mode=CMSIS_V1, owner=FREERTOS
2024-07-31 17:44:28,443 [INFO] RtosManager:555 - Registered RTOS mode: class=RTOS, group=Core, mode=CMSIS_V2, owner=FREERTOS
2024-07-31 17:44:28,443 [WARN] ModelIntegratedComponent:184 - Missing modes for component STMicroelectronics:FreeRTOS:0.0.1:STMicroelectronics:RTOS:FreeRTOS:Core:::10.2.0:
2024-07-31 17:44:28,450 [WARN] ModelIntegratedComponent:63 - No mode defined for component null
2024-07-31 17:44:28,450 [WARN] ModelIntegratedComponent:63 - No mode defined for component null
2024-07-31 17:44:28,451 [WARN] ModelIntegratedComponent:63 - No mode defined for component null
2024-07-31 17:44:28,451 [WARN] ModelIntegratedComponent:63 - No mode defined for component null
2024-07-31 17:44:28,451 [WARN] ModelIntegratedComponent:63 - No mode defined for component null
2024-07-31 17:44:28,451 [WARN] ModelIntegratedComponent:63 - No mode defined for component null
2024-07-31 17:44:28,451 [WARN] ModelIntegratedComponent:63 - No mode defined for component null
2024-07-31 17:44:28,451 [WARN] ModelIntegratedComponent:63 - No mode defined for component null
2024-07-31 17:44:28,451 [WARN] ModelIntegratedComponent:63 - No mode defined for component null
2024-07-31 17:44:28,451 [WARN] ModelIntegratedComponent:63 - No mode defined for component null
2024-07-31 17:44:28,451 [WARN] ModelIntegratedComponent:63 - No mode defined for component null
2024-07-31 17:44:28,451 [WARN] ModelIntegratedComponent:63 - No mode defined for component null
2024-07-31 17:44:28,451 [WARN] ModelIntegratedComponent:63 - No mode defined for component null
2024-07-31 17:44:28,451 [WARN] ModelIntegratedComponent:63 - No mode defined for component null
2024-07-31 17:44:28,451 [WARN] ModelIntegratedComponent:63 - No mode defined for component null
2024-07-31 17:44:28,451 [WARN] ModelIntegratedComponent:63 - No mode defined for component null
2024-07-31 17:44:28,451 [WARN] ModelIntegratedComponent:63 - No mode defined for component null
2024-07-31 17:44:28,451 [WARN] ModelIntegratedComponent:63 - No mode defined for component null
2024-07-31 17:44:28,451 [WARN] ModelIntegratedComponent:63 - No mode defined for component null
2024-07-31 17:44:28,451 [WARN] ModelIntegratedComponent:63 - No mode defined for component null
2024-07-31 17:44:28,451 [WARN] ModelIntegratedComponent:63 - No mode defined for component null
2024-07-31 17:44:28,451 [WARN] ModelIntegratedComponent:63 - No mode defined for component null
2024-07-31 17:44:28,451 [WARN] ModelIntegratedComponent:63 - No mode defined for component null
2024-07-31 17:44:28,451 [WARN] ModelIntegratedComponent:63 - No mode defined for component null
2024-07-31 17:44:28,451 [WARN] ModelIntegratedComponent:63 - No mode defined for component null
2024-07-31 17:44:28,451 [WARN] ModelIntegratedComponent:63 - No mode defined for component null
2024-07-31 17:44:28,451 [WARN] ModelIntegratedComponent:63 - No mode defined for component null
2024-07-31 17:44:28,451 [WARN] ModelIntegratedComponent:63 - No mode defined for component null
2024-07-31 17:44:28,451 [WARN] ModelIntegratedComponent:63 - No mode defined for component null
2024-07-31 17:44:28,451 [WARN] ModelIntegratedComponent:63 - No mode defined for component null
2024-07-31 17:44:28,452 [WARN] ModelIntegratedComponent:63 - No mode defined for component null
2024-07-31 17:44:28,452 [WARN] ModelIntegratedComponent:63 - No mode defined for component null
2024-07-31 17:44:28,452 [WARN] ModelIntegratedComponent:63 - No mode defined for component null
2024-07-31 17:44:28,452 [WARN] ModelIntegratedComponent:63 - No mode defined for component null
2024-07-31 17:44:28,581 [INFO] ThirdPartyModel:298 - Start build external matchings
2024-07-31 17:44:29,262 [INFO] ThirdPartyModel:316 - End build external matchings
2024-07-31 17:44:29,272 [INFO] ImportTextPane:194 - (OptionalMessage_ERROR) IP (RCC) : Parameter (ADCFreqValue) has invalid value (36000000)
2024-07-31 17:44:29,272 [INFO] ImportTextPane:194 - (OptionalMessage_ERROR) IP (RCC) : Invalid parameter (FamilyName)
2024-07-31 17:44:29,272 [INFO] ImportTextPane:194 - (OptionalMessage_ERROR) IP (RCC) : Parameter (MCOFreq_Value) has invalid value (72000000)
2024-07-31 17:44:29,272 [INFO] ImportTextPane:194 - (OptionalMessage_ERROR) IP (RCC) : Parameter (USBFreq_Value) has invalid value (72000000)
2024-07-31 17:44:29,660 [INFO] UtilMem:75 - End LoadConfig() Used Memory: 832638944 Bytes (1073741824)
2024-07-31 17:44:29,727 [WARN] ThirdParty:833 - waiting for thirdparty lock release [change project]
2024-07-31 17:44:29,727 [INFO] ThirdParty:835 - entering critical section [change project]
2024-07-31 17:44:29,727 [INFO] ThirdParty:1030 - CMSIS Pack Vendor :STMicroelectronics USBPD 4.1
2024-07-31 17:44:29,728 [INFO] ThirdParty:1030 - CMSIS Pack Vendor :STMicroelectronics X-CUBE-GNSS1 6.0.0
2024-07-31 17:44:29,728 [INFO] ThirdParty:1030 - CMSIS Pack Vendor :STMicroelectronics USB_HOST 2.0.0
2024-07-31 17:44:29,728 [INFO] ThirdParty:1030 - CMSIS Pack Vendor :STMicroelectronics FP-SNS-MOTENVWB1 1.4.0
2024-07-31 17:44:29,728 [INFO] ThirdParty:1030 - CMSIS Pack Vendor :STMicroelectronics X-CUBE-AZRTOS-F4 1.1.0
2024-07-31 17:44:29,728 [INFO] ThirdParty:1030 - CMSIS Pack Vendor :STMicroelectronics LIBJPEG 8.0.0
2024-07-31 17:44:29,728 [INFO] ThirdParty:1030 - CMSIS Pack Vendor :STMicroelectronics X-CUBE-SMBUS 2.1.0
2024-07-31 17:44:29,728 [INFO] ThirdParty:1030 - CMSIS Pack Vendor :NimaLTD I-CUBE-SPIF 2.3.1
2024-07-31 17:44:29,728 [INFO] ThirdParty:1030 - CMSIS Pack Vendor :STMicroelectronics USB_DEVICE 3.0.0
2024-07-31 17:44:29,728 [INFO] ThirdParty:1030 - CMSIS Pack Vendor :STMicroelectronics X-CUBE-TCPP 4.1.0
2024-07-31 17:44:29,728 [INFO] ThirdParty:1030 - CMSIS Pack Vendor :STMicroelectronics X-CUBE-FREERTOS 1.2.0
2024-07-31 17:44:29,728 [INFO] ThirdParty:1030 - CMSIS Pack Vendor :STMicroelectronics X-CUBE-AZRTOS-WB 2.0.0
2024-07-31 17:44:29,728 [INFO] ThirdParty:1030 - CMSIS Pack Vendor :STMicroelectronics X-CUBE-TOUCHGFX 4.23.2
2024-07-31 17:44:29,728 [INFO] ThirdParty:1030 - CMSIS Pack Vendor :STMicroelectronics X-CUBE-AZRTOS-F7 1.1.0
2024-07-31 17:44:29,728 [INFO] ThirdParty:1030 - CMSIS Pack Vendor :STMicroelectronics X-CUBE-AZRTOS-L5 2.0.0
2024-07-31 17:44:29,728 [INFO] ThirdParty:1030 - CMSIS Pack Vendor :STMicroelectronics USB_DEVICE 2.0.0
2024-07-31 17:44:29,728 [INFO] ThirdParty:1030 - CMSIS Pack Vendor :STMicroelectronics X-CUBE-NFC6 3.1.0
2024-07-31 17:44:29,728 [INFO] ThirdParty:1030 - CMSIS Pack Vendor :STMicroelectronics FP-SNS-STBOX1 2.0.0
2024-07-31 17:44:29,728 [INFO] ThirdParty:1030 - CMSIS Pack Vendor :STMicroelectronics X-CUBE-ALGOBUILD 1.3.0
2024-07-31 17:44:29,728 [INFO] ThirdParty:1030 - CMSIS Pack Vendor :STMicroelectronics FreeRTOS 0.0.1
2024-07-31 17:44:29,728 [INFO] ThirdParty:1030 - CMSIS Pack Vendor :STMicroelectronics X-CUBE-AZRTOS-G0 1.1.0
2024-07-31 17:44:29,728 [INFO] ThirdParty:1030 - CMSIS Pack Vendor :STMicroelectronics X-CUBE-SAFEA1 1.2.2
2024-07-31 17:44:29,728 [INFO] ThirdParty:1030 - CMSIS Pack Vendor :STMicroelectronics X-CUBE-NFC4 3.0.0
2024-07-31 17:44:29,728 [INFO] ThirdParty:1030 - CMSIS Pack Vendor :STMicroelectronics X-CUBE-DPower 1.2.0
2024-07-31 17:44:29,728 [INFO] ThirdParty:1030 - CMSIS Pack Vendor :STMicroelectronics X-CUBE-SUBG2 5.0.0
2024-07-31 17:44:29,728 [INFO] ThirdParty:1030 - CMSIS Pack Vendor :STMicroelectronics STM32_WPAN 1.0.0
2024-07-31 17:44:29,728 [INFO] ThirdParty:1030 - CMSIS Pack Vendor :wolfSSL I-CUBE-wolfMQTT 1.18.0
2024-07-31 17:44:29,728 [INFO] ThirdParty:1030 - CMSIS Pack Vendor :EmbeddedOffice I-CUBE-FS-RTOS 1.0.1
2024-07-31 17:44:29,728 [INFO] ThirdParty:1030 - CMSIS Pack Vendor :STMicroelectronics lwIP 2.0.3
2024-07-31 17:44:29,728 [INFO] ThirdParty:1030 - CMSIS Pack Vendor :STMicroelectronics FP-SNS-FLIGHT1 5.0.2
2024-07-31 17:44:29,728 [INFO] ThirdParty:1030 - CMSIS Pack Vendor :Cesanta I-CUBE-Mongoose 7.13.0
2024-07-31 17:44:29,728 [INFO] ThirdParty:1030 - CMSIS Pack Vendor :STMicroelectronics USB_HOST 1.0.0
2024-07-31 17:44:29,729 [INFO] ThirdParty:1030 - CMSIS Pack Vendor :STMicroelectronics X-CUBE-AI 9.0.0
2024-07-31 17:44:29,729 [INFO] ThirdParty:1030 - CMSIS Pack Vendor :STMicroelectronics X-CUBE-AZRTOS-G4 2.0.0
2024-07-31 17:44:29,729 [INFO] ThirdParty:1030 - CMSIS Pack Vendor :STMicroelectronics PDM2PCM 3.1.0
2024-07-31 17:44:29,729 [INFO] ThirdParty:1030 - CMSIS Pack Vendor :STMicroelectronics PDM2PCM 3.3.0
2024-07-31 17:44:29,729 [INFO] ThirdParty:1030 - CMSIS Pack Vendor :STMicroelectronics X-CUBE-DISPLAY 3.0.0
2024-07-31 17:44:29,729 [INFO] ThirdParty:1030 - CMSIS Pack Vendor :RealThread X-CUBE-RT-Thread_Nano 4.1.1
2024-07-31 17:44:29,729 [INFO] ThirdParty:1030 - CMSIS Pack Vendor :wolfSSL I-CUBE-wolfSSL 5.7.0
2024-07-31 17:44:29,729 [INFO] ThirdParty:1030 - CMSIS Pack Vendor :STMicroelectronics X-CUBE-BLE1 7.0.0
2024-07-31 17:44:29,729 [INFO] ThirdParty:1030 - CMSIS Pack Vendor :STMicroelectronics FP-ATR-SIGFOX1 3.2.0
2024-07-31 17:44:29,729 [INFO] ThirdParty:1030 - CMSIS Pack Vendor :STMicroelectronics X-CUBE-ISPU 2.0.0
2024-07-31 17:44:29,729 [INFO] ThirdParty:1030 - CMSIS Pack Vendor :STMicroelectronics X-CUBE-EEPRMA1 5.1.0
2024-07-31 17:44:29,729 [INFO] ThirdParty:1030 - CMSIS Pack Vendor :STMicroelectronics HAL Drivers 0.0.0
2024-07-31 17:44:29,729 [INFO] ThirdParty:1030 - CMSIS Pack Vendor :STMicroelectronics MBEDTLS 2.16.2
2024-07-31 17:44:29,729 [INFO] ThirdParty:1030 - CMSIS Pack Vendor :STMicroelectronics X-CUBE-ALS 1.0.2
2024-07-31 17:44:29,729 [INFO] ThirdParty:1030 - CMSIS Pack Vendor :emotas I-CUBE-CANOPEN 1.3.0
2024-07-31 17:44:29,729 [INFO] ThirdParty:1030 - CMSIS Pack Vendor :STMicroelectronics X-CUBE-MEMS1 10.0.0
2024-07-31 17:44:29,729 [INFO] ThirdParty:1030 - CMSIS Pack Vendor :STMicroelectronics X-CUBE-FREERTOS 1.1.0
2024-07-31 17:44:29,729 [INFO] ThirdParty:1030 - CMSIS Pack Vendor :STMicroelectronics X-CUBE-NFC7 1.0.1
2024-07-31 17:44:29,729 [INFO] ThirdParty:1030 - CMSIS Pack Vendor :STMicroelectronics MBEDTLS 2.14.1
2024-07-31 17:44:29,729 [INFO] ThirdParty:1030 - CMSIS Pack Vendor :STMicroelectronics X-CUBE-TOUCHGFX 4.24.0
2024-07-31 17:44:29,729 [INFO] ThirdParty:1030 - CMSIS Pack Vendor :ITTIA_DB I-CUBE-ITTIADB 8.9.0
2024-07-31 17:44:29,729 [INFO] ThirdParty:1030 - CMSIS Pack Vendor :wolfSSL I-CUBE-wolfTPM 3.2.0
2024-07-31 17:44:29,729 [INFO] ThirdParty:1030 - CMSIS Pack Vendor :portGmbH I-Cube-SoM-uGOAL 1.1.0
2024-07-31 17:44:29,729 [INFO] ThirdParty:1030 - CMSIS Pack Vendor :STMicroelectronics X-CUBE-ALS 1.0.1
2024-07-31 17:44:29,729 [INFO] ThirdParty:1030 - CMSIS Pack Vendor :STMicroelectronics X-CUBE-BLEMGR 3.1.0
2024-07-31 17:44:29,729 [INFO] ThirdParty:1030 - CMSIS Pack Vendor :STMicroelectronics ThreadX 1.0.0
2024-07-31 17:44:29,729 [INFO] ThirdParty:1030 - CMSIS Pack Vendor :STMicroelectronics FP-SNS-SMARTAG2 1.2.0
2024-07-31 17:44:29,729 [INFO] ThirdParty:1030 - CMSIS Pack Vendor :STMicroelectronics X-CUBE-AZRTOS-WL 2.0.0
2024-07-31 17:44:29,729 [INFO] ThirdParty:1030 - CMSIS Pack Vendor :SEGGER I-CUBE-embOS 1.3.1
2024-07-31 17:44:29,729 [INFO] ThirdParty:1030 - CMSIS Pack Vendor :STMicroelectronics X-CUBE-ALGOBUILD 1.4.0
2024-07-31 17:44:29,729 [INFO] ThirdParty:1030 - CMSIS Pack Vendor :STMicroelectronics FP-SNS-MOTENV1 5.0.0
2024-07-31 17:44:29,729 [INFO] ThirdParty:1030 - CMSIS Pack Vendor :STMicroelectronics USB_DEVICE 1.0.0
2024-07-31 17:44:29,729 [INFO] ThirdParty:1030 - CMSIS Pack Vendor :STMicroelectronics X-CUBE-AZRTOS-H7RS 1.0.0
2024-07-31 17:44:29,730 [INFO] ThirdParty:1030 - CMSIS Pack Vendor :wolfSSL I-CUBE-wolfMQTT 1.19.0
2024-07-31 17:44:29,730 [INFO] ThirdParty:1030 - CMSIS Pack Vendor :STMicroelectronics X-CUBE-AZRTOS-L4 2.0.0
2024-07-31 17:44:29,730 [INFO] ThirdParty:1030 - CMSIS Pack Vendor :STMicroelectronics ThreadX 0.0.2
2024-07-31 17:44:29,730 [INFO] ThirdParty:1030 - CMSIS Pack Vendor :WES I-CUBE-Cesium 1.3.0
2024-07-31 17:44:29,730 [INFO] ThirdParty:1030 - CMSIS Pack Vendor :STMicroelectronics FP-ATR-ASTRA1 2.0.0
2024-07-31 17:44:29,730 [INFO] ThirdParty:1030 - CMSIS Pack Vendor :STMicroelectronics lwIP 2.1.2
2024-07-31 17:44:29,730 [INFO] ThirdParty:1030 - CMSIS Pack Vendor :STMicroelectronics X-CUBE-SFXS2LP1 4.0.0
2024-07-31 17:44:29,730 [INFO] ThirdParty:1030 - CMSIS Pack Vendor :STMicroelectronics X-CUBE-BLE2 3.3.0
2024-07-31 17:44:29,730 [INFO] ThirdParty:1030 - CMSIS Pack Vendor :STMicroelectronics X-CUBE-TOF1 3.4.2
2024-07-31 17:44:29,730 [INFO] ThirdParty:1030 - CMSIS Pack Vendor :STMicroelectronics X-CUBE-TOF1 3.4.1
2024-07-31 17:44:29,730 [INFO] ThirdParty:1030 - CMSIS Pack Vendor :STMicroelectronics X-CUBE-AZRTOS-H7 3.2.0
2024-07-31 17:44:29,730 [INFO] ThirdParty:1030 - CMSIS Pack Vendor :Infineon AIROC-Wi-Fi-Bluetooth-STM32 1.6.0
2024-07-31 17:44:29,730 [INFO] ThirdParty:1030 - CMSIS Pack Vendor :STMicroelectronics PDM2PCM 3.2.0
2024-07-31 17:44:29,730 [INFO] ThirdParty:1030 - CMSIS Pack Vendor :wolfSSL I-CUBE-wolfSSH 1.4.17
2024-07-31 17:44:29,730 [INFO] ThirdParty:841 - exiting critical section [change project]
2024-07-31 17:44:29,862 [INFO] PinOutPanel:1561 - setPackage(No Configuration,No Configuration)
2024-07-31 17:44:29,863 [INFO] PinOutPanel:1561 - setPackage(STM32F103C8Tx,LQFP48)
2024-07-31 17:44:30,164 [INFO] UtilMem:75 - Before build in PCC Used Memory: 809746264 Bytes (1073741824)
2024-07-31 17:44:30,474 [INFO] UtilMem:75 - After build in PCC Used Memory: 798763696 Bytes (1073741824)
2024-07-31 17:44:30,508 [INFO] IPUIPlugin:80 - create IPUIPlugin
2024-07-31 17:44:30,508 [INFO] IPUIPlugin:80 - create IPUIPlugin
2024-07-31 17:44:30,508 [INFO] IPUIPlugin:80 - create IPUIPlugin
2024-07-31 17:44:30,508 [INFO] IPUIPlugin:80 - create IPUIPlugin
2024-07-31 17:44:30,508 [INFO] IPUIPlugin:80 - create IPUIPlugin
2024-07-31 17:44:30,508 [INFO] IPUIPlugin:80 - create IPUIPlugin
2024-07-31 17:44:30,508 [INFO] IPUIPlugin:80 - create IPUIPlugin
2024-07-31 17:44:30,509 [INFO] IPUIPlugin:80 - create IPUIPlugin
2024-07-31 17:44:30,509 [INFO] IPUIPlugin:80 - create IPUIPlugin
2024-07-31 17:44:30,509 [INFO] IPUIPlugin:80 - create IPUIPlugin
2024-07-31 17:44:30,509 [INFO] IPUIPlugin:80 - create IPUIPlugin
2024-07-31 17:44:30,509 [INFO] IPUIPlugin:80 - create IPUIPlugin
2024-07-31 17:44:30,509 [INFO] IPUIPlugin:80 - create IPUIPlugin
2024-07-31 17:44:30,509 [INFO] IPUIPlugin:80 - create IPUIPlugin
2024-07-31 17:44:30,510 [INFO] IPUIPlugin:80 - create IPUIPlugin
2024-07-31 17:44:30,510 [INFO] IPUIPlugin:80 - create IPUIPlugin
2024-07-31 17:44:30,510 [INFO] IPUIPlugin:80 - create IPUIPlugin
2024-07-31 17:44:30,510 [INFO] IPUIPlugin:80 - create IPUIPlugin
2024-07-31 17:44:30,510 [INFO] IPUIPlugin:80 - create IPUIPlugin
2024-07-31 17:44:30,510 [INFO] IPUIPlugin:80 - create IPUIPlugin
2024-07-31 17:44:30,511 [INFO] IPUIPlugin:80 - create IPUIPlugin
2024-07-31 17:44:30,511 [INFO] IPUIPlugin:80 - create IPUIPlugin
2024-07-31 17:44:30,511 [INFO] IPUIPlugin:80 - create IPUIPlugin
2024-07-31 17:44:30,511 [INFO] IPUIPlugin:80 - create IPUIPlugin
2024-07-31 17:44:30,512 [INFO] IPUIPlugin:80 - create IPUIPlugin
2024-07-31 17:44:30,512 [INFO] IPUIPlugin:80 - create IPUIPlugin
2024-07-31 17:44:30,512 [INFO] IPUIPlugin:80 - create IPUIPlugin
2024-07-31 17:44:30,593 [INFO] CADModel:165 - CPN selected for project levelSTM32F103C8T6
2024-07-31 17:44:30,593 [INFO] CADModel:114 - Register for checkConnection events
2024-07-31 17:44:30,661 [INFO] OpenFileManager:343 - Restore cursor
2024-07-31 17:50:48,957 [INFO] UtilMem:75 - End SaveConfig() Used Memory: 925121328 Bytes (1073741824)
2024-07-31 17:50:49,724 [INFO] UtilMem:75 - End SaveConfig() Used Memory: 733043856 Bytes (1073741824)
2024-07-31 17:50:50,502 [INFO] UtilMem:75 - End SaveConfig() Used Memory: 733001960 Bytes (1073741824)
2024-07-31 17:50:50,669 [INFO] BlockDiagram:2759 - set Specific Code input for plugin: SPI
2024-07-31 17:50:50,669 [INFO] BlockDiagram:2759 - set Specific Code input for plugin: NVIC
2024-07-31 17:50:50,669 [INFO] BlockDiagram:2759 - set Specific Code input for plugin: USART
2024-07-31 17:50:50,669 [INFO] BlockDiagram:2759 - set Specific Code input for plugin: SYS
2024-07-31 17:50:50,670 [INFO] BlockDiagram:2759 - set Specific Code input for plugin: GPIO
2024-07-31 17:50:50,670 [INFO] BlockDiagram:2759 - set Specific Code input for plugin: RCC
2024-07-31 17:50:50,671 [INFO] CodeGenerator:807 - code generatio: config db path: C:\ST\STM32CubeIDE_1.15.0\STM32CubeIDE\plugins\com.st.stm32cube.common.mx_6.11.1.202404110753\\db\
2024-07-31 17:50:50,859 [INFO] CodeEngine:255 - oldGeneratedFile, C:\Work\nrf\MXTmpFiles\license.tmp_save
2024-07-31 17:50:51,010 [INFO] CodeEngine:279 - Generated code: C:\Work\nrf\MXTmpFiles\license.tmp
2024-07-31 17:50:51,126 [INFO] CodeEngine:255 - oldGeneratedFile, C:\Work\nrf\MXTmpFiles\gpio.tmp_save
2024-07-31 17:50:51,299 [INFO] CodeEngine:279 - Generated code: C:\Work\nrf\MXTmpFiles\gpio.tmp
2024-07-31 17:50:51,533 [INFO] CodeEngine:255 - oldGeneratedFile, C:\Work\nrf\Core\Src\stm32f1xx_it.c_save
2024-07-31 17:50:51,817 [INFO] CodeEngine:279 - Generated code: C:\Work\nrf\Core\Src\stm32f1xx_it.c
2024-07-31 17:50:51,850 [INFO] CodeEngine:255 - oldGeneratedFile, C:\Work\nrf\Core\Inc\stm32f1xx_it.h_save
2024-07-31 17:50:51,993 [INFO] CodeEngine:279 - Generated code: C:\Work\nrf\Core\Inc\stm32f1xx_it.h
2024-07-31 17:50:52,038 [INFO] CodeEngine:255 - oldGeneratedFile, C:\Work\nrf\Core\Src\stm32f1xx_hal_msp.c_save
2024-07-31 17:50:52,210 [INFO] CodeEngine:279 - Generated code: C:\Work\nrf\Core\Src\stm32f1xx_hal_msp.c
2024-07-31 17:50:52,227 [INFO] CodeEngine:255 - oldGeneratedFile, C:\Work\nrf\MXTmpFiles\system.tmp_save
2024-07-31 17:50:52,338 [INFO] CodeEngine:279 - Generated code: C:\Work\nrf\MXTmpFiles\system.tmp
2024-07-31 17:50:52,378 [INFO] CodeEngine:311 - oldGeneratedFile, C:\Work\nrf\Core\Inc\stm32f1xx_hal_conf.h_save
2024-07-31 17:50:52,534 [INFO] CodeEngine:335 - Generated code: C:\Work\nrf\Core\Inc\stm32f1xx_hal_conf.h
2024-07-31 17:50:52,603 [INFO] CodeEngine:255 - oldGeneratedFile, C:\Work\nrf\Core\Inc\main.h_save
2024-07-31 17:50:52,733 [INFO] CodeEngine:279 - Generated code: C:\Work\nrf\Core\Inc\main.h
2024-07-31 17:50:52,767 [INFO] CodeEngine:255 - oldGeneratedFile, C:\Work\nrf\Core\Src\main.c_save
2024-07-31 17:50:52,940 [INFO] CodeEngine:279 - Generated code: C:\Work\nrf\Core\Src\main.c
2024-07-31 17:50:53,528 [INFO] ProjectBuilder:3163 - Time for Copy HAL[1] : 312mS.
2024-07-31 17:50:53,533 [INFO] ProjectBuilder:4736 - Project Generator version: 4.3.0-B58
2024-07-31 17:50:53,649 [INFO] ConfigFileManager:1503 - The Die is : DIE410
2024-07-31 17:50:53,665 [INFO] ApiDbMcu:508 - Load IP Config File for FATFS
2024-07-31 17:50:53,688 [INFO] ApiDbMcu:508 - Load IP Config File for FREERTOS
2024-07-31 17:50:53,707 [INFO] ApiDbMcu:508 - Load IP Config File for USB_DEVICE
2024-07-31 17:50:55,715 [INFO] ProjectBuilder:5002 - Time for Generating toolchain IDE Files: 2182mS.
2024-07-31 17:50:55,716 [INFO] ProjectBuilder:3034 - Time for Copy CMSIS : 0mS.
2024-07-31 17:50:55,721 [INFO] ProjectBuilder:3034 - Time for Copy CMSIS : 0mS.
